ARM GAS  /var/folders/zv/18v39shs5gqc3xhz55t6cxb00000gn/T//ccSFuGug.s 			page 1


   1              		.syntax unified
   2              		.cpu cortex-m4
   3              		.eabi_attribute 27, 1
   4              		.eabi_attribute 28, 1
   5              		.fpu fpv4-sp-d16
   6              		.eabi_attribute 20, 1
   7              		.eabi_attribute 21, 1
   8              		.eabi_attribute 23, 3
   9              		.eabi_attribute 24, 1
  10              		.eabi_attribute 25, 1
  11              		.eabi_attribute 26, 1
  12              		.eabi_attribute 30, 2
  13              		.eabi_attribute 34, 1
  14              		.eabi_attribute 18, 4
  15              		.thumb
  16              		.file	"board.c"
  17              		.text
  18              	.Ltext0:
  19              		.cfi_sections	.debug_frame
  20              		.section	.text.__early_init,"ax",%progbits
  21              		.align	2
  22              		.p2align 4,,15
  23              		.global	__early_init
  24              		.thumb
  25              		.thumb_func
  26              		.type	__early_init, %function
  27              	__early_init:
  28              	.LFB118:
  29              		.file 1 "./chibios/boards/ST_STM32F4_DISCOVERY/board.c"
  30              		.loc 1 54 0
  31              		.cfi_startproc
  32              		@ args = 0, pretend = 0, frame = 0
  33              		@ frame_needed = 0, uses_anonymous_args = 0
  34              		@ link register save eliminated.
  35              		.loc 1 56 0
  36 0000 FFF7FEBF 		b	stm32_clock_init
  37              	.LVL0:
  38              		.cfi_endproc
  39              	.LFE118:
  40              		.size	__early_init, .-__early_init
  41 0004 AFF30080 		.section	.text.boardInit,"ax",%progbits
  41      AFF30080 
  41      AFF30080 
  42              		.align	2
  43              		.p2align 4,,15
  44              		.global	boardInit
  45              		.thumb
  46              		.thumb_func
  47              		.type	boardInit, %function
  48              	boardInit:
  49              	.LFB119:
  50              		.loc 1 107 0
  51              		.cfi_startproc
  52              		@ args = 0, pretend = 0, frame = 0
  53              		@ frame_needed = 0, uses_anonymous_args = 0
  54              		@ link register save eliminated.
  55 0000 7047     		bx	lr
ARM GAS  /var/folders/zv/18v39shs5gqc3xhz55t6cxb00000gn/T//ccSFuGug.s 			page 2


  56              		.cfi_endproc
  57              	.LFE119:
  58              		.size	boardInit, .-boardInit
  59              		.global	pal_default_config
  60 0002 00BFAFF3 		.section	.rodata.pal_default_config,"a",%progbits
  60      0080AFF3 
  60      0080AFF3 
  60      0080
  61              		.align	2
  62              		.type	pal_default_config, %object
  63              		.size	pal_default_config, 252
  64              	pal_default_config:
  65 0000 00AAAAAA 		.word	-1431655936
  66 0004 00000000 		.word	0
  67 0008 FFABFFFF 		.word	-21505
  68 000c 54001540 		.word	1075118164
  69 0010 FFFF0000 		.word	65535
  70 0014 00005655 		.word	1431699456
  71 0018 11A10A10 		.word	269132049
  72 001c 80200A00 		.word	663680
  73 0020 40000000 		.word	64
  74 0024 FFFFFAFF 		.word	-327681
  75 0028 15455555 		.word	1431651605
  76 002c FFFF0000 		.word	65535
  77 0030 00000004 		.word	67108864
  78 0034 99000000 		.word	153
  79 0038 01A02A02 		.word	36347905
  80 003c 00000000 		.word	0
  81 0040 FFFFFFFF 		.word	-1
  82 0044 54554554 		.word	1413829972
  83 0048 FFFF0000 		.word	65535
  84 004c 00000033 		.word	855638016
  85 0050 33060600 		.word	394803
  86 0054 00010055 		.word	1426063616
  87 0058 00000000 		.word	0
  88 005c FFFFFFFF 		.word	-1
  89 0060 55505500 		.word	5591125
  90 0064 FF0F0000 		.word	4095
  91 0068 00000000 		.word	0
  92 006c 00000000 		.word	0
  93 0070 40000000 		.word	64
  94 0074 00000000 		.word	0
  95 0078 FFFFFFFF 		.word	-1
  96 007c 00000000 		.word	0
  97 0080 FFFF0000 		.word	65535
  98 0084 00000000 		.word	0
  99 0088 00000000 		.word	0
 100 008c 00000000 		.word	0
 101 0090 00000000 		.word	0
 102 0094 FFFFFFFF 		.word	-1
 103 0098 00000000 		.word	0
 104 009c FFFF0000 		.word	65535
 105 00a0 00000000 		.word	0
 106 00a4 00000000 		.word	0
 107 00a8 00000000 		.word	0
 108 00ac 00000000 		.word	0
 109 00b0 FFFFFFFF 		.word	-1
ARM GAS  /var/folders/zv/18v39shs5gqc3xhz55t6cxb00000gn/T//ccSFuGug.s 			page 3


 110 00b4 00000000 		.word	0
 111 00b8 FFFF0000 		.word	65535
 112 00bc 00000000 		.word	0
 113 00c0 00000000 		.word	0
 114 00c4 00000000 		.word	0
 115 00c8 00000000 		.word	0
 116 00cc FFFFFFFF 		.word	-1
 117 00d0 00000000 		.word	0
 118 00d4 FFFF0000 		.word	65535
 119 00d8 00000000 		.word	0
 120 00dc 00000000 		.word	0
 121 00e0 00000000 		.word	0
 122 00e4 00000000 		.word	0
 123 00e8 FFFFFFFF 		.word	-1
 124 00ec 00000000 		.word	0
 125 00f0 FFFF0000 		.word	65535
 126 00f4 00000000 		.word	0
 127 00f8 00000000 		.word	0
 128              		.text
 129              	.Letext0:
 130              		.file 2 "/Users/Daniel/Documents/Bachelor/Kode/rov-subside2015/arm/arm-none-eabi/include/machine/_
 131              		.file 3 "/Users/Daniel/Documents/Bachelor/Kode/rov-subside2015/arm/arm-none-eabi/include/stdint.h"
 132              		.file 4 "./chibios/os/hal/platforms/STM32/GPIOv2/pal_lld.h"
 133              		.file 5 "./chibios/os/ports/common/ARMCMx/CMSIS/include/core_cm4.h"
 134              		.file 6 "./chibios/os/hal/platforms/STM32F4xx/hal_lld.h"
 135              		.section	.debug_info,"",%progbits
 136              	.Ldebug_info0:
 137 0000 F0010000 		.4byte	0x1f0
 138 0004 0400     		.2byte	0x4
 139 0006 00000000 		.4byte	.Ldebug_abbrev0
 140 000a 04       		.byte	0x4
 141 000b 01       		.uleb128 0x1
 142 000c 15000000 		.4byte	.LASF35
 143 0010 01       		.byte	0x1
 144 0011 60020000 		.4byte	.LASF36
 145 0015 BC020000 		.4byte	.LASF37
 146 0019 00000000 		.4byte	.Ldebug_ranges0+0
 147 001d 00000000 		.4byte	0
 148 0021 00000000 		.4byte	.Ldebug_line0
 149 0025 02       		.uleb128 0x2
 150 0026 04       		.byte	0x4
 151 0027 05       		.byte	0x5
 152 0028 696E7400 		.ascii	"int\000"
 153 002c 03       		.uleb128 0x3
 154 002d 04       		.byte	0x4
 155 002e 07       		.byte	0x7
 156 002f 52010000 		.4byte	.LASF0
 157 0033 03       		.uleb128 0x3
 158 0034 01       		.byte	0x1
 159 0035 06       		.byte	0x6
 160 0036 01030000 		.4byte	.LASF1
 161 003a 03       		.uleb128 0x3
 162 003b 01       		.byte	0x1
 163 003c 08       		.byte	0x8
 164 003d 8B010000 		.4byte	.LASF2
 165 0041 03       		.uleb128 0x3
 166 0042 02       		.byte	0x2
ARM GAS  /var/folders/zv/18v39shs5gqc3xhz55t6cxb00000gn/T//ccSFuGug.s 			page 4


 167 0043 05       		.byte	0x5
 168 0044 95020000 		.4byte	.LASF3
 169 0048 03       		.uleb128 0x3
 170 0049 02       		.byte	0x2
 171 004a 07       		.byte	0x7
 172 004b 3F010000 		.4byte	.LASF4
 173 004f 04       		.uleb128 0x4
 174 0050 35010000 		.4byte	.LASF6
 175 0054 02       		.byte	0x2
 176 0055 3F       		.byte	0x3f
 177 0056 5A000000 		.4byte	0x5a
 178 005a 03       		.uleb128 0x3
 179 005b 04       		.byte	0x4
 180 005c 05       		.byte	0x5
 181 005d AD020000 		.4byte	.LASF5
 182 0061 04       		.uleb128 0x4
 183 0062 0C020000 		.4byte	.LASF7
 184 0066 02       		.byte	0x2
 185 0067 41       		.byte	0x41
 186 0068 6C000000 		.4byte	0x6c
 187 006c 03       		.uleb128 0x3
 188 006d 04       		.byte	0x4
 189 006e 07       		.byte	0x7
 190 006f BD010000 		.4byte	.LASF8
 191 0073 03       		.uleb128 0x3
 192 0074 08       		.byte	0x8
 193 0075 05       		.byte	0x5
 194 0076 00000000 		.4byte	.LASF9
 195 007a 03       		.uleb128 0x3
 196 007b 08       		.byte	0x8
 197 007c 07       		.byte	0x7
 198 007d 6D010000 		.4byte	.LASF10
 199 0081 04       		.uleb128 0x4
 200 0082 47020000 		.4byte	.LASF11
 201 0086 03       		.byte	0x3
 202 0087 2C       		.byte	0x2c
 203 0088 4F000000 		.4byte	0x4f
 204 008c 04       		.uleb128 0x4
 205 008d D4010000 		.4byte	.LASF12
 206 0091 03       		.byte	0x3
 207 0092 2D       		.byte	0x2d
 208 0093 61000000 		.4byte	0x61
 209 0097 03       		.uleb128 0x3
 210 0098 01       		.byte	0x1
 211 0099 02       		.byte	0x2
 212 009a 0D030000 		.4byte	.LASF13
 213 009e 03       		.uleb128 0x3
 214 009f 04       		.byte	0x4
 215 00a0 07       		.byte	0x7
 216 00a1 4F020000 		.4byte	.LASF14
 217 00a5 03       		.uleb128 0x3
 218 00a6 01       		.byte	0x1
 219 00a7 08       		.byte	0x8
 220 00a8 2B020000 		.4byte	.LASF15
 221 00ac 05       		.uleb128 0x5
 222 00ad 81000000 		.4byte	0x81
 223 00b1 06       		.uleb128 0x6
ARM GAS  /var/folders/zv/18v39shs5gqc3xhz55t6cxb00000gn/T//ccSFuGug.s 			page 5


 224 00b2 1C       		.byte	0x1c
 225 00b3 04       		.byte	0x4
 226 00b4 A3       		.byte	0xa3
 227 00b5 0E010000 		.4byte	0x10e
 228 00b9 07       		.uleb128 0x7
 229 00ba B6020000 		.4byte	.LASF16
 230 00be 04       		.byte	0x4
 231 00bf A5       		.byte	0xa5
 232 00c0 8C000000 		.4byte	0x8c
 233 00c4 00       		.byte	0
 234 00c5 07       		.uleb128 0x7
 235 00c6 5F010000 		.4byte	.LASF17
 236 00ca 04       		.byte	0x4
 237 00cb A7       		.byte	0xa7
 238 00cc 8C000000 		.4byte	0x8c
 239 00d0 04       		.byte	0x4
 240 00d1 07       		.uleb128 0x7
 241 00d2 58020000 		.4byte	.LASF18
 242 00d6 04       		.byte	0x4
 243 00d7 A9       		.byte	0xa9
 244 00d8 8C000000 		.4byte	0x8c
 245 00dc 08       		.byte	0x8
 246 00dd 07       		.uleb128 0x7
 247 00de 17020000 		.4byte	.LASF19
 248 00e2 04       		.byte	0x4
 249 00e3 AB       		.byte	0xab
 250 00e4 8C000000 		.4byte	0x8c
 251 00e8 0C       		.byte	0xc
 252 00e9 08       		.uleb128 0x8
 253 00ea 6F647200 		.ascii	"odr\000"
 254 00ee 04       		.byte	0x4
 255 00ef AD       		.byte	0xad
 256 00f0 8C000000 		.4byte	0x8c
 257 00f4 10       		.byte	0x10
 258 00f5 07       		.uleb128 0x7
 259 00f6 DD010000 		.4byte	.LASF20
 260 00fa 04       		.byte	0x4
 261 00fb AF       		.byte	0xaf
 262 00fc 8C000000 		.4byte	0x8c
 263 0100 14       		.byte	0x14
 264 0101 07       		.uleb128 0x7
 265 0102 CF010000 		.4byte	.LASF21
 266 0106 04       		.byte	0x4
 267 0107 B1       		.byte	0xb1
 268 0108 8C000000 		.4byte	0x8c
 269 010c 18       		.byte	0x18
 270 010d 00       		.byte	0
 271 010e 04       		.uleb128 0x4
 272 010f 99010000 		.4byte	.LASF22
 273 0113 04       		.byte	0x4
 274 0114 B2       		.byte	0xb2
 275 0115 B1000000 		.4byte	0xb1
 276 0119 06       		.uleb128 0x6
 277 011a FC       		.byte	0xfc
 278 011b 04       		.byte	0x4
 279 011c BB       		.byte	0xbb
 280 011d 8E010000 		.4byte	0x18e
ARM GAS  /var/folders/zv/18v39shs5gqc3xhz55t6cxb00000gn/T//ccSFuGug.s 			page 6


 281 0121 07       		.uleb128 0x7
 282 0122 A6020000 		.4byte	.LASF23
 283 0126 04       		.byte	0x4
 284 0127 BE       		.byte	0xbe
 285 0128 0E010000 		.4byte	0x10e
 286 012c 00       		.byte	0
 287 012d 07       		.uleb128 0x7
 288 012e 24020000 		.4byte	.LASF24
 289 0132 04       		.byte	0x4
 290 0133 C2       		.byte	0xc2
 291 0134 0E010000 		.4byte	0x10e
 292 0138 1C       		.byte	0x1c
 293 0139 07       		.uleb128 0x7
 294 013a 9F020000 		.4byte	.LASF25
 295 013e 04       		.byte	0x4
 296 013f C6       		.byte	0xc6
 297 0140 0E010000 		.4byte	0x10e
 298 0144 38       		.byte	0x38
 299 0145 07       		.uleb128 0x7
 300 0146 2E010000 		.4byte	.LASF26
 301 014a 04       		.byte	0x4
 302 014b CA       		.byte	0xca
 303 014c 0E010000 		.4byte	0x10e
 304 0150 54       		.byte	0x54
 305 0151 07       		.uleb128 0x7
 306 0152 84010000 		.4byte	.LASF27
 307 0156 04       		.byte	0x4
 308 0157 CE       		.byte	0xce
 309 0158 0E010000 		.4byte	0x10e
 310 015c 70       		.byte	0x70
 311 015d 07       		.uleb128 0x7
 312 015e 1D020000 		.4byte	.LASF28
 313 0162 04       		.byte	0x4
 314 0163 D2       		.byte	0xd2
 315 0164 0E010000 		.4byte	0x10e
 316 0168 8C       		.byte	0x8c
 317 0169 07       		.uleb128 0x7
 318 016a 8E020000 		.4byte	.LASF29
 319 016e 04       		.byte	0x4
 320 016f D6       		.byte	0xd6
 321 0170 0E010000 		.4byte	0x10e
 322 0174 A8       		.byte	0xa8
 323 0175 07       		.uleb128 0x7
 324 0176 0E000000 		.4byte	.LASF30
 325 017a 04       		.byte	0x4
 326 017b DA       		.byte	0xda
 327 017c 0E010000 		.4byte	0x10e
 328 0180 C4       		.byte	0xc4
 329 0181 07       		.uleb128 0x7
 330 0182 66010000 		.4byte	.LASF31
 331 0186 04       		.byte	0x4
 332 0187 DE       		.byte	0xde
 333 0188 0E010000 		.4byte	0x10e
 334 018c E0       		.byte	0xe0
 335 018d 00       		.byte	0
 336 018e 04       		.uleb128 0x4
 337 018f EF010000 		.4byte	.LASF32
ARM GAS  /var/folders/zv/18v39shs5gqc3xhz55t6cxb00000gn/T//ccSFuGug.s 			page 7


 338 0193 04       		.byte	0x4
 339 0194 E0       		.byte	0xe0
 340 0195 19010000 		.4byte	0x119
 341 0199 09       		.uleb128 0x9
 342 019a 3A020000 		.4byte	.LASF38
 343 019e 01       		.byte	0x1
 344 019f 36       		.byte	0x36
 345 01a0 00000000 		.4byte	.LFB118
 346 01a4 04000000 		.4byte	.LFE118-.LFB118
 347 01a8 01       		.uleb128 0x1
 348 01a9 9C       		.byte	0x9c
 349 01aa B8010000 		.4byte	0x1b8
 350 01ae 0A       		.uleb128 0xa
 351 01af 04000000 		.4byte	.LVL0
 352 01b3 EB010000 		.4byte	0x1eb
 353 01b7 00       		.byte	0
 354 01b8 0B       		.uleb128 0xb
 355 01b9 30020000 		.4byte	.LASF39
 356 01bd 01       		.byte	0x1
 357 01be 6B       		.byte	0x6b
 358 01bf 00000000 		.4byte	.LFB119
 359 01c3 02000000 		.4byte	.LFE119-.LFB119
 360 01c7 01       		.uleb128 0x1
 361 01c8 9C       		.byte	0x9c
 362 01c9 0C       		.uleb128 0xc
 363 01ca E2010000 		.4byte	.LASF33
 364 01ce 05       		.byte	0x5
 365 01cf 9806     		.2byte	0x698
 366 01d1 AC000000 		.4byte	0xac
 367 01d5 0D       		.uleb128 0xd
 368 01d6 F9010000 		.4byte	.LASF34
 369 01da 01       		.byte	0x1
 370 01db 1A       		.byte	0x1a
 371 01dc E6010000 		.4byte	0x1e6
 372 01e0 05       		.uleb128 0x5
 373 01e1 03       		.byte	0x3
 374 01e2 00000000 		.4byte	pal_default_config
 375 01e6 0E       		.uleb128 0xe
 376 01e7 8E010000 		.4byte	0x18e
 377 01eb 0F       		.uleb128 0xf
 378 01ec AC010000 		.4byte	.LASF40
 379 01f0 06       		.byte	0x6
 380 01f1 EA06     		.2byte	0x6ea
 381 01f3 00       		.byte	0
 382              		.section	.debug_abbrev,"",%progbits
 383              	.Ldebug_abbrev0:
 384 0000 01       		.uleb128 0x1
 385 0001 11       		.uleb128 0x11
 386 0002 01       		.byte	0x1
 387 0003 25       		.uleb128 0x25
 388 0004 0E       		.uleb128 0xe
 389 0005 13       		.uleb128 0x13
 390 0006 0B       		.uleb128 0xb
 391 0007 03       		.uleb128 0x3
 392 0008 0E       		.uleb128 0xe
 393 0009 1B       		.uleb128 0x1b
 394 000a 0E       		.uleb128 0xe
ARM GAS  /var/folders/zv/18v39shs5gqc3xhz55t6cxb00000gn/T//ccSFuGug.s 			page 8


 395 000b 55       		.uleb128 0x55
 396 000c 17       		.uleb128 0x17
 397 000d 11       		.uleb128 0x11
 398 000e 01       		.uleb128 0x1
 399 000f 10       		.uleb128 0x10
 400 0010 17       		.uleb128 0x17
 401 0011 00       		.byte	0
 402 0012 00       		.byte	0
 403 0013 02       		.uleb128 0x2
 404 0014 24       		.uleb128 0x24
 405 0015 00       		.byte	0
 406 0016 0B       		.uleb128 0xb
 407 0017 0B       		.uleb128 0xb
 408 0018 3E       		.uleb128 0x3e
 409 0019 0B       		.uleb128 0xb
 410 001a 03       		.uleb128 0x3
 411 001b 08       		.uleb128 0x8
 412 001c 00       		.byte	0
 413 001d 00       		.byte	0
 414 001e 03       		.uleb128 0x3
 415 001f 24       		.uleb128 0x24
 416 0020 00       		.byte	0
 417 0021 0B       		.uleb128 0xb
 418 0022 0B       		.uleb128 0xb
 419 0023 3E       		.uleb128 0x3e
 420 0024 0B       		.uleb128 0xb
 421 0025 03       		.uleb128 0x3
 422 0026 0E       		.uleb128 0xe
 423 0027 00       		.byte	0
 424 0028 00       		.byte	0
 425 0029 04       		.uleb128 0x4
 426 002a 16       		.uleb128 0x16
 427 002b 00       		.byte	0
 428 002c 03       		.uleb128 0x3
 429 002d 0E       		.uleb128 0xe
 430 002e 3A       		.uleb128 0x3a
 431 002f 0B       		.uleb128 0xb
 432 0030 3B       		.uleb128 0x3b
 433 0031 0B       		.uleb128 0xb
 434 0032 49       		.uleb128 0x49
 435 0033 13       		.uleb128 0x13
 436 0034 00       		.byte	0
 437 0035 00       		.byte	0
 438 0036 05       		.uleb128 0x5
 439 0037 35       		.uleb128 0x35
 440 0038 00       		.byte	0
 441 0039 49       		.uleb128 0x49
 442 003a 13       		.uleb128 0x13
 443 003b 00       		.byte	0
 444 003c 00       		.byte	0
 445 003d 06       		.uleb128 0x6
 446 003e 13       		.uleb128 0x13
 447 003f 01       		.byte	0x1
 448 0040 0B       		.uleb128 0xb
 449 0041 0B       		.uleb128 0xb
 450 0042 3A       		.uleb128 0x3a
 451 0043 0B       		.uleb128 0xb
ARM GAS  /var/folders/zv/18v39shs5gqc3xhz55t6cxb00000gn/T//ccSFuGug.s 			page 9


 452 0044 3B       		.uleb128 0x3b
 453 0045 0B       		.uleb128 0xb
 454 0046 01       		.uleb128 0x1
 455 0047 13       		.uleb128 0x13
 456 0048 00       		.byte	0
 457 0049 00       		.byte	0
 458 004a 07       		.uleb128 0x7
 459 004b 0D       		.uleb128 0xd
 460 004c 00       		.byte	0
 461 004d 03       		.uleb128 0x3
 462 004e 0E       		.uleb128 0xe
 463 004f 3A       		.uleb128 0x3a
 464 0050 0B       		.uleb128 0xb
 465 0051 3B       		.uleb128 0x3b
 466 0052 0B       		.uleb128 0xb
 467 0053 49       		.uleb128 0x49
 468 0054 13       		.uleb128 0x13
 469 0055 38       		.uleb128 0x38
 470 0056 0B       		.uleb128 0xb
 471 0057 00       		.byte	0
 472 0058 00       		.byte	0
 473 0059 08       		.uleb128 0x8
 474 005a 0D       		.uleb128 0xd
 475 005b 00       		.byte	0
 476 005c 03       		.uleb128 0x3
 477 005d 08       		.uleb128 0x8
 478 005e 3A       		.uleb128 0x3a
 479 005f 0B       		.uleb128 0xb
 480 0060 3B       		.uleb128 0x3b
 481 0061 0B       		.uleb128 0xb
 482 0062 49       		.uleb128 0x49
 483 0063 13       		.uleb128 0x13
 484 0064 38       		.uleb128 0x38
 485 0065 0B       		.uleb128 0xb
 486 0066 00       		.byte	0
 487 0067 00       		.byte	0
 488 0068 09       		.uleb128 0x9
 489 0069 2E       		.uleb128 0x2e
 490 006a 01       		.byte	0x1
 491 006b 3F       		.uleb128 0x3f
 492 006c 19       		.uleb128 0x19
 493 006d 03       		.uleb128 0x3
 494 006e 0E       		.uleb128 0xe
 495 006f 3A       		.uleb128 0x3a
 496 0070 0B       		.uleb128 0xb
 497 0071 3B       		.uleb128 0x3b
 498 0072 0B       		.uleb128 0xb
 499 0073 27       		.uleb128 0x27
 500 0074 19       		.uleb128 0x19
 501 0075 11       		.uleb128 0x11
 502 0076 01       		.uleb128 0x1
 503 0077 12       		.uleb128 0x12
 504 0078 06       		.uleb128 0x6
 505 0079 40       		.uleb128 0x40
 506 007a 18       		.uleb128 0x18
 507 007b 9742     		.uleb128 0x2117
 508 007d 19       		.uleb128 0x19
ARM GAS  /var/folders/zv/18v39shs5gqc3xhz55t6cxb00000gn/T//ccSFuGug.s 			page 10


 509 007e 01       		.uleb128 0x1
 510 007f 13       		.uleb128 0x13
 511 0080 00       		.byte	0
 512 0081 00       		.byte	0
 513 0082 0A       		.uleb128 0xa
 514 0083 898201   		.uleb128 0x4109
 515 0086 00       		.byte	0
 516 0087 11       		.uleb128 0x11
 517 0088 01       		.uleb128 0x1
 518 0089 9542     		.uleb128 0x2115
 519 008b 19       		.uleb128 0x19
 520 008c 31       		.uleb128 0x31
 521 008d 13       		.uleb128 0x13
 522 008e 00       		.byte	0
 523 008f 00       		.byte	0
 524 0090 0B       		.uleb128 0xb
 525 0091 2E       		.uleb128 0x2e
 526 0092 00       		.byte	0
 527 0093 3F       		.uleb128 0x3f
 528 0094 19       		.uleb128 0x19
 529 0095 03       		.uleb128 0x3
 530 0096 0E       		.uleb128 0xe
 531 0097 3A       		.uleb128 0x3a
 532 0098 0B       		.uleb128 0xb
 533 0099 3B       		.uleb128 0x3b
 534 009a 0B       		.uleb128 0xb
 535 009b 27       		.uleb128 0x27
 536 009c 19       		.uleb128 0x19
 537 009d 11       		.uleb128 0x11
 538 009e 01       		.uleb128 0x1
 539 009f 12       		.uleb128 0x12
 540 00a0 06       		.uleb128 0x6
 541 00a1 40       		.uleb128 0x40
 542 00a2 18       		.uleb128 0x18
 543 00a3 9742     		.uleb128 0x2117
 544 00a5 19       		.uleb128 0x19
 545 00a6 00       		.byte	0
 546 00a7 00       		.byte	0
 547 00a8 0C       		.uleb128 0xc
 548 00a9 34       		.uleb128 0x34
 549 00aa 00       		.byte	0
 550 00ab 03       		.uleb128 0x3
 551 00ac 0E       		.uleb128 0xe
 552 00ad 3A       		.uleb128 0x3a
 553 00ae 0B       		.uleb128 0xb
 554 00af 3B       		.uleb128 0x3b
 555 00b0 05       		.uleb128 0x5
 556 00b1 49       		.uleb128 0x49
 557 00b2 13       		.uleb128 0x13
 558 00b3 3F       		.uleb128 0x3f
 559 00b4 19       		.uleb128 0x19
 560 00b5 3C       		.uleb128 0x3c
 561 00b6 19       		.uleb128 0x19
 562 00b7 00       		.byte	0
 563 00b8 00       		.byte	0
 564 00b9 0D       		.uleb128 0xd
 565 00ba 34       		.uleb128 0x34
ARM GAS  /var/folders/zv/18v39shs5gqc3xhz55t6cxb00000gn/T//ccSFuGug.s 			page 11


 566 00bb 00       		.byte	0
 567 00bc 03       		.uleb128 0x3
 568 00bd 0E       		.uleb128 0xe
 569 00be 3A       		.uleb128 0x3a
 570 00bf 0B       		.uleb128 0xb
 571 00c0 3B       		.uleb128 0x3b
 572 00c1 0B       		.uleb128 0xb
 573 00c2 49       		.uleb128 0x49
 574 00c3 13       		.uleb128 0x13
 575 00c4 3F       		.uleb128 0x3f
 576 00c5 19       		.uleb128 0x19
 577 00c6 02       		.uleb128 0x2
 578 00c7 18       		.uleb128 0x18
 579 00c8 00       		.byte	0
 580 00c9 00       		.byte	0
 581 00ca 0E       		.uleb128 0xe
 582 00cb 26       		.uleb128 0x26
 583 00cc 00       		.byte	0
 584 00cd 49       		.uleb128 0x49
 585 00ce 13       		.uleb128 0x13
 586 00cf 00       		.byte	0
 587 00d0 00       		.byte	0
 588 00d1 0F       		.uleb128 0xf
 589 00d2 2E       		.uleb128 0x2e
 590 00d3 00       		.byte	0
 591 00d4 3F       		.uleb128 0x3f
 592 00d5 19       		.uleb128 0x19
 593 00d6 03       		.uleb128 0x3
 594 00d7 0E       		.uleb128 0xe
 595 00d8 3A       		.uleb128 0x3a
 596 00d9 0B       		.uleb128 0xb
 597 00da 3B       		.uleb128 0x3b
 598 00db 05       		.uleb128 0x5
 599 00dc 27       		.uleb128 0x27
 600 00dd 19       		.uleb128 0x19
 601 00de 3C       		.uleb128 0x3c
 602 00df 19       		.uleb128 0x19
 603 00e0 00       		.byte	0
 604 00e1 00       		.byte	0
 605 00e2 00       		.byte	0
 606              		.section	.debug_aranges,"",%progbits
 607 0000 24000000 		.4byte	0x24
 608 0004 0200     		.2byte	0x2
 609 0006 00000000 		.4byte	.Ldebug_info0
 610 000a 04       		.byte	0x4
 611 000b 00       		.byte	0
 612 000c 0000     		.2byte	0
 613 000e 0000     		.2byte	0
 614 0010 00000000 		.4byte	.LFB118
 615 0014 04000000 		.4byte	.LFE118-.LFB118
 616 0018 00000000 		.4byte	.LFB119
 617 001c 02000000 		.4byte	.LFE119-.LFB119
 618 0020 00000000 		.4byte	0
 619 0024 00000000 		.4byte	0
 620              		.section	.debug_ranges,"",%progbits
 621              	.Ldebug_ranges0:
 622 0000 00000000 		.4byte	.LFB118
ARM GAS  /var/folders/zv/18v39shs5gqc3xhz55t6cxb00000gn/T//ccSFuGug.s 			page 12


 623 0004 04000000 		.4byte	.LFE118
 624 0008 00000000 		.4byte	.LFB119
 625 000c 02000000 		.4byte	.LFE119
 626 0010 00000000 		.4byte	0
 627 0014 00000000 		.4byte	0
 628              		.section	.debug_line,"",%progbits
 629              	.Ldebug_line0:
 630 0000 D6010000 		.section	.debug_str,"MS",%progbits,1
 630      0200B001 
 630      00000201 
 630      FB0E0D00 
 630      01010101 
 631              	.LASF9:
 632 0000 6C6F6E67 		.ascii	"long long int\000"
 632      206C6F6E 
 632      6720696E 
 632      7400
 633              	.LASF30:
 634 000e 50484461 		.ascii	"PHData\000"
 634      746100
 635              	.LASF35:
 636 0015 474E5520 		.ascii	"GNU C 4.9.3 20150303 (release) [ARM/embedded-4_9-br"
 636      4320342E 
 636      392E3320 
 636      32303135 
 636      30333033 
 637 0048 616E6368 		.ascii	"anch revision 221220] -mcpu=cortex-m4 -mfloat-abi=h"
 637      20726576 
 637      6973696F 
 637      6E203232 
 637      31323230 
 638 007b 61726420 		.ascii	"ard -mfpu=fpv4-sp-d16 -mno-thumb-interwork -mthumb "
 638      2D6D6670 
 638      753D6670 
 638      76342D73 
 638      702D6431 
 639 00ae 2D676764 		.ascii	"-ggdb -O2 -fomit-frame-pointer -falign-functions=16"
 639      62202D4F 
 639      32202D66 
 639      6F6D6974 
 639      2D667261 
 640 00e1 202D6666 		.ascii	" -ffunction-sections -fdata-sections -fno-common -f"
 640      756E6374 
 640      696F6E2D 
 640      73656374 
 640      696F6E73 
 641 0114 73696E67 		.ascii	"single-precision-constant\000"
 641      6C652D70 
 641      72656369 
 641      73696F6E 
 641      2D636F6E 
 642              	.LASF26:
 643 012e 50444461 		.ascii	"PDData\000"
 643      746100
 644              	.LASF6:
 645 0135 5F5F696E 		.ascii	"__int32_t\000"
 645      7433325F 
ARM GAS  /var/folders/zv/18v39shs5gqc3xhz55t6cxb00000gn/T//ccSFuGug.s 			page 13


 645      7400
 646              	.LASF4:
 647 013f 73686F72 		.ascii	"short unsigned int\000"
 647      7420756E 
 647      7369676E 
 647      65642069 
 647      6E7400
 648              	.LASF0:
 649 0152 756E7369 		.ascii	"unsigned int\000"
 649      676E6564 
 649      20696E74 
 649      00
 650              	.LASF17:
 651 015f 6F747970 		.ascii	"otyper\000"
 651      657200
 652              	.LASF31:
 653 0166 50494461 		.ascii	"PIData\000"
 653      746100
 654              	.LASF10:
 655 016d 6C6F6E67 		.ascii	"long long unsigned int\000"
 655      206C6F6E 
 655      6720756E 
 655      7369676E 
 655      65642069 
 656              	.LASF27:
 657 0184 50454461 		.ascii	"PEData\000"
 657      746100
 658              	.LASF2:
 659 018b 756E7369 		.ascii	"unsigned char\000"
 659      676E6564 
 659      20636861 
 659      7200
 660              	.LASF22:
 661 0199 73746D33 		.ascii	"stm32_gpio_setup_t\000"
 661      325F6770 
 661      696F5F73 
 661      65747570 
 661      5F7400
 662              	.LASF40:
 663 01ac 73746D33 		.ascii	"stm32_clock_init\000"
 663      325F636C 
 663      6F636B5F 
 663      696E6974 
 663      00
 664              	.LASF8:
 665 01bd 6C6F6E67 		.ascii	"long unsigned int\000"
 665      20756E73 
 665      69676E65 
 665      6420696E 
 665      7400
 666              	.LASF21:
 667 01cf 61667268 		.ascii	"afrh\000"
 667      00
 668              	.LASF12:
 669 01d4 75696E74 		.ascii	"uint32_t\000"
 669      33325F74 
 669      00
ARM GAS  /var/folders/zv/18v39shs5gqc3xhz55t6cxb00000gn/T//ccSFuGug.s 			page 14


 670              	.LASF20:
 671 01dd 6166726C 		.ascii	"afrl\000"
 671      00
 672              	.LASF33:
 673 01e2 49544D5F 		.ascii	"ITM_RxBuffer\000"
 673      52784275 
 673      66666572 
 673      00
 674              	.LASF32:
 675 01ef 50414C43 		.ascii	"PALConfig\000"
 675      6F6E6669 
 675      6700
 676              	.LASF34:
 677 01f9 70616C5F 		.ascii	"pal_default_config\000"
 677      64656661 
 677      756C745F 
 677      636F6E66 
 677      696700
 678              	.LASF7:
 679 020c 5F5F7569 		.ascii	"__uint32_t\000"
 679      6E743332 
 679      5F7400
 680              	.LASF19:
 681 0217 70757064 		.ascii	"pupdr\000"
 681      7200
 682              	.LASF28:
 683 021d 50464461 		.ascii	"PFData\000"
 683      746100
 684              	.LASF24:
 685 0224 50424461 		.ascii	"PBData\000"
 685      746100
 686              	.LASF15:
 687 022b 63686172 		.ascii	"char\000"
 687      00
 688              	.LASF39:
 689 0230 626F6172 		.ascii	"boardInit\000"
 689      64496E69 
 689      7400
 690              	.LASF38:
 691 023a 5F5F6561 		.ascii	"__early_init\000"
 691      726C795F 
 691      696E6974 
 691      00
 692              	.LASF11:
 693 0247 696E7433 		.ascii	"int32_t\000"
 693      325F7400 
 694              	.LASF14:
 695 024f 73697A65 		.ascii	"sizetype\000"
 695      74797065 
 695      00
 696              	.LASF18:
 697 0258 6F737065 		.ascii	"ospeedr\000"
 697      65647200 
 698              	.LASF36:
 699 0260 2E2F6368 		.ascii	"./chibios/boards/ST_STM32F4_DISCOVERY/board.c\000"
 699      6962696F 
 699      732F626F 
ARM GAS  /var/folders/zv/18v39shs5gqc3xhz55t6cxb00000gn/T//ccSFuGug.s 			page 15


 699      61726473 
 699      2F53545F 
 700              	.LASF29:
 701 028e 50474461 		.ascii	"PGData\000"
 701      746100
 702              	.LASF3:
 703 0295 73686F72 		.ascii	"short int\000"
 703      7420696E 
 703      7400
 704              	.LASF25:
 705 029f 50434461 		.ascii	"PCData\000"
 705      746100
 706              	.LASF23:
 707 02a6 50414461 		.ascii	"PAData\000"
 707      746100
 708              	.LASF5:
 709 02ad 6C6F6E67 		.ascii	"long int\000"
 709      20696E74 
 709      00
 710              	.LASF16:
 711 02b6 6D6F6465 		.ascii	"moder\000"
 711      7200
 712              	.LASF37:
 713 02bc 2F557365 		.ascii	"/Users/Daniel/Documents/Bachelor/Kode/rov-subside20"
 713      72732F44 
 713      616E6965 
 713      6C2F446F 
 713      63756D65 
 714 02ef 31352F54 		.ascii	"15/ThrusterModule\000"
 714      68727573 
 714      7465724D 
 714      6F64756C 
 714      6500
 715              	.LASF1:
 716 0301 7369676E 		.ascii	"signed char\000"
 716      65642063 
 716      68617200 
 717              	.LASF13:
 718 030d 5F426F6F 		.ascii	"_Bool\000"
 718      6C00
 719              		.ident	"GCC: (GNU Tools for ARM Embedded Processors) 4.9.3 20150303 (release) [ARM/embedded-4_9-br
ARM GAS  /var/folders/zv/18v39shs5gqc3xhz55t6cxb00000gn/T//ccSFuGug.s 			page 16


DEFINED SYMBOLS
                            *ABS*:0000000000000000 board.c
/var/folders/zv/18v39shs5gqc3xhz55t6cxb00000gn/T//ccSFuGug.s:21     .text.__early_init:0000000000000000 $t
/var/folders/zv/18v39shs5gqc3xhz55t6cxb00000gn/T//ccSFuGug.s:27     .text.__early_init:0000000000000000 __early_init
/var/folders/zv/18v39shs5gqc3xhz55t6cxb00000gn/T//ccSFuGug.s:42     .text.boardInit:0000000000000000 $t
/var/folders/zv/18v39shs5gqc3xhz55t6cxb00000gn/T//ccSFuGug.s:48     .text.boardInit:0000000000000000 boardInit
/var/folders/zv/18v39shs5gqc3xhz55t6cxb00000gn/T//ccSFuGug.s:64     .rodata.pal_default_config:0000000000000000 pal_default_config
/var/folders/zv/18v39shs5gqc3xhz55t6cxb00000gn/T//ccSFuGug.s:61     .rodata.pal_default_config:0000000000000000 $d
                     .debug_frame:0000000000000010 $d

UNDEFINED SYMBOLS
stm32_clock_init
