ARM GAS  /var/folders/zv/18v39shs5gqc3xhz55t6cxb00000gn/T//cchKUfj3.s 			page 1


   1              		.syntax unified
   2              		.cpu cortex-m4
   3              		.eabi_attribute 27, 1
   4              		.eabi_attribute 28, 1
   5              		.fpu fpv4-sp-d16
   6              		.eabi_attribute 20, 1
   7              		.eabi_attribute 21, 1
   8              		.eabi_attribute 23, 3
   9              		.eabi_attribute 24, 1
  10              		.eabi_attribute 25, 1
  11              		.eabi_attribute 26, 1
  12              		.eabi_attribute 30, 2
  13              		.eabi_attribute 34, 1
  14              		.eabi_attribute 18, 4
  15              		.thumb
  16              		.file	"chdynamic.c"
  17              		.text
  18              	.Ltext0:
  19              		.cfi_sections	.debug_frame
  20              		.section	.text.chThdAddRef,"ax",%progbits
  21              		.align	2
  22              		.p2align 4,,15
  23              		.global	chThdAddRef
  24              		.thumb
  25              		.thumb_func
  26              		.type	chThdAddRef, %function
  27              	chThdAddRef:
  28              	.LFB7:
  29              		.file 1 "./chibios/os/kernel/src/chdynamic.c"
  30              		.loc 1 52 0
  31              		.cfi_startproc
  32              		@ args = 0, pretend = 0, frame = 0
  33              		@ frame_needed = 0, uses_anonymous_args = 0
  34              		@ link register save eliminated.
  35              	.LVL0:
  36              	.LBB2:
  37              		.loc 1 54 0
  38 0000 2023     		movs	r3, #32
  39              	@ 54 "./chibios/os/kernel/src/chdynamic.c" 1
  40 0002 83F31188 		msr     BASEPRI, r3
  41              	@ 0 "" 2
  42              		.thumb
  43              	.LBE2:
  44              		.loc 1 56 0
  45 0006 837F     		ldrb	r3, [r0, #30]	@ zero_extendqisi2
  46 0008 0133     		adds	r3, r3, #1
  47 000a 8377     		strb	r3, [r0, #30]
  48              	.LBB3:
  49              		.loc 1 57 0
  50 000c 0023     		movs	r3, #0
  51              	@ 57 "./chibios/os/kernel/src/chdynamic.c" 1
  52 000e 83F31188 		msr     BASEPRI, r3
  53              	@ 0 "" 2
  54              		.thumb
  55              	.LBE3:
  56              		.loc 1 59 0
  57 0012 7047     		bx	lr
ARM GAS  /var/folders/zv/18v39shs5gqc3xhz55t6cxb00000gn/T//cchKUfj3.s 			page 2


  58              		.cfi_endproc
  59              	.LFE7:
  60              		.size	chThdAddRef, .-chThdAddRef
  61 0014 AFF30080 		.section	.text.chThdRelease,"ax",%progbits
  61      AFF30080 
  61      AFF30080 
  62              		.align	2
  63              		.p2align 4,,15
  64              		.global	chThdRelease
  65              		.thumb
  66              		.thumb_func
  67              		.type	chThdRelease, %function
  68              	chThdRelease:
  69              	.LFB8:
  70              		.loc 1 74 0
  71              		.cfi_startproc
  72              		@ args = 0, pretend = 0, frame = 0
  73              		@ frame_needed = 0, uses_anonymous_args = 0
  74              		@ link register save eliminated.
  75              	.LVL1:
  76              		.loc 1 74 0
  77 0000 0146     		mov	r1, r0
  78              	.LBB4:
  79              		.loc 1 77 0
  80 0002 2023     		movs	r3, #32
  81              	@ 77 "./chibios/os/kernel/src/chdynamic.c" 1
  82 0004 83F31188 		msr     BASEPRI, r3
  83              	@ 0 "" 2
  84              		.thumb
  85              	.LBE4:
  86              		.loc 1 79 0
  87 0008 827F     		ldrb	r2, [r0, #30]	@ zero_extendqisi2
  88 000a 013A     		subs	r2, r2, #1
  89 000c D2B2     		uxtb	r2, r2
  90 000e 8277     		strb	r2, [r0, #30]
  91              	.LVL2:
  92              	.LBB5:
  93              		.loc 1 80 0
  94 0010 0023     		movs	r3, #0
  95              	@ 80 "./chibios/os/kernel/src/chdynamic.c" 1
  96 0012 83F31188 		msr     BASEPRI, r3
  97              	@ 0 "" 2
  98              		.thumb
  99              	.LBE5:
 100              		.loc 1 85 0
 101 0016 12B9     		cbnz	r2, .L2
 102              		.loc 1 85 0 is_stmt 0 discriminator 1
 103 0018 037F     		ldrb	r3, [r0, #28]	@ zero_extendqisi2
 104 001a 0E2B     		cmp	r3, #14
 105 001c 00D0     		beq	.L7
 106              	.L2:
 107 001e 7047     		bx	lr
 108              	.L7:
 109              		.loc 1 86 0 is_stmt 1
 110 0020 437F     		ldrb	r3, [r0, #29]	@ zero_extendqisi2
 111 0022 03F00303 		and	r3, r3, #3
 112 0026 012B     		cmp	r3, #1
ARM GAS  /var/folders/zv/18v39shs5gqc3xhz55t6cxb00000gn/T//cchKUfj3.s 			page 3


 113 0028 02D0     		beq	.L4
 114 002a 022B     		cmp	r3, #2
 115 002c 07D0     		beq	.L5
 116 002e 7047     		bx	lr
 117              	.L4:
 118              		.loc 1 90 0
 119 0030 4369     		ldr	r3, [r0, #20]
 120 0032 0269     		ldr	r2, [r0, #16]
 121              	.LVL3:
 122 0034 1A61     		str	r2, [r3, #16]
 123 0036 0269     		ldr	r2, [r0, #16]
 124 0038 5361     		str	r3, [r2, #20]
 125              		.loc 1 92 0
 126 003a FFF7FEBF 		b	chHeapFree
 127              	.LVL4:
 128              	.L5:
 129              		.loc 1 98 0
 130 003e 4369     		ldr	r3, [r0, #20]
 131 0040 0269     		ldr	r2, [r0, #16]
 132              	.LVL5:
 133 0042 1A61     		str	r2, [r3, #16]
 134 0044 0269     		ldr	r2, [r0, #16]
 135              		.loc 1 100 0
 136 0046 406C     		ldr	r0, [r0, #68]
 137              	.LVL6:
 138              		.loc 1 98 0
 139 0048 5361     		str	r3, [r2, #20]
 140              		.loc 1 100 0
 141 004a FFF7FEBF 		b	chPoolFree
 142              	.LVL7:
 143              		.cfi_endproc
 144              	.LFE8:
 145              		.size	chThdRelease, .-chThdRelease
 146 004e 00BF     		.section	.text.chThdCreateFromHeap,"ax",%progbits
 147              		.align	2
 148              		.p2align 4,,15
 149              		.global	chThdCreateFromHeap
 150              		.thumb
 151              		.thumb_func
 152              		.type	chThdCreateFromHeap, %function
 153              	chThdCreateFromHeap:
 154              	.LFB9:
 155              		.loc 1 131 0
 156              		.cfi_startproc
 157              		@ args = 4, pretend = 0, frame = 0
 158              		@ frame_needed = 0, uses_anonymous_args = 0
 159              	.LVL8:
 160 0000 F0B5     		push	{r4, r5, r6, r7, lr}
 161              		.cfi_def_cfa_offset 20
 162              		.cfi_offset 4, -20
 163              		.cfi_offset 5, -16
 164              		.cfi_offset 6, -12
 165              		.cfi_offset 7, -8
 166              		.cfi_offset 14, -4
 167 0002 83B0     		sub	sp, sp, #12
 168              		.cfi_def_cfa_offset 32
 169              		.loc 1 131 0
ARM GAS  /var/folders/zv/18v39shs5gqc3xhz55t6cxb00000gn/T//cchKUfj3.s 			page 4


 170 0004 1646     		mov	r6, r2
 171 0006 1D46     		mov	r5, r3
 172 0008 0F46     		mov	r7, r1
 173              		.loc 1 135 0
 174 000a FFF7FEFF 		bl	chHeapAlloc
 175              	.LVL9:
 176              		.loc 1 136 0
 177 000e 98B1     		cbz	r0, .L9
 178              	.LBB6:
 179              		.loc 1 148 0
 180 0010 2023     		movs	r3, #32
 181              	@ 148 "./chibios/os/kernel/src/chdynamic.c" 1
 182 0012 83F31188 		msr     BASEPRI, r3
 183              	@ 0 "" 2
 184              		.thumb
 185              	.LBE6:
 186              		.loc 1 149 0
 187 0016 089B     		ldr	r3, [sp, #32]
 188 0018 0093     		str	r3, [sp]
 189 001a 3946     		mov	r1, r7
 190 001c 3246     		mov	r2, r6
 191 001e 2B46     		mov	r3, r5
 192 0020 FFF7FEFF 		bl	chThdCreateI
 193              	.LVL10:
 194              		.loc 1 150 0
 195 0024 0123     		movs	r3, #1
 196 0026 4377     		strb	r3, [r0, #29]
 197              		.loc 1 151 0
 198 0028 0021     		movs	r1, #0
 199              		.loc 1 149 0
 200 002a 0446     		mov	r4, r0
 201              	.LVL11:
 202              		.loc 1 151 0
 203 002c FFF7FEFF 		bl	chSchWakeupS
 204              	.LVL12:
 205              	.LBB7:
 206              		.loc 1 152 0
 207 0030 0023     		movs	r3, #0
 208              	@ 152 "./chibios/os/kernel/src/chdynamic.c" 1
 209 0032 83F31188 		msr     BASEPRI, r3
 210              	@ 0 "" 2
 211              		.thumb
 212              	.LBE7:
 213              		.loc 1 153 0
 214 0036 2046     		mov	r0, r4
 215              	.LVL13:
 216              	.L9:
 217              		.loc 1 154 0
 218 0038 03B0     		add	sp, sp, #12
 219              		.cfi_def_cfa_offset 20
 220              		@ sp needed
 221 003a F0BD     		pop	{r4, r5, r6, r7, pc}
 222              		.cfi_endproc
 223              	.LFE9:
 224              		.size	chThdCreateFromHeap, .-chThdCreateFromHeap
 225 003c AFF30080 		.section	.text.chThdCreateFromMemoryPool,"ax",%progbits
 226              		.align	2
ARM GAS  /var/folders/zv/18v39shs5gqc3xhz55t6cxb00000gn/T//cchKUfj3.s 			page 5


 227              		.p2align 4,,15
 228              		.global	chThdCreateFromMemoryPool
 229              		.thumb
 230              		.thumb_func
 231              		.type	chThdCreateFromMemoryPool, %function
 232              	chThdCreateFromMemoryPool:
 233              	.LFB10:
 234              		.loc 1 180 0
 235              		.cfi_startproc
 236              		@ args = 0, pretend = 0, frame = 0
 237              		@ frame_needed = 0, uses_anonymous_args = 0
 238              	.LVL14:
 239 0000 2DE9F041 		push	{r4, r5, r6, r7, r8, lr}
 240              		.cfi_def_cfa_offset 24
 241              		.cfi_offset 4, -24
 242              		.cfi_offset 5, -20
 243              		.cfi_offset 6, -16
 244              		.cfi_offset 7, -12
 245              		.cfi_offset 8, -8
 246              		.cfi_offset 14, -4
 247 0004 82B0     		sub	sp, sp, #8
 248              		.cfi_def_cfa_offset 32
 249              		.loc 1 180 0
 250 0006 0F46     		mov	r7, r1
 251 0008 1646     		mov	r6, r2
 252 000a 9846     		mov	r8, r3
 253 000c 0546     		mov	r5, r0
 254              		.loc 1 186 0
 255 000e FFF7FEFF 		bl	chPoolAlloc
 256              	.LVL15:
 257              		.loc 1 187 0
 258 0012 A0B1     		cbz	r0, .L13
 259              	.LBB8:
 260              		.loc 1 199 0
 261 0014 2023     		movs	r3, #32
 262              	@ 199 "./chibios/os/kernel/src/chdynamic.c" 1
 263 0016 83F31188 		msr     BASEPRI, r3
 264              	@ 0 "" 2
 265              		.thumb
 266              	.LBE8:
 267              		.loc 1 200 0
 268 001a 6968     		ldr	r1, [r5, #4]
 269 001c CDF80080 		str	r8, [sp]
 270 0020 3A46     		mov	r2, r7
 271 0022 3346     		mov	r3, r6
 272 0024 FFF7FEFF 		bl	chThdCreateI
 273              	.LVL16:
 274              		.loc 1 201 0
 275 0028 0223     		movs	r3, #2
 276 002a 4377     		strb	r3, [r0, #29]
 277              		.loc 1 202 0
 278 002c 4564     		str	r5, [r0, #68]
 279              		.loc 1 203 0
 280 002e 0021     		movs	r1, #0
 281              		.loc 1 200 0
 282 0030 0446     		mov	r4, r0
 283              	.LVL17:
ARM GAS  /var/folders/zv/18v39shs5gqc3xhz55t6cxb00000gn/T//cchKUfj3.s 			page 6


 284              		.loc 1 203 0
 285 0032 FFF7FEFF 		bl	chSchWakeupS
 286              	.LVL18:
 287              	.LBB9:
 288              		.loc 1 204 0
 289 0036 0023     		movs	r3, #0
 290              	@ 204 "./chibios/os/kernel/src/chdynamic.c" 1
 291 0038 83F31188 		msr     BASEPRI, r3
 292              	@ 0 "" 2
 293              		.thumb
 294              	.LBE9:
 295              		.loc 1 205 0
 296 003c 2046     		mov	r0, r4
 297              	.LVL19:
 298              	.L13:
 299              		.loc 1 206 0
 300 003e 02B0     		add	sp, sp, #8
 301              		.cfi_def_cfa_offset 24
 302              		@ sp needed
 303 0040 BDE8F081 		pop	{r4, r5, r6, r7, r8, pc}
 304              		.cfi_endproc
 305              	.LFE10:
 306              		.size	chThdCreateFromMemoryPool, .-chThdCreateFromMemoryPool
 307 0044 AFF30080 		.text
 307      AFF30080 
 307      AFF30080 
 308              	.Letext0:
 309              		.file 2 "/Users/Daniel/Documents/Bachelor/Kode/rov-subside2015/arm/lib/gcc/arm-none-eabi/4.9.3/inc
 310              		.file 3 "/Users/Daniel/Documents/Bachelor/Kode/rov-subside2015/arm/arm-none-eabi/include/machine/_
 311              		.file 4 "/Users/Daniel/Documents/Bachelor/Kode/rov-subside2015/arm/arm-none-eabi/include/stdint.h"
 312              		.file 5 "./chibios/os/ports/GCC/ARMCMx/chtypes.h"
 313              		.file 6 "./chibios/os/kernel/include/chlists.h"
 314              		.file 7 "./chibios/os/kernel/include/chthreads.h"
 315              		.file 8 "./chibios/os/ports/GCC/ARMCMx/chcore_v7m.h"
 316              		.file 9 "./chibios/os/kernel/include/chmtx.h"
 317              		.file 10 "./chibios/os/kernel/include/chmemcore.h"
 318              		.file 11 "./chibios/os/kernel/include/chheap.h"
 319              		.file 12 "./chibios/os/kernel/include/chmempools.h"
 320              		.file 13 "./chibios/os/kernel/include/chschd.h"
 321              		.section	.debug_info,"",%progbits
 322              	.Ldebug_info0:
 323 0000 58090000 		.4byte	0x958
 324 0004 0400     		.2byte	0x4
 325 0006 00000000 		.4byte	.Ldebug_abbrev0
 326 000a 04       		.byte	0x4
 327 000b 01       		.uleb128 0x1
 328 000c 46030000 		.4byte	.LASF92
 329 0010 01       		.byte	0x1
 330 0011 A0040000 		.4byte	.LASF93
 331 0015 CB010000 		.4byte	.LASF94
 332 0019 00000000 		.4byte	.Ldebug_ranges0+0
 333 001d 00000000 		.4byte	0
 334 0021 00000000 		.4byte	.Ldebug_line0
 335 0025 02       		.uleb128 0x2
 336 0026 04       		.byte	0x4
 337 0027 05       		.byte	0x5
 338 0028 696E7400 		.ascii	"int\000"
ARM GAS  /var/folders/zv/18v39shs5gqc3xhz55t6cxb00000gn/T//cchKUfj3.s 			page 7


 339 002c 03       		.uleb128 0x3
 340 002d 0E000000 		.4byte	.LASF2
 341 0031 02       		.byte	0x2
 342 0032 D4       		.byte	0xd4
 343 0033 37000000 		.4byte	0x37
 344 0037 04       		.uleb128 0x4
 345 0038 04       		.byte	0x4
 346 0039 07       		.byte	0x7
 347 003a 40010000 		.4byte	.LASF0
 348 003e 04       		.uleb128 0x4
 349 003f 01       		.byte	0x1
 350 0040 06       		.byte	0x6
 351 0041 85000000 		.4byte	.LASF1
 352 0045 03       		.uleb128 0x3
 353 0046 25000000 		.4byte	.LASF3
 354 004a 03       		.byte	0x3
 355 004b 1D       		.byte	0x1d
 356 004c 50000000 		.4byte	0x50
 357 0050 04       		.uleb128 0x4
 358 0051 01       		.byte	0x1
 359 0052 08       		.byte	0x8
 360 0053 81020000 		.4byte	.LASF4
 361 0057 04       		.uleb128 0x4
 362 0058 02       		.byte	0x2
 363 0059 05       		.byte	0x5
 364 005a A4020000 		.4byte	.LASF5
 365 005e 04       		.uleb128 0x4
 366 005f 02       		.byte	0x2
 367 0060 07       		.byte	0x7
 368 0061 6C010000 		.4byte	.LASF6
 369 0065 03       		.uleb128 0x3
 370 0066 3C030000 		.4byte	.LASF7
 371 006a 03       		.byte	0x3
 372 006b 3F       		.byte	0x3f
 373 006c 70000000 		.4byte	0x70
 374 0070 04       		.uleb128 0x4
 375 0071 04       		.byte	0x4
 376 0072 05       		.byte	0x5
 377 0073 C9000000 		.4byte	.LASF8
 378 0077 03       		.uleb128 0x3
 379 0078 1A010000 		.4byte	.LASF9
 380 007c 03       		.byte	0x3
 381 007d 41       		.byte	0x41
 382 007e 82000000 		.4byte	0x82
 383 0082 04       		.uleb128 0x4
 384 0083 04       		.byte	0x4
 385 0084 07       		.byte	0x7
 386 0085 4D010000 		.4byte	.LASF10
 387 0089 04       		.uleb128 0x4
 388 008a 08       		.byte	0x8
 389 008b 05       		.byte	0x5
 390 008c 77000000 		.4byte	.LASF11
 391 0090 03       		.uleb128 0x3
 392 0091 44020000 		.4byte	.LASF12
 393 0095 03       		.byte	0x3
 394 0096 5B       		.byte	0x5b
 395 0097 9B000000 		.4byte	0x9b
ARM GAS  /var/folders/zv/18v39shs5gqc3xhz55t6cxb00000gn/T//cchKUfj3.s 			page 8


 396 009b 04       		.uleb128 0x4
 397 009c 08       		.byte	0x8
 398 009d 07       		.byte	0x7
 399 009e 47000000 		.4byte	.LASF13
 400 00a2 03       		.uleb128 0x3
 401 00a3 C4040000 		.4byte	.LASF14
 402 00a7 04       		.byte	0x4
 403 00a8 15       		.byte	0x15
 404 00a9 45000000 		.4byte	0x45
 405 00ad 03       		.uleb128 0x3
 406 00ae 79020000 		.4byte	.LASF15
 407 00b2 04       		.byte	0x4
 408 00b3 2C       		.byte	0x2c
 409 00b4 65000000 		.4byte	0x65
 410 00b8 03       		.uleb128 0x3
 411 00b9 0D030000 		.4byte	.LASF16
 412 00bd 04       		.byte	0x4
 413 00be 2D       		.byte	0x2d
 414 00bf 77000000 		.4byte	0x77
 415 00c3 03       		.uleb128 0x3
 416 00c4 1C000000 		.4byte	.LASF17
 417 00c8 04       		.byte	0x4
 418 00c9 39       		.byte	0x39
 419 00ca 90000000 		.4byte	0x90
 420 00ce 04       		.uleb128 0x4
 421 00cf 01       		.byte	0x1
 422 00d0 02       		.byte	0x2
 423 00d1 73020000 		.4byte	.LASF18
 424 00d5 03       		.uleb128 0x3
 425 00d6 85010000 		.4byte	.LASF19
 426 00da 05       		.byte	0x5
 427 00db 2C       		.byte	0x2c
 428 00dc A2000000 		.4byte	0xa2
 429 00e0 03       		.uleb128 0x3
 430 00e1 E6000000 		.4byte	.LASF20
 431 00e5 05       		.byte	0x5
 432 00e6 2D       		.byte	0x2d
 433 00e7 A2000000 		.4byte	0xa2
 434 00eb 03       		.uleb128 0x3
 435 00ec 57020000 		.4byte	.LASF21
 436 00f0 05       		.byte	0x5
 437 00f1 2E       		.byte	0x2e
 438 00f2 A2000000 		.4byte	0xa2
 439 00f6 03       		.uleb128 0x3
 440 00f7 B2000000 		.4byte	.LASF22
 441 00fb 05       		.byte	0x5
 442 00fc 2F       		.byte	0x2f
 443 00fd A2000000 		.4byte	0xa2
 444 0101 03       		.uleb128 0x3
 445 0102 6B020000 		.4byte	.LASF23
 446 0106 05       		.byte	0x5
 447 0107 30       		.byte	0x30
 448 0108 B8000000 		.4byte	0xb8
 449 010c 03       		.uleb128 0x3
 450 010d 7F010000 		.4byte	.LASF24
 451 0111 05       		.byte	0x5
 452 0112 31       		.byte	0x31
ARM GAS  /var/folders/zv/18v39shs5gqc3xhz55t6cxb00000gn/T//cchKUfj3.s 			page 9


 453 0113 AD000000 		.4byte	0xad
 454 0117 03       		.uleb128 0x3
 455 0118 99010000 		.4byte	.LASF25
 456 011c 05       		.byte	0x5
 457 011d 33       		.byte	0x33
 458 011e B8000000 		.4byte	0xb8
 459 0122 03       		.uleb128 0x3
 460 0123 27030000 		.4byte	.LASF26
 461 0127 05       		.byte	0x5
 462 0128 35       		.byte	0x35
 463 0129 B8000000 		.4byte	0xb8
 464 012d 03       		.uleb128 0x3
 465 012e EF020000 		.4byte	.LASF27
 466 0132 06       		.byte	0x6
 467 0133 2A       		.byte	0x2a
 468 0134 38010000 		.4byte	0x138
 469 0138 05       		.uleb128 0x5
 470 0139 EF020000 		.4byte	.LASF27
 471 013d 48       		.byte	0x48
 472 013e 07       		.byte	0x7
 473 013f 5E       		.byte	0x5e
 474 0140 35020000 		.4byte	0x235
 475 0144 06       		.uleb128 0x6
 476 0145 D3020000 		.4byte	.LASF28
 477 0149 07       		.byte	0x7
 478 014a 5F       		.byte	0x5f
 479 014b 56020000 		.4byte	0x256
 480 014f 00       		.byte	0
 481 0150 06       		.uleb128 0x6
 482 0151 64020000 		.4byte	.LASF29
 483 0155 07       		.byte	0x7
 484 0156 61       		.byte	0x61
 485 0157 56020000 		.4byte	0x256
 486 015b 04       		.byte	0x4
 487 015c 06       		.uleb128 0x6
 488 015d 70000000 		.4byte	.LASF30
 489 0161 07       		.byte	0x7
 490 0162 63       		.byte	0x63
 491 0163 01010000 		.4byte	0x101
 492 0167 08       		.byte	0x8
 493 0168 06       		.uleb128 0x6
 494 0169 F9040000 		.4byte	.LASF31
 495 016d 07       		.byte	0x7
 496 016e 64       		.byte	0x64
 497 016f EB030000 		.4byte	0x3eb
 498 0173 0C       		.byte	0xc
 499 0174 06       		.uleb128 0x6
 500 0175 EF000000 		.4byte	.LASF32
 501 0179 07       		.byte	0x7
 502 017a 66       		.byte	0x66
 503 017b 56020000 		.4byte	0x256
 504 017f 10       		.byte	0x10
 505 0180 06       		.uleb128 0x6
 506 0181 10020000 		.4byte	.LASF33
 507 0185 07       		.byte	0x7
 508 0186 67       		.byte	0x67
 509 0187 56020000 		.4byte	0x256
ARM GAS  /var/folders/zv/18v39shs5gqc3xhz55t6cxb00000gn/T//cchKUfj3.s 			page 10


 510 018b 14       		.byte	0x14
 511 018c 06       		.uleb128 0x6
 512 018d EA040000 		.4byte	.LASF34
 513 0191 07       		.byte	0x7
 514 0192 6E       		.byte	0x6e
 515 0193 AD050000 		.4byte	0x5ad
 516 0197 18       		.byte	0x18
 517 0198 06       		.uleb128 0x6
 518 0199 AE020000 		.4byte	.LASF35
 519 019d 07       		.byte	0x7
 520 019e 79       		.byte	0x79
 521 019f E0000000 		.4byte	0xe0
 522 01a3 1C       		.byte	0x1c
 523 01a4 06       		.uleb128 0x6
 524 01a5 DA020000 		.4byte	.LASF36
 525 01a9 07       		.byte	0x7
 526 01aa 7D       		.byte	0x7d
 527 01ab D5000000 		.4byte	0xd5
 528 01af 1D       		.byte	0x1d
 529 01b0 06       		.uleb128 0x6
 530 01b1 99040000 		.4byte	.LASF37
 531 01b5 07       		.byte	0x7
 532 01b6 82       		.byte	0x82
 533 01b7 EB000000 		.4byte	0xeb
 534 01bb 1E       		.byte	0x1e
 535 01bc 06       		.uleb128 0x6
 536 01bd B6020000 		.4byte	.LASF38
 537 01c1 07       		.byte	0x7
 538 01c2 88       		.byte	0x88
 539 01c3 F6000000 		.4byte	0xf6
 540 01c7 1F       		.byte	0x1f
 541 01c8 06       		.uleb128 0x6
 542 01c9 67040000 		.4byte	.LASF39
 543 01cd 07       		.byte	0x7
 544 01ce 8F       		.byte	0x8f
 545 01cf 13040000 		.4byte	0x413
 546 01d3 20       		.byte	0x20
 547 01d4 07       		.uleb128 0x7
 548 01d5 705F7500 		.ascii	"p_u\000"
 549 01d9 07       		.byte	0x7
 550 01da B4       		.byte	0xb4
 551 01db 78050000 		.4byte	0x578
 552 01df 24       		.byte	0x24
 553 01e0 06       		.uleb128 0x6
 554 01e1 FF040000 		.4byte	.LASF40
 555 01e5 07       		.byte	0x7
 556 01e6 B9       		.byte	0xb9
 557 01e7 7C020000 		.4byte	0x27c
 558 01eb 28       		.byte	0x28
 559 01ec 06       		.uleb128 0x6
 560 01ed 75040000 		.4byte	.LASF41
 561 01f1 07       		.byte	0x7
 562 01f2 BF       		.byte	0xbf
 563 01f3 5C020000 		.4byte	0x25c
 564 01f7 2C       		.byte	0x2c
 565 01f8 06       		.uleb128 0x6
 566 01f9 08000000 		.4byte	.LASF42
ARM GAS  /var/folders/zv/18v39shs5gqc3xhz55t6cxb00000gn/T//cchKUfj3.s 			page 11


 567 01fd 07       		.byte	0x7
 568 01fe C3       		.byte	0xc3
 569 01ff 0C010000 		.4byte	0x10c
 570 0203 34       		.byte	0x34
 571 0204 06       		.uleb128 0x6
 572 0205 02030000 		.4byte	.LASF43
 573 0209 07       		.byte	0x7
 574 020a C9       		.byte	0xc9
 575 020b 17010000 		.4byte	0x117
 576 020f 38       		.byte	0x38
 577 0210 06       		.uleb128 0x6
 578 0211 9A020000 		.4byte	.LASF44
 579 0215 07       		.byte	0x7
 580 0216 D0       		.byte	0xd0
 581 0217 BF050000 		.4byte	0x5bf
 582 021b 3C       		.byte	0x3c
 583 021c 06       		.uleb128 0x6
 584 021d 31030000 		.4byte	.LASF45
 585 0221 07       		.byte	0x7
 586 0222 D4       		.byte	0xd4
 587 0223 01010000 		.4byte	0x101
 588 0227 40       		.byte	0x40
 589 0228 06       		.uleb128 0x6
 590 0229 97000000 		.4byte	.LASF46
 591 022d 07       		.byte	0x7
 592 022e DA       		.byte	0xda
 593 022f 92020000 		.4byte	0x292
 594 0233 44       		.byte	0x44
 595 0234 00       		.byte	0
 596 0235 08       		.uleb128 0x8
 597 0236 08       		.byte	0x8
 598 0237 06       		.byte	0x6
 599 0238 61       		.byte	0x61
 600 0239 56020000 		.4byte	0x256
 601 023d 06       		.uleb128 0x6
 602 023e D3020000 		.4byte	.LASF28
 603 0242 06       		.byte	0x6
 604 0243 62       		.byte	0x62
 605 0244 56020000 		.4byte	0x256
 606 0248 00       		.byte	0
 607 0249 06       		.uleb128 0x6
 608 024a 64020000 		.4byte	.LASF29
 609 024e 06       		.byte	0x6
 610 024f 64       		.byte	0x64
 611 0250 56020000 		.4byte	0x256
 612 0254 04       		.byte	0x4
 613 0255 00       		.byte	0
 614 0256 09       		.uleb128 0x9
 615 0257 04       		.byte	0x4
 616 0258 2D010000 		.4byte	0x12d
 617 025c 03       		.uleb128 0x3
 618 025d 18020000 		.4byte	.LASF47
 619 0261 06       		.byte	0x6
 620 0262 66       		.byte	0x66
 621 0263 35020000 		.4byte	0x235
 622 0267 08       		.uleb128 0x8
 623 0268 04       		.byte	0x4
ARM GAS  /var/folders/zv/18v39shs5gqc3xhz55t6cxb00000gn/T//cchKUfj3.s 			page 12


 624 0269 06       		.byte	0x6
 625 026a 6B       		.byte	0x6b
 626 026b 7C020000 		.4byte	0x27c
 627 026f 06       		.uleb128 0x6
 628 0270 D3020000 		.4byte	.LASF28
 629 0274 06       		.byte	0x6
 630 0275 6D       		.byte	0x6d
 631 0276 56020000 		.4byte	0x256
 632 027a 00       		.byte	0
 633 027b 00       		.byte	0
 634 027c 03       		.uleb128 0x3
 635 027d 8D010000 		.4byte	.LASF48
 636 0281 06       		.byte	0x6
 637 0282 70       		.byte	0x70
 638 0283 67020000 		.4byte	0x267
 639 0287 03       		.uleb128 0x3
 640 0288 31010000 		.4byte	.LASF49
 641 028c 08       		.byte	0x8
 642 028d E5       		.byte	0xe5
 643 028e 92020000 		.4byte	0x292
 644 0292 0A       		.uleb128 0xa
 645 0293 04       		.byte	0x4
 646 0294 03       		.uleb128 0x3
 647 0295 B7010000 		.4byte	.LASF50
 648 0299 08       		.byte	0x8
 649 029a EB       		.byte	0xeb
 650 029b C3000000 		.4byte	0xc3
 651 029f 0B       		.uleb128 0xb
 652 02a0 6E040000 		.4byte	.LASF51
 653 02a4 64       		.byte	0x64
 654 02a5 08       		.byte	0x8
 655 02a6 0C01     		.2byte	0x10c
 656 02a8 EB030000 		.4byte	0x3eb
 657 02ac 0C       		.uleb128 0xc
 658 02ad 73313600 		.ascii	"s16\000"
 659 02b1 08       		.byte	0x8
 660 02b2 0E01     		.2byte	0x10e
 661 02b4 87020000 		.4byte	0x287
 662 02b8 00       		.byte	0
 663 02b9 0C       		.uleb128 0xc
 664 02ba 73313700 		.ascii	"s17\000"
 665 02be 08       		.byte	0x8
 666 02bf 0F01     		.2byte	0x10f
 667 02c1 87020000 		.4byte	0x287
 668 02c5 04       		.byte	0x4
 669 02c6 0C       		.uleb128 0xc
 670 02c7 73313800 		.ascii	"s18\000"
 671 02cb 08       		.byte	0x8
 672 02cc 1001     		.2byte	0x110
 673 02ce 87020000 		.4byte	0x287
 674 02d2 08       		.byte	0x8
 675 02d3 0C       		.uleb128 0xc
 676 02d4 73313900 		.ascii	"s19\000"
 677 02d8 08       		.byte	0x8
 678 02d9 1101     		.2byte	0x111
 679 02db 87020000 		.4byte	0x287
 680 02df 0C       		.byte	0xc
ARM GAS  /var/folders/zv/18v39shs5gqc3xhz55t6cxb00000gn/T//cchKUfj3.s 			page 13


 681 02e0 0C       		.uleb128 0xc
 682 02e1 73323000 		.ascii	"s20\000"
 683 02e5 08       		.byte	0x8
 684 02e6 1201     		.2byte	0x112
 685 02e8 87020000 		.4byte	0x287
 686 02ec 10       		.byte	0x10
 687 02ed 0C       		.uleb128 0xc
 688 02ee 73323100 		.ascii	"s21\000"
 689 02f2 08       		.byte	0x8
 690 02f3 1301     		.2byte	0x113
 691 02f5 87020000 		.4byte	0x287
 692 02f9 14       		.byte	0x14
 693 02fa 0C       		.uleb128 0xc
 694 02fb 73323200 		.ascii	"s22\000"
 695 02ff 08       		.byte	0x8
 696 0300 1401     		.2byte	0x114
 697 0302 87020000 		.4byte	0x287
 698 0306 18       		.byte	0x18
 699 0307 0C       		.uleb128 0xc
 700 0308 73323300 		.ascii	"s23\000"
 701 030c 08       		.byte	0x8
 702 030d 1501     		.2byte	0x115
 703 030f 87020000 		.4byte	0x287
 704 0313 1C       		.byte	0x1c
 705 0314 0C       		.uleb128 0xc
 706 0315 73323400 		.ascii	"s24\000"
 707 0319 08       		.byte	0x8
 708 031a 1601     		.2byte	0x116
 709 031c 87020000 		.4byte	0x287
 710 0320 20       		.byte	0x20
 711 0321 0C       		.uleb128 0xc
 712 0322 73323500 		.ascii	"s25\000"
 713 0326 08       		.byte	0x8
 714 0327 1701     		.2byte	0x117
 715 0329 87020000 		.4byte	0x287
 716 032d 24       		.byte	0x24
 717 032e 0C       		.uleb128 0xc
 718 032f 73323600 		.ascii	"s26\000"
 719 0333 08       		.byte	0x8
 720 0334 1801     		.2byte	0x118
 721 0336 87020000 		.4byte	0x287
 722 033a 28       		.byte	0x28
 723 033b 0C       		.uleb128 0xc
 724 033c 73323700 		.ascii	"s27\000"
 725 0340 08       		.byte	0x8
 726 0341 1901     		.2byte	0x119
 727 0343 87020000 		.4byte	0x287
 728 0347 2C       		.byte	0x2c
 729 0348 0C       		.uleb128 0xc
 730 0349 73323800 		.ascii	"s28\000"
 731 034d 08       		.byte	0x8
 732 034e 1A01     		.2byte	0x11a
 733 0350 87020000 		.4byte	0x287
 734 0354 30       		.byte	0x30
 735 0355 0C       		.uleb128 0xc
 736 0356 73323900 		.ascii	"s29\000"
 737 035a 08       		.byte	0x8
ARM GAS  /var/folders/zv/18v39shs5gqc3xhz55t6cxb00000gn/T//cchKUfj3.s 			page 14


 738 035b 1B01     		.2byte	0x11b
 739 035d 87020000 		.4byte	0x287
 740 0361 34       		.byte	0x34
 741 0362 0C       		.uleb128 0xc
 742 0363 73333000 		.ascii	"s30\000"
 743 0367 08       		.byte	0x8
 744 0368 1C01     		.2byte	0x11c
 745 036a 87020000 		.4byte	0x287
 746 036e 38       		.byte	0x38
 747 036f 0C       		.uleb128 0xc
 748 0370 73333100 		.ascii	"s31\000"
 749 0374 08       		.byte	0x8
 750 0375 1D01     		.2byte	0x11d
 751 0377 87020000 		.4byte	0x287
 752 037b 3C       		.byte	0x3c
 753 037c 0C       		.uleb128 0xc
 754 037d 723400   		.ascii	"r4\000"
 755 0380 08       		.byte	0x8
 756 0381 1F01     		.2byte	0x11f
 757 0383 87020000 		.4byte	0x287
 758 0387 40       		.byte	0x40
 759 0388 0C       		.uleb128 0xc
 760 0389 723500   		.ascii	"r5\000"
 761 038c 08       		.byte	0x8
 762 038d 2001     		.2byte	0x120
 763 038f 87020000 		.4byte	0x287
 764 0393 44       		.byte	0x44
 765 0394 0C       		.uleb128 0xc
 766 0395 723600   		.ascii	"r6\000"
 767 0398 08       		.byte	0x8
 768 0399 2101     		.2byte	0x121
 769 039b 87020000 		.4byte	0x287
 770 039f 48       		.byte	0x48
 771 03a0 0C       		.uleb128 0xc
 772 03a1 723700   		.ascii	"r7\000"
 773 03a4 08       		.byte	0x8
 774 03a5 2201     		.2byte	0x122
 775 03a7 87020000 		.4byte	0x287
 776 03ab 4C       		.byte	0x4c
 777 03ac 0C       		.uleb128 0xc
 778 03ad 723800   		.ascii	"r8\000"
 779 03b0 08       		.byte	0x8
 780 03b1 2301     		.2byte	0x123
 781 03b3 87020000 		.4byte	0x287
 782 03b7 50       		.byte	0x50
 783 03b8 0C       		.uleb128 0xc
 784 03b9 723900   		.ascii	"r9\000"
 785 03bc 08       		.byte	0x8
 786 03bd 2401     		.2byte	0x124
 787 03bf 87020000 		.4byte	0x287
 788 03c3 54       		.byte	0x54
 789 03c4 0C       		.uleb128 0xc
 790 03c5 72313000 		.ascii	"r10\000"
 791 03c9 08       		.byte	0x8
 792 03ca 2501     		.2byte	0x125
 793 03cc 87020000 		.4byte	0x287
 794 03d0 58       		.byte	0x58
ARM GAS  /var/folders/zv/18v39shs5gqc3xhz55t6cxb00000gn/T//cchKUfj3.s 			page 15


 795 03d1 0C       		.uleb128 0xc
 796 03d2 72313100 		.ascii	"r11\000"
 797 03d6 08       		.byte	0x8
 798 03d7 2601     		.2byte	0x126
 799 03d9 87020000 		.4byte	0x287
 800 03dd 5C       		.byte	0x5c
 801 03de 0C       		.uleb128 0xc
 802 03df 6C7200   		.ascii	"lr\000"
 803 03e2 08       		.byte	0x8
 804 03e3 2701     		.2byte	0x127
 805 03e5 87020000 		.4byte	0x287
 806 03e9 60       		.byte	0x60
 807 03ea 00       		.byte	0
 808 03eb 0B       		.uleb128 0xb
 809 03ec 5F010000 		.4byte	.LASF52
 810 03f0 04       		.byte	0x4
 811 03f1 08       		.byte	0x8
 812 03f2 3101     		.2byte	0x131
 813 03f4 06040000 		.4byte	0x406
 814 03f8 0C       		.uleb128 0xc
 815 03f9 72313300 		.ascii	"r13\000"
 816 03fd 08       		.byte	0x8
 817 03fe 3201     		.2byte	0x132
 818 0400 06040000 		.4byte	0x406
 819 0404 00       		.byte	0
 820 0405 00       		.byte	0
 821 0406 09       		.uleb128 0x9
 822 0407 04       		.byte	0x4
 823 0408 9F020000 		.4byte	0x29f
 824 040c 04       		.uleb128 0x4
 825 040d 04       		.byte	0x4
 826 040e 07       		.byte	0x7
 827 040f C2010000 		.4byte	.LASF53
 828 0413 0D       		.uleb128 0xd
 829 0414 22010000 		.4byte	0x122
 830 0418 05       		.uleb128 0x5
 831 0419 A5010000 		.4byte	.LASF54
 832 041d 10       		.byte	0x10
 833 041e 09       		.byte	0x9
 834 041f 2C       		.byte	0x2c
 835 0420 49040000 		.4byte	0x449
 836 0424 06       		.uleb128 0x6
 837 0425 9F000000 		.4byte	.LASF55
 838 0429 09       		.byte	0x9
 839 042a 2D       		.byte	0x2d
 840 042b 5C020000 		.4byte	0x25c
 841 042f 00       		.byte	0
 842 0430 06       		.uleb128 0x6
 843 0431 F1040000 		.4byte	.LASF56
 844 0435 09       		.byte	0x9
 845 0436 2F       		.byte	0x2f
 846 0437 56020000 		.4byte	0x256
 847 043b 08       		.byte	0x8
 848 043c 06       		.uleb128 0x6
 849 043d 20030000 		.4byte	.LASF57
 850 0441 09       		.byte	0x9
 851 0442 31       		.byte	0x31
ARM GAS  /var/folders/zv/18v39shs5gqc3xhz55t6cxb00000gn/T//cchKUfj3.s 			page 16


 852 0443 49040000 		.4byte	0x449
 853 0447 0C       		.byte	0xc
 854 0448 00       		.byte	0
 855 0449 09       		.uleb128 0x9
 856 044a 04       		.byte	0x4
 857 044b 18040000 		.4byte	0x418
 858 044f 03       		.uleb128 0x3
 859 0450 A5010000 		.4byte	.LASF54
 860 0454 09       		.byte	0x9
 861 0455 33       		.byte	0x33
 862 0456 18040000 		.4byte	0x418
 863 045a 03       		.uleb128 0x3
 864 045b 3A000000 		.4byte	.LASF58
 865 045f 0A       		.byte	0xa
 866 0460 2C       		.byte	0x2c
 867 0461 65040000 		.4byte	0x465
 868 0465 09       		.uleb128 0x9
 869 0466 04       		.byte	0x4
 870 0467 6B040000 		.4byte	0x46b
 871 046b 0E       		.uleb128 0xe
 872 046c 92020000 		.4byte	0x292
 873 0470 7A040000 		.4byte	0x47a
 874 0474 0F       		.uleb128 0xf
 875 0475 2C000000 		.4byte	0x2c
 876 0479 00       		.byte	0
 877 047a 03       		.uleb128 0x3
 878 047b 39020000 		.4byte	.LASF59
 879 047f 0B       		.byte	0xb
 880 0480 34       		.byte	0x34
 881 0481 85040000 		.4byte	0x485
 882 0485 05       		.uleb128 0x5
 883 0486 09050000 		.4byte	.LASF60
 884 048a 20       		.byte	0x20
 885 048b 0B       		.byte	0xb
 886 048c 47       		.byte	0x47
 887 048d B6040000 		.4byte	0x4b6
 888 0491 06       		.uleb128 0x6
 889 0492 8F020000 		.4byte	.LASF61
 890 0496 0B       		.byte	0xb
 891 0497 48       		.byte	0x48
 892 0498 5A040000 		.4byte	0x45a
 893 049c 00       		.byte	0
 894 049d 06       		.uleb128 0x6
 895 049e 5E000000 		.4byte	.LASF62
 896 04a2 0B       		.byte	0xb
 897 04a3 4A       		.byte	0x4a
 898 04a4 D5040000 		.4byte	0x4d5
 899 04a8 08       		.byte	0x8
 900 04a9 06       		.uleb128 0x6
 901 04aa 91000000 		.4byte	.LASF63
 902 04ae 0B       		.byte	0xb
 903 04af 4C       		.byte	0x4c
 904 04b0 4F040000 		.4byte	0x44f
 905 04b4 10       		.byte	0x10
 906 04b5 00       		.byte	0
 907 04b6 10       		.uleb128 0x10
 908 04b7 04       		.byte	0x4
ARM GAS  /var/folders/zv/18v39shs5gqc3xhz55t6cxb00000gn/T//cchKUfj3.s 			page 17


 909 04b8 0B       		.byte	0xb
 910 04b9 3C       		.byte	0x3c
 911 04ba D5040000 		.4byte	0x4d5
 912 04be 11       		.uleb128 0x11
 913 04bf 6B000000 		.4byte	.LASF64
 914 04c3 0B       		.byte	0xb
 915 04c4 3D       		.byte	0x3d
 916 04c5 F6040000 		.4byte	0x4f6
 917 04c9 11       		.uleb128 0x11
 918 04ca 16030000 		.4byte	.LASF65
 919 04ce 0B       		.byte	0xb
 920 04cf 3E       		.byte	0x3e
 921 04d0 FC040000 		.4byte	0x4fc
 922 04d4 00       		.byte	0
 923 04d5 12       		.uleb128 0x12
 924 04d6 C0020000 		.4byte	.LASF95
 925 04da 08       		.byte	0x8
 926 04db 0B       		.byte	0xb
 927 04dc 39       		.byte	0x39
 928 04dd F6040000 		.4byte	0x4f6
 929 04e1 11       		.uleb128 0x11
 930 04e2 3A010000 		.4byte	.LASF66
 931 04e6 0B       		.byte	0xb
 932 04e7 3A       		.byte	0x3a
 933 04e8 94020000 		.4byte	0x294
 934 04ec 13       		.uleb128 0x13
 935 04ed 6800     		.ascii	"h\000"
 936 04ef 0B       		.byte	0xb
 937 04f0 41       		.byte	0x41
 938 04f1 02050000 		.4byte	0x502
 939 04f5 00       		.byte	0
 940 04f6 09       		.uleb128 0x9
 941 04f7 04       		.byte	0x4
 942 04f8 D5040000 		.4byte	0x4d5
 943 04fc 09       		.uleb128 0x9
 944 04fd 04       		.byte	0x4
 945 04fe 7A040000 		.4byte	0x47a
 946 0502 08       		.uleb128 0x8
 947 0503 08       		.byte	0x8
 948 0504 0B       		.byte	0xb
 949 0505 3B       		.byte	0x3b
 950 0506 21050000 		.4byte	0x521
 951 050a 07       		.uleb128 0x7
 952 050b 7500     		.ascii	"u\000"
 953 050d 0B       		.byte	0xb
 954 050e 3F       		.byte	0x3f
 955 050f B6040000 		.4byte	0x4b6
 956 0513 00       		.byte	0
 957 0514 06       		.uleb128 0x6
 958 0515 67010000 		.4byte	.LASF67
 959 0519 0B       		.byte	0xb
 960 051a 40       		.byte	0x40
 961 051b 2C000000 		.4byte	0x2c
 962 051f 04       		.byte	0x4
 963 0520 00       		.byte	0
 964 0521 05       		.uleb128 0x5
 965 0522 8D040000 		.4byte	.LASF68
ARM GAS  /var/folders/zv/18v39shs5gqc3xhz55t6cxb00000gn/T//cchKUfj3.s 			page 18


 966 0526 04       		.byte	0x4
 967 0527 0C       		.byte	0xc
 968 0528 2C       		.byte	0x2c
 969 0529 3A050000 		.4byte	0x53a
 970 052d 06       		.uleb128 0x6
 971 052e 4F020000 		.4byte	.LASF69
 972 0532 0C       		.byte	0xc
 973 0533 2D       		.byte	0x2d
 974 0534 3A050000 		.4byte	0x53a
 975 0538 00       		.byte	0
 976 0539 00       		.byte	0
 977 053a 09       		.uleb128 0x9
 978 053b 04       		.byte	0x4
 979 053c 21050000 		.4byte	0x521
 980 0540 08       		.uleb128 0x8
 981 0541 0C       		.byte	0xc
 982 0542 0C       		.byte	0xc
 983 0543 34       		.byte	0x34
 984 0544 6D050000 		.4byte	0x56d
 985 0548 06       		.uleb128 0x6
 986 0549 5F040000 		.4byte	.LASF70
 987 054d 0C       		.byte	0xc
 988 054e 35       		.byte	0x35
 989 054f 3A050000 		.4byte	0x53a
 990 0553 00       		.byte	0
 991 0554 06       		.uleb128 0x6
 992 0555 25020000 		.4byte	.LASF71
 993 0559 0C       		.byte	0xc
 994 055a 36       		.byte	0x36
 995 055b 2C000000 		.4byte	0x2c
 996 055f 04       		.byte	0x4
 997 0560 06       		.uleb128 0x6
 998 0561 25010000 		.4byte	.LASF72
 999 0565 0C       		.byte	0xc
 1000 0566 38       		.byte	0x38
 1001 0567 5A040000 		.4byte	0x45a
 1002 056b 08       		.byte	0x8
 1003 056c 00       		.byte	0
 1004 056d 03       		.uleb128 0x3
 1005 056e 2F000000 		.4byte	.LASF73
 1006 0572 0C       		.byte	0xc
 1007 0573 3A       		.byte	0x3a
 1008 0574 40050000 		.4byte	0x540
 1009 0578 10       		.uleb128 0x10
 1010 0579 04       		.byte	0x4
 1011 057a 07       		.byte	0x7
 1012 057b 96       		.byte	0x96
 1013 057c AD050000 		.4byte	0x5ad
 1014 0580 11       		.uleb128 0x11
 1015 0581 15000000 		.4byte	.LASF74
 1016 0585 07       		.byte	0x7
 1017 0586 9D       		.byte	0x9d
 1018 0587 0C010000 		.4byte	0x10c
 1019 058b 11       		.uleb128 0x11
 1020 058c 11010000 		.4byte	.LASF75
 1021 0590 07       		.byte	0x7
 1022 0591 A4       		.byte	0xa4
ARM GAS  /var/folders/zv/18v39shs5gqc3xhz55t6cxb00000gn/T//cchKUfj3.s 			page 19


 1023 0592 0C010000 		.4byte	0x10c
 1024 0596 11       		.uleb128 0x11
 1025 0597 E3040000 		.4byte	.LASF76
 1026 059b 07       		.byte	0x7
 1027 059c AB       		.byte	0xab
 1028 059d 92020000 		.4byte	0x292
 1029 05a1 11       		.uleb128 0x11
 1030 05a2 CC020000 		.4byte	.LASF77
 1031 05a6 07       		.byte	0x7
 1032 05a7 B2       		.byte	0xb2
 1033 05a8 17010000 		.4byte	0x117
 1034 05ac 00       		.byte	0
 1035 05ad 09       		.uleb128 0x9
 1036 05ae 04       		.byte	0x4
 1037 05af B3050000 		.4byte	0x5b3
 1038 05b3 14       		.uleb128 0x14
 1039 05b4 B8050000 		.4byte	0x5b8
 1040 05b8 04       		.uleb128 0x4
 1041 05b9 01       		.byte	0x1
 1042 05ba 08       		.byte	0x8
 1043 05bb 1B030000 		.4byte	.LASF78
 1044 05bf 09       		.uleb128 0x9
 1045 05c0 04       		.byte	0x4
 1046 05c1 4F040000 		.4byte	0x44f
 1047 05c5 03       		.uleb128 0x3
 1048 05c6 00000000 		.4byte	.LASF79
 1049 05ca 07       		.byte	0x7
 1050 05cb E5       		.byte	0xe5
 1051 05cc D0050000 		.4byte	0x5d0
 1052 05d0 09       		.uleb128 0x9
 1053 05d1 04       		.byte	0x4
 1054 05d2 D6050000 		.4byte	0x5d6
 1055 05d6 0E       		.uleb128 0xe
 1056 05d7 0C010000 		.4byte	0x10c
 1057 05db E5050000 		.4byte	0x5e5
 1058 05df 0F       		.uleb128 0xf
 1059 05e0 92020000 		.4byte	0x292
 1060 05e4 00       		.byte	0
 1061 05e5 15       		.uleb128 0x15
 1062 05e6 AB010000 		.4byte	.LASF81
 1063 05ea 01       		.byte	0x1
 1064 05eb 34       		.byte	0x34
 1065 05ec 56020000 		.4byte	0x256
 1066 05f0 00000000 		.4byte	.LFB7
 1067 05f4 14000000 		.4byte	.LFE7-.LFB7
 1068 05f8 01       		.uleb128 0x1
 1069 05f9 9C       		.byte	0x9c
 1070 05fa 3D060000 		.4byte	0x63d
 1071 05fe 16       		.uleb128 0x16
 1072 05ff 747000   		.ascii	"tp\000"
 1073 0602 01       		.byte	0x1
 1074 0603 34       		.byte	0x34
 1075 0604 56020000 		.4byte	0x256
 1076 0608 01       		.uleb128 0x1
 1077 0609 50       		.byte	0x50
 1078 060a 17       		.uleb128 0x17
 1079 060b 00000000 		.4byte	.LBB2
ARM GAS  /var/folders/zv/18v39shs5gqc3xhz55t6cxb00000gn/T//cchKUfj3.s 			page 20


 1080 060f 06000000 		.4byte	.LBE2-.LBB2
 1081 0613 25060000 		.4byte	0x625
 1082 0617 18       		.uleb128 0x18
 1083 0618 746D7000 		.ascii	"tmp\000"
 1084 061c 01       		.byte	0x1
 1085 061d 36       		.byte	0x36
 1086 061e B8000000 		.4byte	0xb8
 1087 0622 01       		.uleb128 0x1
 1088 0623 53       		.byte	0x53
 1089 0624 00       		.byte	0
 1090 0625 19       		.uleb128 0x19
 1091 0626 0C000000 		.4byte	.LBB3
 1092 062a 06000000 		.4byte	.LBE3-.LBB3
 1093 062e 18       		.uleb128 0x18
 1094 062f 746D7000 		.ascii	"tmp\000"
 1095 0633 01       		.byte	0x1
 1096 0634 39       		.byte	0x39
 1097 0635 B8000000 		.4byte	0xb8
 1098 0639 01       		.uleb128 0x1
 1099 063a 53       		.byte	0x53
 1100 063b 00       		.byte	0
 1101 063c 00       		.byte	0
 1102 063d 1A       		.uleb128 0x1a
 1103 063e E2020000 		.4byte	.LASF96
 1104 0642 01       		.byte	0x1
 1105 0643 4A       		.byte	0x4a
 1106 0644 00000000 		.4byte	.LFB8
 1107 0648 4E000000 		.4byte	.LFE8-.LFB8
 1108 064c 01       		.uleb128 0x1
 1109 064d 9C       		.byte	0x9c
 1110 064e C4060000 		.4byte	0x6c4
 1111 0652 1B       		.uleb128 0x1b
 1112 0653 747000   		.ascii	"tp\000"
 1113 0656 01       		.byte	0x1
 1114 0657 4A       		.byte	0x4a
 1115 0658 56020000 		.4byte	0x256
 1116 065c 00000000 		.4byte	.LLST0
 1117 0660 1C       		.uleb128 0x1c
 1118 0661 5F020000 		.4byte	.LASF80
 1119 0665 01       		.byte	0x1
 1120 0666 4B       		.byte	0x4b
 1121 0667 EB000000 		.4byte	0xeb
 1122 066b 45000000 		.4byte	.LLST1
 1123 066f 17       		.uleb128 0x17
 1124 0670 02000000 		.4byte	.LBB4
 1125 0674 06000000 		.4byte	.LBE4-.LBB4
 1126 0678 8A060000 		.4byte	0x68a
 1127 067c 18       		.uleb128 0x18
 1128 067d 746D7000 		.ascii	"tmp\000"
 1129 0681 01       		.byte	0x1
 1130 0682 4D       		.byte	0x4d
 1131 0683 B8000000 		.4byte	0xb8
 1132 0687 01       		.uleb128 0x1
 1133 0688 53       		.byte	0x53
 1134 0689 00       		.byte	0
 1135 068a 17       		.uleb128 0x17
 1136 068b 10000000 		.4byte	.LBB5
ARM GAS  /var/folders/zv/18v39shs5gqc3xhz55t6cxb00000gn/T//cchKUfj3.s 			page 21


 1137 068f 06000000 		.4byte	.LBE5-.LBB5
 1138 0693 A5060000 		.4byte	0x6a5
 1139 0697 18       		.uleb128 0x18
 1140 0698 746D7000 		.ascii	"tmp\000"
 1141 069c 01       		.byte	0x1
 1142 069d 50       		.byte	0x50
 1143 069e B8000000 		.4byte	0xb8
 1144 06a2 01       		.uleb128 0x1
 1145 06a3 53       		.byte	0x53
 1146 06a4 00       		.byte	0
 1147 06a5 1D       		.uleb128 0x1d
 1148 06a6 3E000000 		.4byte	.LVL4
 1149 06aa C9080000 		.4byte	0x8c9
 1150 06ae BA060000 		.4byte	0x6ba
 1151 06b2 1E       		.uleb128 0x1e
 1152 06b3 01       		.uleb128 0x1
 1153 06b4 50       		.byte	0x50
 1154 06b5 03       		.uleb128 0x3
 1155 06b6 F3       		.byte	0xf3
 1156 06b7 01       		.uleb128 0x1
 1157 06b8 50       		.byte	0x50
 1158 06b9 00       		.byte	0
 1159 06ba 1F       		.uleb128 0x1f
 1160 06bb 4E000000 		.4byte	.LVL7
 1161 06bf DA080000 		.4byte	0x8da
 1162 06c3 00       		.byte	0
 1163 06c4 15       		.uleb128 0x15
 1164 06c5 D2000000 		.4byte	.LASF82
 1165 06c9 01       		.byte	0x1
 1166 06ca 82       		.byte	0x82
 1167 06cb 56020000 		.4byte	0x256
 1168 06cf 00000000 		.4byte	.LFB9
 1169 06d3 3C000000 		.4byte	.LFE9-.LFB9
 1170 06d7 01       		.uleb128 0x1
 1171 06d8 9C       		.byte	0x9c
 1172 06d9 D2070000 		.4byte	0x7d2
 1173 06dd 20       		.uleb128 0x20
 1174 06de 65000000 		.4byte	.LASF83
 1175 06e2 01       		.byte	0x1
 1176 06e3 82       		.byte	0x82
 1177 06e4 FC040000 		.4byte	0x4fc
 1178 06e8 87000000 		.4byte	.LLST2
 1179 06ec 20       		.uleb128 0x20
 1180 06ed 67010000 		.4byte	.LASF67
 1181 06f1 01       		.byte	0x1
 1182 06f2 82       		.byte	0x82
 1183 06f3 2C000000 		.4byte	0x2c
 1184 06f7 A8000000 		.4byte	.LLST3
 1185 06fb 20       		.uleb128 0x20
 1186 06fc 34020000 		.4byte	.LASF84
 1187 0700 01       		.byte	0x1
 1188 0701 83       		.byte	0x83
 1189 0702 01010000 		.4byte	0x101
 1190 0706 C6000000 		.4byte	.LLST4
 1191 070a 1B       		.uleb128 0x1b
 1192 070b 706600   		.ascii	"pf\000"
 1193 070e 01       		.byte	0x1
ARM GAS  /var/folders/zv/18v39shs5gqc3xhz55t6cxb00000gn/T//cchKUfj3.s 			page 22


 1194 070f 83       		.byte	0x83
 1195 0710 C5050000 		.4byte	0x5c5
 1196 0714 E4000000 		.4byte	.LLST5
 1197 0718 16       		.uleb128 0x16
 1198 0719 61726700 		.ascii	"arg\000"
 1199 071d 01       		.byte	0x1
 1200 071e 83       		.byte	0x83
 1201 071f 92020000 		.4byte	0x292
 1202 0723 02       		.uleb128 0x2
 1203 0724 91       		.byte	0x91
 1204 0725 00       		.sleb128 0
 1205 0726 21       		.uleb128 0x21
 1206 0727 77737000 		.ascii	"wsp\000"
 1207 072b 01       		.byte	0x1
 1208 072c 84       		.byte	0x84
 1209 072d 92020000 		.4byte	0x292
 1210 0731 02010000 		.4byte	.LLST6
 1211 0735 21       		.uleb128 0x21
 1212 0736 747000   		.ascii	"tp\000"
 1213 0739 01       		.byte	0x1
 1214 073a 85       		.byte	0x85
 1215 073b 56020000 		.4byte	0x256
 1216 073f 15010000 		.4byte	.LLST7
 1217 0743 17       		.uleb128 0x17
 1218 0744 10000000 		.4byte	.LBB6
 1219 0748 06000000 		.4byte	.LBE6-.LBB6
 1220 074c 5E070000 		.4byte	0x75e
 1221 0750 18       		.uleb128 0x18
 1222 0751 746D7000 		.ascii	"tmp\000"
 1223 0755 01       		.byte	0x1
 1224 0756 94       		.byte	0x94
 1225 0757 B8000000 		.4byte	0xb8
 1226 075b 01       		.uleb128 0x1
 1227 075c 53       		.byte	0x53
 1228 075d 00       		.byte	0
 1229 075e 17       		.uleb128 0x17
 1230 075f 30000000 		.4byte	.LBB7
 1231 0763 06000000 		.4byte	.LBE7-.LBB7
 1232 0767 79070000 		.4byte	0x779
 1233 076b 18       		.uleb128 0x18
 1234 076c 746D7000 		.ascii	"tmp\000"
 1235 0770 01       		.byte	0x1
 1236 0771 98       		.byte	0x98
 1237 0772 B8000000 		.4byte	0xb8
 1238 0776 01       		.uleb128 0x1
 1239 0777 53       		.byte	0x53
 1240 0778 00       		.byte	0
 1241 0779 22       		.uleb128 0x22
 1242 077a 0E000000 		.4byte	.LVL9
 1243 077e F0080000 		.4byte	0x8f0
 1244 0782 94070000 		.4byte	0x794
 1245 0786 1E       		.uleb128 0x1e
 1246 0787 01       		.uleb128 0x1
 1247 0788 51       		.byte	0x51
 1248 0789 02       		.uleb128 0x2
 1249 078a 77       		.byte	0x77
 1250 078b 00       		.sleb128 0
ARM GAS  /var/folders/zv/18v39shs5gqc3xhz55t6cxb00000gn/T//cchKUfj3.s 			page 23


 1251 078c 1E       		.uleb128 0x1e
 1252 078d 01       		.uleb128 0x1
 1253 078e 50       		.byte	0x50
 1254 078f 03       		.uleb128 0x3
 1255 0790 F3       		.byte	0xf3
 1256 0791 01       		.uleb128 0x1
 1257 0792 50       		.byte	0x50
 1258 0793 00       		.byte	0
 1259 0794 22       		.uleb128 0x22
 1260 0795 24000000 		.4byte	.LVL10
 1261 0799 0A090000 		.4byte	0x90a
 1262 079d BC070000 		.4byte	0x7bc
 1263 07a1 1E       		.uleb128 0x1e
 1264 07a2 01       		.uleb128 0x1
 1265 07a3 53       		.byte	0x53
 1266 07a4 02       		.uleb128 0x2
 1267 07a5 75       		.byte	0x75
 1268 07a6 00       		.sleb128 0
 1269 07a7 1E       		.uleb128 0x1e
 1270 07a8 01       		.uleb128 0x1
 1271 07a9 52       		.byte	0x52
 1272 07aa 02       		.uleb128 0x2
 1273 07ab 76       		.byte	0x76
 1274 07ac 00       		.sleb128 0
 1275 07ad 1E       		.uleb128 0x1e
 1276 07ae 01       		.uleb128 0x1
 1277 07af 51       		.byte	0x51
 1278 07b0 02       		.uleb128 0x2
 1279 07b1 77       		.byte	0x77
 1280 07b2 00       		.sleb128 0
 1281 07b3 1E       		.uleb128 0x1e
 1282 07b4 02       		.uleb128 0x2
 1283 07b5 7D       		.byte	0x7d
 1284 07b6 00       		.sleb128 0
 1285 07b7 03       		.uleb128 0x3
 1286 07b8 91       		.byte	0x91
 1287 07b9 00       		.sleb128 0
 1288 07ba 06       		.byte	0x6
 1289 07bb 00       		.byte	0
 1290 07bc 23       		.uleb128 0x23
 1291 07bd 30000000 		.4byte	.LVL12
 1292 07c1 34090000 		.4byte	0x934
 1293 07c5 1E       		.uleb128 0x1e
 1294 07c6 01       		.uleb128 0x1
 1295 07c7 51       		.byte	0x51
 1296 07c8 01       		.uleb128 0x1
 1297 07c9 30       		.byte	0x30
 1298 07ca 1E       		.uleb128 0x1e
 1299 07cb 01       		.uleb128 0x1
 1300 07cc 50       		.byte	0x50
 1301 07cd 02       		.uleb128 0x2
 1302 07ce 74       		.byte	0x74
 1303 07cf 00       		.sleb128 0
 1304 07d0 00       		.byte	0
 1305 07d1 00       		.byte	0
 1306 07d2 15       		.uleb128 0x15
 1307 07d3 F7000000 		.4byte	.LASF85
ARM GAS  /var/folders/zv/18v39shs5gqc3xhz55t6cxb00000gn/T//cchKUfj3.s 			page 24


 1308 07d7 01       		.byte	0x1
 1309 07d8 B3       		.byte	0xb3
 1310 07d9 56020000 		.4byte	0x256
 1311 07dd 00000000 		.4byte	.LFB10
 1312 07e1 44000000 		.4byte	.LFE10-.LFB10
 1313 07e5 01       		.uleb128 0x1
 1314 07e6 9C       		.byte	0x9c
 1315 07e7 C3080000 		.4byte	0x8c3
 1316 07eb 1B       		.uleb128 0x1b
 1317 07ec 6D7000   		.ascii	"mp\000"
 1318 07ef 01       		.byte	0x1
 1319 07f0 B3       		.byte	0xb3
 1320 07f1 C3080000 		.4byte	0x8c3
 1321 07f5 33010000 		.4byte	.LLST8
 1322 07f9 20       		.uleb128 0x20
 1323 07fa 34020000 		.4byte	.LASF84
 1324 07fe 01       		.byte	0x1
 1325 07ff B3       		.byte	0xb3
 1326 0800 01010000 		.4byte	0x101
 1327 0804 51010000 		.4byte	.LLST9
 1328 0808 1B       		.uleb128 0x1b
 1329 0809 706600   		.ascii	"pf\000"
 1330 080c 01       		.byte	0x1
 1331 080d B4       		.byte	0xb4
 1332 080e C5050000 		.4byte	0x5c5
 1333 0812 6F010000 		.4byte	.LLST10
 1334 0816 1B       		.uleb128 0x1b
 1335 0817 61726700 		.ascii	"arg\000"
 1336 081b 01       		.byte	0x1
 1337 081c B4       		.byte	0xb4
 1338 081d 92020000 		.4byte	0x292
 1339 0821 8D010000 		.4byte	.LLST11
 1340 0825 21       		.uleb128 0x21
 1341 0826 77737000 		.ascii	"wsp\000"
 1342 082a 01       		.byte	0x1
 1343 082b B5       		.byte	0xb5
 1344 082c 92020000 		.4byte	0x292
 1345 0830 AB010000 		.4byte	.LLST12
 1346 0834 21       		.uleb128 0x21
 1347 0835 747000   		.ascii	"tp\000"
 1348 0838 01       		.byte	0x1
 1349 0839 B6       		.byte	0xb6
 1350 083a 56020000 		.4byte	0x256
 1351 083e BE010000 		.4byte	.LLST13
 1352 0842 17       		.uleb128 0x17
 1353 0843 14000000 		.4byte	.LBB8
 1354 0847 06000000 		.4byte	.LBE8-.LBB8
 1355 084b 5D080000 		.4byte	0x85d
 1356 084f 18       		.uleb128 0x18
 1357 0850 746D7000 		.ascii	"tmp\000"
 1358 0854 01       		.byte	0x1
 1359 0855 C7       		.byte	0xc7
 1360 0856 B8000000 		.4byte	0xb8
 1361 085a 01       		.uleb128 0x1
 1362 085b 53       		.byte	0x53
 1363 085c 00       		.byte	0
 1364 085d 17       		.uleb128 0x17
ARM GAS  /var/folders/zv/18v39shs5gqc3xhz55t6cxb00000gn/T//cchKUfj3.s 			page 25


 1365 085e 36000000 		.4byte	.LBB9
 1366 0862 06000000 		.4byte	.LBE9-.LBB9
 1367 0866 78080000 		.4byte	0x878
 1368 086a 18       		.uleb128 0x18
 1369 086b 746D7000 		.ascii	"tmp\000"
 1370 086f 01       		.byte	0x1
 1371 0870 CC       		.byte	0xcc
 1372 0871 B8000000 		.4byte	0xb8
 1373 0875 01       		.uleb128 0x1
 1374 0876 53       		.byte	0x53
 1375 0877 00       		.byte	0
 1376 0878 22       		.uleb128 0x22
 1377 0879 12000000 		.4byte	.LVL15
 1378 087d 4A090000 		.4byte	0x94a
 1379 0881 8C080000 		.4byte	0x88c
 1380 0885 1E       		.uleb128 0x1e
 1381 0886 01       		.uleb128 0x1
 1382 0887 50       		.byte	0x50
 1383 0888 02       		.uleb128 0x2
 1384 0889 75       		.byte	0x75
 1385 088a 00       		.sleb128 0
 1386 088b 00       		.byte	0
 1387 088c 22       		.uleb128 0x22
 1388 088d 28000000 		.4byte	.LVL16
 1389 0891 0A090000 		.4byte	0x90a
 1390 0895 AD080000 		.4byte	0x8ad
 1391 0899 1E       		.uleb128 0x1e
 1392 089a 01       		.uleb128 0x1
 1393 089b 53       		.byte	0x53
 1394 089c 02       		.uleb128 0x2
 1395 089d 76       		.byte	0x76
 1396 089e 00       		.sleb128 0
 1397 089f 1E       		.uleb128 0x1e
 1398 08a0 01       		.uleb128 0x1
 1399 08a1 52       		.byte	0x52
 1400 08a2 02       		.uleb128 0x2
 1401 08a3 77       		.byte	0x77
 1402 08a4 00       		.sleb128 0
 1403 08a5 1E       		.uleb128 0x1e
 1404 08a6 02       		.uleb128 0x2
 1405 08a7 7D       		.byte	0x7d
 1406 08a8 00       		.sleb128 0
 1407 08a9 02       		.uleb128 0x2
 1408 08aa 78       		.byte	0x78
 1409 08ab 00       		.sleb128 0
 1410 08ac 00       		.byte	0
 1411 08ad 23       		.uleb128 0x23
 1412 08ae 36000000 		.4byte	.LVL18
 1413 08b2 34090000 		.4byte	0x934
 1414 08b6 1E       		.uleb128 0x1e
 1415 08b7 01       		.uleb128 0x1
 1416 08b8 51       		.byte	0x51
 1417 08b9 01       		.uleb128 0x1
 1418 08ba 30       		.byte	0x30
 1419 08bb 1E       		.uleb128 0x1e
 1420 08bc 01       		.uleb128 0x1
 1421 08bd 50       		.byte	0x50
ARM GAS  /var/folders/zv/18v39shs5gqc3xhz55t6cxb00000gn/T//cchKUfj3.s 			page 26


 1422 08be 02       		.uleb128 0x2
 1423 08bf 74       		.byte	0x74
 1424 08c0 00       		.sleb128 0
 1425 08c1 00       		.byte	0
 1426 08c2 00       		.byte	0
 1427 08c3 09       		.uleb128 0x9
 1428 08c4 04       		.byte	0x4
 1429 08c5 6D050000 		.4byte	0x56d
 1430 08c9 24       		.uleb128 0x24
 1431 08ca A7000000 		.4byte	.LASF86
 1432 08ce 0B       		.byte	0xb
 1433 08cf 5A       		.byte	0x5a
 1434 08d0 DA080000 		.4byte	0x8da
 1435 08d4 0F       		.uleb128 0xf
 1436 08d5 92020000 		.4byte	0x292
 1437 08d9 00       		.byte	0
 1438 08da 24       		.uleb128 0x24
 1439 08db D8040000 		.4byte	.LASF87
 1440 08df 0C       		.byte	0xc
 1441 08e0 84       		.byte	0x84
 1442 08e1 F0080000 		.4byte	0x8f0
 1443 08e5 0F       		.uleb128 0xf
 1444 08e6 C3080000 		.4byte	0x8c3
 1445 08ea 0F       		.uleb128 0xf
 1446 08eb 92020000 		.4byte	0x292
 1447 08ef 00       		.byte	0
 1448 08f0 25       		.uleb128 0x25
 1449 08f1 F6020000 		.4byte	.LASF88
 1450 08f5 0B       		.byte	0xb
 1451 08f6 59       		.byte	0x59
 1452 08f7 92020000 		.4byte	0x292
 1453 08fb 0A090000 		.4byte	0x90a
 1454 08ff 0F       		.uleb128 0xf
 1455 0900 FC040000 		.4byte	0x4fc
 1456 0904 0F       		.uleb128 0xf
 1457 0905 2C000000 		.4byte	0x2c
 1458 0909 00       		.byte	0
 1459 090a 26       		.uleb128 0x26
 1460 090b BC000000 		.4byte	.LASF89
 1461 090f 07       		.byte	0x7
 1462 0910 6E01     		.2byte	0x16e
 1463 0912 56020000 		.4byte	0x256
 1464 0916 34090000 		.4byte	0x934
 1465 091a 0F       		.uleb128 0xf
 1466 091b 92020000 		.4byte	0x292
 1467 091f 0F       		.uleb128 0xf
 1468 0920 2C000000 		.4byte	0x2c
 1469 0924 0F       		.uleb128 0xf
 1470 0925 01010000 		.4byte	0x101
 1471 0929 0F       		.uleb128 0xf
 1472 092a C5050000 		.4byte	0x5c5
 1473 092e 0F       		.uleb128 0xf
 1474 092f 92020000 		.4byte	0x292
 1475 0933 00       		.byte	0
 1476 0934 24       		.uleb128 0x24
 1477 0935 80040000 		.4byte	.LASF90
 1478 0939 0D       		.byte	0xd
ARM GAS  /var/folders/zv/18v39shs5gqc3xhz55t6cxb00000gn/T//cchKUfj3.s 			page 27


 1479 093a 99       		.byte	0x99
 1480 093b 4A090000 		.4byte	0x94a
 1481 093f 0F       		.uleb128 0xf
 1482 0940 56020000 		.4byte	0x256
 1483 0944 0F       		.uleb128 0xf
 1484 0945 0C010000 		.4byte	0x10c
 1485 0949 00       		.byte	0
 1486 094a 27       		.uleb128 0x27
 1487 094b CC040000 		.4byte	.LASF91
 1488 094f 0C       		.byte	0xc
 1489 0950 82       		.byte	0x82
 1490 0951 92020000 		.4byte	0x292
 1491 0955 0F       		.uleb128 0xf
 1492 0956 C3080000 		.4byte	0x8c3
 1493 095a 00       		.byte	0
 1494 095b 00       		.byte	0
 1495              		.section	.debug_abbrev,"",%progbits
 1496              	.Ldebug_abbrev0:
 1497 0000 01       		.uleb128 0x1
 1498 0001 11       		.uleb128 0x11
 1499 0002 01       		.byte	0x1
 1500 0003 25       		.uleb128 0x25
 1501 0004 0E       		.uleb128 0xe
 1502 0005 13       		.uleb128 0x13
 1503 0006 0B       		.uleb128 0xb
 1504 0007 03       		.uleb128 0x3
 1505 0008 0E       		.uleb128 0xe
 1506 0009 1B       		.uleb128 0x1b
 1507 000a 0E       		.uleb128 0xe
 1508 000b 55       		.uleb128 0x55
 1509 000c 17       		.uleb128 0x17
 1510 000d 11       		.uleb128 0x11
 1511 000e 01       		.uleb128 0x1
 1512 000f 10       		.uleb128 0x10
 1513 0010 17       		.uleb128 0x17
 1514 0011 00       		.byte	0
 1515 0012 00       		.byte	0
 1516 0013 02       		.uleb128 0x2
 1517 0014 24       		.uleb128 0x24
 1518 0015 00       		.byte	0
 1519 0016 0B       		.uleb128 0xb
 1520 0017 0B       		.uleb128 0xb
 1521 0018 3E       		.uleb128 0x3e
 1522 0019 0B       		.uleb128 0xb
 1523 001a 03       		.uleb128 0x3
 1524 001b 08       		.uleb128 0x8
 1525 001c 00       		.byte	0
 1526 001d 00       		.byte	0
 1527 001e 03       		.uleb128 0x3
 1528 001f 16       		.uleb128 0x16
 1529 0020 00       		.byte	0
 1530 0021 03       		.uleb128 0x3
 1531 0022 0E       		.uleb128 0xe
 1532 0023 3A       		.uleb128 0x3a
 1533 0024 0B       		.uleb128 0xb
 1534 0025 3B       		.uleb128 0x3b
 1535 0026 0B       		.uleb128 0xb
ARM GAS  /var/folders/zv/18v39shs5gqc3xhz55t6cxb00000gn/T//cchKUfj3.s 			page 28


 1536 0027 49       		.uleb128 0x49
 1537 0028 13       		.uleb128 0x13
 1538 0029 00       		.byte	0
 1539 002a 00       		.byte	0
 1540 002b 04       		.uleb128 0x4
 1541 002c 24       		.uleb128 0x24
 1542 002d 00       		.byte	0
 1543 002e 0B       		.uleb128 0xb
 1544 002f 0B       		.uleb128 0xb
 1545 0030 3E       		.uleb128 0x3e
 1546 0031 0B       		.uleb128 0xb
 1547 0032 03       		.uleb128 0x3
 1548 0033 0E       		.uleb128 0xe
 1549 0034 00       		.byte	0
 1550 0035 00       		.byte	0
 1551 0036 05       		.uleb128 0x5
 1552 0037 13       		.uleb128 0x13
 1553 0038 01       		.byte	0x1
 1554 0039 03       		.uleb128 0x3
 1555 003a 0E       		.uleb128 0xe
 1556 003b 0B       		.uleb128 0xb
 1557 003c 0B       		.uleb128 0xb
 1558 003d 3A       		.uleb128 0x3a
 1559 003e 0B       		.uleb128 0xb
 1560 003f 3B       		.uleb128 0x3b
 1561 0040 0B       		.uleb128 0xb
 1562 0041 01       		.uleb128 0x1
 1563 0042 13       		.uleb128 0x13
 1564 0043 00       		.byte	0
 1565 0044 00       		.byte	0
 1566 0045 06       		.uleb128 0x6
 1567 0046 0D       		.uleb128 0xd
 1568 0047 00       		.byte	0
 1569 0048 03       		.uleb128 0x3
 1570 0049 0E       		.uleb128 0xe
 1571 004a 3A       		.uleb128 0x3a
 1572 004b 0B       		.uleb128 0xb
 1573 004c 3B       		.uleb128 0x3b
 1574 004d 0B       		.uleb128 0xb
 1575 004e 49       		.uleb128 0x49
 1576 004f 13       		.uleb128 0x13
 1577 0050 38       		.uleb128 0x38
 1578 0051 0B       		.uleb128 0xb
 1579 0052 00       		.byte	0
 1580 0053 00       		.byte	0
 1581 0054 07       		.uleb128 0x7
 1582 0055 0D       		.uleb128 0xd
 1583 0056 00       		.byte	0
 1584 0057 03       		.uleb128 0x3
 1585 0058 08       		.uleb128 0x8
 1586 0059 3A       		.uleb128 0x3a
 1587 005a 0B       		.uleb128 0xb
 1588 005b 3B       		.uleb128 0x3b
 1589 005c 0B       		.uleb128 0xb
 1590 005d 49       		.uleb128 0x49
 1591 005e 13       		.uleb128 0x13
 1592 005f 38       		.uleb128 0x38
ARM GAS  /var/folders/zv/18v39shs5gqc3xhz55t6cxb00000gn/T//cchKUfj3.s 			page 29


 1593 0060 0B       		.uleb128 0xb
 1594 0061 00       		.byte	0
 1595 0062 00       		.byte	0
 1596 0063 08       		.uleb128 0x8
 1597 0064 13       		.uleb128 0x13
 1598 0065 01       		.byte	0x1
 1599 0066 0B       		.uleb128 0xb
 1600 0067 0B       		.uleb128 0xb
 1601 0068 3A       		.uleb128 0x3a
 1602 0069 0B       		.uleb128 0xb
 1603 006a 3B       		.uleb128 0x3b
 1604 006b 0B       		.uleb128 0xb
 1605 006c 01       		.uleb128 0x1
 1606 006d 13       		.uleb128 0x13
 1607 006e 00       		.byte	0
 1608 006f 00       		.byte	0
 1609 0070 09       		.uleb128 0x9
 1610 0071 0F       		.uleb128 0xf
 1611 0072 00       		.byte	0
 1612 0073 0B       		.uleb128 0xb
 1613 0074 0B       		.uleb128 0xb
 1614 0075 49       		.uleb128 0x49
 1615 0076 13       		.uleb128 0x13
 1616 0077 00       		.byte	0
 1617 0078 00       		.byte	0
 1618 0079 0A       		.uleb128 0xa
 1619 007a 0F       		.uleb128 0xf
 1620 007b 00       		.byte	0
 1621 007c 0B       		.uleb128 0xb
 1622 007d 0B       		.uleb128 0xb
 1623 007e 00       		.byte	0
 1624 007f 00       		.byte	0
 1625 0080 0B       		.uleb128 0xb
 1626 0081 13       		.uleb128 0x13
 1627 0082 01       		.byte	0x1
 1628 0083 03       		.uleb128 0x3
 1629 0084 0E       		.uleb128 0xe
 1630 0085 0B       		.uleb128 0xb
 1631 0086 0B       		.uleb128 0xb
 1632 0087 3A       		.uleb128 0x3a
 1633 0088 0B       		.uleb128 0xb
 1634 0089 3B       		.uleb128 0x3b
 1635 008a 05       		.uleb128 0x5
 1636 008b 01       		.uleb128 0x1
 1637 008c 13       		.uleb128 0x13
 1638 008d 00       		.byte	0
 1639 008e 00       		.byte	0
 1640 008f 0C       		.uleb128 0xc
 1641 0090 0D       		.uleb128 0xd
 1642 0091 00       		.byte	0
 1643 0092 03       		.uleb128 0x3
 1644 0093 08       		.uleb128 0x8
 1645 0094 3A       		.uleb128 0x3a
 1646 0095 0B       		.uleb128 0xb
 1647 0096 3B       		.uleb128 0x3b
 1648 0097 05       		.uleb128 0x5
 1649 0098 49       		.uleb128 0x49
ARM GAS  /var/folders/zv/18v39shs5gqc3xhz55t6cxb00000gn/T//cchKUfj3.s 			page 30


 1650 0099 13       		.uleb128 0x13
 1651 009a 38       		.uleb128 0x38
 1652 009b 0B       		.uleb128 0xb
 1653 009c 00       		.byte	0
 1654 009d 00       		.byte	0
 1655 009e 0D       		.uleb128 0xd
 1656 009f 35       		.uleb128 0x35
 1657 00a0 00       		.byte	0
 1658 00a1 49       		.uleb128 0x49
 1659 00a2 13       		.uleb128 0x13
 1660 00a3 00       		.byte	0
 1661 00a4 00       		.byte	0
 1662 00a5 0E       		.uleb128 0xe
 1663 00a6 15       		.uleb128 0x15
 1664 00a7 01       		.byte	0x1
 1665 00a8 27       		.uleb128 0x27
 1666 00a9 19       		.uleb128 0x19
 1667 00aa 49       		.uleb128 0x49
 1668 00ab 13       		.uleb128 0x13
 1669 00ac 01       		.uleb128 0x1
 1670 00ad 13       		.uleb128 0x13
 1671 00ae 00       		.byte	0
 1672 00af 00       		.byte	0
 1673 00b0 0F       		.uleb128 0xf
 1674 00b1 05       		.uleb128 0x5
 1675 00b2 00       		.byte	0
 1676 00b3 49       		.uleb128 0x49
 1677 00b4 13       		.uleb128 0x13
 1678 00b5 00       		.byte	0
 1679 00b6 00       		.byte	0
 1680 00b7 10       		.uleb128 0x10
 1681 00b8 17       		.uleb128 0x17
 1682 00b9 01       		.byte	0x1
 1683 00ba 0B       		.uleb128 0xb
 1684 00bb 0B       		.uleb128 0xb
 1685 00bc 3A       		.uleb128 0x3a
 1686 00bd 0B       		.uleb128 0xb
 1687 00be 3B       		.uleb128 0x3b
 1688 00bf 0B       		.uleb128 0xb
 1689 00c0 01       		.uleb128 0x1
 1690 00c1 13       		.uleb128 0x13
 1691 00c2 00       		.byte	0
 1692 00c3 00       		.byte	0
 1693 00c4 11       		.uleb128 0x11
 1694 00c5 0D       		.uleb128 0xd
 1695 00c6 00       		.byte	0
 1696 00c7 03       		.uleb128 0x3
 1697 00c8 0E       		.uleb128 0xe
 1698 00c9 3A       		.uleb128 0x3a
 1699 00ca 0B       		.uleb128 0xb
 1700 00cb 3B       		.uleb128 0x3b
 1701 00cc 0B       		.uleb128 0xb
 1702 00cd 49       		.uleb128 0x49
 1703 00ce 13       		.uleb128 0x13
 1704 00cf 00       		.byte	0
 1705 00d0 00       		.byte	0
 1706 00d1 12       		.uleb128 0x12
ARM GAS  /var/folders/zv/18v39shs5gqc3xhz55t6cxb00000gn/T//cchKUfj3.s 			page 31


 1707 00d2 17       		.uleb128 0x17
 1708 00d3 01       		.byte	0x1
 1709 00d4 03       		.uleb128 0x3
 1710 00d5 0E       		.uleb128 0xe
 1711 00d6 0B       		.uleb128 0xb
 1712 00d7 0B       		.uleb128 0xb
 1713 00d8 3A       		.uleb128 0x3a
 1714 00d9 0B       		.uleb128 0xb
 1715 00da 3B       		.uleb128 0x3b
 1716 00db 0B       		.uleb128 0xb
 1717 00dc 01       		.uleb128 0x1
 1718 00dd 13       		.uleb128 0x13
 1719 00de 00       		.byte	0
 1720 00df 00       		.byte	0
 1721 00e0 13       		.uleb128 0x13
 1722 00e1 0D       		.uleb128 0xd
 1723 00e2 00       		.byte	0
 1724 00e3 03       		.uleb128 0x3
 1725 00e4 08       		.uleb128 0x8
 1726 00e5 3A       		.uleb128 0x3a
 1727 00e6 0B       		.uleb128 0xb
 1728 00e7 3B       		.uleb128 0x3b
 1729 00e8 0B       		.uleb128 0xb
 1730 00e9 49       		.uleb128 0x49
 1731 00ea 13       		.uleb128 0x13
 1732 00eb 00       		.byte	0
 1733 00ec 00       		.byte	0
 1734 00ed 14       		.uleb128 0x14
 1735 00ee 26       		.uleb128 0x26
 1736 00ef 00       		.byte	0
 1737 00f0 49       		.uleb128 0x49
 1738 00f1 13       		.uleb128 0x13
 1739 00f2 00       		.byte	0
 1740 00f3 00       		.byte	0
 1741 00f4 15       		.uleb128 0x15
 1742 00f5 2E       		.uleb128 0x2e
 1743 00f6 01       		.byte	0x1
 1744 00f7 3F       		.uleb128 0x3f
 1745 00f8 19       		.uleb128 0x19
 1746 00f9 03       		.uleb128 0x3
 1747 00fa 0E       		.uleb128 0xe
 1748 00fb 3A       		.uleb128 0x3a
 1749 00fc 0B       		.uleb128 0xb
 1750 00fd 3B       		.uleb128 0x3b
 1751 00fe 0B       		.uleb128 0xb
 1752 00ff 27       		.uleb128 0x27
 1753 0100 19       		.uleb128 0x19
 1754 0101 49       		.uleb128 0x49
 1755 0102 13       		.uleb128 0x13
 1756 0103 11       		.uleb128 0x11
 1757 0104 01       		.uleb128 0x1
 1758 0105 12       		.uleb128 0x12
 1759 0106 06       		.uleb128 0x6
 1760 0107 40       		.uleb128 0x40
 1761 0108 18       		.uleb128 0x18
 1762 0109 9742     		.uleb128 0x2117
 1763 010b 19       		.uleb128 0x19
ARM GAS  /var/folders/zv/18v39shs5gqc3xhz55t6cxb00000gn/T//cchKUfj3.s 			page 32


 1764 010c 01       		.uleb128 0x1
 1765 010d 13       		.uleb128 0x13
 1766 010e 00       		.byte	0
 1767 010f 00       		.byte	0
 1768 0110 16       		.uleb128 0x16
 1769 0111 05       		.uleb128 0x5
 1770 0112 00       		.byte	0
 1771 0113 03       		.uleb128 0x3
 1772 0114 08       		.uleb128 0x8
 1773 0115 3A       		.uleb128 0x3a
 1774 0116 0B       		.uleb128 0xb
 1775 0117 3B       		.uleb128 0x3b
 1776 0118 0B       		.uleb128 0xb
 1777 0119 49       		.uleb128 0x49
 1778 011a 13       		.uleb128 0x13
 1779 011b 02       		.uleb128 0x2
 1780 011c 18       		.uleb128 0x18
 1781 011d 00       		.byte	0
 1782 011e 00       		.byte	0
 1783 011f 17       		.uleb128 0x17
 1784 0120 0B       		.uleb128 0xb
 1785 0121 01       		.byte	0x1
 1786 0122 11       		.uleb128 0x11
 1787 0123 01       		.uleb128 0x1
 1788 0124 12       		.uleb128 0x12
 1789 0125 06       		.uleb128 0x6
 1790 0126 01       		.uleb128 0x1
 1791 0127 13       		.uleb128 0x13
 1792 0128 00       		.byte	0
 1793 0129 00       		.byte	0
 1794 012a 18       		.uleb128 0x18
 1795 012b 34       		.uleb128 0x34
 1796 012c 00       		.byte	0
 1797 012d 03       		.uleb128 0x3
 1798 012e 08       		.uleb128 0x8
 1799 012f 3A       		.uleb128 0x3a
 1800 0130 0B       		.uleb128 0xb
 1801 0131 3B       		.uleb128 0x3b
 1802 0132 0B       		.uleb128 0xb
 1803 0133 49       		.uleb128 0x49
 1804 0134 13       		.uleb128 0x13
 1805 0135 02       		.uleb128 0x2
 1806 0136 18       		.uleb128 0x18
 1807 0137 00       		.byte	0
 1808 0138 00       		.byte	0
 1809 0139 19       		.uleb128 0x19
 1810 013a 0B       		.uleb128 0xb
 1811 013b 01       		.byte	0x1
 1812 013c 11       		.uleb128 0x11
 1813 013d 01       		.uleb128 0x1
 1814 013e 12       		.uleb128 0x12
 1815 013f 06       		.uleb128 0x6
 1816 0140 00       		.byte	0
 1817 0141 00       		.byte	0
 1818 0142 1A       		.uleb128 0x1a
 1819 0143 2E       		.uleb128 0x2e
 1820 0144 01       		.byte	0x1
ARM GAS  /var/folders/zv/18v39shs5gqc3xhz55t6cxb00000gn/T//cchKUfj3.s 			page 33


 1821 0145 3F       		.uleb128 0x3f
 1822 0146 19       		.uleb128 0x19
 1823 0147 03       		.uleb128 0x3
 1824 0148 0E       		.uleb128 0xe
 1825 0149 3A       		.uleb128 0x3a
 1826 014a 0B       		.uleb128 0xb
 1827 014b 3B       		.uleb128 0x3b
 1828 014c 0B       		.uleb128 0xb
 1829 014d 27       		.uleb128 0x27
 1830 014e 19       		.uleb128 0x19
 1831 014f 11       		.uleb128 0x11
 1832 0150 01       		.uleb128 0x1
 1833 0151 12       		.uleb128 0x12
 1834 0152 06       		.uleb128 0x6
 1835 0153 40       		.uleb128 0x40
 1836 0154 18       		.uleb128 0x18
 1837 0155 9742     		.uleb128 0x2117
 1838 0157 19       		.uleb128 0x19
 1839 0158 01       		.uleb128 0x1
 1840 0159 13       		.uleb128 0x13
 1841 015a 00       		.byte	0
 1842 015b 00       		.byte	0
 1843 015c 1B       		.uleb128 0x1b
 1844 015d 05       		.uleb128 0x5
 1845 015e 00       		.byte	0
 1846 015f 03       		.uleb128 0x3
 1847 0160 08       		.uleb128 0x8
 1848 0161 3A       		.uleb128 0x3a
 1849 0162 0B       		.uleb128 0xb
 1850 0163 3B       		.uleb128 0x3b
 1851 0164 0B       		.uleb128 0xb
 1852 0165 49       		.uleb128 0x49
 1853 0166 13       		.uleb128 0x13
 1854 0167 02       		.uleb128 0x2
 1855 0168 17       		.uleb128 0x17
 1856 0169 00       		.byte	0
 1857 016a 00       		.byte	0
 1858 016b 1C       		.uleb128 0x1c
 1859 016c 34       		.uleb128 0x34
 1860 016d 00       		.byte	0
 1861 016e 03       		.uleb128 0x3
 1862 016f 0E       		.uleb128 0xe
 1863 0170 3A       		.uleb128 0x3a
 1864 0171 0B       		.uleb128 0xb
 1865 0172 3B       		.uleb128 0x3b
 1866 0173 0B       		.uleb128 0xb
 1867 0174 49       		.uleb128 0x49
 1868 0175 13       		.uleb128 0x13
 1869 0176 02       		.uleb128 0x2
 1870 0177 17       		.uleb128 0x17
 1871 0178 00       		.byte	0
 1872 0179 00       		.byte	0
 1873 017a 1D       		.uleb128 0x1d
 1874 017b 898201   		.uleb128 0x4109
 1875 017e 01       		.byte	0x1
 1876 017f 11       		.uleb128 0x11
 1877 0180 01       		.uleb128 0x1
ARM GAS  /var/folders/zv/18v39shs5gqc3xhz55t6cxb00000gn/T//cchKUfj3.s 			page 34


 1878 0181 9542     		.uleb128 0x2115
 1879 0183 19       		.uleb128 0x19
 1880 0184 31       		.uleb128 0x31
 1881 0185 13       		.uleb128 0x13
 1882 0186 01       		.uleb128 0x1
 1883 0187 13       		.uleb128 0x13
 1884 0188 00       		.byte	0
 1885 0189 00       		.byte	0
 1886 018a 1E       		.uleb128 0x1e
 1887 018b 8A8201   		.uleb128 0x410a
 1888 018e 00       		.byte	0
 1889 018f 02       		.uleb128 0x2
 1890 0190 18       		.uleb128 0x18
 1891 0191 9142     		.uleb128 0x2111
 1892 0193 18       		.uleb128 0x18
 1893 0194 00       		.byte	0
 1894 0195 00       		.byte	0
 1895 0196 1F       		.uleb128 0x1f
 1896 0197 898201   		.uleb128 0x4109
 1897 019a 00       		.byte	0
 1898 019b 11       		.uleb128 0x11
 1899 019c 01       		.uleb128 0x1
 1900 019d 9542     		.uleb128 0x2115
 1901 019f 19       		.uleb128 0x19
 1902 01a0 31       		.uleb128 0x31
 1903 01a1 13       		.uleb128 0x13
 1904 01a2 00       		.byte	0
 1905 01a3 00       		.byte	0
 1906 01a4 20       		.uleb128 0x20
 1907 01a5 05       		.uleb128 0x5
 1908 01a6 00       		.byte	0
 1909 01a7 03       		.uleb128 0x3
 1910 01a8 0E       		.uleb128 0xe
 1911 01a9 3A       		.uleb128 0x3a
 1912 01aa 0B       		.uleb128 0xb
 1913 01ab 3B       		.uleb128 0x3b
 1914 01ac 0B       		.uleb128 0xb
 1915 01ad 49       		.uleb128 0x49
 1916 01ae 13       		.uleb128 0x13
 1917 01af 02       		.uleb128 0x2
 1918 01b0 17       		.uleb128 0x17
 1919 01b1 00       		.byte	0
 1920 01b2 00       		.byte	0
 1921 01b3 21       		.uleb128 0x21
 1922 01b4 34       		.uleb128 0x34
 1923 01b5 00       		.byte	0
 1924 01b6 03       		.uleb128 0x3
 1925 01b7 08       		.uleb128 0x8
 1926 01b8 3A       		.uleb128 0x3a
 1927 01b9 0B       		.uleb128 0xb
 1928 01ba 3B       		.uleb128 0x3b
 1929 01bb 0B       		.uleb128 0xb
 1930 01bc 49       		.uleb128 0x49
 1931 01bd 13       		.uleb128 0x13
 1932 01be 02       		.uleb128 0x2
 1933 01bf 17       		.uleb128 0x17
 1934 01c0 00       		.byte	0
ARM GAS  /var/folders/zv/18v39shs5gqc3xhz55t6cxb00000gn/T//cchKUfj3.s 			page 35


 1935 01c1 00       		.byte	0
 1936 01c2 22       		.uleb128 0x22
 1937 01c3 898201   		.uleb128 0x4109
 1938 01c6 01       		.byte	0x1
 1939 01c7 11       		.uleb128 0x11
 1940 01c8 01       		.uleb128 0x1
 1941 01c9 31       		.uleb128 0x31
 1942 01ca 13       		.uleb128 0x13
 1943 01cb 01       		.uleb128 0x1
 1944 01cc 13       		.uleb128 0x13
 1945 01cd 00       		.byte	0
 1946 01ce 00       		.byte	0
 1947 01cf 23       		.uleb128 0x23
 1948 01d0 898201   		.uleb128 0x4109
 1949 01d3 01       		.byte	0x1
 1950 01d4 11       		.uleb128 0x11
 1951 01d5 01       		.uleb128 0x1
 1952 01d6 31       		.uleb128 0x31
 1953 01d7 13       		.uleb128 0x13
 1954 01d8 00       		.byte	0
 1955 01d9 00       		.byte	0
 1956 01da 24       		.uleb128 0x24
 1957 01db 2E       		.uleb128 0x2e
 1958 01dc 01       		.byte	0x1
 1959 01dd 3F       		.uleb128 0x3f
 1960 01de 19       		.uleb128 0x19
 1961 01df 03       		.uleb128 0x3
 1962 01e0 0E       		.uleb128 0xe
 1963 01e1 3A       		.uleb128 0x3a
 1964 01e2 0B       		.uleb128 0xb
 1965 01e3 3B       		.uleb128 0x3b
 1966 01e4 0B       		.uleb128 0xb
 1967 01e5 27       		.uleb128 0x27
 1968 01e6 19       		.uleb128 0x19
 1969 01e7 3C       		.uleb128 0x3c
 1970 01e8 19       		.uleb128 0x19
 1971 01e9 01       		.uleb128 0x1
 1972 01ea 13       		.uleb128 0x13
 1973 01eb 00       		.byte	0
 1974 01ec 00       		.byte	0
 1975 01ed 25       		.uleb128 0x25
 1976 01ee 2E       		.uleb128 0x2e
 1977 01ef 01       		.byte	0x1
 1978 01f0 3F       		.uleb128 0x3f
 1979 01f1 19       		.uleb128 0x19
 1980 01f2 03       		.uleb128 0x3
 1981 01f3 0E       		.uleb128 0xe
 1982 01f4 3A       		.uleb128 0x3a
 1983 01f5 0B       		.uleb128 0xb
 1984 01f6 3B       		.uleb128 0x3b
 1985 01f7 0B       		.uleb128 0xb
 1986 01f8 27       		.uleb128 0x27
 1987 01f9 19       		.uleb128 0x19
 1988 01fa 49       		.uleb128 0x49
 1989 01fb 13       		.uleb128 0x13
 1990 01fc 3C       		.uleb128 0x3c
 1991 01fd 19       		.uleb128 0x19
ARM GAS  /var/folders/zv/18v39shs5gqc3xhz55t6cxb00000gn/T//cchKUfj3.s 			page 36


 1992 01fe 01       		.uleb128 0x1
 1993 01ff 13       		.uleb128 0x13
 1994 0200 00       		.byte	0
 1995 0201 00       		.byte	0
 1996 0202 26       		.uleb128 0x26
 1997 0203 2E       		.uleb128 0x2e
 1998 0204 01       		.byte	0x1
 1999 0205 3F       		.uleb128 0x3f
 2000 0206 19       		.uleb128 0x19
 2001 0207 03       		.uleb128 0x3
 2002 0208 0E       		.uleb128 0xe
 2003 0209 3A       		.uleb128 0x3a
 2004 020a 0B       		.uleb128 0xb
 2005 020b 3B       		.uleb128 0x3b
 2006 020c 05       		.uleb128 0x5
 2007 020d 27       		.uleb128 0x27
 2008 020e 19       		.uleb128 0x19
 2009 020f 49       		.uleb128 0x49
 2010 0210 13       		.uleb128 0x13
 2011 0211 3C       		.uleb128 0x3c
 2012 0212 19       		.uleb128 0x19
 2013 0213 01       		.uleb128 0x1
 2014 0214 13       		.uleb128 0x13
 2015 0215 00       		.byte	0
 2016 0216 00       		.byte	0
 2017 0217 27       		.uleb128 0x27
 2018 0218 2E       		.uleb128 0x2e
 2019 0219 01       		.byte	0x1
 2020 021a 3F       		.uleb128 0x3f
 2021 021b 19       		.uleb128 0x19
 2022 021c 03       		.uleb128 0x3
 2023 021d 0E       		.uleb128 0xe
 2024 021e 3A       		.uleb128 0x3a
 2025 021f 0B       		.uleb128 0xb
 2026 0220 3B       		.uleb128 0x3b
 2027 0221 0B       		.uleb128 0xb
 2028 0222 27       		.uleb128 0x27
 2029 0223 19       		.uleb128 0x19
 2030 0224 49       		.uleb128 0x49
 2031 0225 13       		.uleb128 0x13
 2032 0226 3C       		.uleb128 0x3c
 2033 0227 19       		.uleb128 0x19
 2034 0228 00       		.byte	0
 2035 0229 00       		.byte	0
 2036 022a 00       		.byte	0
 2037              		.section	.debug_loc,"",%progbits
 2038              	.Ldebug_loc0:
 2039              	.LLST0:
 2040 0000 00000000 		.4byte	.LVL1
 2041 0004 3D000000 		.4byte	.LVL4-1
 2042 0008 0100     		.2byte	0x1
 2043 000a 50       		.byte	0x50
 2044 000b 3D000000 		.4byte	.LVL4-1
 2045 000f 3E000000 		.4byte	.LVL4
 2046 0013 0400     		.2byte	0x4
 2047 0015 F3       		.byte	0xf3
 2048 0016 01       		.uleb128 0x1
ARM GAS  /var/folders/zv/18v39shs5gqc3xhz55t6cxb00000gn/T//cchKUfj3.s 			page 37


 2049 0017 50       		.byte	0x50
 2050 0018 9F       		.byte	0x9f
 2051 0019 3E000000 		.4byte	.LVL4
 2052 001d 48000000 		.4byte	.LVL6
 2053 0021 0100     		.2byte	0x1
 2054 0023 50       		.byte	0x50
 2055 0024 48000000 		.4byte	.LVL6
 2056 0028 4D000000 		.4byte	.LVL7-1
 2057 002c 0100     		.2byte	0x1
 2058 002e 51       		.byte	0x51
 2059 002f 4D000000 		.4byte	.LVL7-1
 2060 0033 4E000000 		.4byte	.LFE8
 2061 0037 0400     		.2byte	0x4
 2062 0039 F3       		.byte	0xf3
 2063 003a 01       		.uleb128 0x1
 2064 003b 50       		.byte	0x50
 2065 003c 9F       		.byte	0x9f
 2066 003d 00000000 		.4byte	0
 2067 0041 00000000 		.4byte	0
 2068              	.LLST1:
 2069 0045 10000000 		.4byte	.LVL2
 2070 0049 34000000 		.4byte	.LVL3
 2071 004d 0100     		.2byte	0x1
 2072 004f 52       		.byte	0x52
 2073 0050 34000000 		.4byte	.LVL3
 2074 0054 3D000000 		.4byte	.LVL4-1
 2075 0058 0200     		.2byte	0x2
 2076 005a 70       		.byte	0x70
 2077 005b 1E       		.sleb128 30
 2078 005c 3E000000 		.4byte	.LVL4
 2079 0060 42000000 		.4byte	.LVL5
 2080 0064 0100     		.2byte	0x1
 2081 0066 52       		.byte	0x52
 2082 0067 42000000 		.4byte	.LVL5
 2083 006b 48000000 		.4byte	.LVL6
 2084 006f 0200     		.2byte	0x2
 2085 0071 70       		.byte	0x70
 2086 0072 1E       		.sleb128 30
 2087 0073 48000000 		.4byte	.LVL6
 2088 0077 4D000000 		.4byte	.LVL7-1
 2089 007b 0200     		.2byte	0x2
 2090 007d 71       		.byte	0x71
 2091 007e 1E       		.sleb128 30
 2092 007f 00000000 		.4byte	0
 2093 0083 00000000 		.4byte	0
 2094              	.LLST2:
 2095 0087 00000000 		.4byte	.LVL8
 2096 008b 0D000000 		.4byte	.LVL9-1
 2097 008f 0100     		.2byte	0x1
 2098 0091 50       		.byte	0x50
 2099 0092 0D000000 		.4byte	.LVL9-1
 2100 0096 3C000000 		.4byte	.LFE9
 2101 009a 0400     		.2byte	0x4
 2102 009c F3       		.byte	0xf3
 2103 009d 01       		.uleb128 0x1
 2104 009e 50       		.byte	0x50
 2105 009f 9F       		.byte	0x9f
ARM GAS  /var/folders/zv/18v39shs5gqc3xhz55t6cxb00000gn/T//cchKUfj3.s 			page 38


 2106 00a0 00000000 		.4byte	0
 2107 00a4 00000000 		.4byte	0
 2108              	.LLST3:
 2109 00a8 00000000 		.4byte	.LVL8
 2110 00ac 0D000000 		.4byte	.LVL9-1
 2111 00b0 0100     		.2byte	0x1
 2112 00b2 51       		.byte	0x51
 2113 00b3 0D000000 		.4byte	.LVL9-1
 2114 00b7 3C000000 		.4byte	.LFE9
 2115 00bb 0100     		.2byte	0x1
 2116 00bd 57       		.byte	0x57
 2117 00be 00000000 		.4byte	0
 2118 00c2 00000000 		.4byte	0
 2119              	.LLST4:
 2120 00c6 00000000 		.4byte	.LVL8
 2121 00ca 0D000000 		.4byte	.LVL9-1
 2122 00ce 0100     		.2byte	0x1
 2123 00d0 52       		.byte	0x52
 2124 00d1 0D000000 		.4byte	.LVL9-1
 2125 00d5 3C000000 		.4byte	.LFE9
 2126 00d9 0100     		.2byte	0x1
 2127 00db 56       		.byte	0x56
 2128 00dc 00000000 		.4byte	0
 2129 00e0 00000000 		.4byte	0
 2130              	.LLST5:
 2131 00e4 00000000 		.4byte	.LVL8
 2132 00e8 0D000000 		.4byte	.LVL9-1
 2133 00ec 0100     		.2byte	0x1
 2134 00ee 53       		.byte	0x53
 2135 00ef 0D000000 		.4byte	.LVL9-1
 2136 00f3 3C000000 		.4byte	.LFE9
 2137 00f7 0100     		.2byte	0x1
 2138 00f9 55       		.byte	0x55
 2139 00fa 00000000 		.4byte	0
 2140 00fe 00000000 		.4byte	0
 2141              	.LLST6:
 2142 0102 0E000000 		.4byte	.LVL9
 2143 0106 23000000 		.4byte	.LVL10-1
 2144 010a 0100     		.2byte	0x1
 2145 010c 50       		.byte	0x50
 2146 010d 00000000 		.4byte	0
 2147 0111 00000000 		.4byte	0
 2148              	.LLST7:
 2149 0115 2C000000 		.4byte	.LVL11
 2150 0119 2F000000 		.4byte	.LVL12-1
 2151 011d 0100     		.2byte	0x1
 2152 011f 50       		.byte	0x50
 2153 0120 2F000000 		.4byte	.LVL12-1
 2154 0124 38000000 		.4byte	.LVL13
 2155 0128 0100     		.2byte	0x1
 2156 012a 54       		.byte	0x54
 2157 012b 00000000 		.4byte	0
 2158 012f 00000000 		.4byte	0
 2159              	.LLST8:
 2160 0133 00000000 		.4byte	.LVL14
 2161 0137 11000000 		.4byte	.LVL15-1
 2162 013b 0100     		.2byte	0x1
ARM GAS  /var/folders/zv/18v39shs5gqc3xhz55t6cxb00000gn/T//cchKUfj3.s 			page 39


 2163 013d 50       		.byte	0x50
 2164 013e 11000000 		.4byte	.LVL15-1
 2165 0142 44000000 		.4byte	.LFE10
 2166 0146 0100     		.2byte	0x1
 2167 0148 55       		.byte	0x55
 2168 0149 00000000 		.4byte	0
 2169 014d 00000000 		.4byte	0
 2170              	.LLST9:
 2171 0151 00000000 		.4byte	.LVL14
 2172 0155 11000000 		.4byte	.LVL15-1
 2173 0159 0100     		.2byte	0x1
 2174 015b 51       		.byte	0x51
 2175 015c 11000000 		.4byte	.LVL15-1
 2176 0160 44000000 		.4byte	.LFE10
 2177 0164 0100     		.2byte	0x1
 2178 0166 57       		.byte	0x57
 2179 0167 00000000 		.4byte	0
 2180 016b 00000000 		.4byte	0
 2181              	.LLST10:
 2182 016f 00000000 		.4byte	.LVL14
 2183 0173 11000000 		.4byte	.LVL15-1
 2184 0177 0100     		.2byte	0x1
 2185 0179 52       		.byte	0x52
 2186 017a 11000000 		.4byte	.LVL15-1
 2187 017e 44000000 		.4byte	.LFE10
 2188 0182 0100     		.2byte	0x1
 2189 0184 56       		.byte	0x56
 2190 0185 00000000 		.4byte	0
 2191 0189 00000000 		.4byte	0
 2192              	.LLST11:
 2193 018d 00000000 		.4byte	.LVL14
 2194 0191 11000000 		.4byte	.LVL15-1
 2195 0195 0100     		.2byte	0x1
 2196 0197 53       		.byte	0x53
 2197 0198 11000000 		.4byte	.LVL15-1
 2198 019c 44000000 		.4byte	.LFE10
 2199 01a0 0100     		.2byte	0x1
 2200 01a2 58       		.byte	0x58
 2201 01a3 00000000 		.4byte	0
 2202 01a7 00000000 		.4byte	0
 2203              	.LLST12:
 2204 01ab 12000000 		.4byte	.LVL15
 2205 01af 27000000 		.4byte	.LVL16-1
 2206 01b3 0100     		.2byte	0x1
 2207 01b5 50       		.byte	0x50
 2208 01b6 00000000 		.4byte	0
 2209 01ba 00000000 		.4byte	0
 2210              	.LLST13:
 2211 01be 32000000 		.4byte	.LVL17
 2212 01c2 35000000 		.4byte	.LVL18-1
 2213 01c6 0100     		.2byte	0x1
 2214 01c8 50       		.byte	0x50
 2215 01c9 35000000 		.4byte	.LVL18-1
 2216 01cd 3E000000 		.4byte	.LVL19
 2217 01d1 0100     		.2byte	0x1
 2218 01d3 54       		.byte	0x54
 2219 01d4 00000000 		.4byte	0
ARM GAS  /var/folders/zv/18v39shs5gqc3xhz55t6cxb00000gn/T//cchKUfj3.s 			page 40


 2220 01d8 00000000 		.4byte	0
 2221              		.section	.debug_aranges,"",%progbits
 2222 0000 34000000 		.4byte	0x34
 2223 0004 0200     		.2byte	0x2
 2224 0006 00000000 		.4byte	.Ldebug_info0
 2225 000a 04       		.byte	0x4
 2226 000b 00       		.byte	0
 2227 000c 0000     		.2byte	0
 2228 000e 0000     		.2byte	0
 2229 0010 00000000 		.4byte	.LFB7
 2230 0014 14000000 		.4byte	.LFE7-.LFB7
 2231 0018 00000000 		.4byte	.LFB8
 2232 001c 4E000000 		.4byte	.LFE8-.LFB8
 2233 0020 00000000 		.4byte	.LFB9
 2234 0024 3C000000 		.4byte	.LFE9-.LFB9
 2235 0028 00000000 		.4byte	.LFB10
 2236 002c 44000000 		.4byte	.LFE10-.LFB10
 2237 0030 00000000 		.4byte	0
 2238 0034 00000000 		.4byte	0
 2239              		.section	.debug_ranges,"",%progbits
 2240              	.Ldebug_ranges0:
 2241 0000 00000000 		.4byte	.LFB7
 2242 0004 14000000 		.4byte	.LFE7
 2243 0008 00000000 		.4byte	.LFB8
 2244 000c 4E000000 		.4byte	.LFE8
 2245 0010 00000000 		.4byte	.LFB9
 2246 0014 3C000000 		.4byte	.LFE9
 2247 0018 00000000 		.4byte	.LFB10
 2248 001c 44000000 		.4byte	.LFE10
 2249 0020 00000000 		.4byte	0
 2250 0024 00000000 		.4byte	0
 2251              		.section	.debug_line,"",%progbits
 2252              	.Ldebug_line0:
 2253 0000 9A020000 		.section	.debug_str,"MS",%progbits,1
 2253      02002102 
 2253      00000201 
 2253      FB0E0D00 
 2253      01010101 
 2254              	.LASF79:
 2255 0000 7466756E 		.ascii	"tfunc_t\000"
 2255      635F7400 
 2256              	.LASF42:
 2257 0008 705F6D73 		.ascii	"p_msg\000"
 2257      6700
 2258              	.LASF2:
 2259 000e 73697A65 		.ascii	"size_t\000"
 2259      5F7400
 2260              	.LASF74:
 2261 0015 7264796D 		.ascii	"rdymsg\000"
 2261      736700
 2262              	.LASF17:
 2263 001c 75696E74 		.ascii	"uint64_t\000"
 2263      36345F74 
 2263      00
 2264              	.LASF3:
 2265 0025 5F5F7569 		.ascii	"__uint8_t\000"
 2265      6E74385F 
ARM GAS  /var/folders/zv/18v39shs5gqc3xhz55t6cxb00000gn/T//cchKUfj3.s 			page 41


 2265      7400
 2266              	.LASF73:
 2267 002f 4D656D6F 		.ascii	"MemoryPool\000"
 2267      7279506F 
 2267      6F6C00
 2268              	.LASF58:
 2269 003a 6D656D67 		.ascii	"memgetfunc_t\000"
 2269      65746675 
 2269      6E635F74 
 2269      00
 2270              	.LASF13:
 2271 0047 6C6F6E67 		.ascii	"long long unsigned int\000"
 2271      206C6F6E 
 2271      6720756E 
 2271      7369676E 
 2271      65642069 
 2272              	.LASF62:
 2273 005e 685F6672 		.ascii	"h_free\000"
 2273      656500
 2274              	.LASF83:
 2275 0065 68656170 		.ascii	"heapp\000"
 2275      7000
 2276              	.LASF64:
 2277 006b 6E657874 		.ascii	"next\000"
 2277      00
 2278              	.LASF30:
 2279 0070 705F7072 		.ascii	"p_prio\000"
 2279      696F00
 2280              	.LASF11:
 2281 0077 6C6F6E67 		.ascii	"long long int\000"
 2281      206C6F6E 
 2281      6720696E 
 2281      7400
 2282              	.LASF1:
 2283 0085 7369676E 		.ascii	"signed char\000"
 2283      65642063 
 2283      68617200 
 2284              	.LASF63:
 2285 0091 685F6D74 		.ascii	"h_mtx\000"
 2285      7800
 2286              	.LASF46:
 2287 0097 705F6D70 		.ascii	"p_mpool\000"
 2287      6F6F6C00 
 2288              	.LASF55:
 2289 009f 6D5F7175 		.ascii	"m_queue\000"
 2289      65756500 
 2290              	.LASF86:
 2291 00a7 63684865 		.ascii	"chHeapFree\000"
 2291      61704672 
 2291      656500
 2292              	.LASF22:
 2293 00b2 74736C69 		.ascii	"tslices_t\000"
 2293      6365735F 
 2293      7400
 2294              	.LASF89:
 2295 00bc 63685468 		.ascii	"chThdCreateI\000"
 2295      64437265 
ARM GAS  /var/folders/zv/18v39shs5gqc3xhz55t6cxb00000gn/T//cchKUfj3.s 			page 42


 2295      61746549 
 2295      00
 2296              	.LASF8:
 2297 00c9 6C6F6E67 		.ascii	"long int\000"
 2297      20696E74 
 2297      00
 2298              	.LASF82:
 2299 00d2 63685468 		.ascii	"chThdCreateFromHeap\000"
 2299      64437265 
 2299      61746546 
 2299      726F6D48 
 2299      65617000 
 2300              	.LASF20:
 2301 00e6 74737461 		.ascii	"tstate_t\000"
 2301      74655F74 
 2301      00
 2302              	.LASF32:
 2303 00ef 705F6E65 		.ascii	"p_newer\000"
 2303      77657200 
 2304              	.LASF85:
 2305 00f7 63685468 		.ascii	"chThdCreateFromMemoryPool\000"
 2305      64437265 
 2305      61746546 
 2305      726F6D4D 
 2305      656D6F72 
 2306              	.LASF75:
 2307 0111 65786974 		.ascii	"exitcode\000"
 2307      636F6465 
 2307      00
 2308              	.LASF9:
 2309 011a 5F5F7569 		.ascii	"__uint32_t\000"
 2309      6E743332 
 2309      5F7400
 2310              	.LASF72:
 2311 0125 6D705F70 		.ascii	"mp_provider\000"
 2311      726F7669 
 2311      64657200 
 2312              	.LASF49:
 2313 0131 72656761 		.ascii	"regarm_t\000"
 2313      726D5F74 
 2313      00
 2314              	.LASF66:
 2315 013a 616C6967 		.ascii	"align\000"
 2315      6E00
 2316              	.LASF0:
 2317 0140 756E7369 		.ascii	"unsigned int\000"
 2317      676E6564 
 2317      20696E74 
 2317      00
 2318              	.LASF10:
 2319 014d 6C6F6E67 		.ascii	"long unsigned int\000"
 2319      20756E73 
 2319      69676E65 
 2319      6420696E 
 2319      7400
 2320              	.LASF52:
 2321 015f 636F6E74 		.ascii	"context\000"
ARM GAS  /var/folders/zv/18v39shs5gqc3xhz55t6cxb00000gn/T//cchKUfj3.s 			page 43


 2321      65787400 
 2322              	.LASF67:
 2323 0167 73697A65 		.ascii	"size\000"
 2323      00
 2324              	.LASF6:
 2325 016c 73686F72 		.ascii	"short unsigned int\000"
 2325      7420756E 
 2325      7369676E 
 2325      65642069 
 2325      6E7400
 2326              	.LASF24:
 2327 017f 6D73675F 		.ascii	"msg_t\000"
 2327      7400
 2328              	.LASF19:
 2329 0185 746D6F64 		.ascii	"tmode_t\000"
 2329      655F7400 
 2330              	.LASF48:
 2331 018d 54687265 		.ascii	"ThreadsList\000"
 2331      6164734C 
 2331      69737400 
 2332              	.LASF25:
 2333 0199 6576656E 		.ascii	"eventmask_t\000"
 2333      746D6173 
 2333      6B5F7400 
 2334              	.LASF54:
 2335 01a5 4D757465 		.ascii	"Mutex\000"
 2335      7800
 2336              	.LASF81:
 2337 01ab 63685468 		.ascii	"chThdAddRef\000"
 2337      64416464 
 2337      52656600 
 2338              	.LASF50:
 2339 01b7 73746B61 		.ascii	"stkalign_t\000"
 2339      6C69676E 
 2339      5F7400
 2340              	.LASF53:
 2341 01c2 73697A65 		.ascii	"sizetype\000"
 2341      74797065 
 2341      00
 2342              	.LASF94:
 2343 01cb 2F557365 		.ascii	"/Users/Daniel/Documents/Bachelor/Kode/rov-subside20"
 2343      72732F44 
 2343      616E6965 
 2343      6C2F446F 
 2343      63756D65 
 2344 01fe 31352F54 		.ascii	"15/ThrusterModule\000"
 2344      68727573 
 2344      7465724D 
 2344      6F64756C 
 2344      6500
 2345              	.LASF33:
 2346 0210 705F6F6C 		.ascii	"p_older\000"
 2346      64657200 
 2347              	.LASF47:
 2348 0218 54687265 		.ascii	"ThreadsQueue\000"
 2348      61647351 
 2348      75657565 
ARM GAS  /var/folders/zv/18v39shs5gqc3xhz55t6cxb00000gn/T//cchKUfj3.s 			page 44


 2348      00
 2349              	.LASF71:
 2350 0225 6D705F6F 		.ascii	"mp_object_size\000"
 2350      626A6563 
 2350      745F7369 
 2350      7A6500
 2351              	.LASF84:
 2352 0234 7072696F 		.ascii	"prio\000"
 2352      00
 2353              	.LASF59:
 2354 0239 4D656D6F 		.ascii	"MemoryHeap\000"
 2354      72794865 
 2354      617000
 2355              	.LASF12:
 2356 0244 5F5F7569 		.ascii	"__uint64_t\000"
 2356      6E743634 
 2356      5F7400
 2357              	.LASF69:
 2358 024f 70685F6E 		.ascii	"ph_next\000"
 2358      65787400 
 2359              	.LASF21:
 2360 0257 74726566 		.ascii	"trefs_t\000"
 2360      735F7400 
 2361              	.LASF80:
 2362 025f 72656673 		.ascii	"refs\000"
 2362      00
 2363              	.LASF29:
 2364 0264 705F7072 		.ascii	"p_prev\000"
 2364      657600
 2365              	.LASF23:
 2366 026b 74707269 		.ascii	"tprio_t\000"
 2366      6F5F7400 
 2367              	.LASF18:
 2368 0273 5F426F6F 		.ascii	"_Bool\000"
 2368      6C00
 2369              	.LASF15:
 2370 0279 696E7433 		.ascii	"int32_t\000"
 2370      325F7400 
 2371              	.LASF4:
 2372 0281 756E7369 		.ascii	"unsigned char\000"
 2372      676E6564 
 2372      20636861 
 2372      7200
 2373              	.LASF61:
 2374 028f 685F7072 		.ascii	"h_provider\000"
 2374      6F766964 
 2374      657200
 2375              	.LASF44:
 2376 029a 705F6D74 		.ascii	"p_mtxlist\000"
 2376      786C6973 
 2376      7400
 2377              	.LASF5:
 2378 02a4 73686F72 		.ascii	"short int\000"
 2378      7420696E 
 2378      7400
 2379              	.LASF35:
 2380 02ae 705F7374 		.ascii	"p_state\000"
ARM GAS  /var/folders/zv/18v39shs5gqc3xhz55t6cxb00000gn/T//cchKUfj3.s 			page 45


 2380      61746500 
 2381              	.LASF38:
 2382 02b6 705F7072 		.ascii	"p_preempt\000"
 2382      65656D70 
 2382      7400
 2383              	.LASF95:
 2384 02c0 68656170 		.ascii	"heap_header\000"
 2384      5F686561 
 2384      64657200 
 2385              	.LASF77:
 2386 02cc 65776D61 		.ascii	"ewmask\000"
 2386      736B00
 2387              	.LASF28:
 2388 02d3 705F6E65 		.ascii	"p_next\000"
 2388      787400
 2389              	.LASF36:
 2390 02da 705F666C 		.ascii	"p_flags\000"
 2390      61677300 
 2391              	.LASF96:
 2392 02e2 63685468 		.ascii	"chThdRelease\000"
 2392      6452656C 
 2392      65617365 
 2392      00
 2393              	.LASF27:
 2394 02ef 54687265 		.ascii	"Thread\000"
 2394      616400
 2395              	.LASF88:
 2396 02f6 63684865 		.ascii	"chHeapAlloc\000"
 2396      6170416C 
 2396      6C6F6300 
 2397              	.LASF43:
 2398 0302 705F6570 		.ascii	"p_epending\000"
 2398      656E6469 
 2398      6E6700
 2399              	.LASF16:
 2400 030d 75696E74 		.ascii	"uint32_t\000"
 2400      33325F74 
 2400      00
 2401              	.LASF65:
 2402 0316 68656170 		.ascii	"heap\000"
 2402      00
 2403              	.LASF78:
 2404 031b 63686172 		.ascii	"char\000"
 2404      00
 2405              	.LASF57:
 2406 0320 6D5F6E65 		.ascii	"m_next\000"
 2406      787400
 2407              	.LASF26:
 2408 0327 73797374 		.ascii	"systime_t\000"
 2408      696D655F 
 2408      7400
 2409              	.LASF45:
 2410 0331 705F7265 		.ascii	"p_realprio\000"
 2410      616C7072 
 2410      696F00
 2411              	.LASF7:
 2412 033c 5F5F696E 		.ascii	"__int32_t\000"
ARM GAS  /var/folders/zv/18v39shs5gqc3xhz55t6cxb00000gn/T//cchKUfj3.s 			page 46


 2412      7433325F 
 2412      7400
 2413              	.LASF92:
 2414 0346 474E5520 		.ascii	"GNU C 4.9.3 20150303 (release) [ARM/embedded-4_9-br"
 2414      4320342E 
 2414      392E3320 
 2414      32303135 
 2414      30333033 
 2415 0379 616E6368 		.ascii	"anch revision 221220] -mcpu=cortex-m4 -mfloat-abi=h"
 2415      20726576 
 2415      6973696F 
 2415      6E203232 
 2415      31323230 
 2416 03ac 61726420 		.ascii	"ard -mfpu=fpv4-sp-d16 -mno-thumb-interwork -mthumb "
 2416      2D6D6670 
 2416      753D6670 
 2416      76342D73 
 2416      702D6431 
 2417 03df 2D676764 		.ascii	"-ggdb -O2 -fomit-frame-pointer -falign-functions=16"
 2417      62202D4F 
 2417      32202D66 
 2417      6F6D6974 
 2417      2D667261 
 2418 0412 202D6666 		.ascii	" -ffunction-sections -fdata-sections -fno-common -f"
 2418      756E6374 
 2418      696F6E2D 
 2418      73656374 
 2418      696F6E73 
 2419 0445 73696E67 		.ascii	"single-precision-constant\000"
 2419      6C652D70 
 2419      72656369 
 2419      73696F6E 
 2419      2D636F6E 
 2420              	.LASF70:
 2421 045f 6D705F6E 		.ascii	"mp_next\000"
 2421      65787400 
 2422              	.LASF39:
 2423 0467 705F7469 		.ascii	"p_time\000"
 2423      6D6500
 2424              	.LASF51:
 2425 046e 696E7463 		.ascii	"intctx\000"
 2425      747800
 2426              	.LASF41:
 2427 0475 705F6D73 		.ascii	"p_msgqueue\000"
 2427      67717565 
 2427      756500
 2428              	.LASF90:
 2429 0480 63685363 		.ascii	"chSchWakeupS\000"
 2429      6857616B 
 2429      65757053 
 2429      00
 2430              	.LASF68:
 2431 048d 706F6F6C 		.ascii	"pool_header\000"
 2431      5F686561 
 2431      64657200 
 2432              	.LASF37:
 2433 0499 705F7265 		.ascii	"p_refs\000"
ARM GAS  /var/folders/zv/18v39shs5gqc3xhz55t6cxb00000gn/T//cchKUfj3.s 			page 47


 2433      667300
 2434              	.LASF93:
 2435 04a0 2E2F6368 		.ascii	"./chibios/os/kernel/src/chdynamic.c\000"
 2435      6962696F 
 2435      732F6F73 
 2435      2F6B6572 
 2435      6E656C2F 
 2436              	.LASF14:
 2437 04c4 75696E74 		.ascii	"uint8_t\000"
 2437      385F7400 
 2438              	.LASF91:
 2439 04cc 6368506F 		.ascii	"chPoolAlloc\000"
 2439      6F6C416C 
 2439      6C6F6300 
 2440              	.LASF87:
 2441 04d8 6368506F 		.ascii	"chPoolFree\000"
 2441      6F6C4672 
 2441      656500
 2442              	.LASF76:
 2443 04e3 77746F62 		.ascii	"wtobjp\000"
 2443      6A7000
 2444              	.LASF34:
 2445 04ea 705F6E61 		.ascii	"p_name\000"
 2445      6D6500
 2446              	.LASF56:
 2447 04f1 6D5F6F77 		.ascii	"m_owner\000"
 2447      6E657200 
 2448              	.LASF31:
 2449 04f9 705F6374 		.ascii	"p_ctx\000"
 2449      7800
 2450              	.LASF40:
 2451 04ff 705F7761 		.ascii	"p_waiting\000"
 2451      6974696E 
 2451      6700
 2452              	.LASF60:
 2453 0509 6D656D6F 		.ascii	"memory_heap\000"
 2453      72795F68 
 2453      65617000 
 2454              		.ident	"GCC: (GNU Tools for ARM Embedded Processors) 4.9.3 20150303 (release) [ARM/embedded-4_9-br
ARM GAS  /var/folders/zv/18v39shs5gqc3xhz55t6cxb00000gn/T//cchKUfj3.s 			page 48


DEFINED SYMBOLS
                            *ABS*:0000000000000000 chdynamic.c
/var/folders/zv/18v39shs5gqc3xhz55t6cxb00000gn/T//cchKUfj3.s:21     .text.chThdAddRef:0000000000000000 $t
/var/folders/zv/18v39shs5gqc3xhz55t6cxb00000gn/T//cchKUfj3.s:27     .text.chThdAddRef:0000000000000000 chThdAddRef
/var/folders/zv/18v39shs5gqc3xhz55t6cxb00000gn/T//cchKUfj3.s:62     .text.chThdRelease:0000000000000000 $t
/var/folders/zv/18v39shs5gqc3xhz55t6cxb00000gn/T//cchKUfj3.s:68     .text.chThdRelease:0000000000000000 chThdRelease
/var/folders/zv/18v39shs5gqc3xhz55t6cxb00000gn/T//cchKUfj3.s:147    .text.chThdCreateFromHeap:0000000000000000 $t
/var/folders/zv/18v39shs5gqc3xhz55t6cxb00000gn/T//cchKUfj3.s:153    .text.chThdCreateFromHeap:0000000000000000 chThdCreateFromHeap
/var/folders/zv/18v39shs5gqc3xhz55t6cxb00000gn/T//cchKUfj3.s:226    .text.chThdCreateFromMemoryPool:0000000000000000 $t
/var/folders/zv/18v39shs5gqc3xhz55t6cxb00000gn/T//cchKUfj3.s:232    .text.chThdCreateFromMemoryPool:0000000000000000 chThdCreateFromMemoryPool
                     .debug_frame:0000000000000010 $d

UNDEFINED SYMBOLS
chHeapFree
chPoolFree
chHeapAlloc
chThdCreateI
chSchWakeupS
chPoolAlloc
