ARM GAS  /var/folders/zv/18v39shs5gqc3xhz55t6cxb00000gn/T//ccLmDHpY.s 			page 1


   1              		.syntax unified
   2              		.cpu cortex-m4
   3              		.eabi_attribute 27, 1
   4              		.eabi_attribute 28, 1
   5              		.fpu fpv4-sp-d16
   6              		.eabi_attribute 20, 1
   7              		.eabi_attribute 21, 1
   8              		.eabi_attribute 23, 3
   9              		.eabi_attribute 24, 1
  10              		.eabi_attribute 25, 1
  11              		.eabi_attribute 26, 1
  12              		.eabi_attribute 30, 2
  13              		.eabi_attribute 34, 1
  14              		.eabi_attribute 18, 4
  15              		.thumb
  16              		.file	"chlists.c"
  17              		.text
  18              	.Ltext0:
  19              		.cfi_sections	.debug_frame
  20              	.Letext0:
  21              		.section	.debug_info,"",%progbits
  22              	.Ldebug_info0:
  23 0000 75000000 		.4byte	0x75
  24 0004 0400     		.2byte	0x4
  25 0006 00000000 		.4byte	.Ldebug_abbrev0
  26 000a 04       		.byte	0x4
  27 000b 01       		.uleb128 0x1
  28 000c 82000000 		.4byte	.LASF12
  29 0010 01       		.byte	0x1
  30 0011 44000000 		.4byte	.LASF13
  31 0015 D3010000 		.4byte	.LASF14
  32 0019 00000000 		.4byte	.Ldebug_line0
  33 001d 02       		.uleb128 0x2
  34 001e 04       		.byte	0x4
  35 001f 05       		.byte	0x5
  36 0020 696E7400 		.ascii	"int\000"
  37 0024 03       		.uleb128 0x3
  38 0025 04       		.byte	0x4
  39 0026 07       		.byte	0x7
  40 0027 0E000000 		.4byte	.LASF0
  41 002b 03       		.uleb128 0x3
  42 002c 01       		.byte	0x1
  43 002d 06       		.byte	0x6
  44 002e B4010000 		.4byte	.LASF1
  45 0032 03       		.uleb128 0x3
  46 0033 01       		.byte	0x1
  47 0034 08       		.byte	0x8
  48 0035 66000000 		.4byte	.LASF2
  49 0039 03       		.uleb128 0x3
  50 003a 02       		.byte	0x2
  51 003b 05       		.byte	0x5
  52 003c C0010000 		.4byte	.LASF3
  53 0040 03       		.uleb128 0x3
  54 0041 02       		.byte	0x2
  55 0042 07       		.byte	0x7
  56 0043 A1010000 		.4byte	.LASF4
  57 0047 03       		.uleb128 0x3
ARM GAS  /var/folders/zv/18v39shs5gqc3xhz55t6cxb00000gn/T//ccLmDHpY.s 			page 2


  58 0048 04       		.byte	0x4
  59 0049 05       		.byte	0x5
  60 004a 79000000 		.4byte	.LASF5
  61 004e 03       		.uleb128 0x3
  62 004f 04       		.byte	0x4
  63 0050 07       		.byte	0x7
  64 0051 1B000000 		.4byte	.LASF6
  65 0055 03       		.uleb128 0x3
  66 0056 08       		.byte	0x8
  67 0057 05       		.byte	0x5
  68 0058 00000000 		.4byte	.LASF7
  69 005c 03       		.uleb128 0x3
  70 005d 08       		.byte	0x8
  71 005e 07       		.byte	0x7
  72 005f 2D000000 		.4byte	.LASF8
  73 0063 03       		.uleb128 0x3
  74 0064 01       		.byte	0x1
  75 0065 02       		.byte	0x2
  76 0066 9B010000 		.4byte	.LASF9
  77 006a 03       		.uleb128 0x3
  78 006b 04       		.byte	0x4
  79 006c 07       		.byte	0x7
  80 006d CA010000 		.4byte	.LASF10
  81 0071 03       		.uleb128 0x3
  82 0072 01       		.byte	0x1
  83 0073 08       		.byte	0x8
  84 0074 74000000 		.4byte	.LASF11
  85 0078 00       		.byte	0
  86              		.section	.debug_abbrev,"",%progbits
  87              	.Ldebug_abbrev0:
  88 0000 01       		.uleb128 0x1
  89 0001 11       		.uleb128 0x11
  90 0002 01       		.byte	0x1
  91 0003 25       		.uleb128 0x25
  92 0004 0E       		.uleb128 0xe
  93 0005 13       		.uleb128 0x13
  94 0006 0B       		.uleb128 0xb
  95 0007 03       		.uleb128 0x3
  96 0008 0E       		.uleb128 0xe
  97 0009 1B       		.uleb128 0x1b
  98 000a 0E       		.uleb128 0xe
  99 000b 10       		.uleb128 0x10
 100 000c 17       		.uleb128 0x17
 101 000d 00       		.byte	0
 102 000e 00       		.byte	0
 103 000f 02       		.uleb128 0x2
 104 0010 24       		.uleb128 0x24
 105 0011 00       		.byte	0
 106 0012 0B       		.uleb128 0xb
 107 0013 0B       		.uleb128 0xb
 108 0014 3E       		.uleb128 0x3e
 109 0015 0B       		.uleb128 0xb
 110 0016 03       		.uleb128 0x3
 111 0017 08       		.uleb128 0x8
 112 0018 00       		.byte	0
 113 0019 00       		.byte	0
 114 001a 03       		.uleb128 0x3
ARM GAS  /var/folders/zv/18v39shs5gqc3xhz55t6cxb00000gn/T//ccLmDHpY.s 			page 3


 115 001b 24       		.uleb128 0x24
 116 001c 00       		.byte	0
 117 001d 0B       		.uleb128 0xb
 118 001e 0B       		.uleb128 0xb
 119 001f 3E       		.uleb128 0x3e
 120 0020 0B       		.uleb128 0xb
 121 0021 03       		.uleb128 0x3
 122 0022 0E       		.uleb128 0xe
 123 0023 00       		.byte	0
 124 0024 00       		.byte	0
 125 0025 00       		.byte	0
 126              		.section	.debug_aranges,"",%progbits
 127 0000 14000000 		.4byte	0x14
 128 0004 0200     		.2byte	0x2
 129 0006 00000000 		.4byte	.Ldebug_info0
 130 000a 04       		.byte	0x4
 131 000b 00       		.byte	0
 132 000c 0000     		.2byte	0
 133 000e 0000     		.2byte	0
 134 0010 00000000 		.4byte	0
 135 0014 00000000 		.4byte	0
 136              		.section	.debug_line,"",%progbits
 137              	.Ldebug_line0:
 138 0000 19000000 		.section	.debug_str,"MS",%progbits,1
 138      02001300 
 138      00000201 
 138      FB0E0D00 
 138      01010101 
 139              	.LASF7:
 140 0000 6C6F6E67 		.ascii	"long long int\000"
 140      206C6F6E 
 140      6720696E 
 140      7400
 141              	.LASF0:
 142 000e 756E7369 		.ascii	"unsigned int\000"
 142      676E6564 
 142      20696E74 
 142      00
 143              	.LASF6:
 144 001b 6C6F6E67 		.ascii	"long unsigned int\000"
 144      20756E73 
 144      69676E65 
 144      6420696E 
 144      7400
 145              	.LASF8:
 146 002d 6C6F6E67 		.ascii	"long long unsigned int\000"
 146      206C6F6E 
 146      6720756E 
 146      7369676E 
 146      65642069 
 147              	.LASF13:
 148 0044 2E2F6368 		.ascii	"./chibios/os/kernel/src/chlists.c\000"
 148      6962696F 
 148      732F6F73 
 148      2F6B6572 
 148      6E656C2F 
 149              	.LASF2:
ARM GAS  /var/folders/zv/18v39shs5gqc3xhz55t6cxb00000gn/T//ccLmDHpY.s 			page 4


 150 0066 756E7369 		.ascii	"unsigned char\000"
 150      676E6564 
 150      20636861 
 150      7200
 151              	.LASF11:
 152 0074 63686172 		.ascii	"char\000"
 152      00
 153              	.LASF5:
 154 0079 6C6F6E67 		.ascii	"long int\000"
 154      20696E74 
 154      00
 155              	.LASF12:
 156 0082 474E5520 		.ascii	"GNU C 4.9.3 20150303 (release) [ARM/embedded-4_9-br"
 156      4320342E 
 156      392E3320 
 156      32303135 
 156      30333033 
 157 00b5 616E6368 		.ascii	"anch revision 221220] -mcpu=cortex-m4 -mfloat-abi=h"
 157      20726576 
 157      6973696F 
 157      6E203232 
 157      31323230 
 158 00e8 61726420 		.ascii	"ard -mfpu=fpv4-sp-d16 -mno-thumb-interwork -mthumb "
 158      2D6D6670 
 158      753D6670 
 158      76342D73 
 158      702D6431 
 159 011b 2D676764 		.ascii	"-ggdb -O2 -fomit-frame-pointer -falign-functions=16"
 159      62202D4F 
 159      32202D66 
 159      6F6D6974 
 159      2D667261 
 160 014e 202D6666 		.ascii	" -ffunction-sections -fdata-sections -fno-common -f"
 160      756E6374 
 160      696F6E2D 
 160      73656374 
 160      696F6E73 
 161 0181 73696E67 		.ascii	"single-precision-constant\000"
 161      6C652D70 
 161      72656369 
 161      73696F6E 
 161      2D636F6E 
 162              	.LASF9:
 163 019b 5F426F6F 		.ascii	"_Bool\000"
 163      6C00
 164              	.LASF4:
 165 01a1 73686F72 		.ascii	"short unsigned int\000"
 165      7420756E 
 165      7369676E 
 165      65642069 
 165      6E7400
 166              	.LASF1:
 167 01b4 7369676E 		.ascii	"signed char\000"
 167      65642063 
 167      68617200 
 168              	.LASF3:
 169 01c0 73686F72 		.ascii	"short int\000"
ARM GAS  /var/folders/zv/18v39shs5gqc3xhz55t6cxb00000gn/T//ccLmDHpY.s 			page 5


 169      7420696E 
 169      7400
 170              	.LASF10:
 171 01ca 73697A65 		.ascii	"sizetype\000"
 171      74797065 
 171      00
 172              	.LASF14:
 173 01d3 2F557365 		.ascii	"/Users/Daniel/Documents/Bachelor/Kode/rov-subside20"
 173      72732F44 
 173      616E6965 
 173      6C2F446F 
 173      63756D65 
 174 0206 31352F54 		.ascii	"15/ThrusterModule\000"
 174      68727573 
 174      7465724D 
 174      6F64756C 
 174      6500
 175              		.ident	"GCC: (GNU Tools for ARM Embedded Processors) 4.9.3 20150303 (release) [ARM/embedded-4_9-br
ARM GAS  /var/folders/zv/18v39shs5gqc3xhz55t6cxb00000gn/T//ccLmDHpY.s 			page 6


DEFINED SYMBOLS
                            *ABS*:0000000000000000 chlists.c

NO UNDEFINED SYMBOLS
