ARM GAS  /var/folders/zv/18v39shs5gqc3xhz55t6cxb00000gn/T//cc94QqDd.s 			page 1


   1              		.syntax unified
   2              		.cpu cortex-m4
   3              		.eabi_attribute 27, 1
   4              		.eabi_attribute 28, 1
   5              		.fpu fpv4-sp-d16
   6              		.eabi_attribute 20, 1
   7              		.eabi_attribute 21, 1
   8              		.eabi_attribute 23, 3
   9              		.eabi_attribute 24, 1
  10              		.eabi_attribute 25, 1
  11              		.eabi_attribute 26, 1
  12              		.eabi_attribute 30, 2
  13              		.eabi_attribute 34, 1
  14              		.eabi_attribute 18, 4
  15              		.thumb
  16              		.file	"chmempools.c"
  17              		.text
  18              	.Ltext0:
  19              		.cfi_sections	.debug_frame
  20              		.section	.text.chPoolInit,"ax",%progbits
  21              		.align	2
  22              		.p2align 4,,15
  23              		.global	chPoolInit
  24              		.thumb
  25              		.thumb_func
  26              		.type	chPoolInit, %function
  27              	chPoolInit:
  28              	.LFB7:
  29              		.file 1 "./chibios/os/kernel/src/chmempools.c"
  30              		.loc 1 62 0
  31              		.cfi_startproc
  32              		@ args = 0, pretend = 0, frame = 0
  33              		@ frame_needed = 0, uses_anonymous_args = 0
  34              		@ link register save eliminated.
  35              	.LVL0:
  36              		.loc 1 66 0
  37 0000 0023     		movs	r3, #0
  38              		.loc 1 67 0
  39 0002 4160     		str	r1, [r0, #4]
  40              		.loc 1 68 0
  41 0004 8260     		str	r2, [r0, #8]
  42              		.loc 1 66 0
  43 0006 0360     		str	r3, [r0]
  44 0008 7047     		bx	lr
  45              		.cfi_endproc
  46              	.LFE7:
  47              		.size	chPoolInit, .-chPoolInit
  48 000a 00BFAFF3 		.section	.text.chPoolLoadArray,"ax",%progbits
  48      0080
  49              		.align	2
  50              		.p2align 4,,15
  51              		.global	chPoolLoadArray
  52              		.thumb
  53              		.thumb_func
  54              		.type	chPoolLoadArray, %function
  55              	chPoolLoadArray:
  56              	.LFB8:
ARM GAS  /var/folders/zv/18v39shs5gqc3xhz55t6cxb00000gn/T//cc94QqDd.s 			page 2


  57              		.loc 1 84 0
  58              		.cfi_startproc
  59              		@ args = 0, pretend = 0, frame = 0
  60              		@ frame_needed = 0, uses_anonymous_args = 0
  61              		@ link register save eliminated.
  62              	.LVL1:
  63              		.loc 1 88 0
  64 0000 62B1     		cbz	r2, .L2
  65              	.LVL2:
  66              	.L4:
  67              	.LBB16:
  68              	.LBB17:
  69              		.loc 1 173 0
  70 0002 2023     		movs	r3, #32
  71              	@ 173 "./chibios/os/kernel/src/chmempools.c" 1
  72 0004 83F31188 		msr     BASEPRI, r3
  73              	@ 0 "" 2
  74              	.LVL3:
  75              		.thumb
  76              	.LBE17:
  77              	.LBB18:
  78              	.LBB19:
  79              		.loc 1 155 0
  80 0008 0368     		ldr	r3, [r0]
  81 000a 0B60     		str	r3, [r1]
  82              	.LBE19:
  83              	.LBE18:
  84              	.LBB21:
  85              		.loc 1 175 0
  86 000c 0023     		movs	r3, #0
  87              	.LBE21:
  88              	.LBB22:
  89              	.LBB20:
  90              		.loc 1 156 0
  91 000e 0160     		str	r1, [r0]
  92              	.LBE20:
  93              	.LBE22:
  94              	.LBB23:
  95              		.loc 1 175 0
  96              	@ 175 "./chibios/os/kernel/src/chmempools.c" 1
  97 0010 83F31188 		msr     BASEPRI, r3
  98              	@ 0 "" 2
  99              		.thumb
 100              	.LBE23:
 101              	.LBE16:
 102              		.loc 1 90 0
 103 0014 4368     		ldr	r3, [r0, #4]
 104              		.loc 1 88 0
 105 0016 013A     		subs	r2, r2, #1
 106              	.LVL4:
 107              		.loc 1 90 0
 108 0018 1944     		add	r1, r1, r3
 109              	.LVL5:
 110              		.loc 1 88 0
 111 001a F2D1     		bne	.L4
 112              	.LVL6:
 113              	.L2:
ARM GAS  /var/folders/zv/18v39shs5gqc3xhz55t6cxb00000gn/T//cc94QqDd.s 			page 3


 114 001c 7047     		bx	lr
 115              		.cfi_endproc
 116              	.LFE8:
 117              		.size	chPoolLoadArray, .-chPoolLoadArray
 118 001e 00BF     		.section	.text.chPoolAllocI,"ax",%progbits
 119              		.align	2
 120              		.p2align 4,,15
 121              		.global	chPoolAllocI
 122              		.thumb
 123              		.thumb_func
 124              		.type	chPoolAllocI, %function
 125              	chPoolAllocI:
 126              	.LFB9:
 127              		.loc 1 105 0
 128              		.cfi_startproc
 129              		@ args = 0, pretend = 0, frame = 0
 130              		@ frame_needed = 0, uses_anonymous_args = 0
 131              		@ link register save eliminated.
 132              	.LVL7:
 133              		.loc 1 111 0
 134 0000 0368     		ldr	r3, [r0]
 135              	.LVL8:
 136 0002 1BB1     		cbz	r3, .L9
 137              		.loc 1 112 0
 138 0004 1A68     		ldr	r2, [r3]
 139 0006 0260     		str	r2, [r0]
 140              	.L10:
 141              		.loc 1 116 0
 142 0008 1846     		mov	r0, r3
 143              	.LVL9:
 144 000a 7047     		bx	lr
 145              	.LVL10:
 146              	.L9:
 147              		.loc 1 113 0
 148 000c 8268     		ldr	r2, [r0, #8]
 149 000e 002A     		cmp	r2, #0
 150 0010 FAD0     		beq	.L10
 151              		.loc 1 114 0
 152 0012 4068     		ldr	r0, [r0, #4]
 153              	.LVL11:
 154 0014 1047     		bx	r2
 155              	.LVL12:
 156              		.cfi_endproc
 157              	.LFE9:
 158              		.size	chPoolAllocI, .-chPoolAllocI
 159 0016 00BFAFF3 		.section	.text.chPoolAlloc,"ax",%progbits
 159      0080AFF3 
 159      0080
 160              		.align	2
 161              		.p2align 4,,15
 162              		.global	chPoolAlloc
 163              		.thumb
 164              		.thumb_func
 165              		.type	chPoolAlloc, %function
 166              	chPoolAlloc:
 167              	.LFB10:
 168              		.loc 1 128 0
ARM GAS  /var/folders/zv/18v39shs5gqc3xhz55t6cxb00000gn/T//cc94QqDd.s 			page 4


 169              		.cfi_startproc
 170              		@ args = 0, pretend = 0, frame = 0
 171              		@ frame_needed = 0, uses_anonymous_args = 0
 172              	.LVL13:
 173 0000 08B5     		push	{r3, lr}
 174              		.cfi_def_cfa_offset 8
 175              		.cfi_offset 3, -8
 176              		.cfi_offset 14, -4
 177              		.loc 1 128 0
 178 0002 0246     		mov	r2, r0
 179              	.LBB24:
 180              		.loc 1 131 0
 181 0004 2023     		movs	r3, #32
 182              	@ 131 "./chibios/os/kernel/src/chmempools.c" 1
 183 0006 83F31188 		msr     BASEPRI, r3
 184              	@ 0 "" 2
 185              	.LVL14:
 186              		.thumb
 187              	.LBE24:
 188              	.LBB25:
 189              	.LBB26:
 190              		.loc 1 111 0
 191 000a 0068     		ldr	r0, [r0]
 192              	.LVL15:
 193 000c 28B1     		cbz	r0, .L15
 194              		.loc 1 112 0
 195 000e 0368     		ldr	r3, [r0]
 196 0010 1360     		str	r3, [r2]
 197              	.L16:
 198              	.LBE26:
 199              	.LBE25:
 200              	.LBB28:
 201              		.loc 1 133 0
 202 0012 0023     		movs	r3, #0
 203              	@ 133 "./chibios/os/kernel/src/chmempools.c" 1
 204 0014 83F31188 		msr     BASEPRI, r3
 205              	@ 0 "" 2
 206              		.thumb
 207              	.LBE28:
 208              		.loc 1 135 0
 209 0018 08BD     		pop	{r3, pc}
 210              	.L15:
 211              	.LBB29:
 212              	.LBB27:
 213              		.loc 1 113 0
 214 001a 9368     		ldr	r3, [r2, #8]
 215 001c 002B     		cmp	r3, #0
 216 001e F8D0     		beq	.L16
 217              		.loc 1 114 0
 218 0020 5068     		ldr	r0, [r2, #4]
 219              	.LVL16:
 220 0022 9847     		blx	r3
 221              	.LVL17:
 222              	.LBE27:
 223              	.LBE29:
 224              	.LBB30:
 225              		.loc 1 133 0
ARM GAS  /var/folders/zv/18v39shs5gqc3xhz55t6cxb00000gn/T//cc94QqDd.s 			page 5


 226 0024 0023     		movs	r3, #0
 227              	@ 133 "./chibios/os/kernel/src/chmempools.c" 1
 228 0026 83F31188 		msr     BASEPRI, r3
 229              	@ 0 "" 2
 230              		.thumb
 231              	.LBE30:
 232              		.loc 1 135 0
 233 002a 08BD     		pop	{r3, pc}
 234              		.cfi_endproc
 235              	.LFE10:
 236              		.size	chPoolAlloc, .-chPoolAlloc
 237 002c AFF30080 		.section	.text.chPoolFreeI,"ax",%progbits
 238              		.align	2
 239              		.p2align 4,,15
 240              		.global	chPoolFreeI
 241              		.thumb
 242              		.thumb_func
 243              		.type	chPoolFreeI, %function
 244              	chPoolFreeI:
 245              	.LFB11:
 246              		.loc 1 149 0
 247              		.cfi_startproc
 248              		@ args = 0, pretend = 0, frame = 0
 249              		@ frame_needed = 0, uses_anonymous_args = 0
 250              		@ link register save eliminated.
 251              	.LVL18:
 252              		.loc 1 155 0
 253 0000 0368     		ldr	r3, [r0]
 254 0002 0B60     		str	r3, [r1]
 255              		.loc 1 156 0
 256 0004 0160     		str	r1, [r0]
 257 0006 7047     		bx	lr
 258              		.cfi_endproc
 259              	.LFE11:
 260              		.size	chPoolFreeI, .-chPoolFreeI
 261 0008 AFF30080 		.section	.text.chPoolFree,"ax",%progbits
 261      AFF30080 
 262              		.align	2
 263              		.p2align 4,,15
 264              		.global	chPoolFree
 265              		.thumb
 266              		.thumb_func
 267              		.type	chPoolFree, %function
 268              	chPoolFree:
 269              	.LFB12:
 270              		.loc 1 171 0
 271              		.cfi_startproc
 272              		@ args = 0, pretend = 0, frame = 0
 273              		@ frame_needed = 0, uses_anonymous_args = 0
 274              		@ link register save eliminated.
 275              	.LVL19:
 276              	.LBB31:
 277              		.loc 1 173 0
 278 0000 2023     		movs	r3, #32
 279              	@ 173 "./chibios/os/kernel/src/chmempools.c" 1
 280 0002 83F31188 		msr     BASEPRI, r3
 281              	@ 0 "" 2
ARM GAS  /var/folders/zv/18v39shs5gqc3xhz55t6cxb00000gn/T//cc94QqDd.s 			page 6


 282              	.LVL20:
 283              		.thumb
 284              	.LBE31:
 285              	.LBB32:
 286              	.LBB33:
 287              		.loc 1 155 0
 288 0006 0368     		ldr	r3, [r0]
 289 0008 0B60     		str	r3, [r1]
 290              	.LBE33:
 291              	.LBE32:
 292              	.LBB35:
 293              		.loc 1 175 0
 294 000a 0023     		movs	r3, #0
 295              	.LBE35:
 296              	.LBB36:
 297              	.LBB34:
 298              		.loc 1 156 0
 299 000c 0160     		str	r1, [r0]
 300              	.LBE34:
 301              	.LBE36:
 302              	.LBB37:
 303              		.loc 1 175 0
 304              	@ 175 "./chibios/os/kernel/src/chmempools.c" 1
 305 000e 83F31188 		msr     BASEPRI, r3
 306              	@ 0 "" 2
 307              		.thumb
 308 0012 7047     		bx	lr
 309              	.LBE37:
 310              		.cfi_endproc
 311              	.LFE12:
 312              		.size	chPoolFree, .-chPoolFree
 313 0014 AFF30080 		.text
 313      AFF30080 
 313      AFF30080 
 314              	.Letext0:
 315              		.file 2 "/Users/Daniel/Documents/Bachelor/Kode/rov-subside2015/arm/lib/gcc/arm-none-eabi/4.9.3/inc
 316              		.file 3 "/Users/Daniel/Documents/Bachelor/Kode/rov-subside2015/arm/arm-none-eabi/include/machine/_
 317              		.file 4 "/Users/Daniel/Documents/Bachelor/Kode/rov-subside2015/arm/arm-none-eabi/include/stdint.h"
 318              		.file 5 "./chibios/os/kernel/include/chmemcore.h"
 319              		.file 6 "./chibios/os/kernel/include/chmempools.h"
 320              		.section	.debug_info,"",%progbits
 321              	.Ldebug_info0:
 322 0000 04040000 		.4byte	0x404
 323 0004 0400     		.2byte	0x4
 324 0006 00000000 		.4byte	.Ldebug_abbrev0
 325 000a 04       		.byte	0x4
 326 000b 01       		.uleb128 0x1
 327 000c CB010000 		.4byte	.LASF30
 328 0010 01       		.byte	0x1
 329 0011 6A010000 		.4byte	.LASF31
 330 0015 0C010000 		.4byte	.LASF32
 331 0019 90000000 		.4byte	.Ldebug_ranges0+0x90
 332 001d 00000000 		.4byte	0
 333 0021 00000000 		.4byte	.Ldebug_line0
 334 0025 02       		.uleb128 0x2
 335 0026 04       		.byte	0x4
 336 0027 05       		.byte	0x5
ARM GAS  /var/folders/zv/18v39shs5gqc3xhz55t6cxb00000gn/T//cc94QqDd.s 			page 7


 337 0028 696E7400 		.ascii	"int\000"
 338 002c 03       		.uleb128 0x3
 339 002d 0A000000 		.4byte	.LASF2
 340 0031 02       		.byte	0x2
 341 0032 D4       		.byte	0xd4
 342 0033 37000000 		.4byte	0x37
 343 0037 04       		.uleb128 0x4
 344 0038 04       		.byte	0x4
 345 0039 07       		.byte	0x7
 346 003a BC000000 		.4byte	.LASF0
 347 003e 04       		.uleb128 0x4
 348 003f 01       		.byte	0x1
 349 0040 06       		.byte	0x6
 350 0041 B7010000 		.4byte	.LASF1
 351 0045 03       		.uleb128 0x3
 352 0046 00000000 		.4byte	.LASF3
 353 004a 03       		.byte	0x3
 354 004b 1D       		.byte	0x1d
 355 004c 50000000 		.4byte	0x50
 356 0050 04       		.uleb128 0x4
 357 0051 01       		.byte	0x1
 358 0052 08       		.byte	0x8
 359 0053 7B000000 		.4byte	.LASF4
 360 0057 04       		.uleb128 0x4
 361 0058 02       		.byte	0x2
 362 0059 05       		.byte	0x5
 363 005a 8F010000 		.4byte	.LASF5
 364 005e 04       		.uleb128 0x4
 365 005f 02       		.byte	0x2
 366 0060 07       		.byte	0x7
 367 0061 53000000 		.4byte	.LASF6
 368 0065 04       		.uleb128 0x4
 369 0066 04       		.byte	0x4
 370 0067 05       		.byte	0x5
 371 0068 AE010000 		.4byte	.LASF7
 372 006c 03       		.uleb128 0x3
 373 006d 89000000 		.4byte	.LASF8
 374 0071 03       		.byte	0x3
 375 0072 41       		.byte	0x41
 376 0073 77000000 		.4byte	0x77
 377 0077 04       		.uleb128 0x4
 378 0078 04       		.byte	0x4
 379 0079 07       		.byte	0x7
 380 007a 41000000 		.4byte	.LASF9
 381 007e 04       		.uleb128 0x4
 382 007f 08       		.byte	0x8
 383 0080 05       		.byte	0x5
 384 0081 F9000000 		.4byte	.LASF10
 385 0085 04       		.uleb128 0x4
 386 0086 08       		.byte	0x8
 387 0087 07       		.byte	0x7
 388 0088 C9000000 		.4byte	.LASF11
 389 008c 03       		.uleb128 0x3
 390 008d E0000000 		.4byte	.LASF12
 391 0091 04       		.byte	0x4
 392 0092 15       		.byte	0x15
 393 0093 45000000 		.4byte	0x45
ARM GAS  /var/folders/zv/18v39shs5gqc3xhz55t6cxb00000gn/T//cc94QqDd.s 			page 8


 394 0097 03       		.uleb128 0x3
 395 0098 A5010000 		.4byte	.LASF13
 396 009c 04       		.byte	0x4
 397 009d 2D       		.byte	0x2d
 398 009e 6C000000 		.4byte	0x6c
 399 00a2 04       		.uleb128 0x4
 400 00a3 01       		.byte	0x1
 401 00a4 02       		.byte	0x2
 402 00a5 E4020000 		.4byte	.LASF14
 403 00a9 05       		.uleb128 0x5
 404 00aa 04       		.byte	0x4
 405 00ab 04       		.uleb128 0x4
 406 00ac 04       		.byte	0x4
 407 00ad 07       		.byte	0x7
 408 00ae F0000000 		.4byte	.LASF15
 409 00b2 03       		.uleb128 0x3
 410 00b3 51010000 		.4byte	.LASF16
 411 00b7 05       		.byte	0x5
 412 00b8 2C       		.byte	0x2c
 413 00b9 BD000000 		.4byte	0xbd
 414 00bd 06       		.uleb128 0x6
 415 00be 04       		.byte	0x4
 416 00bf C3000000 		.4byte	0xc3
 417 00c3 07       		.uleb128 0x7
 418 00c4 A9000000 		.4byte	0xa9
 419 00c8 D2000000 		.4byte	0xd2
 420 00cc 08       		.uleb128 0x8
 421 00cd 2C000000 		.4byte	0x2c
 422 00d1 00       		.byte	0
 423 00d2 09       		.uleb128 0x9
 424 00d3 30000000 		.4byte	.LASF33
 425 00d7 04       		.byte	0x4
 426 00d8 06       		.byte	0x6
 427 00d9 2C       		.byte	0x2c
 428 00da EB000000 		.4byte	0xeb
 429 00de 0A       		.uleb128 0xa
 430 00df E8000000 		.4byte	.LASF17
 431 00e3 06       		.byte	0x6
 432 00e4 2D       		.byte	0x2d
 433 00e5 EB000000 		.4byte	0xeb
 434 00e9 00       		.byte	0
 435 00ea 00       		.byte	0
 436 00eb 06       		.uleb128 0x6
 437 00ec 04       		.byte	0x4
 438 00ed D2000000 		.4byte	0xd2
 439 00f1 0B       		.uleb128 0xb
 440 00f2 0C       		.byte	0xc
 441 00f3 06       		.byte	0x6
 442 00f4 34       		.byte	0x34
 443 00f5 1E010000 		.4byte	0x11e
 444 00f9 0A       		.uleb128 0xa
 445 00fa C3010000 		.4byte	.LASF18
 446 00fe 06       		.byte	0x6
 447 00ff 35       		.byte	0x35
 448 0100 EB000000 		.4byte	0xeb
 449 0104 00       		.byte	0
 450 0105 0A       		.uleb128 0xa
ARM GAS  /var/folders/zv/18v39shs5gqc3xhz55t6cxb00000gn/T//cc94QqDd.s 			page 9


 451 0106 11000000 		.4byte	.LASF19
 452 010a 06       		.byte	0x6
 453 010b 36       		.byte	0x36
 454 010c 2C000000 		.4byte	0x2c
 455 0110 04       		.byte	0x4
 456 0111 0A       		.uleb128 0xa
 457 0112 5E010000 		.4byte	.LASF20
 458 0116 06       		.byte	0x6
 459 0117 38       		.byte	0x38
 460 0118 B2000000 		.4byte	0xb2
 461 011c 08       		.byte	0x8
 462 011d 00       		.byte	0
 463 011e 03       		.uleb128 0x3
 464 011f 9F000000 		.4byte	.LASF21
 465 0123 06       		.byte	0x6
 466 0124 3A       		.byte	0x3a
 467 0125 F1000000 		.4byte	0xf1
 468 0129 04       		.uleb128 0x4
 469 012a 01       		.byte	0x1
 470 012b 08       		.byte	0x8
 471 012c 07010000 		.4byte	.LASF22
 472 0130 0C       		.uleb128 0xc
 473 0131 AF000000 		.4byte	.LASF34
 474 0135 01       		.byte	0x1
 475 0136 69       		.byte	0x69
 476 0137 A9000000 		.4byte	0xa9
 477 013b 01       		.byte	0x1
 478 013c 56010000 		.4byte	0x156
 479 0140 0D       		.uleb128 0xd
 480 0141 6D7000   		.ascii	"mp\000"
 481 0144 01       		.byte	0x1
 482 0145 69       		.byte	0x69
 483 0146 56010000 		.4byte	0x156
 484 014a 0E       		.uleb128 0xe
 485 014b AA000000 		.4byte	.LASF23
 486 014f 01       		.byte	0x1
 487 0150 6A       		.byte	0x6a
 488 0151 A9000000 		.4byte	0xa9
 489 0155 00       		.byte	0
 490 0156 06       		.uleb128 0x6
 491 0157 04       		.byte	0x4
 492 0158 1E010000 		.4byte	0x11e
 493 015c 0F       		.uleb128 0xf
 494 015d 6F000000 		.4byte	.LASF24
 495 0161 01       		.byte	0x1
 496 0162 95       		.byte	0x95
 497 0163 01       		.byte	0x1
 498 0164 89010000 		.4byte	0x189
 499 0168 0D       		.uleb128 0xd
 500 0169 6D7000   		.ascii	"mp\000"
 501 016c 01       		.byte	0x1
 502 016d 95       		.byte	0x95
 503 016e 56010000 		.4byte	0x156
 504 0172 10       		.uleb128 0x10
 505 0173 AA000000 		.4byte	.LASF23
 506 0177 01       		.byte	0x1
 507 0178 95       		.byte	0x95
ARM GAS  /var/folders/zv/18v39shs5gqc3xhz55t6cxb00000gn/T//cc94QqDd.s 			page 10


 508 0179 A9000000 		.4byte	0xa9
 509 017d 11       		.uleb128 0x11
 510 017e 70687000 		.ascii	"php\000"
 511 0182 01       		.byte	0x1
 512 0183 96       		.byte	0x96
 513 0184 EB000000 		.4byte	0xeb
 514 0188 00       		.byte	0
 515 0189 0F       		.uleb128 0xf
 516 018a 94000000 		.4byte	.LASF25
 517 018e 01       		.byte	0x1
 518 018f AB       		.byte	0xab
 519 0190 01       		.byte	0x1
 520 0191 C9010000 		.4byte	0x1c9
 521 0195 0D       		.uleb128 0xd
 522 0196 6D7000   		.ascii	"mp\000"
 523 0199 01       		.byte	0x1
 524 019a AB       		.byte	0xab
 525 019b 56010000 		.4byte	0x156
 526 019f 10       		.uleb128 0x10
 527 01a0 AA000000 		.4byte	.LASF23
 528 01a4 01       		.byte	0x1
 529 01a5 AB       		.byte	0xab
 530 01a6 A9000000 		.4byte	0xa9
 531 01aa 12       		.uleb128 0x12
 532 01ab BB010000 		.4byte	0x1bb
 533 01af 11       		.uleb128 0x11
 534 01b0 746D7000 		.ascii	"tmp\000"
 535 01b4 01       		.byte	0x1
 536 01b5 AD       		.byte	0xad
 537 01b6 97000000 		.4byte	0x97
 538 01ba 00       		.byte	0
 539 01bb 13       		.uleb128 0x13
 540 01bc 11       		.uleb128 0x11
 541 01bd 746D7000 		.ascii	"tmp\000"
 542 01c1 01       		.byte	0x1
 543 01c2 AF       		.byte	0xaf
 544 01c3 97000000 		.4byte	0x97
 545 01c7 00       		.byte	0
 546 01c8 00       		.byte	0
 547 01c9 14       		.uleb128 0x14
 548 01ca EA020000 		.4byte	.LASF28
 549 01ce 01       		.byte	0x1
 550 01cf 3E       		.byte	0x3e
 551 01d0 00000000 		.4byte	.LFB7
 552 01d4 0A000000 		.4byte	.LFE7-.LFB7
 553 01d8 01       		.uleb128 0x1
 554 01d9 9C       		.byte	0x9c
 555 01da 05020000 		.4byte	0x205
 556 01de 15       		.uleb128 0x15
 557 01df 6D7000   		.ascii	"mp\000"
 558 01e2 01       		.byte	0x1
 559 01e3 3E       		.byte	0x3e
 560 01e4 56010000 		.4byte	0x156
 561 01e8 01       		.uleb128 0x1
 562 01e9 50       		.byte	0x50
 563 01ea 16       		.uleb128 0x16
 564 01eb 3C000000 		.4byte	.LASF26
ARM GAS  /var/folders/zv/18v39shs5gqc3xhz55t6cxb00000gn/T//cc94QqDd.s 			page 11


 565 01ef 01       		.byte	0x1
 566 01f0 3E       		.byte	0x3e
 567 01f1 2C000000 		.4byte	0x2c
 568 01f5 01       		.uleb128 0x1
 569 01f6 51       		.byte	0x51
 570 01f7 16       		.uleb128 0x16
 571 01f8 66000000 		.4byte	.LASF27
 572 01fc 01       		.byte	0x1
 573 01fd 3E       		.byte	0x3e
 574 01fe B2000000 		.4byte	0xb2
 575 0202 01       		.uleb128 0x1
 576 0203 52       		.byte	0x52
 577 0204 00       		.byte	0
 578 0205 14       		.uleb128 0x14
 579 0206 20000000 		.4byte	.LASF29
 580 020a 01       		.byte	0x1
 581 020b 54       		.byte	0x54
 582 020c 00000000 		.4byte	.LFB8
 583 0210 1E000000 		.4byte	.LFE8-.LFB8
 584 0214 01       		.uleb128 0x1
 585 0215 9C       		.byte	0x9c
 586 0216 BA020000 		.4byte	0x2ba
 587 021a 15       		.uleb128 0x15
 588 021b 6D7000   		.ascii	"mp\000"
 589 021e 01       		.byte	0x1
 590 021f 54       		.byte	0x54
 591 0220 56010000 		.4byte	0x156
 592 0224 01       		.uleb128 0x1
 593 0225 50       		.byte	0x50
 594 0226 17       		.uleb128 0x17
 595 0227 7000     		.ascii	"p\000"
 596 0229 01       		.byte	0x1
 597 022a 54       		.byte	0x54
 598 022b A9000000 		.4byte	0xa9
 599 022f 00000000 		.4byte	.LLST0
 600 0233 17       		.uleb128 0x17
 601 0234 6E00     		.ascii	"n\000"
 602 0236 01       		.byte	0x1
 603 0237 54       		.byte	0x54
 604 0238 2C000000 		.4byte	0x2c
 605 023c 1E000000 		.4byte	.LLST1
 606 0240 18       		.uleb128 0x18
 607 0241 89010000 		.4byte	0x189
 608 0245 02000000 		.4byte	.LBB16
 609 0249 12000000 		.4byte	.LBE16-.LBB16
 610 024d 01       		.byte	0x1
 611 024e 59       		.byte	0x59
 612 024f 19       		.uleb128 0x19
 613 0250 9F010000 		.4byte	0x19f
 614 0254 49000000 		.4byte	.LLST2
 615 0258 19       		.uleb128 0x19
 616 0259 95010000 		.4byte	0x195
 617 025d 68000000 		.4byte	.LLST3
 618 0261 1A       		.uleb128 0x1a
 619 0262 02000000 		.4byte	.LBB17
 620 0266 06000000 		.4byte	.LBE17-.LBB17
 621 026a 76020000 		.4byte	0x276
ARM GAS  /var/folders/zv/18v39shs5gqc3xhz55t6cxb00000gn/T//cc94QqDd.s 			page 12


 622 026e 1B       		.uleb128 0x1b
 623 026f AF010000 		.4byte	0x1af
 624 0273 01       		.uleb128 0x1
 625 0274 53       		.byte	0x53
 626 0275 00       		.byte	0
 627 0276 1C       		.uleb128 0x1c
 628 0277 5C010000 		.4byte	0x15c
 629 027b 08000000 		.4byte	.LBB18
 630 027f 00000000 		.4byte	.Ldebug_ranges0+0
 631 0283 01       		.byte	0x1
 632 0284 AE       		.byte	0xae
 633 0285 AB020000 		.4byte	0x2ab
 634 0289 19       		.uleb128 0x19
 635 028a 72010000 		.4byte	0x172
 636 028e 7B000000 		.4byte	.LLST4
 637 0292 19       		.uleb128 0x19
 638 0293 68010000 		.4byte	0x168
 639 0297 9A000000 		.4byte	.LLST5
 640 029b 1D       		.uleb128 0x1d
 641 029c 00000000 		.4byte	.Ldebug_ranges0+0
 642 02a0 1E       		.uleb128 0x1e
 643 02a1 7D010000 		.4byte	0x17d
 644 02a5 7B000000 		.4byte	.LLST4
 645 02a9 00       		.byte	0
 646 02aa 00       		.byte	0
 647 02ab 1D       		.uleb128 0x1d
 648 02ac 18000000 		.4byte	.Ldebug_ranges0+0x18
 649 02b0 1B       		.uleb128 0x1b
 650 02b1 BC010000 		.4byte	0x1bc
 651 02b5 01       		.uleb128 0x1
 652 02b6 53       		.byte	0x53
 653 02b7 00       		.byte	0
 654 02b8 00       		.byte	0
 655 02b9 00       		.byte	0
 656 02ba 1F       		.uleb128 0x1f
 657 02bb 30010000 		.4byte	0x130
 658 02bf 00000000 		.4byte	.LFB9
 659 02c3 16000000 		.4byte	.LFE9-.LFB9
 660 02c7 01       		.uleb128 0x1
 661 02c8 9C       		.byte	0x9c
 662 02c9 E0020000 		.4byte	0x2e0
 663 02cd 19       		.uleb128 0x19
 664 02ce 40010000 		.4byte	0x140
 665 02d2 AD000000 		.4byte	.LLST7
 666 02d6 1E       		.uleb128 0x1e
 667 02d7 4A010000 		.4byte	0x14a
 668 02db E7000000 		.4byte	.LLST8
 669 02df 00       		.byte	0
 670 02e0 20       		.uleb128 0x20
 671 02e1 99010000 		.4byte	.LASF35
 672 02e5 01       		.byte	0x1
 673 02e6 80       		.byte	0x80
 674 02e7 A9000000 		.4byte	0xa9
 675 02eb 00000000 		.4byte	.LFB10
 676 02ef 2C000000 		.4byte	.LFE10-.LFB10
 677 02f3 01       		.uleb128 0x1
 678 02f4 9C       		.byte	0x9c
ARM GAS  /var/folders/zv/18v39shs5gqc3xhz55t6cxb00000gn/T//cc94QqDd.s 			page 13


 679 02f5 6F030000 		.4byte	0x36f
 680 02f9 17       		.uleb128 0x17
 681 02fa 6D7000   		.ascii	"mp\000"
 682 02fd 01       		.byte	0x1
 683 02fe 80       		.byte	0x80
 684 02ff 56010000 		.4byte	0x156
 685 0303 FA000000 		.4byte	.LLST9
 686 0307 21       		.uleb128 0x21
 687 0308 AA000000 		.4byte	.LASF23
 688 030c 01       		.byte	0x1
 689 030d 81       		.byte	0x81
 690 030e A9000000 		.4byte	0xa9
 691 0312 01       		.uleb128 0x1
 692 0313 50       		.byte	0x50
 693 0314 1A       		.uleb128 0x1a
 694 0315 04000000 		.4byte	.LBB24
 695 0319 06000000 		.4byte	.LBE24-.LBB24
 696 031d 2F030000 		.4byte	0x32f
 697 0321 22       		.uleb128 0x22
 698 0322 746D7000 		.ascii	"tmp\000"
 699 0326 01       		.byte	0x1
 700 0327 83       		.byte	0x83
 701 0328 97000000 		.4byte	0x97
 702 032c 01       		.uleb128 0x1
 703 032d 53       		.byte	0x53
 704 032e 00       		.byte	0
 705 032f 1C       		.uleb128 0x1c
 706 0330 30010000 		.4byte	0x130
 707 0334 0A000000 		.4byte	.LBB25
 708 0338 30000000 		.4byte	.Ldebug_ranges0+0x30
 709 033c 01       		.byte	0x1
 710 033d 84       		.byte	0x84
 711 033e 5B030000 		.4byte	0x35b
 712 0342 19       		.uleb128 0x19
 713 0343 40010000 		.4byte	0x140
 714 0347 26010000 		.4byte	.LLST10
 715 034b 1D       		.uleb128 0x1d
 716 034c 30000000 		.4byte	.Ldebug_ranges0+0x30
 717 0350 1E       		.uleb128 0x1e
 718 0351 4A010000 		.4byte	0x14a
 719 0355 52010000 		.4byte	.LLST11
 720 0359 00       		.byte	0
 721 035a 00       		.byte	0
 722 035b 1D       		.uleb128 0x1d
 723 035c 48000000 		.4byte	.Ldebug_ranges0+0x48
 724 0360 22       		.uleb128 0x22
 725 0361 746D7000 		.ascii	"tmp\000"
 726 0365 01       		.byte	0x1
 727 0366 85       		.byte	0x85
 728 0367 97000000 		.4byte	0x97
 729 036b 01       		.uleb128 0x1
 730 036c 53       		.byte	0x53
 731 036d 00       		.byte	0
 732 036e 00       		.byte	0
 733 036f 23       		.uleb128 0x23
 734 0370 5C010000 		.4byte	0x15c
 735 0374 00000000 		.4byte	.LFB11
ARM GAS  /var/folders/zv/18v39shs5gqc3xhz55t6cxb00000gn/T//cc94QqDd.s 			page 14


 736 0378 08000000 		.4byte	.LFE11-.LFB11
 737 037c 01       		.uleb128 0x1
 738 037d 9C       		.byte	0x9c
 739 037e 98030000 		.4byte	0x398
 740 0382 24       		.uleb128 0x24
 741 0383 68010000 		.4byte	0x168
 742 0387 01       		.uleb128 0x1
 743 0388 50       		.byte	0x50
 744 0389 24       		.uleb128 0x24
 745 038a 72010000 		.4byte	0x172
 746 038e 01       		.uleb128 0x1
 747 038f 51       		.byte	0x51
 748 0390 1B       		.uleb128 0x1b
 749 0391 7D010000 		.4byte	0x17d
 750 0395 01       		.uleb128 0x1
 751 0396 51       		.byte	0x51
 752 0397 00       		.byte	0
 753 0398 25       		.uleb128 0x25
 754 0399 89010000 		.4byte	0x189
 755 039d 00000000 		.4byte	.LFB12
 756 03a1 14000000 		.4byte	.LFE12-.LFB12
 757 03a5 01       		.uleb128 0x1
 758 03a6 9C       		.byte	0x9c
 759 03a7 24       		.uleb128 0x24
 760 03a8 95010000 		.4byte	0x195
 761 03ac 01       		.uleb128 0x1
 762 03ad 50       		.byte	0x50
 763 03ae 24       		.uleb128 0x24
 764 03af 9F010000 		.4byte	0x19f
 765 03b3 01       		.uleb128 0x1
 766 03b4 51       		.byte	0x51
 767 03b5 1A       		.uleb128 0x1a
 768 03b6 00000000 		.4byte	.LBB31
 769 03ba 06000000 		.4byte	.LBE31-.LBB31
 770 03be CA030000 		.4byte	0x3ca
 771 03c2 1B       		.uleb128 0x1b
 772 03c3 AF010000 		.4byte	0x1af
 773 03c7 01       		.uleb128 0x1
 774 03c8 53       		.byte	0x53
 775 03c9 00       		.byte	0
 776 03ca 1C       		.uleb128 0x1c
 777 03cb 5C010000 		.4byte	0x15c
 778 03cf 06000000 		.4byte	.LBB32
 779 03d3 60000000 		.4byte	.Ldebug_ranges0+0x60
 780 03d7 01       		.byte	0x1
 781 03d8 AE       		.byte	0xae
 782 03d9 F9030000 		.4byte	0x3f9
 783 03dd 24       		.uleb128 0x24
 784 03de 72010000 		.4byte	0x172
 785 03e2 01       		.uleb128 0x1
 786 03e3 51       		.byte	0x51
 787 03e4 24       		.uleb128 0x24
 788 03e5 68010000 		.4byte	0x168
 789 03e9 01       		.uleb128 0x1
 790 03ea 50       		.byte	0x50
 791 03eb 1D       		.uleb128 0x1d
 792 03ec 60000000 		.4byte	.Ldebug_ranges0+0x60
ARM GAS  /var/folders/zv/18v39shs5gqc3xhz55t6cxb00000gn/T//cc94QqDd.s 			page 15


 793 03f0 1B       		.uleb128 0x1b
 794 03f1 7D010000 		.4byte	0x17d
 795 03f5 01       		.uleb128 0x1
 796 03f6 51       		.byte	0x51
 797 03f7 00       		.byte	0
 798 03f8 00       		.byte	0
 799 03f9 1D       		.uleb128 0x1d
 800 03fa 78000000 		.4byte	.Ldebug_ranges0+0x78
 801 03fe 1B       		.uleb128 0x1b
 802 03ff BC010000 		.4byte	0x1bc
 803 0403 01       		.uleb128 0x1
 804 0404 53       		.byte	0x53
 805 0405 00       		.byte	0
 806 0406 00       		.byte	0
 807 0407 00       		.byte	0
 808              		.section	.debug_abbrev,"",%progbits
 809              	.Ldebug_abbrev0:
 810 0000 01       		.uleb128 0x1
 811 0001 11       		.uleb128 0x11
 812 0002 01       		.byte	0x1
 813 0003 25       		.uleb128 0x25
 814 0004 0E       		.uleb128 0xe
 815 0005 13       		.uleb128 0x13
 816 0006 0B       		.uleb128 0xb
 817 0007 03       		.uleb128 0x3
 818 0008 0E       		.uleb128 0xe
 819 0009 1B       		.uleb128 0x1b
 820 000a 0E       		.uleb128 0xe
 821 000b 55       		.uleb128 0x55
 822 000c 17       		.uleb128 0x17
 823 000d 11       		.uleb128 0x11
 824 000e 01       		.uleb128 0x1
 825 000f 10       		.uleb128 0x10
 826 0010 17       		.uleb128 0x17
 827 0011 00       		.byte	0
 828 0012 00       		.byte	0
 829 0013 02       		.uleb128 0x2
 830 0014 24       		.uleb128 0x24
 831 0015 00       		.byte	0
 832 0016 0B       		.uleb128 0xb
 833 0017 0B       		.uleb128 0xb
 834 0018 3E       		.uleb128 0x3e
 835 0019 0B       		.uleb128 0xb
 836 001a 03       		.uleb128 0x3
 837 001b 08       		.uleb128 0x8
 838 001c 00       		.byte	0
 839 001d 00       		.byte	0
 840 001e 03       		.uleb128 0x3
 841 001f 16       		.uleb128 0x16
 842 0020 00       		.byte	0
 843 0021 03       		.uleb128 0x3
 844 0022 0E       		.uleb128 0xe
 845 0023 3A       		.uleb128 0x3a
 846 0024 0B       		.uleb128 0xb
 847 0025 3B       		.uleb128 0x3b
 848 0026 0B       		.uleb128 0xb
 849 0027 49       		.uleb128 0x49
ARM GAS  /var/folders/zv/18v39shs5gqc3xhz55t6cxb00000gn/T//cc94QqDd.s 			page 16


 850 0028 13       		.uleb128 0x13
 851 0029 00       		.byte	0
 852 002a 00       		.byte	0
 853 002b 04       		.uleb128 0x4
 854 002c 24       		.uleb128 0x24
 855 002d 00       		.byte	0
 856 002e 0B       		.uleb128 0xb
 857 002f 0B       		.uleb128 0xb
 858 0030 3E       		.uleb128 0x3e
 859 0031 0B       		.uleb128 0xb
 860 0032 03       		.uleb128 0x3
 861 0033 0E       		.uleb128 0xe
 862 0034 00       		.byte	0
 863 0035 00       		.byte	0
 864 0036 05       		.uleb128 0x5
 865 0037 0F       		.uleb128 0xf
 866 0038 00       		.byte	0
 867 0039 0B       		.uleb128 0xb
 868 003a 0B       		.uleb128 0xb
 869 003b 00       		.byte	0
 870 003c 00       		.byte	0
 871 003d 06       		.uleb128 0x6
 872 003e 0F       		.uleb128 0xf
 873 003f 00       		.byte	0
 874 0040 0B       		.uleb128 0xb
 875 0041 0B       		.uleb128 0xb
 876 0042 49       		.uleb128 0x49
 877 0043 13       		.uleb128 0x13
 878 0044 00       		.byte	0
 879 0045 00       		.byte	0
 880 0046 07       		.uleb128 0x7
 881 0047 15       		.uleb128 0x15
 882 0048 01       		.byte	0x1
 883 0049 27       		.uleb128 0x27
 884 004a 19       		.uleb128 0x19
 885 004b 49       		.uleb128 0x49
 886 004c 13       		.uleb128 0x13
 887 004d 01       		.uleb128 0x1
 888 004e 13       		.uleb128 0x13
 889 004f 00       		.byte	0
 890 0050 00       		.byte	0
 891 0051 08       		.uleb128 0x8
 892 0052 05       		.uleb128 0x5
 893 0053 00       		.byte	0
 894 0054 49       		.uleb128 0x49
 895 0055 13       		.uleb128 0x13
 896 0056 00       		.byte	0
 897 0057 00       		.byte	0
 898 0058 09       		.uleb128 0x9
 899 0059 13       		.uleb128 0x13
 900 005a 01       		.byte	0x1
 901 005b 03       		.uleb128 0x3
 902 005c 0E       		.uleb128 0xe
 903 005d 0B       		.uleb128 0xb
 904 005e 0B       		.uleb128 0xb
 905 005f 3A       		.uleb128 0x3a
 906 0060 0B       		.uleb128 0xb
ARM GAS  /var/folders/zv/18v39shs5gqc3xhz55t6cxb00000gn/T//cc94QqDd.s 			page 17


 907 0061 3B       		.uleb128 0x3b
 908 0062 0B       		.uleb128 0xb
 909 0063 01       		.uleb128 0x1
 910 0064 13       		.uleb128 0x13
 911 0065 00       		.byte	0
 912 0066 00       		.byte	0
 913 0067 0A       		.uleb128 0xa
 914 0068 0D       		.uleb128 0xd
 915 0069 00       		.byte	0
 916 006a 03       		.uleb128 0x3
 917 006b 0E       		.uleb128 0xe
 918 006c 3A       		.uleb128 0x3a
 919 006d 0B       		.uleb128 0xb
 920 006e 3B       		.uleb128 0x3b
 921 006f 0B       		.uleb128 0xb
 922 0070 49       		.uleb128 0x49
 923 0071 13       		.uleb128 0x13
 924 0072 38       		.uleb128 0x38
 925 0073 0B       		.uleb128 0xb
 926 0074 00       		.byte	0
 927 0075 00       		.byte	0
 928 0076 0B       		.uleb128 0xb
 929 0077 13       		.uleb128 0x13
 930 0078 01       		.byte	0x1
 931 0079 0B       		.uleb128 0xb
 932 007a 0B       		.uleb128 0xb
 933 007b 3A       		.uleb128 0x3a
 934 007c 0B       		.uleb128 0xb
 935 007d 3B       		.uleb128 0x3b
 936 007e 0B       		.uleb128 0xb
 937 007f 01       		.uleb128 0x1
 938 0080 13       		.uleb128 0x13
 939 0081 00       		.byte	0
 940 0082 00       		.byte	0
 941 0083 0C       		.uleb128 0xc
 942 0084 2E       		.uleb128 0x2e
 943 0085 01       		.byte	0x1
 944 0086 3F       		.uleb128 0x3f
 945 0087 19       		.uleb128 0x19
 946 0088 03       		.uleb128 0x3
 947 0089 0E       		.uleb128 0xe
 948 008a 3A       		.uleb128 0x3a
 949 008b 0B       		.uleb128 0xb
 950 008c 3B       		.uleb128 0x3b
 951 008d 0B       		.uleb128 0xb
 952 008e 27       		.uleb128 0x27
 953 008f 19       		.uleb128 0x19
 954 0090 49       		.uleb128 0x49
 955 0091 13       		.uleb128 0x13
 956 0092 20       		.uleb128 0x20
 957 0093 0B       		.uleb128 0xb
 958 0094 01       		.uleb128 0x1
 959 0095 13       		.uleb128 0x13
 960 0096 00       		.byte	0
 961 0097 00       		.byte	0
 962 0098 0D       		.uleb128 0xd
 963 0099 05       		.uleb128 0x5
ARM GAS  /var/folders/zv/18v39shs5gqc3xhz55t6cxb00000gn/T//cc94QqDd.s 			page 18


 964 009a 00       		.byte	0
 965 009b 03       		.uleb128 0x3
 966 009c 08       		.uleb128 0x8
 967 009d 3A       		.uleb128 0x3a
 968 009e 0B       		.uleb128 0xb
 969 009f 3B       		.uleb128 0x3b
 970 00a0 0B       		.uleb128 0xb
 971 00a1 49       		.uleb128 0x49
 972 00a2 13       		.uleb128 0x13
 973 00a3 00       		.byte	0
 974 00a4 00       		.byte	0
 975 00a5 0E       		.uleb128 0xe
 976 00a6 34       		.uleb128 0x34
 977 00a7 00       		.byte	0
 978 00a8 03       		.uleb128 0x3
 979 00a9 0E       		.uleb128 0xe
 980 00aa 3A       		.uleb128 0x3a
 981 00ab 0B       		.uleb128 0xb
 982 00ac 3B       		.uleb128 0x3b
 983 00ad 0B       		.uleb128 0xb
 984 00ae 49       		.uleb128 0x49
 985 00af 13       		.uleb128 0x13
 986 00b0 00       		.byte	0
 987 00b1 00       		.byte	0
 988 00b2 0F       		.uleb128 0xf
 989 00b3 2E       		.uleb128 0x2e
 990 00b4 01       		.byte	0x1
 991 00b5 3F       		.uleb128 0x3f
 992 00b6 19       		.uleb128 0x19
 993 00b7 03       		.uleb128 0x3
 994 00b8 0E       		.uleb128 0xe
 995 00b9 3A       		.uleb128 0x3a
 996 00ba 0B       		.uleb128 0xb
 997 00bb 3B       		.uleb128 0x3b
 998 00bc 0B       		.uleb128 0xb
 999 00bd 27       		.uleb128 0x27
 1000 00be 19       		.uleb128 0x19
 1001 00bf 20       		.uleb128 0x20
 1002 00c0 0B       		.uleb128 0xb
 1003 00c1 01       		.uleb128 0x1
 1004 00c2 13       		.uleb128 0x13
 1005 00c3 00       		.byte	0
 1006 00c4 00       		.byte	0
 1007 00c5 10       		.uleb128 0x10
 1008 00c6 05       		.uleb128 0x5
 1009 00c7 00       		.byte	0
 1010 00c8 03       		.uleb128 0x3
 1011 00c9 0E       		.uleb128 0xe
 1012 00ca 3A       		.uleb128 0x3a
 1013 00cb 0B       		.uleb128 0xb
 1014 00cc 3B       		.uleb128 0x3b
 1015 00cd 0B       		.uleb128 0xb
 1016 00ce 49       		.uleb128 0x49
 1017 00cf 13       		.uleb128 0x13
 1018 00d0 00       		.byte	0
 1019 00d1 00       		.byte	0
 1020 00d2 11       		.uleb128 0x11
ARM GAS  /var/folders/zv/18v39shs5gqc3xhz55t6cxb00000gn/T//cc94QqDd.s 			page 19


 1021 00d3 34       		.uleb128 0x34
 1022 00d4 00       		.byte	0
 1023 00d5 03       		.uleb128 0x3
 1024 00d6 08       		.uleb128 0x8
 1025 00d7 3A       		.uleb128 0x3a
 1026 00d8 0B       		.uleb128 0xb
 1027 00d9 3B       		.uleb128 0x3b
 1028 00da 0B       		.uleb128 0xb
 1029 00db 49       		.uleb128 0x49
 1030 00dc 13       		.uleb128 0x13
 1031 00dd 00       		.byte	0
 1032 00de 00       		.byte	0
 1033 00df 12       		.uleb128 0x12
 1034 00e0 0B       		.uleb128 0xb
 1035 00e1 01       		.byte	0x1
 1036 00e2 01       		.uleb128 0x1
 1037 00e3 13       		.uleb128 0x13
 1038 00e4 00       		.byte	0
 1039 00e5 00       		.byte	0
 1040 00e6 13       		.uleb128 0x13
 1041 00e7 0B       		.uleb128 0xb
 1042 00e8 01       		.byte	0x1
 1043 00e9 00       		.byte	0
 1044 00ea 00       		.byte	0
 1045 00eb 14       		.uleb128 0x14
 1046 00ec 2E       		.uleb128 0x2e
 1047 00ed 01       		.byte	0x1
 1048 00ee 3F       		.uleb128 0x3f
 1049 00ef 19       		.uleb128 0x19
 1050 00f0 03       		.uleb128 0x3
 1051 00f1 0E       		.uleb128 0xe
 1052 00f2 3A       		.uleb128 0x3a
 1053 00f3 0B       		.uleb128 0xb
 1054 00f4 3B       		.uleb128 0x3b
 1055 00f5 0B       		.uleb128 0xb
 1056 00f6 27       		.uleb128 0x27
 1057 00f7 19       		.uleb128 0x19
 1058 00f8 11       		.uleb128 0x11
 1059 00f9 01       		.uleb128 0x1
 1060 00fa 12       		.uleb128 0x12
 1061 00fb 06       		.uleb128 0x6
 1062 00fc 40       		.uleb128 0x40
 1063 00fd 18       		.uleb128 0x18
 1064 00fe 9742     		.uleb128 0x2117
 1065 0100 19       		.uleb128 0x19
 1066 0101 01       		.uleb128 0x1
 1067 0102 13       		.uleb128 0x13
 1068 0103 00       		.byte	0
 1069 0104 00       		.byte	0
 1070 0105 15       		.uleb128 0x15
 1071 0106 05       		.uleb128 0x5
 1072 0107 00       		.byte	0
 1073 0108 03       		.uleb128 0x3
 1074 0109 08       		.uleb128 0x8
 1075 010a 3A       		.uleb128 0x3a
 1076 010b 0B       		.uleb128 0xb
 1077 010c 3B       		.uleb128 0x3b
ARM GAS  /var/folders/zv/18v39shs5gqc3xhz55t6cxb00000gn/T//cc94QqDd.s 			page 20


 1078 010d 0B       		.uleb128 0xb
 1079 010e 49       		.uleb128 0x49
 1080 010f 13       		.uleb128 0x13
 1081 0110 02       		.uleb128 0x2
 1082 0111 18       		.uleb128 0x18
 1083 0112 00       		.byte	0
 1084 0113 00       		.byte	0
 1085 0114 16       		.uleb128 0x16
 1086 0115 05       		.uleb128 0x5
 1087 0116 00       		.byte	0
 1088 0117 03       		.uleb128 0x3
 1089 0118 0E       		.uleb128 0xe
 1090 0119 3A       		.uleb128 0x3a
 1091 011a 0B       		.uleb128 0xb
 1092 011b 3B       		.uleb128 0x3b
 1093 011c 0B       		.uleb128 0xb
 1094 011d 49       		.uleb128 0x49
 1095 011e 13       		.uleb128 0x13
 1096 011f 02       		.uleb128 0x2
 1097 0120 18       		.uleb128 0x18
 1098 0121 00       		.byte	0
 1099 0122 00       		.byte	0
 1100 0123 17       		.uleb128 0x17
 1101 0124 05       		.uleb128 0x5
 1102 0125 00       		.byte	0
 1103 0126 03       		.uleb128 0x3
 1104 0127 08       		.uleb128 0x8
 1105 0128 3A       		.uleb128 0x3a
 1106 0129 0B       		.uleb128 0xb
 1107 012a 3B       		.uleb128 0x3b
 1108 012b 0B       		.uleb128 0xb
 1109 012c 49       		.uleb128 0x49
 1110 012d 13       		.uleb128 0x13
 1111 012e 02       		.uleb128 0x2
 1112 012f 17       		.uleb128 0x17
 1113 0130 00       		.byte	0
 1114 0131 00       		.byte	0
 1115 0132 18       		.uleb128 0x18
 1116 0133 1D       		.uleb128 0x1d
 1117 0134 01       		.byte	0x1
 1118 0135 31       		.uleb128 0x31
 1119 0136 13       		.uleb128 0x13
 1120 0137 11       		.uleb128 0x11
 1121 0138 01       		.uleb128 0x1
 1122 0139 12       		.uleb128 0x12
 1123 013a 06       		.uleb128 0x6
 1124 013b 58       		.uleb128 0x58
 1125 013c 0B       		.uleb128 0xb
 1126 013d 59       		.uleb128 0x59
 1127 013e 0B       		.uleb128 0xb
 1128 013f 00       		.byte	0
 1129 0140 00       		.byte	0
 1130 0141 19       		.uleb128 0x19
 1131 0142 05       		.uleb128 0x5
 1132 0143 00       		.byte	0
 1133 0144 31       		.uleb128 0x31
 1134 0145 13       		.uleb128 0x13
ARM GAS  /var/folders/zv/18v39shs5gqc3xhz55t6cxb00000gn/T//cc94QqDd.s 			page 21


 1135 0146 02       		.uleb128 0x2
 1136 0147 17       		.uleb128 0x17
 1137 0148 00       		.byte	0
 1138 0149 00       		.byte	0
 1139 014a 1A       		.uleb128 0x1a
 1140 014b 0B       		.uleb128 0xb
 1141 014c 01       		.byte	0x1
 1142 014d 11       		.uleb128 0x11
 1143 014e 01       		.uleb128 0x1
 1144 014f 12       		.uleb128 0x12
 1145 0150 06       		.uleb128 0x6
 1146 0151 01       		.uleb128 0x1
 1147 0152 13       		.uleb128 0x13
 1148 0153 00       		.byte	0
 1149 0154 00       		.byte	0
 1150 0155 1B       		.uleb128 0x1b
 1151 0156 34       		.uleb128 0x34
 1152 0157 00       		.byte	0
 1153 0158 31       		.uleb128 0x31
 1154 0159 13       		.uleb128 0x13
 1155 015a 02       		.uleb128 0x2
 1156 015b 18       		.uleb128 0x18
 1157 015c 00       		.byte	0
 1158 015d 00       		.byte	0
 1159 015e 1C       		.uleb128 0x1c
 1160 015f 1D       		.uleb128 0x1d
 1161 0160 01       		.byte	0x1
 1162 0161 31       		.uleb128 0x31
 1163 0162 13       		.uleb128 0x13
 1164 0163 52       		.uleb128 0x52
 1165 0164 01       		.uleb128 0x1
 1166 0165 55       		.uleb128 0x55
 1167 0166 17       		.uleb128 0x17
 1168 0167 58       		.uleb128 0x58
 1169 0168 0B       		.uleb128 0xb
 1170 0169 59       		.uleb128 0x59
 1171 016a 0B       		.uleb128 0xb
 1172 016b 01       		.uleb128 0x1
 1173 016c 13       		.uleb128 0x13
 1174 016d 00       		.byte	0
 1175 016e 00       		.byte	0
 1176 016f 1D       		.uleb128 0x1d
 1177 0170 0B       		.uleb128 0xb
 1178 0171 01       		.byte	0x1
 1179 0172 55       		.uleb128 0x55
 1180 0173 17       		.uleb128 0x17
 1181 0174 00       		.byte	0
 1182 0175 00       		.byte	0
 1183 0176 1E       		.uleb128 0x1e
 1184 0177 34       		.uleb128 0x34
 1185 0178 00       		.byte	0
 1186 0179 31       		.uleb128 0x31
 1187 017a 13       		.uleb128 0x13
 1188 017b 02       		.uleb128 0x2
 1189 017c 17       		.uleb128 0x17
 1190 017d 00       		.byte	0
 1191 017e 00       		.byte	0
ARM GAS  /var/folders/zv/18v39shs5gqc3xhz55t6cxb00000gn/T//cc94QqDd.s 			page 22


 1192 017f 1F       		.uleb128 0x1f
 1193 0180 2E       		.uleb128 0x2e
 1194 0181 01       		.byte	0x1
 1195 0182 31       		.uleb128 0x31
 1196 0183 13       		.uleb128 0x13
 1197 0184 11       		.uleb128 0x11
 1198 0185 01       		.uleb128 0x1
 1199 0186 12       		.uleb128 0x12
 1200 0187 06       		.uleb128 0x6
 1201 0188 40       		.uleb128 0x40
 1202 0189 18       		.uleb128 0x18
 1203 018a 01       		.uleb128 0x1
 1204 018b 13       		.uleb128 0x13
 1205 018c 00       		.byte	0
 1206 018d 00       		.byte	0
 1207 018e 20       		.uleb128 0x20
 1208 018f 2E       		.uleb128 0x2e
 1209 0190 01       		.byte	0x1
 1210 0191 3F       		.uleb128 0x3f
 1211 0192 19       		.uleb128 0x19
 1212 0193 03       		.uleb128 0x3
 1213 0194 0E       		.uleb128 0xe
 1214 0195 3A       		.uleb128 0x3a
 1215 0196 0B       		.uleb128 0xb
 1216 0197 3B       		.uleb128 0x3b
 1217 0198 0B       		.uleb128 0xb
 1218 0199 27       		.uleb128 0x27
 1219 019a 19       		.uleb128 0x19
 1220 019b 49       		.uleb128 0x49
 1221 019c 13       		.uleb128 0x13
 1222 019d 11       		.uleb128 0x11
 1223 019e 01       		.uleb128 0x1
 1224 019f 12       		.uleb128 0x12
 1225 01a0 06       		.uleb128 0x6
 1226 01a1 40       		.uleb128 0x40
 1227 01a2 18       		.uleb128 0x18
 1228 01a3 9642     		.uleb128 0x2116
 1229 01a5 19       		.uleb128 0x19
 1230 01a6 01       		.uleb128 0x1
 1231 01a7 13       		.uleb128 0x13
 1232 01a8 00       		.byte	0
 1233 01a9 00       		.byte	0
 1234 01aa 21       		.uleb128 0x21
 1235 01ab 34       		.uleb128 0x34
 1236 01ac 00       		.byte	0
 1237 01ad 03       		.uleb128 0x3
 1238 01ae 0E       		.uleb128 0xe
 1239 01af 3A       		.uleb128 0x3a
 1240 01b0 0B       		.uleb128 0xb
 1241 01b1 3B       		.uleb128 0x3b
 1242 01b2 0B       		.uleb128 0xb
 1243 01b3 49       		.uleb128 0x49
 1244 01b4 13       		.uleb128 0x13
 1245 01b5 02       		.uleb128 0x2
 1246 01b6 18       		.uleb128 0x18
 1247 01b7 00       		.byte	0
 1248 01b8 00       		.byte	0
ARM GAS  /var/folders/zv/18v39shs5gqc3xhz55t6cxb00000gn/T//cc94QqDd.s 			page 23


 1249 01b9 22       		.uleb128 0x22
 1250 01ba 34       		.uleb128 0x34
 1251 01bb 00       		.byte	0
 1252 01bc 03       		.uleb128 0x3
 1253 01bd 08       		.uleb128 0x8
 1254 01be 3A       		.uleb128 0x3a
 1255 01bf 0B       		.uleb128 0xb
 1256 01c0 3B       		.uleb128 0x3b
 1257 01c1 0B       		.uleb128 0xb
 1258 01c2 49       		.uleb128 0x49
 1259 01c3 13       		.uleb128 0x13
 1260 01c4 02       		.uleb128 0x2
 1261 01c5 18       		.uleb128 0x18
 1262 01c6 00       		.byte	0
 1263 01c7 00       		.byte	0
 1264 01c8 23       		.uleb128 0x23
 1265 01c9 2E       		.uleb128 0x2e
 1266 01ca 01       		.byte	0x1
 1267 01cb 31       		.uleb128 0x31
 1268 01cc 13       		.uleb128 0x13
 1269 01cd 11       		.uleb128 0x11
 1270 01ce 01       		.uleb128 0x1
 1271 01cf 12       		.uleb128 0x12
 1272 01d0 06       		.uleb128 0x6
 1273 01d1 40       		.uleb128 0x40
 1274 01d2 18       		.uleb128 0x18
 1275 01d3 9742     		.uleb128 0x2117
 1276 01d5 19       		.uleb128 0x19
 1277 01d6 01       		.uleb128 0x1
 1278 01d7 13       		.uleb128 0x13
 1279 01d8 00       		.byte	0
 1280 01d9 00       		.byte	0
 1281 01da 24       		.uleb128 0x24
 1282 01db 05       		.uleb128 0x5
 1283 01dc 00       		.byte	0
 1284 01dd 31       		.uleb128 0x31
 1285 01de 13       		.uleb128 0x13
 1286 01df 02       		.uleb128 0x2
 1287 01e0 18       		.uleb128 0x18
 1288 01e1 00       		.byte	0
 1289 01e2 00       		.byte	0
 1290 01e3 25       		.uleb128 0x25
 1291 01e4 2E       		.uleb128 0x2e
 1292 01e5 01       		.byte	0x1
 1293 01e6 31       		.uleb128 0x31
 1294 01e7 13       		.uleb128 0x13
 1295 01e8 11       		.uleb128 0x11
 1296 01e9 01       		.uleb128 0x1
 1297 01ea 12       		.uleb128 0x12
 1298 01eb 06       		.uleb128 0x6
 1299 01ec 40       		.uleb128 0x40
 1300 01ed 18       		.uleb128 0x18
 1301 01ee 9742     		.uleb128 0x2117
 1302 01f0 19       		.uleb128 0x19
 1303 01f1 00       		.byte	0
 1304 01f2 00       		.byte	0
 1305 01f3 00       		.byte	0
ARM GAS  /var/folders/zv/18v39shs5gqc3xhz55t6cxb00000gn/T//cc94QqDd.s 			page 24


 1306              		.section	.debug_loc,"",%progbits
 1307              	.Ldebug_loc0:
 1308              	.LLST0:
 1309 0000 00000000 		.4byte	.LVL1
 1310 0004 1A000000 		.4byte	.LVL5
 1311 0008 0100     		.2byte	0x1
 1312 000a 51       		.byte	0x51
 1313 000b 1A000000 		.4byte	.LVL5
 1314 000f 1E000000 		.4byte	.LFE8
 1315 0013 0100     		.2byte	0x1
 1316 0015 51       		.byte	0x51
 1317 0016 00000000 		.4byte	0
 1318 001a 00000000 		.4byte	0
 1319              	.LLST1:
 1320 001e 00000000 		.4byte	.LVL1
 1321 0022 02000000 		.4byte	.LVL2
 1322 0026 0100     		.2byte	0x1
 1323 0028 52       		.byte	0x52
 1324 0029 02000000 		.4byte	.LVL2
 1325 002d 18000000 		.4byte	.LVL4
 1326 0031 0100     		.2byte	0x1
 1327 0033 52       		.byte	0x52
 1328 0034 18000000 		.4byte	.LVL4
 1329 0038 1A000000 		.4byte	.LVL5
 1330 003c 0300     		.2byte	0x3
 1331 003e 72       		.byte	0x72
 1332 003f 01       		.sleb128 1
 1333 0040 9F       		.byte	0x9f
 1334 0041 00000000 		.4byte	0
 1335 0045 00000000 		.4byte	0
 1336              	.LLST2:
 1337 0049 02000000 		.4byte	.LVL2
 1338 004d 1A000000 		.4byte	.LVL5
 1339 0051 0100     		.2byte	0x1
 1340 0053 51       		.byte	0x51
 1341 0054 1A000000 		.4byte	.LVL5
 1342 0058 1C000000 		.4byte	.LVL6
 1343 005c 0200     		.2byte	0x2
 1344 005e 70       		.byte	0x70
 1345 005f 00       		.sleb128 0
 1346 0060 00000000 		.4byte	0
 1347 0064 00000000 		.4byte	0
 1348              	.LLST3:
 1349 0068 02000000 		.4byte	.LVL2
 1350 006c 1C000000 		.4byte	.LVL6
 1351 0070 0100     		.2byte	0x1
 1352 0072 50       		.byte	0x50
 1353 0073 00000000 		.4byte	0
 1354 0077 00000000 		.4byte	0
 1355              	.LLST4:
 1356 007b 08000000 		.4byte	.LVL3
 1357 007f 1A000000 		.4byte	.LVL5
 1358 0083 0100     		.2byte	0x1
 1359 0085 51       		.byte	0x51
 1360 0086 1A000000 		.4byte	.LVL5
 1361 008a 1C000000 		.4byte	.LVL6
 1362 008e 0200     		.2byte	0x2
ARM GAS  /var/folders/zv/18v39shs5gqc3xhz55t6cxb00000gn/T//cc94QqDd.s 			page 25


 1363 0090 70       		.byte	0x70
 1364 0091 00       		.sleb128 0
 1365 0092 00000000 		.4byte	0
 1366 0096 00000000 		.4byte	0
 1367              	.LLST5:
 1368 009a 08000000 		.4byte	.LVL3
 1369 009e 1C000000 		.4byte	.LVL6
 1370 00a2 0100     		.2byte	0x1
 1371 00a4 50       		.byte	0x50
 1372 00a5 00000000 		.4byte	0
 1373 00a9 00000000 		.4byte	0
 1374              	.LLST7:
 1375 00ad 00000000 		.4byte	.LVL7
 1376 00b1 0A000000 		.4byte	.LVL9
 1377 00b5 0100     		.2byte	0x1
 1378 00b7 50       		.byte	0x50
 1379 00b8 0A000000 		.4byte	.LVL9
 1380 00bc 0C000000 		.4byte	.LVL10
 1381 00c0 0400     		.2byte	0x4
 1382 00c2 F3       		.byte	0xf3
 1383 00c3 01       		.uleb128 0x1
 1384 00c4 50       		.byte	0x50
 1385 00c5 9F       		.byte	0x9f
 1386 00c6 0C000000 		.4byte	.LVL10
 1387 00ca 14000000 		.4byte	.LVL11
 1388 00ce 0100     		.2byte	0x1
 1389 00d0 50       		.byte	0x50
 1390 00d1 14000000 		.4byte	.LVL11
 1391 00d5 16000000 		.4byte	.LFE9
 1392 00d9 0400     		.2byte	0x4
 1393 00db F3       		.byte	0xf3
 1394 00dc 01       		.uleb128 0x1
 1395 00dd 50       		.byte	0x50
 1396 00de 9F       		.byte	0x9f
 1397 00df 00000000 		.4byte	0
 1398 00e3 00000000 		.4byte	0
 1399              	.LLST8:
 1400 00e7 02000000 		.4byte	.LVL8
 1401 00eb 15000000 		.4byte	.LVL12-1
 1402 00ef 0100     		.2byte	0x1
 1403 00f1 53       		.byte	0x53
 1404 00f2 00000000 		.4byte	0
 1405 00f6 00000000 		.4byte	0
 1406              	.LLST9:
 1407 00fa 00000000 		.4byte	.LVL13
 1408 00fe 0C000000 		.4byte	.LVL15
 1409 0102 0100     		.2byte	0x1
 1410 0104 50       		.byte	0x50
 1411 0105 0C000000 		.4byte	.LVL15
 1412 0109 23000000 		.4byte	.LVL17-1
 1413 010d 0100     		.2byte	0x1
 1414 010f 52       		.byte	0x52
 1415 0110 23000000 		.4byte	.LVL17-1
 1416 0114 2C000000 		.4byte	.LFE10
 1417 0118 0400     		.2byte	0x4
 1418 011a F3       		.byte	0xf3
 1419 011b 01       		.uleb128 0x1
ARM GAS  /var/folders/zv/18v39shs5gqc3xhz55t6cxb00000gn/T//cc94QqDd.s 			page 26


 1420 011c 50       		.byte	0x50
 1421 011d 9F       		.byte	0x9f
 1422 011e 00000000 		.4byte	0
 1423 0122 00000000 		.4byte	0
 1424              	.LLST10:
 1425 0126 0A000000 		.4byte	.LVL14
 1426 012a 0C000000 		.4byte	.LVL15
 1427 012e 0100     		.2byte	0x1
 1428 0130 50       		.byte	0x50
 1429 0131 0C000000 		.4byte	.LVL15
 1430 0135 23000000 		.4byte	.LVL17-1
 1431 0139 0100     		.2byte	0x1
 1432 013b 52       		.byte	0x52
 1433 013c 23000000 		.4byte	.LVL17-1
 1434 0140 2C000000 		.4byte	.LFE10
 1435 0144 0400     		.2byte	0x4
 1436 0146 F3       		.byte	0xf3
 1437 0147 01       		.uleb128 0x1
 1438 0148 50       		.byte	0x50
 1439 0149 9F       		.byte	0x9f
 1440 014a 00000000 		.4byte	0
 1441 014e 00000000 		.4byte	0
 1442              	.LLST11:
 1443 0152 0C000000 		.4byte	.LVL15
 1444 0156 22000000 		.4byte	.LVL16
 1445 015a 0100     		.2byte	0x1
 1446 015c 50       		.byte	0x50
 1447 015d 22000000 		.4byte	.LVL16
 1448 0161 23000000 		.4byte	.LVL17-1
 1449 0165 0200     		.2byte	0x2
 1450 0167 72       		.byte	0x72
 1451 0168 00       		.sleb128 0
 1452 0169 24000000 		.4byte	.LVL17
 1453 016d 2C000000 		.4byte	.LFE10
 1454 0171 0100     		.2byte	0x1
 1455 0173 50       		.byte	0x50
 1456 0174 00000000 		.4byte	0
 1457 0178 00000000 		.4byte	0
 1458              		.section	.debug_aranges,"",%progbits
 1459 0000 44000000 		.4byte	0x44
 1460 0004 0200     		.2byte	0x2
 1461 0006 00000000 		.4byte	.Ldebug_info0
 1462 000a 04       		.byte	0x4
 1463 000b 00       		.byte	0
 1464 000c 0000     		.2byte	0
 1465 000e 0000     		.2byte	0
 1466 0010 00000000 		.4byte	.LFB7
 1467 0014 0A000000 		.4byte	.LFE7-.LFB7
 1468 0018 00000000 		.4byte	.LFB8
 1469 001c 1E000000 		.4byte	.LFE8-.LFB8
 1470 0020 00000000 		.4byte	.LFB9
 1471 0024 16000000 		.4byte	.LFE9-.LFB9
 1472 0028 00000000 		.4byte	.LFB10
 1473 002c 2C000000 		.4byte	.LFE10-.LFB10
 1474 0030 00000000 		.4byte	.LFB11
 1475 0034 08000000 		.4byte	.LFE11-.LFB11
 1476 0038 00000000 		.4byte	.LFB12
ARM GAS  /var/folders/zv/18v39shs5gqc3xhz55t6cxb00000gn/T//cc94QqDd.s 			page 27


 1477 003c 14000000 		.4byte	.LFE12-.LFB12
 1478 0040 00000000 		.4byte	0
 1479 0044 00000000 		.4byte	0
 1480              		.section	.debug_ranges,"",%progbits
 1481              	.Ldebug_ranges0:
 1482 0000 08000000 		.4byte	.LBB18
 1483 0004 0C000000 		.4byte	.LBE18
 1484 0008 0E000000 		.4byte	.LBB22
 1485 000c 10000000 		.4byte	.LBE22
 1486 0010 00000000 		.4byte	0
 1487 0014 00000000 		.4byte	0
 1488 0018 0C000000 		.4byte	.LBB21
 1489 001c 0E000000 		.4byte	.LBE21
 1490 0020 10000000 		.4byte	.LBB23
 1491 0024 14000000 		.4byte	.LBE23
 1492 0028 00000000 		.4byte	0
 1493 002c 00000000 		.4byte	0
 1494 0030 0A000000 		.4byte	.LBB25
 1495 0034 12000000 		.4byte	.LBE25
 1496 0038 1A000000 		.4byte	.LBB29
 1497 003c 24000000 		.4byte	.LBE29
 1498 0040 00000000 		.4byte	0
 1499 0044 00000000 		.4byte	0
 1500 0048 12000000 		.4byte	.LBB28
 1501 004c 18000000 		.4byte	.LBE28
 1502 0050 24000000 		.4byte	.LBB30
 1503 0054 2A000000 		.4byte	.LBE30
 1504 0058 00000000 		.4byte	0
 1505 005c 00000000 		.4byte	0
 1506 0060 06000000 		.4byte	.LBB32
 1507 0064 0A000000 		.4byte	.LBE32
 1508 0068 0C000000 		.4byte	.LBB36
 1509 006c 0E000000 		.4byte	.LBE36
 1510 0070 00000000 		.4byte	0
 1511 0074 00000000 		.4byte	0
 1512 0078 0A000000 		.4byte	.LBB35
 1513 007c 0C000000 		.4byte	.LBE35
 1514 0080 0E000000 		.4byte	.LBB37
 1515 0084 14000000 		.4byte	.LBE37
 1516 0088 00000000 		.4byte	0
 1517 008c 00000000 		.4byte	0
 1518 0090 00000000 		.4byte	.LFB7
 1519 0094 0A000000 		.4byte	.LFE7
 1520 0098 00000000 		.4byte	.LFB8
 1521 009c 1E000000 		.4byte	.LFE8
 1522 00a0 00000000 		.4byte	.LFB9
 1523 00a4 16000000 		.4byte	.LFE9
 1524 00a8 00000000 		.4byte	.LFB10
 1525 00ac 2C000000 		.4byte	.LFE10
 1526 00b0 00000000 		.4byte	.LFB11
 1527 00b4 08000000 		.4byte	.LFE11
 1528 00b8 00000000 		.4byte	.LFB12
 1529 00bc 14000000 		.4byte	.LFE12
 1530 00c0 00000000 		.4byte	0
 1531 00c4 00000000 		.4byte	0
 1532              		.section	.debug_line,"",%progbits
 1533              	.Ldebug_line0:
ARM GAS  /var/folders/zv/18v39shs5gqc3xhz55t6cxb00000gn/T//cc94QqDd.s 			page 28


 1534 0000 4F020000 		.section	.debug_str,"MS",%progbits,1
 1534      0200A801 
 1534      00000201 
 1534      FB0E0D00 
 1534      01010101 
 1535              	.LASF3:
 1536 0000 5F5F7569 		.ascii	"__uint8_t\000"
 1536      6E74385F 
 1536      7400
 1537              	.LASF2:
 1538 000a 73697A65 		.ascii	"size_t\000"
 1538      5F7400
 1539              	.LASF19:
 1540 0011 6D705F6F 		.ascii	"mp_object_size\000"
 1540      626A6563 
 1540      745F7369 
 1540      7A6500
 1541              	.LASF29:
 1542 0020 6368506F 		.ascii	"chPoolLoadArray\000"
 1542      6F6C4C6F 
 1542      61644172 
 1542      72617900 
 1543              	.LASF33:
 1544 0030 706F6F6C 		.ascii	"pool_header\000"
 1544      5F686561 
 1544      64657200 
 1545              	.LASF26:
 1546 003c 73697A65 		.ascii	"size\000"
 1546      00
 1547              	.LASF9:
 1548 0041 6C6F6E67 		.ascii	"long unsigned int\000"
 1548      20756E73 
 1548      69676E65 
 1548      6420696E 
 1548      7400
 1549              	.LASF6:
 1550 0053 73686F72 		.ascii	"short unsigned int\000"
 1550      7420756E 
 1550      7369676E 
 1550      65642069 
 1550      6E7400
 1551              	.LASF27:
 1552 0066 70726F76 		.ascii	"provider\000"
 1552      69646572 
 1552      00
 1553              	.LASF24:
 1554 006f 6368506F 		.ascii	"chPoolFreeI\000"
 1554      6F6C4672 
 1554      65654900 
 1555              	.LASF4:
 1556 007b 756E7369 		.ascii	"unsigned char\000"
 1556      676E6564 
 1556      20636861 
 1556      7200
 1557              	.LASF8:
 1558 0089 5F5F7569 		.ascii	"__uint32_t\000"
 1558      6E743332 
ARM GAS  /var/folders/zv/18v39shs5gqc3xhz55t6cxb00000gn/T//cc94QqDd.s 			page 29


 1558      5F7400
 1559              	.LASF25:
 1560 0094 6368506F 		.ascii	"chPoolFree\000"
 1560      6F6C4672 
 1560      656500
 1561              	.LASF21:
 1562 009f 4D656D6F 		.ascii	"MemoryPool\000"
 1562      7279506F 
 1562      6F6C00
 1563              	.LASF23:
 1564 00aa 6F626A70 		.ascii	"objp\000"
 1564      00
 1565              	.LASF34:
 1566 00af 6368506F 		.ascii	"chPoolAllocI\000"
 1566      6F6C416C 
 1566      6C6F6349 
 1566      00
 1567              	.LASF0:
 1568 00bc 756E7369 		.ascii	"unsigned int\000"
 1568      676E6564 
 1568      20696E74 
 1568      00
 1569              	.LASF11:
 1570 00c9 6C6F6E67 		.ascii	"long long unsigned int\000"
 1570      206C6F6E 
 1570      6720756E 
 1570      7369676E 
 1570      65642069 
 1571              	.LASF12:
 1572 00e0 75696E74 		.ascii	"uint8_t\000"
 1572      385F7400 
 1573              	.LASF17:
 1574 00e8 70685F6E 		.ascii	"ph_next\000"
 1574      65787400 
 1575              	.LASF15:
 1576 00f0 73697A65 		.ascii	"sizetype\000"
 1576      74797065 
 1576      00
 1577              	.LASF10:
 1578 00f9 6C6F6E67 		.ascii	"long long int\000"
 1578      206C6F6E 
 1578      6720696E 
 1578      7400
 1579              	.LASF22:
 1580 0107 63686172 		.ascii	"char\000"
 1580      00
 1581              	.LASF32:
 1582 010c 2F557365 		.ascii	"/Users/Daniel/Documents/Bachelor/Kode/rov-subside20"
 1582      72732F44 
 1582      616E6965 
 1582      6C2F446F 
 1582      63756D65 
 1583 013f 31352F54 		.ascii	"15/ThrusterModule\000"
 1583      68727573 
 1583      7465724D 
 1583      6F64756C 
 1583      6500
ARM GAS  /var/folders/zv/18v39shs5gqc3xhz55t6cxb00000gn/T//cc94QqDd.s 			page 30


 1584              	.LASF16:
 1585 0151 6D656D67 		.ascii	"memgetfunc_t\000"
 1585      65746675 
 1585      6E635F74 
 1585      00
 1586              	.LASF20:
 1587 015e 6D705F70 		.ascii	"mp_provider\000"
 1587      726F7669 
 1587      64657200 
 1588              	.LASF31:
 1589 016a 2E2F6368 		.ascii	"./chibios/os/kernel/src/chmempools.c\000"
 1589      6962696F 
 1589      732F6F73 
 1589      2F6B6572 
 1589      6E656C2F 
 1590              	.LASF5:
 1591 018f 73686F72 		.ascii	"short int\000"
 1591      7420696E 
 1591      7400
 1592              	.LASF35:
 1593 0199 6368506F 		.ascii	"chPoolAlloc\000"
 1593      6F6C416C 
 1593      6C6F6300 
 1594              	.LASF13:
 1595 01a5 75696E74 		.ascii	"uint32_t\000"
 1595      33325F74 
 1595      00
 1596              	.LASF7:
 1597 01ae 6C6F6E67 		.ascii	"long int\000"
 1597      20696E74 
 1597      00
 1598              	.LASF1:
 1599 01b7 7369676E 		.ascii	"signed char\000"
 1599      65642063 
 1599      68617200 
 1600              	.LASF18:
 1601 01c3 6D705F6E 		.ascii	"mp_next\000"
 1601      65787400 
 1602              	.LASF30:
 1603 01cb 474E5520 		.ascii	"GNU C 4.9.3 20150303 (release) [ARM/embedded-4_9-br"
 1603      4320342E 
 1603      392E3320 
 1603      32303135 
 1603      30333033 
 1604 01fe 616E6368 		.ascii	"anch revision 221220] -mcpu=cortex-m4 -mfloat-abi=h"
 1604      20726576 
 1604      6973696F 
 1604      6E203232 
 1604      31323230 
 1605 0231 61726420 		.ascii	"ard -mfpu=fpv4-sp-d16 -mno-thumb-interwork -mthumb "
 1605      2D6D6670 
 1605      753D6670 
 1605      76342D73 
 1605      702D6431 
 1606 0264 2D676764 		.ascii	"-ggdb -O2 -fomit-frame-pointer -falign-functions=16"
 1606      62202D4F 
 1606      32202D66 
ARM GAS  /var/folders/zv/18v39shs5gqc3xhz55t6cxb00000gn/T//cc94QqDd.s 			page 31


 1606      6F6D6974 
 1606      2D667261 
 1607 0297 202D6666 		.ascii	" -ffunction-sections -fdata-sections -fno-common -f"
 1607      756E6374 
 1607      696F6E2D 
 1607      73656374 
 1607      696F6E73 
 1608 02ca 73696E67 		.ascii	"single-precision-constant\000"
 1608      6C652D70 
 1608      72656369 
 1608      73696F6E 
 1608      2D636F6E 
 1609              	.LASF14:
 1610 02e4 5F426F6F 		.ascii	"_Bool\000"
 1610      6C00
 1611              	.LASF28:
 1612 02ea 6368506F 		.ascii	"chPoolInit\000"
 1612      6F6C496E 
 1612      697400
 1613              		.ident	"GCC: (GNU Tools for ARM Embedded Processors) 4.9.3 20150303 (release) [ARM/embedded-4_9-br
ARM GAS  /var/folders/zv/18v39shs5gqc3xhz55t6cxb00000gn/T//cc94QqDd.s 			page 32


DEFINED SYMBOLS
                            *ABS*:0000000000000000 chmempools.c
/var/folders/zv/18v39shs5gqc3xhz55t6cxb00000gn/T//cc94QqDd.s:21     .text.chPoolInit:0000000000000000 $t
/var/folders/zv/18v39shs5gqc3xhz55t6cxb00000gn/T//cc94QqDd.s:27     .text.chPoolInit:0000000000000000 chPoolInit
/var/folders/zv/18v39shs5gqc3xhz55t6cxb00000gn/T//cc94QqDd.s:49     .text.chPoolLoadArray:0000000000000000 $t
/var/folders/zv/18v39shs5gqc3xhz55t6cxb00000gn/T//cc94QqDd.s:55     .text.chPoolLoadArray:0000000000000000 chPoolLoadArray
/var/folders/zv/18v39shs5gqc3xhz55t6cxb00000gn/T//cc94QqDd.s:119    .text.chPoolAllocI:0000000000000000 $t
/var/folders/zv/18v39shs5gqc3xhz55t6cxb00000gn/T//cc94QqDd.s:125    .text.chPoolAllocI:0000000000000000 chPoolAllocI
/var/folders/zv/18v39shs5gqc3xhz55t6cxb00000gn/T//cc94QqDd.s:160    .text.chPoolAlloc:0000000000000000 $t
/var/folders/zv/18v39shs5gqc3xhz55t6cxb00000gn/T//cc94QqDd.s:166    .text.chPoolAlloc:0000000000000000 chPoolAlloc
/var/folders/zv/18v39shs5gqc3xhz55t6cxb00000gn/T//cc94QqDd.s:238    .text.chPoolFreeI:0000000000000000 $t
/var/folders/zv/18v39shs5gqc3xhz55t6cxb00000gn/T//cc94QqDd.s:244    .text.chPoolFreeI:0000000000000000 chPoolFreeI
/var/folders/zv/18v39shs5gqc3xhz55t6cxb00000gn/T//cc94QqDd.s:262    .text.chPoolFree:0000000000000000 $t
/var/folders/zv/18v39shs5gqc3xhz55t6cxb00000gn/T//cc94QqDd.s:268    .text.chPoolFree:0000000000000000 chPoolFree
                     .debug_frame:0000000000000010 $d

NO UNDEFINED SYMBOLS
