ARM GAS  /var/folders/zv/18v39shs5gqc3xhz55t6cxb00000gn/T//ccrrw3XS.s 			page 1


   1              		.syntax unified
   2              		.cpu cortex-m4
   3              		.eabi_attribute 27, 1
   4              		.eabi_attribute 28, 1
   5              		.fpu fpv4-sp-d16
   6              		.eabi_attribute 20, 1
   7              		.eabi_attribute 21, 1
   8              		.eabi_attribute 23, 3
   9              		.eabi_attribute 24, 1
  10              		.eabi_attribute 25, 1
  11              		.eabi_attribute 26, 1
  12              		.eabi_attribute 30, 2
  13              		.eabi_attribute 34, 1
  14              		.eabi_attribute 18, 4
  15              		.thumb
  16              		.file	"chmemcore.c"
  17              		.text
  18              	.Ltext0:
  19              		.cfi_sections	.debug_frame
  20              		.section	.text._core_init,"ax",%progbits
  21              		.align	2
  22              		.p2align 4,,15
  23              		.global	_core_init
  24              		.thumb
  25              		.thumb_func
  26              		.type	_core_init, %function
  27              	_core_init:
  28              	.LFB7:
  29              		.file 1 "./chibios/os/kernel/src/chmemcore.c"
  30              		.loc 1 66 0
  31              		.cfi_startproc
  32              		@ args = 0, pretend = 0, frame = 0
  33              		@ frame_needed = 0, uses_anonymous_args = 0
  34              		@ link register save eliminated.
  35              		.loc 1 70 0
  36 0000 054A     		ldr	r2, .L2
  37              		.loc 1 71 0
  38 0002 064B     		ldr	r3, .L2+4
  39              		.loc 1 70 0
  40 0004 0648     		ldr	r0, .L2+8
  41              		.loc 1 71 0
  42 0006 0749     		ldr	r1, .L2+12
  43              		.loc 1 70 0
  44 0008 22F00702 		bic	r2, r2, #7
  45              		.loc 1 71 0
  46 000c 23F00703 		bic	r3, r3, #7
  47              		.loc 1 70 0
  48 0010 0260     		str	r2, [r0]
  49              		.loc 1 71 0
  50 0012 0B60     		str	r3, [r1]
  51 0014 7047     		bx	lr
  52              	.L3:
  53 0016 00BF     		.align	2
  54              	.L2:
  55 0018 07000000 		.word	__heap_base__+7
  56 001c 00000000 		.word	__heap_end__
  57 0020 00000000 		.word	.LANCHOR0
ARM GAS  /var/folders/zv/18v39shs5gqc3xhz55t6cxb00000gn/T//ccrrw3XS.s 			page 2


  58 0024 00000000 		.word	.LANCHOR1
  59              		.cfi_endproc
  60              	.LFE7:
  61              		.size	_core_init, .-_core_init
  62 0028 AFF30080 		.section	.text.chCoreAlloc,"ax",%progbits
  62      AFF30080 
  63              		.align	2
  64              		.p2align 4,,15
  65              		.global	chCoreAlloc
  66              		.thumb
  67              		.thumb_func
  68              		.type	chCoreAlloc, %function
  69              	chCoreAlloc:
  70              	.LFB8:
  71              		.loc 1 91 0
  72              		.cfi_startproc
  73              		@ args = 0, pretend = 0, frame = 0
  74              		@ frame_needed = 0, uses_anonymous_args = 0
  75              		@ link register save eliminated.
  76              	.LVL0:
  77 0000 10B4     		push	{r4}
  78              		.cfi_def_cfa_offset 4
  79              		.cfi_offset 4, -4
  80              	.LBB6:
  81              		.loc 1 94 0
  82 0002 2023     		movs	r3, #32
  83              	@ 94 "./chibios/os/kernel/src/chmemcore.c" 1
  84 0004 83F31188 		msr     BASEPRI, r3
  85              	@ 0 "" 2
  86              	.LVL1:
  87              		.thumb
  88              	.LBE6:
  89              	.LBB7:
  90              	.LBB8:
  91              		.loc 1 118 0
  92 0008 094C     		ldr	r4, .L8
  93 000a 0A4B     		ldr	r3, .L8+4
  94 000c 2268     		ldr	r2, [r4]
  95 000e 1968     		ldr	r1, [r3]
  96              		.loc 1 117 0
  97 0010 C31D     		adds	r3, r0, #7
  98 0012 23F00703 		bic	r3, r3, #7
  99              	.LVL2:
 100              		.loc 1 118 0
 101 0016 891A     		subs	r1, r1, r2
 102 0018 8B42     		cmp	r3, r1
 103              	.LVL3:
 104              		.loc 1 121 0
 105 001a 9DBF     		ittte	ls
 106 001c 9B18     		addls	r3, r3, r2
 107              	.LVL4:
 108 001e 2360     		strls	r3, [r4]
 109              		.loc 1 122 0
 110 0020 1046     		movls	r0, r2
 111              	.LVL5:
 112              		.loc 1 119 0
 113 0022 0020     		movhi	r0, #0
ARM GAS  /var/folders/zv/18v39shs5gqc3xhz55t6cxb00000gn/T//ccrrw3XS.s 			page 3


 114              	.LBE8:
 115              	.LBE7:
 116              	.LBB9:
 117              		.loc 1 96 0
 118 0024 0023     		movs	r3, #0
 119              	@ 96 "./chibios/os/kernel/src/chmemcore.c" 1
 120 0026 83F31188 		msr     BASEPRI, r3
 121              	@ 0 "" 2
 122              		.thumb
 123              	.LBE9:
 124              		.loc 1 98 0
 125 002a 5DF8044B 		ldr	r4, [sp], #4
 126              		.cfi_restore 4
 127              		.cfi_def_cfa_offset 0
 128 002e 7047     		bx	lr
 129              	.L9:
 130              		.align	2
 131              	.L8:
 132 0030 00000000 		.word	.LANCHOR0
 133 0034 00000000 		.word	.LANCHOR1
 134              		.cfi_endproc
 135              	.LFE8:
 136              		.size	chCoreAlloc, .-chCoreAlloc
 137 0038 AFF30080 		.section	.text.chCoreAllocI,"ax",%progbits
 137      AFF30080 
 138              		.align	2
 139              		.p2align 4,,15
 140              		.global	chCoreAllocI
 141              		.thumb
 142              		.thumb_func
 143              		.type	chCoreAllocI, %function
 144              	chCoreAllocI:
 145              	.LFB9:
 146              		.loc 1 112 0
 147              		.cfi_startproc
 148              		@ args = 0, pretend = 0, frame = 0
 149              		@ frame_needed = 0, uses_anonymous_args = 0
 150              		@ link register save eliminated.
 151              	.LVL6:
 152 0000 10B4     		push	{r4}
 153              		.cfi_def_cfa_offset 4
 154              		.cfi_offset 4, -4
 155              		.loc 1 118 0
 156 0002 084B     		ldr	r3, .L14
 157 0004 084C     		ldr	r4, .L14+4
 158 0006 1968     		ldr	r1, [r3]
 159 0008 2268     		ldr	r2, [r4]
 160              		.loc 1 117 0
 161 000a 0730     		adds	r0, r0, #7
 162              	.LVL7:
 163 000c 20F00703 		bic	r3, r0, #7
 164              	.LVL8:
 165              		.loc 1 118 0
 166 0010 891A     		subs	r1, r1, r2
 167 0012 8B42     		cmp	r3, r1
 168              	.LVL9:
 169              		.loc 1 121 0
ARM GAS  /var/folders/zv/18v39shs5gqc3xhz55t6cxb00000gn/T//ccrrw3XS.s 			page 4


 170 0014 9DBF     		ittte	ls
 171 0016 9B18     		addls	r3, r3, r2
 172              	.LVL10:
 173 0018 2360     		strls	r3, [r4]
 174              		.loc 1 122 0
 175 001a 1046     		movls	r0, r2
 176              	.LVL11:
 177              		.loc 1 119 0
 178 001c 0020     		movhi	r0, #0
 179              		.loc 1 123 0
 180 001e 5DF8044B 		ldr	r4, [sp], #4
 181              		.cfi_restore 4
 182              		.cfi_def_cfa_offset 0
 183 0022 7047     		bx	lr
 184              	.L15:
 185              		.align	2
 186              	.L14:
 187 0024 00000000 		.word	.LANCHOR1
 188 0028 00000000 		.word	.LANCHOR0
 189              		.cfi_endproc
 190              	.LFE9:
 191              		.size	chCoreAllocI, .-chCoreAllocI
 192 002c AFF30080 		.section	.text.chCoreStatus,"ax",%progbits
 193              		.align	2
 194              		.p2align 4,,15
 195              		.global	chCoreStatus
 196              		.thumb
 197              		.thumb_func
 198              		.type	chCoreStatus, %function
 199              	chCoreStatus:
 200              	.LFB10:
 201              		.loc 1 132 0
 202              		.cfi_startproc
 203              		@ args = 0, pretend = 0, frame = 0
 204              		@ frame_needed = 0, uses_anonymous_args = 0
 205              		@ link register save eliminated.
 206              		.loc 1 134 0
 207 0000 024A     		ldr	r2, .L17
 208 0002 034B     		ldr	r3, .L17+4
 209 0004 1068     		ldr	r0, [r2]
 210 0006 1B68     		ldr	r3, [r3]
 211              		.loc 1 135 0
 212 0008 C01A     		subs	r0, r0, r3
 213 000a 7047     		bx	lr
 214              	.L18:
 215              		.align	2
 216              	.L17:
 217 000c 00000000 		.word	.LANCHOR1
 218 0010 00000000 		.word	.LANCHOR0
 219              		.cfi_endproc
 220              	.LFE10:
 221              		.size	chCoreStatus, .-chCoreStatus
 222 0014 AFF30080 		.section	.bss.endmem,"aw",%nobits
 222      AFF30080 
 222      AFF30080 
 223              		.align	2
 224              		.set	.LANCHOR1,. + 0
ARM GAS  /var/folders/zv/18v39shs5gqc3xhz55t6cxb00000gn/T//ccrrw3XS.s 			page 5


 225              		.type	endmem, %object
 226              		.size	endmem, 4
 227              	endmem:
 228 0000 00000000 		.space	4
 229              		.section	.bss.nextmem,"aw",%nobits
 230              		.align	2
 231              		.set	.LANCHOR0,. + 0
 232              		.type	nextmem, %object
 233              		.size	nextmem, 4
 234              	nextmem:
 235 0000 00000000 		.space	4
 236              		.text
 237              	.Letext0:
 238              		.file 2 "/Users/Daniel/Documents/Bachelor/Kode/rov-subside2015/arm/lib/gcc/arm-none-eabi/4.9.3/inc
 239              		.file 3 "/Users/Daniel/Documents/Bachelor/Kode/rov-subside2015/arm/arm-none-eabi/include/machine/_
 240              		.file 4 "/Users/Daniel/Documents/Bachelor/Kode/rov-subside2015/arm/arm-none-eabi/include/stdint.h"
 241              		.section	.debug_info,"",%progbits
 242              	.Ldebug_info0:
 243 0000 1B020000 		.4byte	0x21b
 244 0004 0400     		.2byte	0x4
 245 0006 00000000 		.4byte	.Ldebug_abbrev0
 246 000a 04       		.byte	0x4
 247 000b 01       		.uleb128 0x1
 248 000c 88010000 		.4byte	.LASF21
 249 0010 01       		.byte	0x1
 250 0011 2D000000 		.4byte	.LASF22
 251 0015 18010000 		.4byte	.LASF23
 252 0019 00000000 		.4byte	.Ldebug_ranges0+0
 253 001d 00000000 		.4byte	0
 254 0021 00000000 		.4byte	.Ldebug_line0
 255 0025 02       		.uleb128 0x2
 256 0026 04       		.byte	0x4
 257 0027 05       		.byte	0x5
 258 0028 696E7400 		.ascii	"int\000"
 259 002c 03       		.uleb128 0x3
 260 002d 11000000 		.4byte	.LASF2
 261 0031 02       		.byte	0x2
 262 0032 D4       		.byte	0xd4
 263 0033 37000000 		.4byte	0x37
 264 0037 04       		.uleb128 0x4
 265 0038 04       		.byte	0x4
 266 0039 07       		.byte	0x7
 267 003a B5000000 		.4byte	.LASF0
 268 003e 04       		.uleb128 0x4
 269 003f 01       		.byte	0x1
 270 0040 06       		.byte	0x6
 271 0041 7C010000 		.4byte	.LASF1
 272 0045 03       		.uleb128 0x3
 273 0046 07000000 		.4byte	.LASF3
 274 004a 03       		.byte	0x3
 275 004b 1D       		.byte	0x1d
 276 004c 50000000 		.4byte	0x50
 277 0050 04       		.uleb128 0x4
 278 0051 01       		.byte	0x1
 279 0052 08       		.byte	0x8
 280 0053 91000000 		.4byte	.LASF4
 281 0057 04       		.uleb128 0x4
ARM GAS  /var/folders/zv/18v39shs5gqc3xhz55t6cxb00000gn/T//ccrrw3XS.s 			page 6


 282 0058 02       		.byte	0x2
 283 0059 05       		.byte	0x5
 284 005a 5D010000 		.4byte	.LASF5
 285 005e 04       		.uleb128 0x4
 286 005f 02       		.byte	0x2
 287 0060 07       		.byte	0x7
 288 0061 75000000 		.4byte	.LASF6
 289 0065 04       		.uleb128 0x4
 290 0066 04       		.byte	0x4
 291 0067 05       		.byte	0x5
 292 0068 73010000 		.4byte	.LASF7
 293 006c 03       		.uleb128 0x3
 294 006d 9F000000 		.4byte	.LASF8
 295 0071 03       		.byte	0x3
 296 0072 41       		.byte	0x41
 297 0073 77000000 		.4byte	0x77
 298 0077 04       		.uleb128 0x4
 299 0078 04       		.byte	0x4
 300 0079 07       		.byte	0x7
 301 007a 56000000 		.4byte	.LASF9
 302 007e 04       		.uleb128 0x4
 303 007f 08       		.byte	0x8
 304 0080 05       		.byte	0x5
 305 0081 F8000000 		.4byte	.LASF10
 306 0085 04       		.uleb128 0x4
 307 0086 08       		.byte	0x8
 308 0087 07       		.byte	0x7
 309 0088 C2000000 		.4byte	.LASF11
 310 008c 03       		.uleb128 0x3
 311 008d D9000000 		.4byte	.LASF12
 312 0091 04       		.byte	0x4
 313 0092 15       		.byte	0x15
 314 0093 45000000 		.4byte	0x45
 315 0097 03       		.uleb128 0x3
 316 0098 88000000 		.4byte	.LASF13
 317 009c 04       		.byte	0x4
 318 009d 2D       		.byte	0x2d
 319 009e 6C000000 		.4byte	0x6c
 320 00a2 04       		.uleb128 0x4
 321 00a3 01       		.byte	0x1
 322 00a4 02       		.byte	0x2
 323 00a5 A1020000 		.4byte	.LASF14
 324 00a9 05       		.uleb128 0x5
 325 00aa 04       		.byte	0x4
 326 00ab 04       		.uleb128 0x4
 327 00ac 04       		.byte	0x4
 328 00ad 07       		.byte	0x7
 329 00ae EF000000 		.4byte	.LASF15
 330 00b2 04       		.uleb128 0x4
 331 00b3 01       		.byte	0x1
 332 00b4 08       		.byte	0x8
 333 00b5 06010000 		.4byte	.LASF16
 334 00b9 06       		.uleb128 0x6
 335 00ba 04       		.byte	0x4
 336 00bb 8C000000 		.4byte	0x8c
 337 00bf 07       		.uleb128 0x7
 338 00c0 20000000 		.4byte	.LASF24
ARM GAS  /var/folders/zv/18v39shs5gqc3xhz55t6cxb00000gn/T//ccrrw3XS.s 			page 7


 339 00c4 01       		.byte	0x1
 340 00c5 70       		.byte	0x70
 341 00c6 A9000000 		.4byte	0xa9
 342 00ca 01       		.byte	0x1
 343 00cb E4000000 		.4byte	0xe4
 344 00cf 08       		.uleb128 0x8
 345 00d0 51000000 		.4byte	.LASF25
 346 00d4 01       		.byte	0x1
 347 00d5 70       		.byte	0x70
 348 00d6 2C000000 		.4byte	0x2c
 349 00da 09       		.uleb128 0x9
 350 00db 7000     		.ascii	"p\000"
 351 00dd 01       		.byte	0x1
 352 00de 71       		.byte	0x71
 353 00df A9000000 		.4byte	0xa9
 354 00e3 00       		.byte	0
 355 00e4 0A       		.uleb128 0xa
 356 00e5 AA000000 		.4byte	.LASF26
 357 00e9 01       		.byte	0x1
 358 00ea 42       		.byte	0x42
 359 00eb 00000000 		.4byte	.LFB7
 360 00ef 28000000 		.4byte	.LFE7-.LFB7
 361 00f3 01       		.uleb128 0x1
 362 00f4 9C       		.byte	0x9c
 363 00f5 10010000 		.4byte	0x110
 364 00f9 0B       		.uleb128 0xb
 365 00fa E1000000 		.4byte	.LASF17
 366 00fe 01       		.byte	0x1
 367 00ff 44       		.byte	0x44
 368 0100 10010000 		.4byte	0x110
 369 0104 0B       		.uleb128 0xb
 370 0105 0B010000 		.4byte	.LASF18
 371 0109 01       		.byte	0x1
 372 010a 45       		.byte	0x45
 373 010b 10010000 		.4byte	0x110
 374 010f 00       		.byte	0
 375 0110 0C       		.uleb128 0xc
 376 0111 8C000000 		.4byte	0x8c
 377 0115 1B010000 		.4byte	0x11b
 378 0119 0D       		.uleb128 0xd
 379 011a 00       		.byte	0
 380 011b 0E       		.uleb128 0xe
 381 011c 67010000 		.4byte	.LASF27
 382 0120 01       		.byte	0x1
 383 0121 5B       		.byte	0x5b
 384 0122 A9000000 		.4byte	0xa9
 385 0126 00000000 		.4byte	.LFB8
 386 012a 38000000 		.4byte	.LFE8-.LFB8
 387 012e 01       		.uleb128 0x1
 388 012f 9C       		.byte	0x9c
 389 0130 AD010000 		.4byte	0x1ad
 390 0134 0F       		.uleb128 0xf
 391 0135 51000000 		.4byte	.LASF25
 392 0139 01       		.byte	0x1
 393 013a 5B       		.byte	0x5b
 394 013b 2C000000 		.4byte	0x2c
 395 013f 00000000 		.4byte	.LLST0
ARM GAS  /var/folders/zv/18v39shs5gqc3xhz55t6cxb00000gn/T//ccrrw3XS.s 			page 8


 396 0143 09       		.uleb128 0x9
 397 0144 7000     		.ascii	"p\000"
 398 0146 01       		.byte	0x1
 399 0147 5C       		.byte	0x5c
 400 0148 A9000000 		.4byte	0xa9
 401 014c 10       		.uleb128 0x10
 402 014d 02000000 		.4byte	.LBB6
 403 0151 06000000 		.4byte	.LBE6-.LBB6
 404 0155 67010000 		.4byte	0x167
 405 0159 11       		.uleb128 0x11
 406 015a 746D7000 		.ascii	"tmp\000"
 407 015e 01       		.byte	0x1
 408 015f 5E       		.byte	0x5e
 409 0160 97000000 		.4byte	0x97
 410 0164 01       		.uleb128 0x1
 411 0165 53       		.byte	0x53
 412 0166 00       		.byte	0
 413 0167 12       		.uleb128 0x12
 414 0168 BF000000 		.4byte	0xbf
 415 016c 08000000 		.4byte	.LBB7
 416 0170 1C000000 		.4byte	.LBE7-.LBB7
 417 0174 01       		.byte	0x1
 418 0175 5F       		.byte	0x5f
 419 0176 95010000 		.4byte	0x195
 420 017a 13       		.uleb128 0x13
 421 017b CF000000 		.4byte	0xcf
 422 017f 21000000 		.4byte	.LLST1
 423 0183 14       		.uleb128 0x14
 424 0184 08000000 		.4byte	.LBB8
 425 0188 1C000000 		.4byte	.LBE8-.LBB8
 426 018c 15       		.uleb128 0x15
 427 018d DA000000 		.4byte	0xda
 428 0191 01       		.uleb128 0x1
 429 0192 52       		.byte	0x52
 430 0193 00       		.byte	0
 431 0194 00       		.byte	0
 432 0195 14       		.uleb128 0x14
 433 0196 24000000 		.4byte	.LBB9
 434 019a 06000000 		.4byte	.LBE9-.LBB9
 435 019e 11       		.uleb128 0x11
 436 019f 746D7000 		.ascii	"tmp\000"
 437 01a3 01       		.byte	0x1
 438 01a4 60       		.byte	0x60
 439 01a5 97000000 		.4byte	0x97
 440 01a9 01       		.uleb128 0x1
 441 01aa 53       		.byte	0x53
 442 01ab 00       		.byte	0
 443 01ac 00       		.byte	0
 444 01ad 16       		.uleb128 0x16
 445 01ae BF000000 		.4byte	0xbf
 446 01b2 00000000 		.4byte	.LFB9
 447 01b6 2C000000 		.4byte	.LFE9-.LFB9
 448 01ba 01       		.uleb128 0x1
 449 01bb 9C       		.byte	0x9c
 450 01bc D1010000 		.4byte	0x1d1
 451 01c0 13       		.uleb128 0x13
 452 01c1 CF000000 		.4byte	0xcf
ARM GAS  /var/folders/zv/18v39shs5gqc3xhz55t6cxb00000gn/T//ccrrw3XS.s 			page 9


 453 01c5 62000000 		.4byte	.LLST2
 454 01c9 15       		.uleb128 0x15
 455 01ca DA000000 		.4byte	0xda
 456 01ce 01       		.uleb128 0x1
 457 01cf 52       		.byte	0x52
 458 01d0 00       		.byte	0
 459 01d1 17       		.uleb128 0x17
 460 01d2 68000000 		.4byte	.LASF28
 461 01d6 01       		.byte	0x1
 462 01d7 84       		.byte	0x84
 463 01d8 2C000000 		.4byte	0x2c
 464 01dc 00000000 		.4byte	.LFB10
 465 01e0 14000000 		.4byte	.LFE10-.LFB10
 466 01e4 01       		.uleb128 0x1
 467 01e5 9C       		.byte	0x9c
 468 01e6 18       		.uleb128 0x18
 469 01e7 18000000 		.4byte	.LASF19
 470 01eb 01       		.byte	0x1
 471 01ec 3A       		.byte	0x3a
 472 01ed B9000000 		.4byte	0xb9
 473 01f1 05       		.uleb128 0x5
 474 01f2 03       		.byte	0x3
 475 01f3 00000000 		.4byte	nextmem
 476 01f7 18       		.uleb128 0x18
 477 01f8 00000000 		.4byte	.LASF20
 478 01fc 01       		.byte	0x1
 479 01fd 3B       		.byte	0x3b
 480 01fe B9000000 		.4byte	0xb9
 481 0202 05       		.uleb128 0x5
 482 0203 03       		.byte	0x3
 483 0204 00000000 		.4byte	endmem
 484 0208 0B       		.uleb128 0xb
 485 0209 E1000000 		.4byte	.LASF17
 486 020d 01       		.byte	0x1
 487 020e 44       		.byte	0x44
 488 020f 10010000 		.4byte	0x110
 489 0213 0B       		.uleb128 0xb
 490 0214 0B010000 		.4byte	.LASF18
 491 0218 01       		.byte	0x1
 492 0219 45       		.byte	0x45
 493 021a 10010000 		.4byte	0x110
 494 021e 00       		.byte	0
 495              		.section	.debug_abbrev,"",%progbits
 496              	.Ldebug_abbrev0:
 497 0000 01       		.uleb128 0x1
 498 0001 11       		.uleb128 0x11
 499 0002 01       		.byte	0x1
 500 0003 25       		.uleb128 0x25
 501 0004 0E       		.uleb128 0xe
 502 0005 13       		.uleb128 0x13
 503 0006 0B       		.uleb128 0xb
 504 0007 03       		.uleb128 0x3
 505 0008 0E       		.uleb128 0xe
 506 0009 1B       		.uleb128 0x1b
 507 000a 0E       		.uleb128 0xe
 508 000b 55       		.uleb128 0x55
 509 000c 17       		.uleb128 0x17
ARM GAS  /var/folders/zv/18v39shs5gqc3xhz55t6cxb00000gn/T//ccrrw3XS.s 			page 10


 510 000d 11       		.uleb128 0x11
 511 000e 01       		.uleb128 0x1
 512 000f 10       		.uleb128 0x10
 513 0010 17       		.uleb128 0x17
 514 0011 00       		.byte	0
 515 0012 00       		.byte	0
 516 0013 02       		.uleb128 0x2
 517 0014 24       		.uleb128 0x24
 518 0015 00       		.byte	0
 519 0016 0B       		.uleb128 0xb
 520 0017 0B       		.uleb128 0xb
 521 0018 3E       		.uleb128 0x3e
 522 0019 0B       		.uleb128 0xb
 523 001a 03       		.uleb128 0x3
 524 001b 08       		.uleb128 0x8
 525 001c 00       		.byte	0
 526 001d 00       		.byte	0
 527 001e 03       		.uleb128 0x3
 528 001f 16       		.uleb128 0x16
 529 0020 00       		.byte	0
 530 0021 03       		.uleb128 0x3
 531 0022 0E       		.uleb128 0xe
 532 0023 3A       		.uleb128 0x3a
 533 0024 0B       		.uleb128 0xb
 534 0025 3B       		.uleb128 0x3b
 535 0026 0B       		.uleb128 0xb
 536 0027 49       		.uleb128 0x49
 537 0028 13       		.uleb128 0x13
 538 0029 00       		.byte	0
 539 002a 00       		.byte	0
 540 002b 04       		.uleb128 0x4
 541 002c 24       		.uleb128 0x24
 542 002d 00       		.byte	0
 543 002e 0B       		.uleb128 0xb
 544 002f 0B       		.uleb128 0xb
 545 0030 3E       		.uleb128 0x3e
 546 0031 0B       		.uleb128 0xb
 547 0032 03       		.uleb128 0x3
 548 0033 0E       		.uleb128 0xe
 549 0034 00       		.byte	0
 550 0035 00       		.byte	0
 551 0036 05       		.uleb128 0x5
 552 0037 0F       		.uleb128 0xf
 553 0038 00       		.byte	0
 554 0039 0B       		.uleb128 0xb
 555 003a 0B       		.uleb128 0xb
 556 003b 00       		.byte	0
 557 003c 00       		.byte	0
 558 003d 06       		.uleb128 0x6
 559 003e 0F       		.uleb128 0xf
 560 003f 00       		.byte	0
 561 0040 0B       		.uleb128 0xb
 562 0041 0B       		.uleb128 0xb
 563 0042 49       		.uleb128 0x49
 564 0043 13       		.uleb128 0x13
 565 0044 00       		.byte	0
 566 0045 00       		.byte	0
ARM GAS  /var/folders/zv/18v39shs5gqc3xhz55t6cxb00000gn/T//ccrrw3XS.s 			page 11


 567 0046 07       		.uleb128 0x7
 568 0047 2E       		.uleb128 0x2e
 569 0048 01       		.byte	0x1
 570 0049 3F       		.uleb128 0x3f
 571 004a 19       		.uleb128 0x19
 572 004b 03       		.uleb128 0x3
 573 004c 0E       		.uleb128 0xe
 574 004d 3A       		.uleb128 0x3a
 575 004e 0B       		.uleb128 0xb
 576 004f 3B       		.uleb128 0x3b
 577 0050 0B       		.uleb128 0xb
 578 0051 27       		.uleb128 0x27
 579 0052 19       		.uleb128 0x19
 580 0053 49       		.uleb128 0x49
 581 0054 13       		.uleb128 0x13
 582 0055 20       		.uleb128 0x20
 583 0056 0B       		.uleb128 0xb
 584 0057 01       		.uleb128 0x1
 585 0058 13       		.uleb128 0x13
 586 0059 00       		.byte	0
 587 005a 00       		.byte	0
 588 005b 08       		.uleb128 0x8
 589 005c 05       		.uleb128 0x5
 590 005d 00       		.byte	0
 591 005e 03       		.uleb128 0x3
 592 005f 0E       		.uleb128 0xe
 593 0060 3A       		.uleb128 0x3a
 594 0061 0B       		.uleb128 0xb
 595 0062 3B       		.uleb128 0x3b
 596 0063 0B       		.uleb128 0xb
 597 0064 49       		.uleb128 0x49
 598 0065 13       		.uleb128 0x13
 599 0066 00       		.byte	0
 600 0067 00       		.byte	0
 601 0068 09       		.uleb128 0x9
 602 0069 34       		.uleb128 0x34
 603 006a 00       		.byte	0
 604 006b 03       		.uleb128 0x3
 605 006c 08       		.uleb128 0x8
 606 006d 3A       		.uleb128 0x3a
 607 006e 0B       		.uleb128 0xb
 608 006f 3B       		.uleb128 0x3b
 609 0070 0B       		.uleb128 0xb
 610 0071 49       		.uleb128 0x49
 611 0072 13       		.uleb128 0x13
 612 0073 00       		.byte	0
 613 0074 00       		.byte	0
 614 0075 0A       		.uleb128 0xa
 615 0076 2E       		.uleb128 0x2e
 616 0077 01       		.byte	0x1
 617 0078 3F       		.uleb128 0x3f
 618 0079 19       		.uleb128 0x19
 619 007a 03       		.uleb128 0x3
 620 007b 0E       		.uleb128 0xe
 621 007c 3A       		.uleb128 0x3a
 622 007d 0B       		.uleb128 0xb
 623 007e 3B       		.uleb128 0x3b
ARM GAS  /var/folders/zv/18v39shs5gqc3xhz55t6cxb00000gn/T//ccrrw3XS.s 			page 12


 624 007f 0B       		.uleb128 0xb
 625 0080 27       		.uleb128 0x27
 626 0081 19       		.uleb128 0x19
 627 0082 11       		.uleb128 0x11
 628 0083 01       		.uleb128 0x1
 629 0084 12       		.uleb128 0x12
 630 0085 06       		.uleb128 0x6
 631 0086 40       		.uleb128 0x40
 632 0087 18       		.uleb128 0x18
 633 0088 9742     		.uleb128 0x2117
 634 008a 19       		.uleb128 0x19
 635 008b 01       		.uleb128 0x1
 636 008c 13       		.uleb128 0x13
 637 008d 00       		.byte	0
 638 008e 00       		.byte	0
 639 008f 0B       		.uleb128 0xb
 640 0090 34       		.uleb128 0x34
 641 0091 00       		.byte	0
 642 0092 03       		.uleb128 0x3
 643 0093 0E       		.uleb128 0xe
 644 0094 3A       		.uleb128 0x3a
 645 0095 0B       		.uleb128 0xb
 646 0096 3B       		.uleb128 0x3b
 647 0097 0B       		.uleb128 0xb
 648 0098 49       		.uleb128 0x49
 649 0099 13       		.uleb128 0x13
 650 009a 3F       		.uleb128 0x3f
 651 009b 19       		.uleb128 0x19
 652 009c 3C       		.uleb128 0x3c
 653 009d 19       		.uleb128 0x19
 654 009e 00       		.byte	0
 655 009f 00       		.byte	0
 656 00a0 0C       		.uleb128 0xc
 657 00a1 01       		.uleb128 0x1
 658 00a2 01       		.byte	0x1
 659 00a3 49       		.uleb128 0x49
 660 00a4 13       		.uleb128 0x13
 661 00a5 01       		.uleb128 0x1
 662 00a6 13       		.uleb128 0x13
 663 00a7 00       		.byte	0
 664 00a8 00       		.byte	0
 665 00a9 0D       		.uleb128 0xd
 666 00aa 21       		.uleb128 0x21
 667 00ab 00       		.byte	0
 668 00ac 00       		.byte	0
 669 00ad 00       		.byte	0
 670 00ae 0E       		.uleb128 0xe
 671 00af 2E       		.uleb128 0x2e
 672 00b0 01       		.byte	0x1
 673 00b1 3F       		.uleb128 0x3f
 674 00b2 19       		.uleb128 0x19
 675 00b3 03       		.uleb128 0x3
 676 00b4 0E       		.uleb128 0xe
 677 00b5 3A       		.uleb128 0x3a
 678 00b6 0B       		.uleb128 0xb
 679 00b7 3B       		.uleb128 0x3b
 680 00b8 0B       		.uleb128 0xb
ARM GAS  /var/folders/zv/18v39shs5gqc3xhz55t6cxb00000gn/T//ccrrw3XS.s 			page 13


 681 00b9 27       		.uleb128 0x27
 682 00ba 19       		.uleb128 0x19
 683 00bb 49       		.uleb128 0x49
 684 00bc 13       		.uleb128 0x13
 685 00bd 11       		.uleb128 0x11
 686 00be 01       		.uleb128 0x1
 687 00bf 12       		.uleb128 0x12
 688 00c0 06       		.uleb128 0x6
 689 00c1 40       		.uleb128 0x40
 690 00c2 18       		.uleb128 0x18
 691 00c3 9742     		.uleb128 0x2117
 692 00c5 19       		.uleb128 0x19
 693 00c6 01       		.uleb128 0x1
 694 00c7 13       		.uleb128 0x13
 695 00c8 00       		.byte	0
 696 00c9 00       		.byte	0
 697 00ca 0F       		.uleb128 0xf
 698 00cb 05       		.uleb128 0x5
 699 00cc 00       		.byte	0
 700 00cd 03       		.uleb128 0x3
 701 00ce 0E       		.uleb128 0xe
 702 00cf 3A       		.uleb128 0x3a
 703 00d0 0B       		.uleb128 0xb
 704 00d1 3B       		.uleb128 0x3b
 705 00d2 0B       		.uleb128 0xb
 706 00d3 49       		.uleb128 0x49
 707 00d4 13       		.uleb128 0x13
 708 00d5 02       		.uleb128 0x2
 709 00d6 17       		.uleb128 0x17
 710 00d7 00       		.byte	0
 711 00d8 00       		.byte	0
 712 00d9 10       		.uleb128 0x10
 713 00da 0B       		.uleb128 0xb
 714 00db 01       		.byte	0x1
 715 00dc 11       		.uleb128 0x11
 716 00dd 01       		.uleb128 0x1
 717 00de 12       		.uleb128 0x12
 718 00df 06       		.uleb128 0x6
 719 00e0 01       		.uleb128 0x1
 720 00e1 13       		.uleb128 0x13
 721 00e2 00       		.byte	0
 722 00e3 00       		.byte	0
 723 00e4 11       		.uleb128 0x11
 724 00e5 34       		.uleb128 0x34
 725 00e6 00       		.byte	0
 726 00e7 03       		.uleb128 0x3
 727 00e8 08       		.uleb128 0x8
 728 00e9 3A       		.uleb128 0x3a
 729 00ea 0B       		.uleb128 0xb
 730 00eb 3B       		.uleb128 0x3b
 731 00ec 0B       		.uleb128 0xb
 732 00ed 49       		.uleb128 0x49
 733 00ee 13       		.uleb128 0x13
 734 00ef 02       		.uleb128 0x2
 735 00f0 18       		.uleb128 0x18
 736 00f1 00       		.byte	0
 737 00f2 00       		.byte	0
ARM GAS  /var/folders/zv/18v39shs5gqc3xhz55t6cxb00000gn/T//ccrrw3XS.s 			page 14


 738 00f3 12       		.uleb128 0x12
 739 00f4 1D       		.uleb128 0x1d
 740 00f5 01       		.byte	0x1
 741 00f6 31       		.uleb128 0x31
 742 00f7 13       		.uleb128 0x13
 743 00f8 11       		.uleb128 0x11
 744 00f9 01       		.uleb128 0x1
 745 00fa 12       		.uleb128 0x12
 746 00fb 06       		.uleb128 0x6
 747 00fc 58       		.uleb128 0x58
 748 00fd 0B       		.uleb128 0xb
 749 00fe 59       		.uleb128 0x59
 750 00ff 0B       		.uleb128 0xb
 751 0100 01       		.uleb128 0x1
 752 0101 13       		.uleb128 0x13
 753 0102 00       		.byte	0
 754 0103 00       		.byte	0
 755 0104 13       		.uleb128 0x13
 756 0105 05       		.uleb128 0x5
 757 0106 00       		.byte	0
 758 0107 31       		.uleb128 0x31
 759 0108 13       		.uleb128 0x13
 760 0109 02       		.uleb128 0x2
 761 010a 17       		.uleb128 0x17
 762 010b 00       		.byte	0
 763 010c 00       		.byte	0
 764 010d 14       		.uleb128 0x14
 765 010e 0B       		.uleb128 0xb
 766 010f 01       		.byte	0x1
 767 0110 11       		.uleb128 0x11
 768 0111 01       		.uleb128 0x1
 769 0112 12       		.uleb128 0x12
 770 0113 06       		.uleb128 0x6
 771 0114 00       		.byte	0
 772 0115 00       		.byte	0
 773 0116 15       		.uleb128 0x15
 774 0117 34       		.uleb128 0x34
 775 0118 00       		.byte	0
 776 0119 31       		.uleb128 0x31
 777 011a 13       		.uleb128 0x13
 778 011b 02       		.uleb128 0x2
 779 011c 18       		.uleb128 0x18
 780 011d 00       		.byte	0
 781 011e 00       		.byte	0
 782 011f 16       		.uleb128 0x16
 783 0120 2E       		.uleb128 0x2e
 784 0121 01       		.byte	0x1
 785 0122 31       		.uleb128 0x31
 786 0123 13       		.uleb128 0x13
 787 0124 11       		.uleb128 0x11
 788 0125 01       		.uleb128 0x1
 789 0126 12       		.uleb128 0x12
 790 0127 06       		.uleb128 0x6
 791 0128 40       		.uleb128 0x40
 792 0129 18       		.uleb128 0x18
 793 012a 9742     		.uleb128 0x2117
 794 012c 19       		.uleb128 0x19
ARM GAS  /var/folders/zv/18v39shs5gqc3xhz55t6cxb00000gn/T//ccrrw3XS.s 			page 15


 795 012d 01       		.uleb128 0x1
 796 012e 13       		.uleb128 0x13
 797 012f 00       		.byte	0
 798 0130 00       		.byte	0
 799 0131 17       		.uleb128 0x17
 800 0132 2E       		.uleb128 0x2e
 801 0133 00       		.byte	0
 802 0134 3F       		.uleb128 0x3f
 803 0135 19       		.uleb128 0x19
 804 0136 03       		.uleb128 0x3
 805 0137 0E       		.uleb128 0xe
 806 0138 3A       		.uleb128 0x3a
 807 0139 0B       		.uleb128 0xb
 808 013a 3B       		.uleb128 0x3b
 809 013b 0B       		.uleb128 0xb
 810 013c 27       		.uleb128 0x27
 811 013d 19       		.uleb128 0x19
 812 013e 49       		.uleb128 0x49
 813 013f 13       		.uleb128 0x13
 814 0140 11       		.uleb128 0x11
 815 0141 01       		.uleb128 0x1
 816 0142 12       		.uleb128 0x12
 817 0143 06       		.uleb128 0x6
 818 0144 40       		.uleb128 0x40
 819 0145 18       		.uleb128 0x18
 820 0146 9742     		.uleb128 0x2117
 821 0148 19       		.uleb128 0x19
 822 0149 00       		.byte	0
 823 014a 00       		.byte	0
 824 014b 18       		.uleb128 0x18
 825 014c 34       		.uleb128 0x34
 826 014d 00       		.byte	0
 827 014e 03       		.uleb128 0x3
 828 014f 0E       		.uleb128 0xe
 829 0150 3A       		.uleb128 0x3a
 830 0151 0B       		.uleb128 0xb
 831 0152 3B       		.uleb128 0x3b
 832 0153 0B       		.uleb128 0xb
 833 0154 49       		.uleb128 0x49
 834 0155 13       		.uleb128 0x13
 835 0156 02       		.uleb128 0x2
 836 0157 18       		.uleb128 0x18
 837 0158 00       		.byte	0
 838 0159 00       		.byte	0
 839 015a 00       		.byte	0
 840              		.section	.debug_loc,"",%progbits
 841              	.Ldebug_loc0:
 842              	.LLST0:
 843 0000 00000000 		.4byte	.LVL0
 844 0004 22000000 		.4byte	.LVL5
 845 0008 0100     		.2byte	0x1
 846 000a 50       		.byte	0x50
 847 000b 22000000 		.4byte	.LVL5
 848 000f 38000000 		.4byte	.LFE8
 849 0013 0400     		.2byte	0x4
 850 0015 F3       		.byte	0xf3
 851 0016 01       		.uleb128 0x1
ARM GAS  /var/folders/zv/18v39shs5gqc3xhz55t6cxb00000gn/T//ccrrw3XS.s 			page 16


 852 0017 50       		.byte	0x50
 853 0018 9F       		.byte	0x9f
 854 0019 00000000 		.4byte	0
 855 001d 00000000 		.4byte	0
 856              	.LLST1:
 857 0021 08000000 		.4byte	.LVL1
 858 0025 16000000 		.4byte	.LVL2
 859 0029 0100     		.2byte	0x1
 860 002b 50       		.byte	0x50
 861 002c 16000000 		.4byte	.LVL2
 862 0030 1E000000 		.4byte	.LVL4
 863 0034 0100     		.2byte	0x1
 864 0036 53       		.byte	0x53
 865 0037 1E000000 		.4byte	.LVL4
 866 003b 22000000 		.4byte	.LVL5
 867 003f 0600     		.2byte	0x6
 868 0041 70       		.byte	0x70
 869 0042 07       		.sleb128 7
 870 0043 09       		.byte	0x9
 871 0044 F8       		.byte	0xf8
 872 0045 1A       		.byte	0x1a
 873 0046 9F       		.byte	0x9f
 874 0047 22000000 		.4byte	.LVL5
 875 004b 38000000 		.4byte	.LFE8
 876 004f 0900     		.2byte	0x9
 877 0051 F3       		.byte	0xf3
 878 0052 01       		.uleb128 0x1
 879 0053 50       		.byte	0x50
 880 0054 23       		.byte	0x23
 881 0055 07       		.uleb128 0x7
 882 0056 09       		.byte	0x9
 883 0057 F8       		.byte	0xf8
 884 0058 1A       		.byte	0x1a
 885 0059 9F       		.byte	0x9f
 886 005a 00000000 		.4byte	0
 887 005e 00000000 		.4byte	0
 888              	.LLST2:
 889 0062 00000000 		.4byte	.LVL6
 890 0066 0C000000 		.4byte	.LVL7
 891 006a 0100     		.2byte	0x1
 892 006c 50       		.byte	0x50
 893 006d 0C000000 		.4byte	.LVL7
 894 0071 10000000 		.4byte	.LVL8
 895 0075 0300     		.2byte	0x3
 896 0077 70       		.byte	0x70
 897 0078 79       		.sleb128 -7
 898 0079 9F       		.byte	0x9f
 899 007a 10000000 		.4byte	.LVL8
 900 007e 18000000 		.4byte	.LVL10
 901 0082 0100     		.2byte	0x1
 902 0084 53       		.byte	0x53
 903 0085 18000000 		.4byte	.LVL10
 904 0089 1C000000 		.4byte	.LVL11
 905 008d 0600     		.2byte	0x6
 906 008f 70       		.byte	0x70
 907 0090 00       		.sleb128 0
 908 0091 09       		.byte	0x9
ARM GAS  /var/folders/zv/18v39shs5gqc3xhz55t6cxb00000gn/T//ccrrw3XS.s 			page 17


 909 0092 F8       		.byte	0xf8
 910 0093 1A       		.byte	0x1a
 911 0094 9F       		.byte	0x9f
 912 0095 1C000000 		.4byte	.LVL11
 913 0099 2C000000 		.4byte	.LFE9
 914 009d 0900     		.2byte	0x9
 915 009f F3       		.byte	0xf3
 916 00a0 01       		.uleb128 0x1
 917 00a1 50       		.byte	0x50
 918 00a2 23       		.byte	0x23
 919 00a3 07       		.uleb128 0x7
 920 00a4 09       		.byte	0x9
 921 00a5 F8       		.byte	0xf8
 922 00a6 1A       		.byte	0x1a
 923 00a7 9F       		.byte	0x9f
 924 00a8 00000000 		.4byte	0
 925 00ac 00000000 		.4byte	0
 926              		.section	.debug_aranges,"",%progbits
 927 0000 34000000 		.4byte	0x34
 928 0004 0200     		.2byte	0x2
 929 0006 00000000 		.4byte	.Ldebug_info0
 930 000a 04       		.byte	0x4
 931 000b 00       		.byte	0
 932 000c 0000     		.2byte	0
 933 000e 0000     		.2byte	0
 934 0010 00000000 		.4byte	.LFB7
 935 0014 28000000 		.4byte	.LFE7-.LFB7
 936 0018 00000000 		.4byte	.LFB8
 937 001c 38000000 		.4byte	.LFE8-.LFB8
 938 0020 00000000 		.4byte	.LFB9
 939 0024 2C000000 		.4byte	.LFE9-.LFB9
 940 0028 00000000 		.4byte	.LFB10
 941 002c 14000000 		.4byte	.LFE10-.LFB10
 942 0030 00000000 		.4byte	0
 943 0034 00000000 		.4byte	0
 944              		.section	.debug_ranges,"",%progbits
 945              	.Ldebug_ranges0:
 946 0000 00000000 		.4byte	.LFB7
 947 0004 28000000 		.4byte	.LFE7
 948 0008 00000000 		.4byte	.LFB8
 949 000c 38000000 		.4byte	.LFE8
 950 0010 00000000 		.4byte	.LFB9
 951 0014 2C000000 		.4byte	.LFE9
 952 0018 00000000 		.4byte	.LFB10
 953 001c 14000000 		.4byte	.LFE10
 954 0020 00000000 		.4byte	0
 955 0024 00000000 		.4byte	0
 956              		.section	.debug_line,"",%progbits
 957              	.Ldebug_line0:
 958 0000 D0010000 		.section	.debug_str,"MS",%progbits,1
 958      02006C01 
 958      00000201 
 958      FB0E0D00 
 958      01010101 
 959              	.LASF20:
 960 0000 656E646D 		.ascii	"endmem\000"
 960      656D00
ARM GAS  /var/folders/zv/18v39shs5gqc3xhz55t6cxb00000gn/T//ccrrw3XS.s 			page 18


 961              	.LASF3:
 962 0007 5F5F7569 		.ascii	"__uint8_t\000"
 962      6E74385F 
 962      7400
 963              	.LASF2:
 964 0011 73697A65 		.ascii	"size_t\000"
 964      5F7400
 965              	.LASF19:
 966 0018 6E657874 		.ascii	"nextmem\000"
 966      6D656D00 
 967              	.LASF24:
 968 0020 6368436F 		.ascii	"chCoreAllocI\000"
 968      7265416C 
 968      6C6F6349 
 968      00
 969              	.LASF22:
 970 002d 2E2F6368 		.ascii	"./chibios/os/kernel/src/chmemcore.c\000"
 970      6962696F 
 970      732F6F73 
 970      2F6B6572 
 970      6E656C2F 
 971              	.LASF25:
 972 0051 73697A65 		.ascii	"size\000"
 972      00
 973              	.LASF9:
 974 0056 6C6F6E67 		.ascii	"long unsigned int\000"
 974      20756E73 
 974      69676E65 
 974      6420696E 
 974      7400
 975              	.LASF28:
 976 0068 6368436F 		.ascii	"chCoreStatus\000"
 976      72655374 
 976      61747573 
 976      00
 977              	.LASF6:
 978 0075 73686F72 		.ascii	"short unsigned int\000"
 978      7420756E 
 978      7369676E 
 978      65642069 
 978      6E7400
 979              	.LASF13:
 980 0088 75696E74 		.ascii	"uint32_t\000"
 980      33325F74 
 980      00
 981              	.LASF4:
 982 0091 756E7369 		.ascii	"unsigned char\000"
 982      676E6564 
 982      20636861 
 982      7200
 983              	.LASF8:
 984 009f 5F5F7569 		.ascii	"__uint32_t\000"
 984      6E743332 
 984      5F7400
 985              	.LASF26:
 986 00aa 5F636F72 		.ascii	"_core_init\000"
 986      655F696E 
ARM GAS  /var/folders/zv/18v39shs5gqc3xhz55t6cxb00000gn/T//ccrrw3XS.s 			page 19


 986      697400
 987              	.LASF0:
 988 00b5 756E7369 		.ascii	"unsigned int\000"
 988      676E6564 
 988      20696E74 
 988      00
 989              	.LASF11:
 990 00c2 6C6F6E67 		.ascii	"long long unsigned int\000"
 990      206C6F6E 
 990      6720756E 
 990      7369676E 
 990      65642069 
 991              	.LASF12:
 992 00d9 75696E74 		.ascii	"uint8_t\000"
 992      385F7400 
 993              	.LASF17:
 994 00e1 5F5F6865 		.ascii	"__heap_base__\000"
 994      61705F62 
 994      6173655F 
 994      5F00
 995              	.LASF15:
 996 00ef 73697A65 		.ascii	"sizetype\000"
 996      74797065 
 996      00
 997              	.LASF10:
 998 00f8 6C6F6E67 		.ascii	"long long int\000"
 998      206C6F6E 
 998      6720696E 
 998      7400
 999              	.LASF16:
 1000 0106 63686172 		.ascii	"char\000"
 1000      00
 1001              	.LASF18:
 1002 010b 5F5F6865 		.ascii	"__heap_end__\000"
 1002      61705F65 
 1002      6E645F5F 
 1002      00
 1003              	.LASF23:
 1004 0118 2F557365 		.ascii	"/Users/Daniel/Documents/Bachelor/Kode/rov-subside20"
 1004      72732F44 
 1004      616E6965 
 1004      6C2F446F 
 1004      63756D65 
 1005 014b 31352F54 		.ascii	"15/ThrusterModule\000"
 1005      68727573 
 1005      7465724D 
 1005      6F64756C 
 1005      6500
 1006              	.LASF5:
 1007 015d 73686F72 		.ascii	"short int\000"
 1007      7420696E 
 1007      7400
 1008              	.LASF27:
 1009 0167 6368436F 		.ascii	"chCoreAlloc\000"
 1009      7265416C 
 1009      6C6F6300 
 1010              	.LASF7:
ARM GAS  /var/folders/zv/18v39shs5gqc3xhz55t6cxb00000gn/T//ccrrw3XS.s 			page 20


 1011 0173 6C6F6E67 		.ascii	"long int\000"
 1011      20696E74 
 1011      00
 1012              	.LASF1:
 1013 017c 7369676E 		.ascii	"signed char\000"
 1013      65642063 
 1013      68617200 
 1014              	.LASF21:
 1015 0188 474E5520 		.ascii	"GNU C 4.9.3 20150303 (release) [ARM/embedded-4_9-br"
 1015      4320342E 
 1015      392E3320 
 1015      32303135 
 1015      30333033 
 1016 01bb 616E6368 		.ascii	"anch revision 221220] -mcpu=cortex-m4 -mfloat-abi=h"
 1016      20726576 
 1016      6973696F 
 1016      6E203232 
 1016      31323230 
 1017 01ee 61726420 		.ascii	"ard -mfpu=fpv4-sp-d16 -mno-thumb-interwork -mthumb "
 1017      2D6D6670 
 1017      753D6670 
 1017      76342D73 
 1017      702D6431 
 1018 0221 2D676764 		.ascii	"-ggdb -O2 -fomit-frame-pointer -falign-functions=16"
 1018      62202D4F 
 1018      32202D66 
 1018      6F6D6974 
 1018      2D667261 
 1019 0254 202D6666 		.ascii	" -ffunction-sections -fdata-sections -fno-common -f"
 1019      756E6374 
 1019      696F6E2D 
 1019      73656374 
 1019      696F6E73 
 1020 0287 73696E67 		.ascii	"single-precision-constant\000"
 1020      6C652D70 
 1020      72656369 
 1020      73696F6E 
 1020      2D636F6E 
 1021              	.LASF14:
 1022 02a1 5F426F6F 		.ascii	"_Bool\000"
 1022      6C00
 1023              		.ident	"GCC: (GNU Tools for ARM Embedded Processors) 4.9.3 20150303 (release) [ARM/embedded-4_9-br
ARM GAS  /var/folders/zv/18v39shs5gqc3xhz55t6cxb00000gn/T//ccrrw3XS.s 			page 21


DEFINED SYMBOLS
                            *ABS*:0000000000000000 chmemcore.c
/var/folders/zv/18v39shs5gqc3xhz55t6cxb00000gn/T//ccrrw3XS.s:21     .text._core_init:0000000000000000 $t
/var/folders/zv/18v39shs5gqc3xhz55t6cxb00000gn/T//ccrrw3XS.s:27     .text._core_init:0000000000000000 _core_init
/var/folders/zv/18v39shs5gqc3xhz55t6cxb00000gn/T//ccrrw3XS.s:55     .text._core_init:0000000000000018 $d
/var/folders/zv/18v39shs5gqc3xhz55t6cxb00000gn/T//ccrrw3XS.s:63     .text.chCoreAlloc:0000000000000000 $t
/var/folders/zv/18v39shs5gqc3xhz55t6cxb00000gn/T//ccrrw3XS.s:69     .text.chCoreAlloc:0000000000000000 chCoreAlloc
/var/folders/zv/18v39shs5gqc3xhz55t6cxb00000gn/T//ccrrw3XS.s:132    .text.chCoreAlloc:0000000000000030 $d
/var/folders/zv/18v39shs5gqc3xhz55t6cxb00000gn/T//ccrrw3XS.s:138    .text.chCoreAllocI:0000000000000000 $t
/var/folders/zv/18v39shs5gqc3xhz55t6cxb00000gn/T//ccrrw3XS.s:144    .text.chCoreAllocI:0000000000000000 chCoreAllocI
/var/folders/zv/18v39shs5gqc3xhz55t6cxb00000gn/T//ccrrw3XS.s:187    .text.chCoreAllocI:0000000000000024 $d
/var/folders/zv/18v39shs5gqc3xhz55t6cxb00000gn/T//ccrrw3XS.s:193    .text.chCoreStatus:0000000000000000 $t
/var/folders/zv/18v39shs5gqc3xhz55t6cxb00000gn/T//ccrrw3XS.s:199    .text.chCoreStatus:0000000000000000 chCoreStatus
/var/folders/zv/18v39shs5gqc3xhz55t6cxb00000gn/T//ccrrw3XS.s:217    .text.chCoreStatus:000000000000000c $d
/var/folders/zv/18v39shs5gqc3xhz55t6cxb00000gn/T//ccrrw3XS.s:223    .bss.endmem:0000000000000000 $d
/var/folders/zv/18v39shs5gqc3xhz55t6cxb00000gn/T//ccrrw3XS.s:227    .bss.endmem:0000000000000000 endmem
/var/folders/zv/18v39shs5gqc3xhz55t6cxb00000gn/T//ccrrw3XS.s:230    .bss.nextmem:0000000000000000 $d
/var/folders/zv/18v39shs5gqc3xhz55t6cxb00000gn/T//ccrrw3XS.s:234    .bss.nextmem:0000000000000000 nextmem
                     .debug_frame:0000000000000010 $d
/var/folders/zv/18v39shs5gqc3xhz55t6cxb00000gn/T//ccrrw3XS.s:62     .text._core_init:0000000000000028 $t
/var/folders/zv/18v39shs5gqc3xhz55t6cxb00000gn/T//ccrrw3XS.s:137    .text.chCoreAlloc:0000000000000038 $t
/var/folders/zv/18v39shs5gqc3xhz55t6cxb00000gn/T//ccrrw3XS.s:192    .text.chCoreAllocI:000000000000002c $t
/var/folders/zv/18v39shs5gqc3xhz55t6cxb00000gn/T//ccrrw3XS.s:222    .text.chCoreStatus:0000000000000014 $t

UNDEFINED SYMBOLS
__heap_base__
__heap_end__
