ARM GAS  /var/folders/zv/18v39shs5gqc3xhz55t6cxb00000gn/T//ccQfzMNj.s 			page 1


   1              		.syntax unified
   2              		.cpu cortex-m4
   3              		.eabi_attribute 27, 1
   4              		.eabi_attribute 28, 1
   5              		.fpu fpv4-sp-d16
   6              		.eabi_attribute 20, 1
   7              		.eabi_attribute 21, 1
   8              		.eabi_attribute 23, 3
   9              		.eabi_attribute 24, 1
  10              		.eabi_attribute 25, 1
  11              		.eabi_attribute 26, 1
  12              		.eabi_attribute 30, 2
  13              		.eabi_attribute 34, 1
  14              		.eabi_attribute 18, 4
  15              		.thumb
  16              		.file	"chmsg.c"
  17              		.text
  18              	.Ltext0:
  19              		.cfi_sections	.debug_frame
  20              		.section	.text.chMsgSend,"ax",%progbits
  21              		.align	2
  22              		.p2align 4,,15
  23              		.global	chMsgSend
  24              		.thumb
  25              		.thumb_func
  26              		.type	chMsgSend, %function
  27              	chMsgSend:
  28              	.LFB7:
  29              		.file 1 "./chibios/os/kernel/src/chmsg.c"
  30              		.loc 1 75 0
  31              		.cfi_startproc
  32              		@ args = 0, pretend = 0, frame = 0
  33              		@ frame_needed = 0, uses_anonymous_args = 0
  34              	.LVL0:
  35              		.loc 1 76 0
  36 0000 0E4B     		ldr	r3, .L6
  37              		.loc 1 75 0
  38 0002 70B5     		push	{r4, r5, r6, lr}
  39              		.cfi_def_cfa_offset 16
  40              		.cfi_offset 4, -16
  41              		.cfi_offset 5, -12
  42              		.cfi_offset 6, -8
  43              		.cfi_offset 14, -4
  44              		.loc 1 76 0
  45 0004 9C69     		ldr	r4, [r3, #24]
  46              	.LVL1:
  47              	.LBB10:
  48              		.loc 1 80 0
  49 0006 2023     		movs	r3, #32
  50              	@ 80 "./chibios/os/kernel/src/chmsg.c" 1
  51 0008 83F31188 		msr     BASEPRI, r3
  52              	@ 0 "" 2
  53              		.thumb
  54              	.LBE10:
  55              		.loc 1 82 0
  56 000c 00F12C05 		add	r5, r0, #44
  57              		.loc 1 84 0
ARM GAS  /var/folders/zv/18v39shs5gqc3xhz55t6cxb00000gn/T//ccQfzMNj.s 			page 2


  58 0010 067F     		ldrb	r6, [r0, #28]	@ zero_extendqisi2
  59              		.loc 1 82 0
  60 0012 6562     		str	r5, [r4, #36]
  61              	.LVL2:
  62              	.LBB11:
  63              	.LBB12:
  64              		.file 2 "./chibios/os/kernel/include/chinline.h"
  65              		.loc 2 55 0
  66 0014 036B     		ldr	r3, [r0, #48]
  67 0016 6360     		str	r3, [r4, #4]
  68              	.LBE12:
  69              	.LBE11:
  70              		.loc 1 84 0
  71 0018 0C2E     		cmp	r6, #12
  72              		.loc 1 81 0
  73 001a 6163     		str	r1, [r4, #52]
  74              	.LBB14:
  75              	.LBB13:
  76              		.loc 2 54 0
  77 001c 2560     		str	r5, [r4]
  78              		.loc 2 56 0
  79 001e 0463     		str	r4, [r0, #48]
  80 0020 1C60     		str	r4, [r3]
  81              	.LBE13:
  82              	.LBE14:
  83              		.loc 1 84 0
  84 0022 07D0     		beq	.L5
  85              	.LVL3:
  86              	.L2:
  87              		.loc 1 86 0
  88 0024 0A20     		movs	r0, #10
  89 0026 FFF7FEFF 		bl	chSchGoSleepS
  90              	.LVL4:
  91              		.loc 1 87 0
  92 002a 606A     		ldr	r0, [r4, #36]
  93              	.LVL5:
  94              	.LBB15:
  95              		.loc 1 88 0
  96 002c 0023     		movs	r3, #0
  97              	@ 88 "./chibios/os/kernel/src/chmsg.c" 1
  98 002e 83F31188 		msr     BASEPRI, r3
  99              	@ 0 "" 2
 100              		.thumb
 101              	.LBE15:
 102              		.loc 1 90 0
 103 0032 70BD     		pop	{r4, r5, r6, pc}
 104              	.LVL6:
 105              	.L5:
 106              		.loc 1 85 0
 107 0034 FFF7FEFF 		bl	chSchReadyI
 108              	.LVL7:
 109 0038 F4E7     		b	.L2
 110              	.L7:
 111 003a 00BF     		.align	2
 112              	.L6:
 113 003c 00000000 		.word	rlist
 114              		.cfi_endproc
ARM GAS  /var/folders/zv/18v39shs5gqc3xhz55t6cxb00000gn/T//ccQfzMNj.s 			page 3


 115              	.LFE7:
 116              		.size	chMsgSend, .-chMsgSend
 117              		.section	.text.chMsgWait,"ax",%progbits
 118              		.align	2
 119              		.p2align 4,,15
 120              		.global	chMsgWait
 121              		.thumb
 122              		.thumb_func
 123              		.type	chMsgWait, %function
 124              	chMsgWait:
 125              	.LFB8:
 126              		.loc 1 106 0
 127              		.cfi_startproc
 128              		@ args = 0, pretend = 0, frame = 0
 129              		@ frame_needed = 0, uses_anonymous_args = 0
 130 0000 10B5     		push	{r4, lr}
 131              		.cfi_def_cfa_offset 8
 132              		.cfi_offset 4, -8
 133              		.cfi_offset 14, -4
 134              	.LBB16:
 135              		.loc 1 109 0
 136 0002 2023     		movs	r3, #32
 137              	@ 109 "./chibios/os/kernel/src/chmsg.c" 1
 138 0004 83F31188 		msr     BASEPRI, r3
 139              	@ 0 "" 2
 140              		.thumb
 141              	.LBE16:
 142              		.loc 1 110 0
 143 0008 0B4C     		ldr	r4, .L12
 144 000a A269     		ldr	r2, [r4, #24]
 145 000c 1346     		mov	r3, r2
 146 000e 53F82C0F 		ldr	r0, [r3, #44]!
 147 0012 9842     		cmp	r0, r3
 148 0014 08D0     		beq	.L11
 149              	.L9:
 150              	.LVL8:
 151              	.LBB17:
 152              	.LBB18:
 153              		.loc 2 62 0
 154 0016 0168     		ldr	r1, [r0]
 155 0018 D162     		str	r1, [r2, #44]
 156              	.LBE18:
 157              	.LBE17:
 158              		.loc 1 113 0
 159 001a 0B22     		movs	r2, #11
 160              	.LBB20:
 161              	.LBB19:
 162              		.loc 2 62 0
 163 001c 4B60     		str	r3, [r1, #4]
 164              	.LBE19:
 165              	.LBE20:
 166              	.LBB21:
 167              		.loc 1 114 0
 168 001e 0023     		movs	r3, #0
 169              	.LVL9:
 170              	.LBE21:
 171              		.loc 1 113 0
ARM GAS  /var/folders/zv/18v39shs5gqc3xhz55t6cxb00000gn/T//ccQfzMNj.s 			page 4


 172 0020 0277     		strb	r2, [r0, #28]
 173              	.LBB22:
 174              		.loc 1 114 0
 175              	@ 114 "./chibios/os/kernel/src/chmsg.c" 1
 176 0022 83F31188 		msr     BASEPRI, r3
 177              	@ 0 "" 2
 178              		.thumb
 179              	.LBE22:
 180              		.loc 1 116 0
 181 0026 10BD     		pop	{r4, pc}
 182              	.LVL10:
 183              	.L11:
 184              		.loc 1 111 0
 185 0028 0C20     		movs	r0, #12
 186 002a FFF7FEFF 		bl	chSchGoSleepS
 187              	.LVL11:
 188 002e A269     		ldr	r2, [r4, #24]
 189 0030 D06A     		ldr	r0, [r2, #44]
 190 0032 02F12C03 		add	r3, r2, #44
 191 0036 EEE7     		b	.L9
 192              	.L13:
 193              		.align	2
 194              	.L12:
 195 0038 00000000 		.word	rlist
 196              		.cfi_endproc
 197              	.LFE8:
 198              		.size	chMsgWait, .-chMsgWait
 199 003c AFF30080 		.section	.text.chMsgRelease,"ax",%progbits
 200              		.align	2
 201              		.p2align 4,,15
 202              		.global	chMsgRelease
 203              		.thumb
 204              		.thumb_func
 205              		.type	chMsgRelease, %function
 206              	chMsgRelease:
 207              	.LFB9:
 208              		.loc 1 128 0
 209              		.cfi_startproc
 210              		@ args = 0, pretend = 0, frame = 0
 211              		@ frame_needed = 0, uses_anonymous_args = 0
 212              	.LVL12:
 213 0000 08B5     		push	{r3, lr}
 214              		.cfi_def_cfa_offset 8
 215              		.cfi_offset 3, -8
 216              		.cfi_offset 14, -4
 217              	.LBB23:
 218              		.loc 1 130 0
 219 0002 2023     		movs	r3, #32
 220              	@ 130 "./chibios/os/kernel/src/chmsg.c" 1
 221 0004 83F31188 		msr     BASEPRI, r3
 222              	@ 0 "" 2
 223              		.thumb
 224              	.LBE23:
 225              		.loc 1 133 0
 226 0008 FFF7FEFF 		bl	chSchWakeupS
 227              	.LVL13:
 228              	.LBB24:
ARM GAS  /var/folders/zv/18v39shs5gqc3xhz55t6cxb00000gn/T//ccQfzMNj.s 			page 5


 229              		.loc 1 134 0
 230 000c 0023     		movs	r3, #0
 231              	@ 134 "./chibios/os/kernel/src/chmsg.c" 1
 232 000e 83F31188 		msr     BASEPRI, r3
 233              	@ 0 "" 2
 234              		.thumb
 235 0012 08BD     		pop	{r3, pc}
 236              	.LBE24:
 237              		.cfi_endproc
 238              	.LFE9:
 239              		.size	chMsgRelease, .-chMsgRelease
 240 0014 AFF30080 		.text
 240      AFF30080 
 240      AFF30080 
 241              	.Letext0:
 242              		.file 3 "/Users/Daniel/Documents/Bachelor/Kode/rov-subside2015/arm/arm-none-eabi/include/machine/_
 243              		.file 4 "/Users/Daniel/Documents/Bachelor/Kode/rov-subside2015/arm/arm-none-eabi/include/stdint.h"
 244              		.file 5 "./chibios/os/ports/GCC/ARMCMx/chtypes.h"
 245              		.file 6 "./chibios/os/kernel/include/chlists.h"
 246              		.file 7 "./chibios/os/kernel/include/chthreads.h"
 247              		.file 8 "./chibios/os/ports/GCC/ARMCMx/chcore_v7m.h"
 248              		.file 9 "./chibios/os/kernel/include/chschd.h"
 249              		.file 10 "./chibios/os/kernel/include/chmtx.h"
 250              		.section	.debug_info,"",%progbits
 251              	.Ldebug_info0:
 252 0000 2F070000 		.4byte	0x72f
 253 0004 0400     		.2byte	0x4
 254 0006 00000000 		.4byte	.Ldebug_abbrev0
 255 000a 04       		.byte	0x4
 256 000b 01       		.uleb128 0x1
 257 000c 97020000 		.4byte	.LASF68
 258 0010 01       		.byte	0x1
 259 0011 FF030000 		.4byte	.LASF69
 260 0015 2E010000 		.4byte	.LASF70
 261 0019 48000000 		.4byte	.Ldebug_ranges0+0x48
 262 001d 00000000 		.4byte	0
 263 0021 00000000 		.4byte	.Ldebug_line0
 264 0025 02       		.uleb128 0x2
 265 0026 04       		.byte	0x4
 266 0027 05       		.byte	0x5
 267 0028 696E7400 		.ascii	"int\000"
 268 002c 03       		.uleb128 0x3
 269 002d 04       		.byte	0x4
 270 002e 07       		.byte	0x7
 271 002f B7000000 		.4byte	.LASF0
 272 0033 03       		.uleb128 0x3
 273 0034 01       		.byte	0x1
 274 0035 06       		.byte	0x6
 275 0036 50000000 		.4byte	.LASF1
 276 003a 04       		.uleb128 0x4
 277 003b 1A000000 		.4byte	.LASF5
 278 003f 03       		.byte	0x3
 279 0040 1D       		.byte	0x1d
 280 0041 45000000 		.4byte	0x45
 281 0045 03       		.uleb128 0x3
 282 0046 01       		.byte	0x1
 283 0047 08       		.byte	0x8
ARM GAS  /var/folders/zv/18v39shs5gqc3xhz55t6cxb00000gn/T//ccQfzMNj.s 			page 6


 284 0048 C5010000 		.4byte	.LASF2
 285 004c 03       		.uleb128 0x3
 286 004d 02       		.byte	0x2
 287 004e 05       		.byte	0x5
 288 004f DD010000 		.4byte	.LASF3
 289 0053 03       		.uleb128 0x3
 290 0054 02       		.byte	0x2
 291 0055 07       		.byte	0x7
 292 0056 DE000000 		.4byte	.LASF4
 293 005a 04       		.uleb128 0x4
 294 005b 8D020000 		.4byte	.LASF6
 295 005f 03       		.byte	0x3
 296 0060 3F       		.byte	0x3f
 297 0061 65000000 		.4byte	0x65
 298 0065 03       		.uleb128 0x3
 299 0066 04       		.byte	0x4
 300 0067 05       		.byte	0x5
 301 0068 76000000 		.4byte	.LASF7
 302 006c 04       		.uleb128 0x4
 303 006d A3000000 		.4byte	.LASF8
 304 0071 03       		.byte	0x3
 305 0072 41       		.byte	0x41
 306 0073 77000000 		.4byte	0x77
 307 0077 03       		.uleb128 0x3
 308 0078 04       		.byte	0x4
 309 0079 07       		.byte	0x7
 310 007a C4000000 		.4byte	.LASF9
 311 007e 03       		.uleb128 0x3
 312 007f 08       		.byte	0x8
 313 0080 05       		.byte	0x5
 314 0081 42000000 		.4byte	.LASF10
 315 0085 03       		.uleb128 0x3
 316 0086 08       		.byte	0x8
 317 0087 07       		.byte	0x7
 318 0088 24000000 		.4byte	.LASF11
 319 008c 04       		.uleb128 0x4
 320 008d F7030000 		.4byte	.LASF12
 321 0091 04       		.byte	0x4
 322 0092 15       		.byte	0x15
 323 0093 3A000000 		.4byte	0x3a
 324 0097 04       		.uleb128 0x4
 325 0098 BD010000 		.4byte	.LASF13
 326 009c 04       		.byte	0x4
 327 009d 2C       		.byte	0x2c
 328 009e 5A000000 		.4byte	0x5a
 329 00a2 04       		.uleb128 0x4
 330 00a3 43020000 		.4byte	.LASF14
 331 00a7 04       		.byte	0x4
 332 00a8 2D       		.byte	0x2d
 333 00a9 6C000000 		.4byte	0x6c
 334 00ad 03       		.uleb128 0x3
 335 00ae 01       		.byte	0x1
 336 00af 02       		.byte	0x2
 337 00b0 B7010000 		.4byte	.LASF15
 338 00b4 04       		.uleb128 0x4
 339 00b5 FF000000 		.4byte	.LASF16
 340 00b9 05       		.byte	0x5
ARM GAS  /var/folders/zv/18v39shs5gqc3xhz55t6cxb00000gn/T//ccQfzMNj.s 			page 7


 341 00ba 2C       		.byte	0x2c
 342 00bb 8C000000 		.4byte	0x8c
 343 00bf 04       		.uleb128 0x4
 344 00c0 89000000 		.4byte	.LASF17
 345 00c4 05       		.byte	0x5
 346 00c5 2D       		.byte	0x2d
 347 00c6 8C000000 		.4byte	0x8c
 348 00ca 04       		.uleb128 0x4
 349 00cb A0010000 		.4byte	.LASF18
 350 00cf 05       		.byte	0x5
 351 00d0 2E       		.byte	0x2e
 352 00d1 8C000000 		.4byte	0x8c
 353 00d5 04       		.uleb128 0x4
 354 00d6 6C000000 		.4byte	.LASF19
 355 00da 05       		.byte	0x5
 356 00db 2F       		.byte	0x2f
 357 00dc 8C000000 		.4byte	0x8c
 358 00e0 04       		.uleb128 0x4
 359 00e1 AF010000 		.4byte	.LASF20
 360 00e5 05       		.byte	0x5
 361 00e6 30       		.byte	0x30
 362 00e7 A2000000 		.4byte	0xa2
 363 00eb 04       		.uleb128 0x4
 364 00ec F1000000 		.4byte	.LASF21
 365 00f0 05       		.byte	0x5
 366 00f1 31       		.byte	0x31
 367 00f2 97000000 		.4byte	0x97
 368 00f6 04       		.uleb128 0x4
 369 00f7 13010000 		.4byte	.LASF22
 370 00fb 05       		.byte	0x5
 371 00fc 33       		.byte	0x33
 372 00fd A2000000 		.4byte	0xa2
 373 0101 04       		.uleb128 0x4
 374 0102 78020000 		.4byte	.LASF23
 375 0106 05       		.byte	0x5
 376 0107 35       		.byte	0x35
 377 0108 A2000000 		.4byte	0xa2
 378 010c 04       		.uleb128 0x4
 379 010d 16020000 		.4byte	.LASF24
 380 0111 06       		.byte	0x6
 381 0112 2A       		.byte	0x2a
 382 0113 17010000 		.4byte	0x117
 383 0117 05       		.uleb128 0x5
 384 0118 16020000 		.4byte	.LASF24
 385 011c 48       		.byte	0x48
 386 011d 07       		.byte	0x7
 387 011e 5E       		.byte	0x5e
 388 011f 14020000 		.4byte	0x214
 389 0123 06       		.uleb128 0x6
 390 0124 07020000 		.4byte	.LASF25
 391 0128 07       		.byte	0x7
 392 0129 5F       		.byte	0x5f
 393 012a 35020000 		.4byte	0x235
 394 012e 00       		.byte	0
 395 012f 06       		.uleb128 0x6
 396 0130 A8010000 		.4byte	.LASF26
 397 0134 07       		.byte	0x7
ARM GAS  /var/folders/zv/18v39shs5gqc3xhz55t6cxb00000gn/T//ccQfzMNj.s 			page 8


 398 0135 61       		.byte	0x61
 399 0136 35020000 		.4byte	0x235
 400 013a 04       		.byte	0x4
 401 013b 06       		.uleb128 0x6
 402 013c 3B000000 		.4byte	.LASF27
 403 0140 07       		.byte	0x7
 404 0141 63       		.byte	0x63
 405 0142 E0000000 		.4byte	0xe0
 406 0146 08       		.byte	0x8
 407 0147 06       		.uleb128 0x6
 408 0148 35040000 		.4byte	.LASF28
 409 014c 07       		.byte	0x7
 410 014d 64       		.byte	0x64
 411 014e BF030000 		.4byte	0x3bf
 412 0152 0C       		.byte	0xc
 413 0153 06       		.uleb128 0x6
 414 0154 92000000 		.4byte	.LASF29
 415 0158 07       		.byte	0x7
 416 0159 66       		.byte	0x66
 417 015a 35020000 		.4byte	0x235
 418 015e 10       		.byte	0x10
 419 015f 06       		.uleb128 0x6
 420 0160 73010000 		.4byte	.LASF30
 421 0164 07       		.byte	0x7
 422 0165 67       		.byte	0x67
 423 0166 35020000 		.4byte	0x235
 424 016a 14       		.byte	0x14
 425 016b 06       		.uleb128 0x6
 426 016c 26040000 		.4byte	.LASF31
 427 0170 07       		.byte	0x7
 428 0171 6E       		.byte	0x6e
 429 0172 BF040000 		.4byte	0x4bf
 430 0176 18       		.byte	0x18
 431 0177 06       		.uleb128 0x6
 432 0178 E7010000 		.4byte	.LASF32
 433 017c 07       		.byte	0x7
 434 017d 79       		.byte	0x79
 435 017e BF000000 		.4byte	0xbf
 436 0182 1C       		.byte	0x1c
 437 0183 06       		.uleb128 0x6
 438 0184 0E020000 		.4byte	.LASF33
 439 0188 07       		.byte	0x7
 440 0189 7D       		.byte	0x7d
 441 018a B4000000 		.4byte	0xb4
 442 018e 1D       		.byte	0x1d
 443 018f 06       		.uleb128 0x6
 444 0190 E0030000 		.4byte	.LASF34
 445 0194 07       		.byte	0x7
 446 0195 82       		.byte	0x82
 447 0196 CA000000 		.4byte	0xca
 448 019a 1E       		.byte	0x1e
 449 019b 06       		.uleb128 0x6
 450 019c EF010000 		.4byte	.LASF35
 451 01a0 07       		.byte	0x7
 452 01a1 88       		.byte	0x88
 453 01a2 D5000000 		.4byte	0xd5
 454 01a6 1F       		.byte	0x1f
ARM GAS  /var/folders/zv/18v39shs5gqc3xhz55t6cxb00000gn/T//ccQfzMNj.s 			page 9


 455 01a7 06       		.uleb128 0x6
 456 01a8 B0030000 		.4byte	.LASF36
 457 01ac 07       		.byte	0x7
 458 01ad 8F       		.byte	0x8f
 459 01ae E7030000 		.4byte	0x3e7
 460 01b2 20       		.byte	0x20
 461 01b3 07       		.uleb128 0x7
 462 01b4 705F7500 		.ascii	"p_u\000"
 463 01b8 07       		.byte	0x7
 464 01b9 B4       		.byte	0xb4
 465 01ba 8A040000 		.4byte	0x48a
 466 01be 24       		.byte	0x24
 467 01bf 06       		.uleb128 0x6
 468 01c0 3B040000 		.4byte	.LASF37
 469 01c4 07       		.byte	0x7
 470 01c5 B9       		.byte	0xb9
 471 01c6 5B020000 		.4byte	0x25b
 472 01ca 28       		.byte	0x28
 473 01cb 06       		.uleb128 0x6
 474 01cc BE030000 		.4byte	.LASF38
 475 01d0 07       		.byte	0x7
 476 01d1 BF       		.byte	0xbf
 477 01d2 3B020000 		.4byte	0x23b
 478 01d6 2C       		.byte	0x2c
 479 01d7 06       		.uleb128 0x6
 480 01d8 00000000 		.4byte	.LASF39
 481 01dc 07       		.byte	0x7
 482 01dd C3       		.byte	0xc3
 483 01de EB000000 		.4byte	0xeb
 484 01e2 34       		.byte	0x34
 485 01e3 06       		.uleb128 0x6
 486 01e4 38020000 		.4byte	.LASF40
 487 01e8 07       		.byte	0x7
 488 01e9 C9       		.byte	0xc9
 489 01ea F6000000 		.4byte	0xf6
 490 01ee 38       		.byte	0x38
 491 01ef 06       		.uleb128 0x6
 492 01f0 D3010000 		.4byte	.LASF41
 493 01f4 07       		.byte	0x7
 494 01f5 D0       		.byte	0xd0
 495 01f6 D1040000 		.4byte	0x4d1
 496 01fa 3C       		.byte	0x3c
 497 01fb 06       		.uleb128 0x6
 498 01fc 82020000 		.4byte	.LASF42
 499 0200 07       		.byte	0x7
 500 0201 D4       		.byte	0xd4
 501 0202 E0000000 		.4byte	0xe0
 502 0206 40       		.byte	0x40
 503 0207 06       		.uleb128 0x6
 504 0208 5C000000 		.4byte	.LASF43
 505 020c 07       		.byte	0x7
 506 020d DA       		.byte	0xda
 507 020e 71020000 		.4byte	0x271
 508 0212 44       		.byte	0x44
 509 0213 00       		.byte	0
 510 0214 08       		.uleb128 0x8
 511 0215 08       		.byte	0x8
ARM GAS  /var/folders/zv/18v39shs5gqc3xhz55t6cxb00000gn/T//ccQfzMNj.s 			page 10


 512 0216 06       		.byte	0x6
 513 0217 61       		.byte	0x61
 514 0218 35020000 		.4byte	0x235
 515 021c 06       		.uleb128 0x6
 516 021d 07020000 		.4byte	.LASF25
 517 0221 06       		.byte	0x6
 518 0222 62       		.byte	0x62
 519 0223 35020000 		.4byte	0x235
 520 0227 00       		.byte	0
 521 0228 06       		.uleb128 0x6
 522 0229 A8010000 		.4byte	.LASF26
 523 022d 06       		.byte	0x6
 524 022e 64       		.byte	0x64
 525 022f 35020000 		.4byte	0x235
 526 0233 04       		.byte	0x4
 527 0234 00       		.byte	0
 528 0235 09       		.uleb128 0x9
 529 0236 04       		.byte	0x4
 530 0237 0C010000 		.4byte	0x10c
 531 023b 04       		.uleb128 0x4
 532 023c 81010000 		.4byte	.LASF44
 533 0240 06       		.byte	0x6
 534 0241 66       		.byte	0x66
 535 0242 14020000 		.4byte	0x214
 536 0246 08       		.uleb128 0x8
 537 0247 04       		.byte	0x4
 538 0248 06       		.byte	0x6
 539 0249 6B       		.byte	0x6b
 540 024a 5B020000 		.4byte	0x25b
 541 024e 06       		.uleb128 0x6
 542 024f 07020000 		.4byte	.LASF25
 543 0253 06       		.byte	0x6
 544 0254 6D       		.byte	0x6d
 545 0255 35020000 		.4byte	0x235
 546 0259 00       		.byte	0
 547 025a 00       		.byte	0
 548 025b 04       		.uleb128 0x4
 549 025c 07010000 		.4byte	.LASF45
 550 0260 06       		.byte	0x6
 551 0261 70       		.byte	0x70
 552 0262 46020000 		.4byte	0x246
 553 0266 04       		.uleb128 0x4
 554 0267 AE000000 		.4byte	.LASF46
 555 026b 08       		.byte	0x8
 556 026c E5       		.byte	0xe5
 557 026d 71020000 		.4byte	0x271
 558 0271 0A       		.uleb128 0xa
 559 0272 04       		.byte	0x4
 560 0273 0B       		.uleb128 0xb
 561 0274 B7030000 		.4byte	.LASF47
 562 0278 64       		.byte	0x64
 563 0279 08       		.byte	0x8
 564 027a 0C01     		.2byte	0x10c
 565 027c BF030000 		.4byte	0x3bf
 566 0280 0C       		.uleb128 0xc
 567 0281 73313600 		.ascii	"s16\000"
 568 0285 08       		.byte	0x8
ARM GAS  /var/folders/zv/18v39shs5gqc3xhz55t6cxb00000gn/T//ccQfzMNj.s 			page 11


 569 0286 0E01     		.2byte	0x10e
 570 0288 66020000 		.4byte	0x266
 571 028c 00       		.byte	0
 572 028d 0C       		.uleb128 0xc
 573 028e 73313700 		.ascii	"s17\000"
 574 0292 08       		.byte	0x8
 575 0293 0F01     		.2byte	0x10f
 576 0295 66020000 		.4byte	0x266
 577 0299 04       		.byte	0x4
 578 029a 0C       		.uleb128 0xc
 579 029b 73313800 		.ascii	"s18\000"
 580 029f 08       		.byte	0x8
 581 02a0 1001     		.2byte	0x110
 582 02a2 66020000 		.4byte	0x266
 583 02a6 08       		.byte	0x8
 584 02a7 0C       		.uleb128 0xc
 585 02a8 73313900 		.ascii	"s19\000"
 586 02ac 08       		.byte	0x8
 587 02ad 1101     		.2byte	0x111
 588 02af 66020000 		.4byte	0x266
 589 02b3 0C       		.byte	0xc
 590 02b4 0C       		.uleb128 0xc
 591 02b5 73323000 		.ascii	"s20\000"
 592 02b9 08       		.byte	0x8
 593 02ba 1201     		.2byte	0x112
 594 02bc 66020000 		.4byte	0x266
 595 02c0 10       		.byte	0x10
 596 02c1 0C       		.uleb128 0xc
 597 02c2 73323100 		.ascii	"s21\000"
 598 02c6 08       		.byte	0x8
 599 02c7 1301     		.2byte	0x113
 600 02c9 66020000 		.4byte	0x266
 601 02cd 14       		.byte	0x14
 602 02ce 0C       		.uleb128 0xc
 603 02cf 73323200 		.ascii	"s22\000"
 604 02d3 08       		.byte	0x8
 605 02d4 1401     		.2byte	0x114
 606 02d6 66020000 		.4byte	0x266
 607 02da 18       		.byte	0x18
 608 02db 0C       		.uleb128 0xc
 609 02dc 73323300 		.ascii	"s23\000"
 610 02e0 08       		.byte	0x8
 611 02e1 1501     		.2byte	0x115
 612 02e3 66020000 		.4byte	0x266
 613 02e7 1C       		.byte	0x1c
 614 02e8 0C       		.uleb128 0xc
 615 02e9 73323400 		.ascii	"s24\000"
 616 02ed 08       		.byte	0x8
 617 02ee 1601     		.2byte	0x116
 618 02f0 66020000 		.4byte	0x266
 619 02f4 20       		.byte	0x20
 620 02f5 0C       		.uleb128 0xc
 621 02f6 73323500 		.ascii	"s25\000"
 622 02fa 08       		.byte	0x8
 623 02fb 1701     		.2byte	0x117
 624 02fd 66020000 		.4byte	0x266
 625 0301 24       		.byte	0x24
ARM GAS  /var/folders/zv/18v39shs5gqc3xhz55t6cxb00000gn/T//ccQfzMNj.s 			page 12


 626 0302 0C       		.uleb128 0xc
 627 0303 73323600 		.ascii	"s26\000"
 628 0307 08       		.byte	0x8
 629 0308 1801     		.2byte	0x118
 630 030a 66020000 		.4byte	0x266
 631 030e 28       		.byte	0x28
 632 030f 0C       		.uleb128 0xc
 633 0310 73323700 		.ascii	"s27\000"
 634 0314 08       		.byte	0x8
 635 0315 1901     		.2byte	0x119
 636 0317 66020000 		.4byte	0x266
 637 031b 2C       		.byte	0x2c
 638 031c 0C       		.uleb128 0xc
 639 031d 73323800 		.ascii	"s28\000"
 640 0321 08       		.byte	0x8
 641 0322 1A01     		.2byte	0x11a
 642 0324 66020000 		.4byte	0x266
 643 0328 30       		.byte	0x30
 644 0329 0C       		.uleb128 0xc
 645 032a 73323900 		.ascii	"s29\000"
 646 032e 08       		.byte	0x8
 647 032f 1B01     		.2byte	0x11b
 648 0331 66020000 		.4byte	0x266
 649 0335 34       		.byte	0x34
 650 0336 0C       		.uleb128 0xc
 651 0337 73333000 		.ascii	"s30\000"
 652 033b 08       		.byte	0x8
 653 033c 1C01     		.2byte	0x11c
 654 033e 66020000 		.4byte	0x266
 655 0342 38       		.byte	0x38
 656 0343 0C       		.uleb128 0xc
 657 0344 73333100 		.ascii	"s31\000"
 658 0348 08       		.byte	0x8
 659 0349 1D01     		.2byte	0x11d
 660 034b 66020000 		.4byte	0x266
 661 034f 3C       		.byte	0x3c
 662 0350 0C       		.uleb128 0xc
 663 0351 723400   		.ascii	"r4\000"
 664 0354 08       		.byte	0x8
 665 0355 1F01     		.2byte	0x11f
 666 0357 66020000 		.4byte	0x266
 667 035b 40       		.byte	0x40
 668 035c 0C       		.uleb128 0xc
 669 035d 723500   		.ascii	"r5\000"
 670 0360 08       		.byte	0x8
 671 0361 2001     		.2byte	0x120
 672 0363 66020000 		.4byte	0x266
 673 0367 44       		.byte	0x44
 674 0368 0C       		.uleb128 0xc
 675 0369 723600   		.ascii	"r6\000"
 676 036c 08       		.byte	0x8
 677 036d 2101     		.2byte	0x121
 678 036f 66020000 		.4byte	0x266
 679 0373 48       		.byte	0x48
 680 0374 0C       		.uleb128 0xc
 681 0375 723700   		.ascii	"r7\000"
 682 0378 08       		.byte	0x8
ARM GAS  /var/folders/zv/18v39shs5gqc3xhz55t6cxb00000gn/T//ccQfzMNj.s 			page 13


 683 0379 2201     		.2byte	0x122
 684 037b 66020000 		.4byte	0x266
 685 037f 4C       		.byte	0x4c
 686 0380 0C       		.uleb128 0xc
 687 0381 723800   		.ascii	"r8\000"
 688 0384 08       		.byte	0x8
 689 0385 2301     		.2byte	0x123
 690 0387 66020000 		.4byte	0x266
 691 038b 50       		.byte	0x50
 692 038c 0C       		.uleb128 0xc
 693 038d 723900   		.ascii	"r9\000"
 694 0390 08       		.byte	0x8
 695 0391 2401     		.2byte	0x124
 696 0393 66020000 		.4byte	0x266
 697 0397 54       		.byte	0x54
 698 0398 0C       		.uleb128 0xc
 699 0399 72313000 		.ascii	"r10\000"
 700 039d 08       		.byte	0x8
 701 039e 2501     		.2byte	0x125
 702 03a0 66020000 		.4byte	0x266
 703 03a4 58       		.byte	0x58
 704 03a5 0C       		.uleb128 0xc
 705 03a6 72313100 		.ascii	"r11\000"
 706 03aa 08       		.byte	0x8
 707 03ab 2601     		.2byte	0x126
 708 03ad 66020000 		.4byte	0x266
 709 03b1 5C       		.byte	0x5c
 710 03b2 0C       		.uleb128 0xc
 711 03b3 6C7200   		.ascii	"lr\000"
 712 03b6 08       		.byte	0x8
 713 03b7 2701     		.2byte	0x127
 714 03b9 66020000 		.4byte	0x266
 715 03bd 60       		.byte	0x60
 716 03be 00       		.byte	0
 717 03bf 0B       		.uleb128 0xb
 718 03c0 D6000000 		.4byte	.LASF48
 719 03c4 04       		.byte	0x4
 720 03c5 08       		.byte	0x8
 721 03c6 3101     		.2byte	0x131
 722 03c8 DA030000 		.4byte	0x3da
 723 03cc 0C       		.uleb128 0xc
 724 03cd 72313300 		.ascii	"r13\000"
 725 03d1 08       		.byte	0x8
 726 03d2 3201     		.2byte	0x132
 727 03d4 DA030000 		.4byte	0x3da
 728 03d8 00       		.byte	0
 729 03d9 00       		.byte	0
 730 03da 09       		.uleb128 0x9
 731 03db 04       		.byte	0x4
 732 03dc 73020000 		.4byte	0x273
 733 03e0 03       		.uleb128 0x3
 734 03e1 04       		.byte	0x4
 735 03e2 07       		.byte	0x7
 736 03e3 25010000 		.4byte	.LASF49
 737 03e7 0D       		.uleb128 0xd
 738 03e8 01010000 		.4byte	0x101
 739 03ec 08       		.uleb128 0x8
ARM GAS  /var/folders/zv/18v39shs5gqc3xhz55t6cxb00000gn/T//ccQfzMNj.s 			page 14


 740 03ed 1C       		.byte	0x1c
 741 03ee 09       		.byte	0x9
 742 03ef 5E       		.byte	0x5e
 743 03f0 3D040000 		.4byte	0x43d
 744 03f4 06       		.uleb128 0x6
 745 03f5 4C020000 		.4byte	.LASF50
 746 03f9 09       		.byte	0x9
 747 03fa 5F       		.byte	0x5f
 748 03fb 3B020000 		.4byte	0x23b
 749 03ff 00       		.byte	0
 750 0400 06       		.uleb128 0x6
 751 0401 F9010000 		.4byte	.LASF51
 752 0405 09       		.byte	0x9
 753 0406 60       		.byte	0x60
 754 0407 E0000000 		.4byte	0xe0
 755 040b 08       		.byte	0x8
 756 040c 06       		.uleb128 0x6
 757 040d 7B010000 		.4byte	.LASF52
 758 0411 09       		.byte	0x9
 759 0412 62       		.byte	0x62
 760 0413 BF030000 		.4byte	0x3bf
 761 0417 0C       		.byte	0xc
 762 0418 06       		.uleb128 0x6
 763 0419 F7000000 		.4byte	.LASF53
 764 041d 09       		.byte	0x9
 765 041e 65       		.byte	0x65
 766 041f 35020000 		.4byte	0x235
 767 0423 10       		.byte	0x10
 768 0424 06       		.uleb128 0x6
 769 0425 98010000 		.4byte	.LASF54
 770 0429 09       		.byte	0x9
 771 042a 66       		.byte	0x66
 772 042b 35020000 		.4byte	0x235
 773 042f 14       		.byte	0x14
 774 0430 06       		.uleb128 0x6
 775 0431 8E010000 		.4byte	.LASF55
 776 0435 09       		.byte	0x9
 777 0436 69       		.byte	0x69
 778 0437 35020000 		.4byte	0x235
 779 043b 18       		.byte	0x18
 780 043c 00       		.byte	0
 781 043d 04       		.uleb128 0x4
 782 043e E7030000 		.4byte	.LASF56
 783 0442 09       		.byte	0x9
 784 0443 6B       		.byte	0x6b
 785 0444 EC030000 		.4byte	0x3ec
 786 0448 05       		.uleb128 0x5
 787 0449 1F010000 		.4byte	.LASF57
 788 044d 10       		.byte	0x10
 789 044e 0A       		.byte	0xa
 790 044f 2C       		.byte	0x2c
 791 0450 79040000 		.4byte	0x479
 792 0454 06       		.uleb128 0x6
 793 0455 64000000 		.4byte	.LASF58
 794 0459 0A       		.byte	0xa
 795 045a 2D       		.byte	0x2d
 796 045b 3B020000 		.4byte	0x23b
ARM GAS  /var/folders/zv/18v39shs5gqc3xhz55t6cxb00000gn/T//ccQfzMNj.s 			page 15


 797 045f 00       		.byte	0
 798 0460 06       		.uleb128 0x6
 799 0461 2D040000 		.4byte	.LASF59
 800 0465 0A       		.byte	0xa
 801 0466 2F       		.byte	0x2f
 802 0467 35020000 		.4byte	0x235
 803 046b 08       		.byte	0x8
 804 046c 06       		.uleb128 0x6
 805 046d 71020000 		.4byte	.LASF60
 806 0471 0A       		.byte	0xa
 807 0472 31       		.byte	0x31
 808 0473 79040000 		.4byte	0x479
 809 0477 0C       		.byte	0xc
 810 0478 00       		.byte	0
 811 0479 09       		.uleb128 0x9
 812 047a 04       		.byte	0x4
 813 047b 48040000 		.4byte	0x448
 814 047f 04       		.uleb128 0x4
 815 0480 1F010000 		.4byte	.LASF57
 816 0484 0A       		.byte	0xa
 817 0485 33       		.byte	0x33
 818 0486 48040000 		.4byte	0x448
 819 048a 0E       		.uleb128 0xe
 820 048b 04       		.byte	0x4
 821 048c 07       		.byte	0x7
 822 048d 96       		.byte	0x96
 823 048e BF040000 		.4byte	0x4bf
 824 0492 0F       		.uleb128 0xf
 825 0493 13000000 		.4byte	.LASF61
 826 0497 07       		.byte	0x7
 827 0498 9D       		.byte	0x9d
 828 0499 EB000000 		.4byte	0xeb
 829 049d 0F       		.uleb128 0xf
 830 049e 9A000000 		.4byte	.LASF62
 831 04a2 07       		.byte	0x7
 832 04a3 A4       		.byte	0xa4
 833 04a4 EB000000 		.4byte	0xeb
 834 04a8 0F       		.uleb128 0xf
 835 04a9 1F040000 		.4byte	.LASF63
 836 04ad 07       		.byte	0x7
 837 04ae AB       		.byte	0xab
 838 04af 71020000 		.4byte	0x271
 839 04b3 0F       		.uleb128 0xf
 840 04b4 00020000 		.4byte	.LASF64
 841 04b8 07       		.byte	0x7
 842 04b9 B2       		.byte	0xb2
 843 04ba F6000000 		.4byte	0xf6
 844 04be 00       		.byte	0
 845 04bf 09       		.uleb128 0x9
 846 04c0 04       		.byte	0x4
 847 04c1 C5040000 		.4byte	0x4c5
 848 04c5 10       		.uleb128 0x10
 849 04c6 CA040000 		.4byte	0x4ca
 850 04ca 03       		.uleb128 0x3
 851 04cb 01       		.byte	0x1
 852 04cc 08       		.byte	0x8
 853 04cd 54020000 		.4byte	.LASF65
ARM GAS  /var/folders/zv/18v39shs5gqc3xhz55t6cxb00000gn/T//ccQfzMNj.s 			page 16


 854 04d1 09       		.uleb128 0x9
 855 04d2 04       		.byte	0x4
 856 04d3 7F040000 		.4byte	0x47f
 857 04d7 11       		.uleb128 0x11
 858 04d8 06000000 		.4byte	.LASF71
 859 04dc 02       		.byte	0x2
 860 04dd 34       		.byte	0x34
 861 04de 03       		.byte	0x3
 862 04df F9040000 		.4byte	0x4f9
 863 04e3 12       		.uleb128 0x12
 864 04e4 747000   		.ascii	"tp\000"
 865 04e7 02       		.byte	0x2
 866 04e8 34       		.byte	0x34
 867 04e9 35020000 		.4byte	0x235
 868 04ed 12       		.uleb128 0x12
 869 04ee 74717000 		.ascii	"tqp\000"
 870 04f2 02       		.byte	0x2
 871 04f3 34       		.byte	0x34
 872 04f4 F9040000 		.4byte	0x4f9
 873 04f8 00       		.byte	0
 874 04f9 09       		.uleb128 0x9
 875 04fa 04       		.byte	0x4
 876 04fb 3B020000 		.4byte	0x23b
 877 04ff 13       		.uleb128 0x13
 878 0500 59020000 		.4byte	.LASF72
 879 0504 02       		.byte	0x2
 880 0505 3B       		.byte	0x3b
 881 0506 35020000 		.4byte	0x235
 882 050a 03       		.byte	0x3
 883 050b 25050000 		.4byte	0x525
 884 050f 12       		.uleb128 0x12
 885 0510 74717000 		.ascii	"tqp\000"
 886 0514 02       		.byte	0x2
 887 0515 3B       		.byte	0x3b
 888 0516 F9040000 		.4byte	0x4f9
 889 051a 14       		.uleb128 0x14
 890 051b 747000   		.ascii	"tp\000"
 891 051e 02       		.byte	0x2
 892 051f 3C       		.byte	0x3c
 893 0520 35020000 		.4byte	0x235
 894 0524 00       		.byte	0
 895 0525 15       		.uleb128 0x15
 896 0526 7F000000 		.4byte	.LASF66
 897 052a 01       		.byte	0x1
 898 052b 4B       		.byte	0x4b
 899 052c EB000000 		.4byte	0xeb
 900 0530 00000000 		.4byte	.LFB7
 901 0534 40000000 		.4byte	.LFE7-.LFB7
 902 0538 01       		.uleb128 0x1
 903 0539 9C       		.byte	0x9c
 904 053a DD050000 		.4byte	0x5dd
 905 053e 16       		.uleb128 0x16
 906 053f 747000   		.ascii	"tp\000"
 907 0542 01       		.byte	0x1
 908 0543 4B       		.byte	0x4b
 909 0544 35020000 		.4byte	0x235
 910 0548 00000000 		.4byte	.LLST0
ARM GAS  /var/folders/zv/18v39shs5gqc3xhz55t6cxb00000gn/T//ccQfzMNj.s 			page 17


 911 054c 16       		.uleb128 0x16
 912 054d 6D736700 		.ascii	"msg\000"
 913 0551 01       		.byte	0x1
 914 0552 4B       		.byte	0x4b
 915 0553 EB000000 		.4byte	0xeb
 916 0557 38000000 		.4byte	.LLST1
 917 055b 17       		.uleb128 0x17
 918 055c 63747000 		.ascii	"ctp\000"
 919 0560 01       		.byte	0x1
 920 0561 4C       		.byte	0x4c
 921 0562 35020000 		.4byte	0x235
 922 0566 01       		.uleb128 0x1
 923 0567 54       		.byte	0x54
 924 0568 18       		.uleb128 0x18
 925 0569 06000000 		.4byte	.LBB10
 926 056d 06000000 		.4byte	.LBE10-.LBB10
 927 0571 83050000 		.4byte	0x583
 928 0575 17       		.uleb128 0x17
 929 0576 746D7000 		.ascii	"tmp\000"
 930 057a 01       		.byte	0x1
 931 057b 50       		.byte	0x50
 932 057c A2000000 		.4byte	0xa2
 933 0580 01       		.uleb128 0x1
 934 0581 53       		.byte	0x53
 935 0582 00       		.byte	0
 936 0583 19       		.uleb128 0x19
 937 0584 D7040000 		.4byte	0x4d7
 938 0588 14000000 		.4byte	.LBB11
 939 058c 00000000 		.4byte	.Ldebug_ranges0+0
 940 0590 01       		.byte	0x1
 941 0591 53       		.byte	0x53
 942 0592 A5050000 		.4byte	0x5a5
 943 0596 1A       		.uleb128 0x1a
 944 0597 ED040000 		.4byte	0x4ed
 945 059b 01       		.uleb128 0x1
 946 059c 55       		.byte	0x55
 947 059d 1A       		.uleb128 0x1a
 948 059e E3040000 		.4byte	0x4e3
 949 05a2 01       		.uleb128 0x1
 950 05a3 54       		.byte	0x54
 951 05a4 00       		.byte	0
 952 05a5 18       		.uleb128 0x18
 953 05a6 2C000000 		.4byte	.LBB15
 954 05aa 06000000 		.4byte	.LBE15-.LBB15
 955 05ae C0050000 		.4byte	0x5c0
 956 05b2 17       		.uleb128 0x17
 957 05b3 746D7000 		.ascii	"tmp\000"
 958 05b7 01       		.byte	0x1
 959 05b8 58       		.byte	0x58
 960 05b9 A2000000 		.4byte	0xa2
 961 05bd 01       		.uleb128 0x1
 962 05be 53       		.byte	0x53
 963 05bf 00       		.byte	0
 964 05c0 1B       		.uleb128 0x1b
 965 05c1 2A000000 		.4byte	.LVL4
 966 05c5 FA060000 		.4byte	0x6fa
 967 05c9 D3050000 		.4byte	0x5d3
ARM GAS  /var/folders/zv/18v39shs5gqc3xhz55t6cxb00000gn/T//ccQfzMNj.s 			page 18


 968 05cd 1C       		.uleb128 0x1c
 969 05ce 01       		.uleb128 0x1
 970 05cf 50       		.byte	0x50
 971 05d0 01       		.uleb128 0x1
 972 05d1 3A       		.byte	0x3a
 973 05d2 00       		.byte	0
 974 05d3 1D       		.uleb128 0x1d
 975 05d4 38000000 		.4byte	.LVL7
 976 05d8 0B070000 		.4byte	0x70b
 977 05dc 00       		.byte	0
 978 05dd 15       		.uleb128 0x15
 979 05de D6030000 		.4byte	.LASF67
 980 05e2 01       		.byte	0x1
 981 05e3 6A       		.byte	0x6a
 982 05e4 35020000 		.4byte	0x235
 983 05e8 00000000 		.4byte	.LFB8
 984 05ec 3C000000 		.4byte	.LFE8-.LFB8
 985 05f0 01       		.uleb128 0x1
 986 05f1 9C       		.byte	0x9c
 987 05f2 6E060000 		.4byte	0x66e
 988 05f6 14       		.uleb128 0x14
 989 05f7 747000   		.ascii	"tp\000"
 990 05fa 01       		.byte	0x1
 991 05fb 6B       		.byte	0x6b
 992 05fc 35020000 		.4byte	0x235
 993 0600 18       		.uleb128 0x18
 994 0601 02000000 		.4byte	.LBB16
 995 0605 06000000 		.4byte	.LBE16-.LBB16
 996 0609 1B060000 		.4byte	0x61b
 997 060d 17       		.uleb128 0x17
 998 060e 746D7000 		.ascii	"tmp\000"
 999 0612 01       		.byte	0x1
 1000 0613 6D       		.byte	0x6d
 1001 0614 A2000000 		.4byte	0xa2
 1002 0618 01       		.uleb128 0x1
 1003 0619 53       		.byte	0x53
 1004 061a 00       		.byte	0
 1005 061b 19       		.uleb128 0x19
 1006 061c FF040000 		.4byte	0x4ff
 1007 0620 16000000 		.4byte	.LBB17
 1008 0624 18000000 		.4byte	.Ldebug_ranges0+0x18
 1009 0628 01       		.byte	0x1
 1010 0629 70       		.byte	0x70
 1011 062a 47060000 		.4byte	0x647
 1012 062e 1E       		.uleb128 0x1e
 1013 062f 0F050000 		.4byte	0x50f
 1014 0633 7D000000 		.4byte	.LLST2
 1015 0637 1F       		.uleb128 0x1f
 1016 0638 18000000 		.4byte	.Ldebug_ranges0+0x18
 1017 063c 20       		.uleb128 0x20
 1018 063d 1A050000 		.4byte	0x51a
 1019 0641 9C000000 		.4byte	.LLST3
 1020 0645 00       		.byte	0
 1021 0646 00       		.byte	0
 1022 0647 21       		.uleb128 0x21
 1023 0648 30000000 		.4byte	.Ldebug_ranges0+0x30
 1024 064c 5E060000 		.4byte	0x65e
ARM GAS  /var/folders/zv/18v39shs5gqc3xhz55t6cxb00000gn/T//ccQfzMNj.s 			page 19


 1025 0650 17       		.uleb128 0x17
 1026 0651 746D7000 		.ascii	"tmp\000"
 1027 0655 01       		.byte	0x1
 1028 0656 72       		.byte	0x72
 1029 0657 A2000000 		.4byte	0xa2
 1030 065b 01       		.uleb128 0x1
 1031 065c 53       		.byte	0x53
 1032 065d 00       		.byte	0
 1033 065e 22       		.uleb128 0x22
 1034 065f 2E000000 		.4byte	.LVL11
 1035 0663 FA060000 		.4byte	0x6fa
 1036 0667 1C       		.uleb128 0x1c
 1037 0668 01       		.uleb128 0x1
 1038 0669 50       		.byte	0x50
 1039 066a 01       		.uleb128 0x1
 1040 066b 3C       		.byte	0x3c
 1041 066c 00       		.byte	0
 1042 066d 00       		.byte	0
 1043 066e 23       		.uleb128 0x23
 1044 066f 1D020000 		.4byte	.LASF73
 1045 0673 01       		.byte	0x1
 1046 0674 80       		.byte	0x80
 1047 0675 00000000 		.4byte	.LFB9
 1048 0679 14000000 		.4byte	.LFE9-.LFB9
 1049 067d 01       		.uleb128 0x1
 1050 067e 9C       		.byte	0x9c
 1051 067f EF060000 		.4byte	0x6ef
 1052 0683 16       		.uleb128 0x16
 1053 0684 747000   		.ascii	"tp\000"
 1054 0687 01       		.byte	0x1
 1055 0688 80       		.byte	0x80
 1056 0689 35020000 		.4byte	0x235
 1057 068d AF000000 		.4byte	.LLST4
 1058 0691 16       		.uleb128 0x16
 1059 0692 6D736700 		.ascii	"msg\000"
 1060 0696 01       		.byte	0x1
 1061 0697 80       		.byte	0x80
 1062 0698 EB000000 		.4byte	0xeb
 1063 069c D0000000 		.4byte	.LLST5
 1064 06a0 18       		.uleb128 0x18
 1065 06a1 02000000 		.4byte	.LBB23
 1066 06a5 06000000 		.4byte	.LBE23-.LBB23
 1067 06a9 BB060000 		.4byte	0x6bb
 1068 06ad 17       		.uleb128 0x17
 1069 06ae 746D7000 		.ascii	"tmp\000"
 1070 06b2 01       		.byte	0x1
 1071 06b3 82       		.byte	0x82
 1072 06b4 A2000000 		.4byte	0xa2
 1073 06b8 01       		.uleb128 0x1
 1074 06b9 53       		.byte	0x53
 1075 06ba 00       		.byte	0
 1076 06bb 18       		.uleb128 0x18
 1077 06bc 0C000000 		.4byte	.LBB24
 1078 06c0 08000000 		.4byte	.LBE24-.LBB24
 1079 06c4 D6060000 		.4byte	0x6d6
 1080 06c8 17       		.uleb128 0x17
 1081 06c9 746D7000 		.ascii	"tmp\000"
ARM GAS  /var/folders/zv/18v39shs5gqc3xhz55t6cxb00000gn/T//ccQfzMNj.s 			page 20


 1082 06cd 01       		.byte	0x1
 1083 06ce 86       		.byte	0x86
 1084 06cf A2000000 		.4byte	0xa2
 1085 06d3 01       		.uleb128 0x1
 1086 06d4 53       		.byte	0x53
 1087 06d5 00       		.byte	0
 1088 06d6 22       		.uleb128 0x22
 1089 06d7 0C000000 		.4byte	.LVL13
 1090 06db 20070000 		.4byte	0x720
 1091 06df 1C       		.uleb128 0x1c
 1092 06e0 01       		.uleb128 0x1
 1093 06e1 51       		.byte	0x51
 1094 06e2 03       		.uleb128 0x3
 1095 06e3 F3       		.byte	0xf3
 1096 06e4 01       		.uleb128 0x1
 1097 06e5 51       		.byte	0x51
 1098 06e6 1C       		.uleb128 0x1c
 1099 06e7 01       		.uleb128 0x1
 1100 06e8 50       		.byte	0x50
 1101 06e9 03       		.uleb128 0x3
 1102 06ea F3       		.byte	0xf3
 1103 06eb 01       		.uleb128 0x1
 1104 06ec 50       		.byte	0x50
 1105 06ed 00       		.byte	0
 1106 06ee 00       		.byte	0
 1107 06ef 24       		.uleb128 0x24
 1108 06f0 F1030000 		.4byte	.LASF74
 1109 06f4 09       		.byte	0x9
 1110 06f5 6F       		.byte	0x6f
 1111 06f6 3D040000 		.4byte	0x43d
 1112 06fa 25       		.uleb128 0x25
 1113 06fb 2A020000 		.4byte	.LASF75
 1114 06ff 09       		.byte	0x9
 1115 0700 93       		.byte	0x93
 1116 0701 0B070000 		.4byte	0x70b
 1117 0705 26       		.uleb128 0x26
 1118 0706 BF000000 		.4byte	0xbf
 1119 070a 00       		.byte	0
 1120 070b 27       		.uleb128 0x27
 1121 070c 65020000 		.4byte	.LASF76
 1122 0710 09       		.byte	0x9
 1123 0711 90       		.byte	0x90
 1124 0712 35020000 		.4byte	0x235
 1125 0716 20070000 		.4byte	0x720
 1126 071a 26       		.uleb128 0x26
 1127 071b 35020000 		.4byte	0x235
 1128 071f 00       		.byte	0
 1129 0720 28       		.uleb128 0x28
 1130 0721 C9030000 		.4byte	.LASF77
 1131 0725 09       		.byte	0x9
 1132 0726 99       		.byte	0x99
 1133 0727 26       		.uleb128 0x26
 1134 0728 35020000 		.4byte	0x235
 1135 072c 26       		.uleb128 0x26
 1136 072d EB000000 		.4byte	0xeb
 1137 0731 00       		.byte	0
 1138 0732 00       		.byte	0
ARM GAS  /var/folders/zv/18v39shs5gqc3xhz55t6cxb00000gn/T//ccQfzMNj.s 			page 21


 1139              		.section	.debug_abbrev,"",%progbits
 1140              	.Ldebug_abbrev0:
 1141 0000 01       		.uleb128 0x1
 1142 0001 11       		.uleb128 0x11
 1143 0002 01       		.byte	0x1
 1144 0003 25       		.uleb128 0x25
 1145 0004 0E       		.uleb128 0xe
 1146 0005 13       		.uleb128 0x13
 1147 0006 0B       		.uleb128 0xb
 1148 0007 03       		.uleb128 0x3
 1149 0008 0E       		.uleb128 0xe
 1150 0009 1B       		.uleb128 0x1b
 1151 000a 0E       		.uleb128 0xe
 1152 000b 55       		.uleb128 0x55
 1153 000c 17       		.uleb128 0x17
 1154 000d 11       		.uleb128 0x11
 1155 000e 01       		.uleb128 0x1
 1156 000f 10       		.uleb128 0x10
 1157 0010 17       		.uleb128 0x17
 1158 0011 00       		.byte	0
 1159 0012 00       		.byte	0
 1160 0013 02       		.uleb128 0x2
 1161 0014 24       		.uleb128 0x24
 1162 0015 00       		.byte	0
 1163 0016 0B       		.uleb128 0xb
 1164 0017 0B       		.uleb128 0xb
 1165 0018 3E       		.uleb128 0x3e
 1166 0019 0B       		.uleb128 0xb
 1167 001a 03       		.uleb128 0x3
 1168 001b 08       		.uleb128 0x8
 1169 001c 00       		.byte	0
 1170 001d 00       		.byte	0
 1171 001e 03       		.uleb128 0x3
 1172 001f 24       		.uleb128 0x24
 1173 0020 00       		.byte	0
 1174 0021 0B       		.uleb128 0xb
 1175 0022 0B       		.uleb128 0xb
 1176 0023 3E       		.uleb128 0x3e
 1177 0024 0B       		.uleb128 0xb
 1178 0025 03       		.uleb128 0x3
 1179 0026 0E       		.uleb128 0xe
 1180 0027 00       		.byte	0
 1181 0028 00       		.byte	0
 1182 0029 04       		.uleb128 0x4
 1183 002a 16       		.uleb128 0x16
 1184 002b 00       		.byte	0
 1185 002c 03       		.uleb128 0x3
 1186 002d 0E       		.uleb128 0xe
 1187 002e 3A       		.uleb128 0x3a
 1188 002f 0B       		.uleb128 0xb
 1189 0030 3B       		.uleb128 0x3b
 1190 0031 0B       		.uleb128 0xb
 1191 0032 49       		.uleb128 0x49
 1192 0033 13       		.uleb128 0x13
 1193 0034 00       		.byte	0
 1194 0035 00       		.byte	0
 1195 0036 05       		.uleb128 0x5
ARM GAS  /var/folders/zv/18v39shs5gqc3xhz55t6cxb00000gn/T//ccQfzMNj.s 			page 22


 1196 0037 13       		.uleb128 0x13
 1197 0038 01       		.byte	0x1
 1198 0039 03       		.uleb128 0x3
 1199 003a 0E       		.uleb128 0xe
 1200 003b 0B       		.uleb128 0xb
 1201 003c 0B       		.uleb128 0xb
 1202 003d 3A       		.uleb128 0x3a
 1203 003e 0B       		.uleb128 0xb
 1204 003f 3B       		.uleb128 0x3b
 1205 0040 0B       		.uleb128 0xb
 1206 0041 01       		.uleb128 0x1
 1207 0042 13       		.uleb128 0x13
 1208 0043 00       		.byte	0
 1209 0044 00       		.byte	0
 1210 0045 06       		.uleb128 0x6
 1211 0046 0D       		.uleb128 0xd
 1212 0047 00       		.byte	0
 1213 0048 03       		.uleb128 0x3
 1214 0049 0E       		.uleb128 0xe
 1215 004a 3A       		.uleb128 0x3a
 1216 004b 0B       		.uleb128 0xb
 1217 004c 3B       		.uleb128 0x3b
 1218 004d 0B       		.uleb128 0xb
 1219 004e 49       		.uleb128 0x49
 1220 004f 13       		.uleb128 0x13
 1221 0050 38       		.uleb128 0x38
 1222 0051 0B       		.uleb128 0xb
 1223 0052 00       		.byte	0
 1224 0053 00       		.byte	0
 1225 0054 07       		.uleb128 0x7
 1226 0055 0D       		.uleb128 0xd
 1227 0056 00       		.byte	0
 1228 0057 03       		.uleb128 0x3
 1229 0058 08       		.uleb128 0x8
 1230 0059 3A       		.uleb128 0x3a
 1231 005a 0B       		.uleb128 0xb
 1232 005b 3B       		.uleb128 0x3b
 1233 005c 0B       		.uleb128 0xb
 1234 005d 49       		.uleb128 0x49
 1235 005e 13       		.uleb128 0x13
 1236 005f 38       		.uleb128 0x38
 1237 0060 0B       		.uleb128 0xb
 1238 0061 00       		.byte	0
 1239 0062 00       		.byte	0
 1240 0063 08       		.uleb128 0x8
 1241 0064 13       		.uleb128 0x13
 1242 0065 01       		.byte	0x1
 1243 0066 0B       		.uleb128 0xb
 1244 0067 0B       		.uleb128 0xb
 1245 0068 3A       		.uleb128 0x3a
 1246 0069 0B       		.uleb128 0xb
 1247 006a 3B       		.uleb128 0x3b
 1248 006b 0B       		.uleb128 0xb
 1249 006c 01       		.uleb128 0x1
 1250 006d 13       		.uleb128 0x13
 1251 006e 00       		.byte	0
 1252 006f 00       		.byte	0
ARM GAS  /var/folders/zv/18v39shs5gqc3xhz55t6cxb00000gn/T//ccQfzMNj.s 			page 23


 1253 0070 09       		.uleb128 0x9
 1254 0071 0F       		.uleb128 0xf
 1255 0072 00       		.byte	0
 1256 0073 0B       		.uleb128 0xb
 1257 0074 0B       		.uleb128 0xb
 1258 0075 49       		.uleb128 0x49
 1259 0076 13       		.uleb128 0x13
 1260 0077 00       		.byte	0
 1261 0078 00       		.byte	0
 1262 0079 0A       		.uleb128 0xa
 1263 007a 0F       		.uleb128 0xf
 1264 007b 00       		.byte	0
 1265 007c 0B       		.uleb128 0xb
 1266 007d 0B       		.uleb128 0xb
 1267 007e 00       		.byte	0
 1268 007f 00       		.byte	0
 1269 0080 0B       		.uleb128 0xb
 1270 0081 13       		.uleb128 0x13
 1271 0082 01       		.byte	0x1
 1272 0083 03       		.uleb128 0x3
 1273 0084 0E       		.uleb128 0xe
 1274 0085 0B       		.uleb128 0xb
 1275 0086 0B       		.uleb128 0xb
 1276 0087 3A       		.uleb128 0x3a
 1277 0088 0B       		.uleb128 0xb
 1278 0089 3B       		.uleb128 0x3b
 1279 008a 05       		.uleb128 0x5
 1280 008b 01       		.uleb128 0x1
 1281 008c 13       		.uleb128 0x13
 1282 008d 00       		.byte	0
 1283 008e 00       		.byte	0
 1284 008f 0C       		.uleb128 0xc
 1285 0090 0D       		.uleb128 0xd
 1286 0091 00       		.byte	0
 1287 0092 03       		.uleb128 0x3
 1288 0093 08       		.uleb128 0x8
 1289 0094 3A       		.uleb128 0x3a
 1290 0095 0B       		.uleb128 0xb
 1291 0096 3B       		.uleb128 0x3b
 1292 0097 05       		.uleb128 0x5
 1293 0098 49       		.uleb128 0x49
 1294 0099 13       		.uleb128 0x13
 1295 009a 38       		.uleb128 0x38
 1296 009b 0B       		.uleb128 0xb
 1297 009c 00       		.byte	0
 1298 009d 00       		.byte	0
 1299 009e 0D       		.uleb128 0xd
 1300 009f 35       		.uleb128 0x35
 1301 00a0 00       		.byte	0
 1302 00a1 49       		.uleb128 0x49
 1303 00a2 13       		.uleb128 0x13
 1304 00a3 00       		.byte	0
 1305 00a4 00       		.byte	0
 1306 00a5 0E       		.uleb128 0xe
 1307 00a6 17       		.uleb128 0x17
 1308 00a7 01       		.byte	0x1
 1309 00a8 0B       		.uleb128 0xb
ARM GAS  /var/folders/zv/18v39shs5gqc3xhz55t6cxb00000gn/T//ccQfzMNj.s 			page 24


 1310 00a9 0B       		.uleb128 0xb
 1311 00aa 3A       		.uleb128 0x3a
 1312 00ab 0B       		.uleb128 0xb
 1313 00ac 3B       		.uleb128 0x3b
 1314 00ad 0B       		.uleb128 0xb
 1315 00ae 01       		.uleb128 0x1
 1316 00af 13       		.uleb128 0x13
 1317 00b0 00       		.byte	0
 1318 00b1 00       		.byte	0
 1319 00b2 0F       		.uleb128 0xf
 1320 00b3 0D       		.uleb128 0xd
 1321 00b4 00       		.byte	0
 1322 00b5 03       		.uleb128 0x3
 1323 00b6 0E       		.uleb128 0xe
 1324 00b7 3A       		.uleb128 0x3a
 1325 00b8 0B       		.uleb128 0xb
 1326 00b9 3B       		.uleb128 0x3b
 1327 00ba 0B       		.uleb128 0xb
 1328 00bb 49       		.uleb128 0x49
 1329 00bc 13       		.uleb128 0x13
 1330 00bd 00       		.byte	0
 1331 00be 00       		.byte	0
 1332 00bf 10       		.uleb128 0x10
 1333 00c0 26       		.uleb128 0x26
 1334 00c1 00       		.byte	0
 1335 00c2 49       		.uleb128 0x49
 1336 00c3 13       		.uleb128 0x13
 1337 00c4 00       		.byte	0
 1338 00c5 00       		.byte	0
 1339 00c6 11       		.uleb128 0x11
 1340 00c7 2E       		.uleb128 0x2e
 1341 00c8 01       		.byte	0x1
 1342 00c9 03       		.uleb128 0x3
 1343 00ca 0E       		.uleb128 0xe
 1344 00cb 3A       		.uleb128 0x3a
 1345 00cc 0B       		.uleb128 0xb
 1346 00cd 3B       		.uleb128 0x3b
 1347 00ce 0B       		.uleb128 0xb
 1348 00cf 27       		.uleb128 0x27
 1349 00d0 19       		.uleb128 0x19
 1350 00d1 20       		.uleb128 0x20
 1351 00d2 0B       		.uleb128 0xb
 1352 00d3 01       		.uleb128 0x1
 1353 00d4 13       		.uleb128 0x13
 1354 00d5 00       		.byte	0
 1355 00d6 00       		.byte	0
 1356 00d7 12       		.uleb128 0x12
 1357 00d8 05       		.uleb128 0x5
 1358 00d9 00       		.byte	0
 1359 00da 03       		.uleb128 0x3
 1360 00db 08       		.uleb128 0x8
 1361 00dc 3A       		.uleb128 0x3a
 1362 00dd 0B       		.uleb128 0xb
 1363 00de 3B       		.uleb128 0x3b
 1364 00df 0B       		.uleb128 0xb
 1365 00e0 49       		.uleb128 0x49
 1366 00e1 13       		.uleb128 0x13
ARM GAS  /var/folders/zv/18v39shs5gqc3xhz55t6cxb00000gn/T//ccQfzMNj.s 			page 25


 1367 00e2 00       		.byte	0
 1368 00e3 00       		.byte	0
 1369 00e4 13       		.uleb128 0x13
 1370 00e5 2E       		.uleb128 0x2e
 1371 00e6 01       		.byte	0x1
 1372 00e7 03       		.uleb128 0x3
 1373 00e8 0E       		.uleb128 0xe
 1374 00e9 3A       		.uleb128 0x3a
 1375 00ea 0B       		.uleb128 0xb
 1376 00eb 3B       		.uleb128 0x3b
 1377 00ec 0B       		.uleb128 0xb
 1378 00ed 27       		.uleb128 0x27
 1379 00ee 19       		.uleb128 0x19
 1380 00ef 49       		.uleb128 0x49
 1381 00f0 13       		.uleb128 0x13
 1382 00f1 20       		.uleb128 0x20
 1383 00f2 0B       		.uleb128 0xb
 1384 00f3 01       		.uleb128 0x1
 1385 00f4 13       		.uleb128 0x13
 1386 00f5 00       		.byte	0
 1387 00f6 00       		.byte	0
 1388 00f7 14       		.uleb128 0x14
 1389 00f8 34       		.uleb128 0x34
 1390 00f9 00       		.byte	0
 1391 00fa 03       		.uleb128 0x3
 1392 00fb 08       		.uleb128 0x8
 1393 00fc 3A       		.uleb128 0x3a
 1394 00fd 0B       		.uleb128 0xb
 1395 00fe 3B       		.uleb128 0x3b
 1396 00ff 0B       		.uleb128 0xb
 1397 0100 49       		.uleb128 0x49
 1398 0101 13       		.uleb128 0x13
 1399 0102 00       		.byte	0
 1400 0103 00       		.byte	0
 1401 0104 15       		.uleb128 0x15
 1402 0105 2E       		.uleb128 0x2e
 1403 0106 01       		.byte	0x1
 1404 0107 3F       		.uleb128 0x3f
 1405 0108 19       		.uleb128 0x19
 1406 0109 03       		.uleb128 0x3
 1407 010a 0E       		.uleb128 0xe
 1408 010b 3A       		.uleb128 0x3a
 1409 010c 0B       		.uleb128 0xb
 1410 010d 3B       		.uleb128 0x3b
 1411 010e 0B       		.uleb128 0xb
 1412 010f 27       		.uleb128 0x27
 1413 0110 19       		.uleb128 0x19
 1414 0111 49       		.uleb128 0x49
 1415 0112 13       		.uleb128 0x13
 1416 0113 11       		.uleb128 0x11
 1417 0114 01       		.uleb128 0x1
 1418 0115 12       		.uleb128 0x12
 1419 0116 06       		.uleb128 0x6
 1420 0117 40       		.uleb128 0x40
 1421 0118 18       		.uleb128 0x18
 1422 0119 9742     		.uleb128 0x2117
 1423 011b 19       		.uleb128 0x19
ARM GAS  /var/folders/zv/18v39shs5gqc3xhz55t6cxb00000gn/T//ccQfzMNj.s 			page 26


 1424 011c 01       		.uleb128 0x1
 1425 011d 13       		.uleb128 0x13
 1426 011e 00       		.byte	0
 1427 011f 00       		.byte	0
 1428 0120 16       		.uleb128 0x16
 1429 0121 05       		.uleb128 0x5
 1430 0122 00       		.byte	0
 1431 0123 03       		.uleb128 0x3
 1432 0124 08       		.uleb128 0x8
 1433 0125 3A       		.uleb128 0x3a
 1434 0126 0B       		.uleb128 0xb
 1435 0127 3B       		.uleb128 0x3b
 1436 0128 0B       		.uleb128 0xb
 1437 0129 49       		.uleb128 0x49
 1438 012a 13       		.uleb128 0x13
 1439 012b 02       		.uleb128 0x2
 1440 012c 17       		.uleb128 0x17
 1441 012d 00       		.byte	0
 1442 012e 00       		.byte	0
 1443 012f 17       		.uleb128 0x17
 1444 0130 34       		.uleb128 0x34
 1445 0131 00       		.byte	0
 1446 0132 03       		.uleb128 0x3
 1447 0133 08       		.uleb128 0x8
 1448 0134 3A       		.uleb128 0x3a
 1449 0135 0B       		.uleb128 0xb
 1450 0136 3B       		.uleb128 0x3b
 1451 0137 0B       		.uleb128 0xb
 1452 0138 49       		.uleb128 0x49
 1453 0139 13       		.uleb128 0x13
 1454 013a 02       		.uleb128 0x2
 1455 013b 18       		.uleb128 0x18
 1456 013c 00       		.byte	0
 1457 013d 00       		.byte	0
 1458 013e 18       		.uleb128 0x18
 1459 013f 0B       		.uleb128 0xb
 1460 0140 01       		.byte	0x1
 1461 0141 11       		.uleb128 0x11
 1462 0142 01       		.uleb128 0x1
 1463 0143 12       		.uleb128 0x12
 1464 0144 06       		.uleb128 0x6
 1465 0145 01       		.uleb128 0x1
 1466 0146 13       		.uleb128 0x13
 1467 0147 00       		.byte	0
 1468 0148 00       		.byte	0
 1469 0149 19       		.uleb128 0x19
 1470 014a 1D       		.uleb128 0x1d
 1471 014b 01       		.byte	0x1
 1472 014c 31       		.uleb128 0x31
 1473 014d 13       		.uleb128 0x13
 1474 014e 52       		.uleb128 0x52
 1475 014f 01       		.uleb128 0x1
 1476 0150 55       		.uleb128 0x55
 1477 0151 17       		.uleb128 0x17
 1478 0152 58       		.uleb128 0x58
 1479 0153 0B       		.uleb128 0xb
 1480 0154 59       		.uleb128 0x59
ARM GAS  /var/folders/zv/18v39shs5gqc3xhz55t6cxb00000gn/T//ccQfzMNj.s 			page 27


 1481 0155 0B       		.uleb128 0xb
 1482 0156 01       		.uleb128 0x1
 1483 0157 13       		.uleb128 0x13
 1484 0158 00       		.byte	0
 1485 0159 00       		.byte	0
 1486 015a 1A       		.uleb128 0x1a
 1487 015b 05       		.uleb128 0x5
 1488 015c 00       		.byte	0
 1489 015d 31       		.uleb128 0x31
 1490 015e 13       		.uleb128 0x13
 1491 015f 02       		.uleb128 0x2
 1492 0160 18       		.uleb128 0x18
 1493 0161 00       		.byte	0
 1494 0162 00       		.byte	0
 1495 0163 1B       		.uleb128 0x1b
 1496 0164 898201   		.uleb128 0x4109
 1497 0167 01       		.byte	0x1
 1498 0168 11       		.uleb128 0x11
 1499 0169 01       		.uleb128 0x1
 1500 016a 31       		.uleb128 0x31
 1501 016b 13       		.uleb128 0x13
 1502 016c 01       		.uleb128 0x1
 1503 016d 13       		.uleb128 0x13
 1504 016e 00       		.byte	0
 1505 016f 00       		.byte	0
 1506 0170 1C       		.uleb128 0x1c
 1507 0171 8A8201   		.uleb128 0x410a
 1508 0174 00       		.byte	0
 1509 0175 02       		.uleb128 0x2
 1510 0176 18       		.uleb128 0x18
 1511 0177 9142     		.uleb128 0x2111
 1512 0179 18       		.uleb128 0x18
 1513 017a 00       		.byte	0
 1514 017b 00       		.byte	0
 1515 017c 1D       		.uleb128 0x1d
 1516 017d 898201   		.uleb128 0x4109
 1517 0180 00       		.byte	0
 1518 0181 11       		.uleb128 0x11
 1519 0182 01       		.uleb128 0x1
 1520 0183 31       		.uleb128 0x31
 1521 0184 13       		.uleb128 0x13
 1522 0185 00       		.byte	0
 1523 0186 00       		.byte	0
 1524 0187 1E       		.uleb128 0x1e
 1525 0188 05       		.uleb128 0x5
 1526 0189 00       		.byte	0
 1527 018a 31       		.uleb128 0x31
 1528 018b 13       		.uleb128 0x13
 1529 018c 02       		.uleb128 0x2
 1530 018d 17       		.uleb128 0x17
 1531 018e 00       		.byte	0
 1532 018f 00       		.byte	0
 1533 0190 1F       		.uleb128 0x1f
 1534 0191 0B       		.uleb128 0xb
 1535 0192 01       		.byte	0x1
 1536 0193 55       		.uleb128 0x55
 1537 0194 17       		.uleb128 0x17
ARM GAS  /var/folders/zv/18v39shs5gqc3xhz55t6cxb00000gn/T//ccQfzMNj.s 			page 28


 1538 0195 00       		.byte	0
 1539 0196 00       		.byte	0
 1540 0197 20       		.uleb128 0x20
 1541 0198 34       		.uleb128 0x34
 1542 0199 00       		.byte	0
 1543 019a 31       		.uleb128 0x31
 1544 019b 13       		.uleb128 0x13
 1545 019c 02       		.uleb128 0x2
 1546 019d 17       		.uleb128 0x17
 1547 019e 00       		.byte	0
 1548 019f 00       		.byte	0
 1549 01a0 21       		.uleb128 0x21
 1550 01a1 0B       		.uleb128 0xb
 1551 01a2 01       		.byte	0x1
 1552 01a3 55       		.uleb128 0x55
 1553 01a4 17       		.uleb128 0x17
 1554 01a5 01       		.uleb128 0x1
 1555 01a6 13       		.uleb128 0x13
 1556 01a7 00       		.byte	0
 1557 01a8 00       		.byte	0
 1558 01a9 22       		.uleb128 0x22
 1559 01aa 898201   		.uleb128 0x4109
 1560 01ad 01       		.byte	0x1
 1561 01ae 11       		.uleb128 0x11
 1562 01af 01       		.uleb128 0x1
 1563 01b0 31       		.uleb128 0x31
 1564 01b1 13       		.uleb128 0x13
 1565 01b2 00       		.byte	0
 1566 01b3 00       		.byte	0
 1567 01b4 23       		.uleb128 0x23
 1568 01b5 2E       		.uleb128 0x2e
 1569 01b6 01       		.byte	0x1
 1570 01b7 3F       		.uleb128 0x3f
 1571 01b8 19       		.uleb128 0x19
 1572 01b9 03       		.uleb128 0x3
 1573 01ba 0E       		.uleb128 0xe
 1574 01bb 3A       		.uleb128 0x3a
 1575 01bc 0B       		.uleb128 0xb
 1576 01bd 3B       		.uleb128 0x3b
 1577 01be 0B       		.uleb128 0xb
 1578 01bf 27       		.uleb128 0x27
 1579 01c0 19       		.uleb128 0x19
 1580 01c1 11       		.uleb128 0x11
 1581 01c2 01       		.uleb128 0x1
 1582 01c3 12       		.uleb128 0x12
 1583 01c4 06       		.uleb128 0x6
 1584 01c5 40       		.uleb128 0x40
 1585 01c6 18       		.uleb128 0x18
 1586 01c7 9742     		.uleb128 0x2117
 1587 01c9 19       		.uleb128 0x19
 1588 01ca 01       		.uleb128 0x1
 1589 01cb 13       		.uleb128 0x13
 1590 01cc 00       		.byte	0
 1591 01cd 00       		.byte	0
 1592 01ce 24       		.uleb128 0x24
 1593 01cf 34       		.uleb128 0x34
 1594 01d0 00       		.byte	0
ARM GAS  /var/folders/zv/18v39shs5gqc3xhz55t6cxb00000gn/T//ccQfzMNj.s 			page 29


 1595 01d1 03       		.uleb128 0x3
 1596 01d2 0E       		.uleb128 0xe
 1597 01d3 3A       		.uleb128 0x3a
 1598 01d4 0B       		.uleb128 0xb
 1599 01d5 3B       		.uleb128 0x3b
 1600 01d6 0B       		.uleb128 0xb
 1601 01d7 49       		.uleb128 0x49
 1602 01d8 13       		.uleb128 0x13
 1603 01d9 3F       		.uleb128 0x3f
 1604 01da 19       		.uleb128 0x19
 1605 01db 3C       		.uleb128 0x3c
 1606 01dc 19       		.uleb128 0x19
 1607 01dd 00       		.byte	0
 1608 01de 00       		.byte	0
 1609 01df 25       		.uleb128 0x25
 1610 01e0 2E       		.uleb128 0x2e
 1611 01e1 01       		.byte	0x1
 1612 01e2 3F       		.uleb128 0x3f
 1613 01e3 19       		.uleb128 0x19
 1614 01e4 03       		.uleb128 0x3
 1615 01e5 0E       		.uleb128 0xe
 1616 01e6 3A       		.uleb128 0x3a
 1617 01e7 0B       		.uleb128 0xb
 1618 01e8 3B       		.uleb128 0x3b
 1619 01e9 0B       		.uleb128 0xb
 1620 01ea 27       		.uleb128 0x27
 1621 01eb 19       		.uleb128 0x19
 1622 01ec 3C       		.uleb128 0x3c
 1623 01ed 19       		.uleb128 0x19
 1624 01ee 01       		.uleb128 0x1
 1625 01ef 13       		.uleb128 0x13
 1626 01f0 00       		.byte	0
 1627 01f1 00       		.byte	0
 1628 01f2 26       		.uleb128 0x26
 1629 01f3 05       		.uleb128 0x5
 1630 01f4 00       		.byte	0
 1631 01f5 49       		.uleb128 0x49
 1632 01f6 13       		.uleb128 0x13
 1633 01f7 00       		.byte	0
 1634 01f8 00       		.byte	0
 1635 01f9 27       		.uleb128 0x27
 1636 01fa 2E       		.uleb128 0x2e
 1637 01fb 01       		.byte	0x1
 1638 01fc 3F       		.uleb128 0x3f
 1639 01fd 19       		.uleb128 0x19
 1640 01fe 03       		.uleb128 0x3
 1641 01ff 0E       		.uleb128 0xe
 1642 0200 3A       		.uleb128 0x3a
 1643 0201 0B       		.uleb128 0xb
 1644 0202 3B       		.uleb128 0x3b
 1645 0203 0B       		.uleb128 0xb
 1646 0204 27       		.uleb128 0x27
 1647 0205 19       		.uleb128 0x19
 1648 0206 49       		.uleb128 0x49
 1649 0207 13       		.uleb128 0x13
 1650 0208 3C       		.uleb128 0x3c
 1651 0209 19       		.uleb128 0x19
ARM GAS  /var/folders/zv/18v39shs5gqc3xhz55t6cxb00000gn/T//ccQfzMNj.s 			page 30


 1652 020a 01       		.uleb128 0x1
 1653 020b 13       		.uleb128 0x13
 1654 020c 00       		.byte	0
 1655 020d 00       		.byte	0
 1656 020e 28       		.uleb128 0x28
 1657 020f 2E       		.uleb128 0x2e
 1658 0210 01       		.byte	0x1
 1659 0211 3F       		.uleb128 0x3f
 1660 0212 19       		.uleb128 0x19
 1661 0213 03       		.uleb128 0x3
 1662 0214 0E       		.uleb128 0xe
 1663 0215 3A       		.uleb128 0x3a
 1664 0216 0B       		.uleb128 0xb
 1665 0217 3B       		.uleb128 0x3b
 1666 0218 0B       		.uleb128 0xb
 1667 0219 27       		.uleb128 0x27
 1668 021a 19       		.uleb128 0x19
 1669 021b 3C       		.uleb128 0x3c
 1670 021c 19       		.uleb128 0x19
 1671 021d 00       		.byte	0
 1672 021e 00       		.byte	0
 1673 021f 00       		.byte	0
 1674              		.section	.debug_loc,"",%progbits
 1675              	.Ldebug_loc0:
 1676              	.LLST0:
 1677 0000 00000000 		.4byte	.LVL0
 1678 0004 24000000 		.4byte	.LVL3
 1679 0008 0100     		.2byte	0x1
 1680 000a 50       		.byte	0x50
 1681 000b 24000000 		.4byte	.LVL3
 1682 000f 34000000 		.4byte	.LVL6
 1683 0013 0300     		.2byte	0x3
 1684 0015 75       		.byte	0x75
 1685 0016 54       		.sleb128 -44
 1686 0017 9F       		.byte	0x9f
 1687 0018 34000000 		.4byte	.LVL6
 1688 001c 37000000 		.4byte	.LVL7-1
 1689 0020 0100     		.2byte	0x1
 1690 0022 50       		.byte	0x50
 1691 0023 37000000 		.4byte	.LVL7-1
 1692 0027 40000000 		.4byte	.LFE7
 1693 002b 0300     		.2byte	0x3
 1694 002d 75       		.byte	0x75
 1695 002e 54       		.sleb128 -44
 1696 002f 9F       		.byte	0x9f
 1697 0030 00000000 		.4byte	0
 1698 0034 00000000 		.4byte	0
 1699              	.LLST1:
 1700 0038 00000000 		.4byte	.LVL0
 1701 003c 24000000 		.4byte	.LVL3
 1702 0040 0100     		.2byte	0x1
 1703 0042 51       		.byte	0x51
 1704 0043 24000000 		.4byte	.LVL3
 1705 0047 2C000000 		.4byte	.LVL5
 1706 004b 0400     		.2byte	0x4
 1707 004d F3       		.byte	0xf3
 1708 004e 01       		.uleb128 0x1
ARM GAS  /var/folders/zv/18v39shs5gqc3xhz55t6cxb00000gn/T//ccQfzMNj.s 			page 31


 1709 004f 51       		.byte	0x51
 1710 0050 9F       		.byte	0x9f
 1711 0051 2C000000 		.4byte	.LVL5
 1712 0055 34000000 		.4byte	.LVL6
 1713 0059 0100     		.2byte	0x1
 1714 005b 50       		.byte	0x50
 1715 005c 34000000 		.4byte	.LVL6
 1716 0060 37000000 		.4byte	.LVL7-1
 1717 0064 0100     		.2byte	0x1
 1718 0066 51       		.byte	0x51
 1719 0067 37000000 		.4byte	.LVL7-1
 1720 006b 40000000 		.4byte	.LFE7
 1721 006f 0400     		.2byte	0x4
 1722 0071 F3       		.byte	0xf3
 1723 0072 01       		.uleb128 0x1
 1724 0073 51       		.byte	0x51
 1725 0074 9F       		.byte	0x9f
 1726 0075 00000000 		.4byte	0
 1727 0079 00000000 		.4byte	0
 1728              	.LLST2:
 1729 007d 16000000 		.4byte	.LVL8
 1730 0081 20000000 		.4byte	.LVL9
 1731 0085 0100     		.2byte	0x1
 1732 0087 53       		.byte	0x53
 1733 0088 20000000 		.4byte	.LVL9
 1734 008c 28000000 		.4byte	.LVL10
 1735 0090 0200     		.2byte	0x2
 1736 0092 71       		.byte	0x71
 1737 0093 04       		.sleb128 4
 1738 0094 00000000 		.4byte	0
 1739 0098 00000000 		.4byte	0
 1740              	.LLST3:
 1741 009c 16000000 		.4byte	.LVL8
 1742 00a0 28000000 		.4byte	.LVL10
 1743 00a4 0100     		.2byte	0x1
 1744 00a6 50       		.byte	0x50
 1745 00a7 00000000 		.4byte	0
 1746 00ab 00000000 		.4byte	0
 1747              	.LLST4:
 1748 00af 00000000 		.4byte	.LVL12
 1749 00b3 0B000000 		.4byte	.LVL13-1
 1750 00b7 0100     		.2byte	0x1
 1751 00b9 50       		.byte	0x50
 1752 00ba 0B000000 		.4byte	.LVL13-1
 1753 00be 14000000 		.4byte	.LFE9
 1754 00c2 0400     		.2byte	0x4
 1755 00c4 F3       		.byte	0xf3
 1756 00c5 01       		.uleb128 0x1
 1757 00c6 50       		.byte	0x50
 1758 00c7 9F       		.byte	0x9f
 1759 00c8 00000000 		.4byte	0
 1760 00cc 00000000 		.4byte	0
 1761              	.LLST5:
 1762 00d0 00000000 		.4byte	.LVL12
 1763 00d4 0B000000 		.4byte	.LVL13-1
 1764 00d8 0100     		.2byte	0x1
 1765 00da 51       		.byte	0x51
ARM GAS  /var/folders/zv/18v39shs5gqc3xhz55t6cxb00000gn/T//ccQfzMNj.s 			page 32


 1766 00db 0B000000 		.4byte	.LVL13-1
 1767 00df 14000000 		.4byte	.LFE9
 1768 00e3 0400     		.2byte	0x4
 1769 00e5 F3       		.byte	0xf3
 1770 00e6 01       		.uleb128 0x1
 1771 00e7 51       		.byte	0x51
 1772 00e8 9F       		.byte	0x9f
 1773 00e9 00000000 		.4byte	0
 1774 00ed 00000000 		.4byte	0
 1775              		.section	.debug_aranges,"",%progbits
 1776 0000 2C000000 		.4byte	0x2c
 1777 0004 0200     		.2byte	0x2
 1778 0006 00000000 		.4byte	.Ldebug_info0
 1779 000a 04       		.byte	0x4
 1780 000b 00       		.byte	0
 1781 000c 0000     		.2byte	0
 1782 000e 0000     		.2byte	0
 1783 0010 00000000 		.4byte	.LFB7
 1784 0014 40000000 		.4byte	.LFE7-.LFB7
 1785 0018 00000000 		.4byte	.LFB8
 1786 001c 3C000000 		.4byte	.LFE8-.LFB8
 1787 0020 00000000 		.4byte	.LFB9
 1788 0024 14000000 		.4byte	.LFE9-.LFB9
 1789 0028 00000000 		.4byte	0
 1790 002c 00000000 		.4byte	0
 1791              		.section	.debug_ranges,"",%progbits
 1792              	.Ldebug_ranges0:
 1793 0000 14000000 		.4byte	.LBB11
 1794 0004 18000000 		.4byte	.LBE11
 1795 0008 1C000000 		.4byte	.LBB14
 1796 000c 22000000 		.4byte	.LBE14
 1797 0010 00000000 		.4byte	0
 1798 0014 00000000 		.4byte	0
 1799 0018 16000000 		.4byte	.LBB17
 1800 001c 1A000000 		.4byte	.LBE17
 1801 0020 1C000000 		.4byte	.LBB20
 1802 0024 1E000000 		.4byte	.LBE20
 1803 0028 00000000 		.4byte	0
 1804 002c 00000000 		.4byte	0
 1805 0030 1E000000 		.4byte	.LBB21
 1806 0034 20000000 		.4byte	.LBE21
 1807 0038 22000000 		.4byte	.LBB22
 1808 003c 26000000 		.4byte	.LBE22
 1809 0040 00000000 		.4byte	0
 1810 0044 00000000 		.4byte	0
 1811 0048 00000000 		.4byte	.LFB7
 1812 004c 40000000 		.4byte	.LFE7
 1813 0050 00000000 		.4byte	.LFB8
 1814 0054 3C000000 		.4byte	.LFE8
 1815 0058 00000000 		.4byte	.LFB9
 1816 005c 14000000 		.4byte	.LFE9
 1817 0060 00000000 		.4byte	0
 1818 0064 00000000 		.4byte	0
 1819              		.section	.debug_line,"",%progbits
 1820              	.Ldebug_line0:
 1821 0000 0B020000 		.section	.debug_str,"MS",%progbits,1
 1821      02009601 
ARM GAS  /var/folders/zv/18v39shs5gqc3xhz55t6cxb00000gn/T//ccQfzMNj.s 			page 33


 1821      00000201 
 1821      FB0E0D00 
 1821      01010101 
 1822              	.LASF39:
 1823 0000 705F6D73 		.ascii	"p_msg\000"
 1823      6700
 1824              	.LASF71:
 1825 0006 71756575 		.ascii	"queue_insert\000"
 1825      655F696E 
 1825      73657274 
 1825      00
 1826              	.LASF61:
 1827 0013 7264796D 		.ascii	"rdymsg\000"
 1827      736700
 1828              	.LASF5:
 1829 001a 5F5F7569 		.ascii	"__uint8_t\000"
 1829      6E74385F 
 1829      7400
 1830              	.LASF11:
 1831 0024 6C6F6E67 		.ascii	"long long unsigned int\000"
 1831      206C6F6E 
 1831      6720756E 
 1831      7369676E 
 1831      65642069 
 1832              	.LASF27:
 1833 003b 705F7072 		.ascii	"p_prio\000"
 1833      696F00
 1834              	.LASF10:
 1835 0042 6C6F6E67 		.ascii	"long long int\000"
 1835      206C6F6E 
 1835      6720696E 
 1835      7400
 1836              	.LASF1:
 1837 0050 7369676E 		.ascii	"signed char\000"
 1837      65642063 
 1837      68617200 
 1838              	.LASF43:
 1839 005c 705F6D70 		.ascii	"p_mpool\000"
 1839      6F6F6C00 
 1840              	.LASF58:
 1841 0064 6D5F7175 		.ascii	"m_queue\000"
 1841      65756500 
 1842              	.LASF19:
 1843 006c 74736C69 		.ascii	"tslices_t\000"
 1843      6365735F 
 1843      7400
 1844              	.LASF7:
 1845 0076 6C6F6E67 		.ascii	"long int\000"
 1845      20696E74 
 1845      00
 1846              	.LASF66:
 1847 007f 63684D73 		.ascii	"chMsgSend\000"
 1847      6753656E 
 1847      6400
 1848              	.LASF17:
 1849 0089 74737461 		.ascii	"tstate_t\000"
 1849      74655F74 
ARM GAS  /var/folders/zv/18v39shs5gqc3xhz55t6cxb00000gn/T//ccQfzMNj.s 			page 34


 1849      00
 1850              	.LASF29:
 1851 0092 705F6E65 		.ascii	"p_newer\000"
 1851      77657200 
 1852              	.LASF62:
 1853 009a 65786974 		.ascii	"exitcode\000"
 1853      636F6465 
 1853      00
 1854              	.LASF8:
 1855 00a3 5F5F7569 		.ascii	"__uint32_t\000"
 1855      6E743332 
 1855      5F7400
 1856              	.LASF46:
 1857 00ae 72656761 		.ascii	"regarm_t\000"
 1857      726D5F74 
 1857      00
 1858              	.LASF0:
 1859 00b7 756E7369 		.ascii	"unsigned int\000"
 1859      676E6564 
 1859      20696E74 
 1859      00
 1860              	.LASF9:
 1861 00c4 6C6F6E67 		.ascii	"long unsigned int\000"
 1861      20756E73 
 1861      69676E65 
 1861      6420696E 
 1861      7400
 1862              	.LASF48:
 1863 00d6 636F6E74 		.ascii	"context\000"
 1863      65787400 
 1864              	.LASF4:
 1865 00de 73686F72 		.ascii	"short unsigned int\000"
 1865      7420756E 
 1865      7369676E 
 1865      65642069 
 1865      6E7400
 1866              	.LASF21:
 1867 00f1 6D73675F 		.ascii	"msg_t\000"
 1867      7400
 1868              	.LASF53:
 1869 00f7 725F6E65 		.ascii	"r_newer\000"
 1869      77657200 
 1870              	.LASF16:
 1871 00ff 746D6F64 		.ascii	"tmode_t\000"
 1871      655F7400 
 1872              	.LASF45:
 1873 0107 54687265 		.ascii	"ThreadsList\000"
 1873      6164734C 
 1873      69737400 
 1874              	.LASF22:
 1875 0113 6576656E 		.ascii	"eventmask_t\000"
 1875      746D6173 
 1875      6B5F7400 
 1876              	.LASF57:
 1877 011f 4D757465 		.ascii	"Mutex\000"
 1877      7800
 1878              	.LASF49:
ARM GAS  /var/folders/zv/18v39shs5gqc3xhz55t6cxb00000gn/T//ccQfzMNj.s 			page 35


 1879 0125 73697A65 		.ascii	"sizetype\000"
 1879      74797065 
 1879      00
 1880              	.LASF70:
 1881 012e 2F557365 		.ascii	"/Users/Daniel/Documents/Bachelor/Kode/rov-subside20"
 1881      72732F44 
 1881      616E6965 
 1881      6C2F446F 
 1881      63756D65 
 1882 0161 31352F54 		.ascii	"15/ThrusterModule\000"
 1882      68727573 
 1882      7465724D 
 1882      6F64756C 
 1882      6500
 1883              	.LASF30:
 1884 0173 705F6F6C 		.ascii	"p_older\000"
 1884      64657200 
 1885              	.LASF52:
 1886 017b 725F6374 		.ascii	"r_ctx\000"
 1886      7800
 1887              	.LASF44:
 1888 0181 54687265 		.ascii	"ThreadsQueue\000"
 1888      61647351 
 1888      75657565 
 1888      00
 1889              	.LASF55:
 1890 018e 725F6375 		.ascii	"r_current\000"
 1890      7272656E 
 1890      7400
 1891              	.LASF54:
 1892 0198 725F6F6C 		.ascii	"r_older\000"
 1892      64657200 
 1893              	.LASF18:
 1894 01a0 74726566 		.ascii	"trefs_t\000"
 1894      735F7400 
 1895              	.LASF26:
 1896 01a8 705F7072 		.ascii	"p_prev\000"
 1896      657600
 1897              	.LASF20:
 1898 01af 74707269 		.ascii	"tprio_t\000"
 1898      6F5F7400 
 1899              	.LASF15:
 1900 01b7 5F426F6F 		.ascii	"_Bool\000"
 1900      6C00
 1901              	.LASF13:
 1902 01bd 696E7433 		.ascii	"int32_t\000"
 1902      325F7400 
 1903              	.LASF2:
 1904 01c5 756E7369 		.ascii	"unsigned char\000"
 1904      676E6564 
 1904      20636861 
 1904      7200
 1905              	.LASF41:
 1906 01d3 705F6D74 		.ascii	"p_mtxlist\000"
 1906      786C6973 
 1906      7400
 1907              	.LASF3:
ARM GAS  /var/folders/zv/18v39shs5gqc3xhz55t6cxb00000gn/T//ccQfzMNj.s 			page 36


 1908 01dd 73686F72 		.ascii	"short int\000"
 1908      7420696E 
 1908      7400
 1909              	.LASF32:
 1910 01e7 705F7374 		.ascii	"p_state\000"
 1910      61746500 
 1911              	.LASF35:
 1912 01ef 705F7072 		.ascii	"p_preempt\000"
 1912      65656D70 
 1912      7400
 1913              	.LASF51:
 1914 01f9 725F7072 		.ascii	"r_prio\000"
 1914      696F00
 1915              	.LASF64:
 1916 0200 65776D61 		.ascii	"ewmask\000"
 1916      736B00
 1917              	.LASF25:
 1918 0207 705F6E65 		.ascii	"p_next\000"
 1918      787400
 1919              	.LASF33:
 1920 020e 705F666C 		.ascii	"p_flags\000"
 1920      61677300 
 1921              	.LASF24:
 1922 0216 54687265 		.ascii	"Thread\000"
 1922      616400
 1923              	.LASF73:
 1924 021d 63684D73 		.ascii	"chMsgRelease\000"
 1924      6752656C 
 1924      65617365 
 1924      00
 1925              	.LASF75:
 1926 022a 63685363 		.ascii	"chSchGoSleepS\000"
 1926      68476F53 
 1926      6C656570 
 1926      5300
 1927              	.LASF40:
 1928 0238 705F6570 		.ascii	"p_epending\000"
 1928      656E6469 
 1928      6E6700
 1929              	.LASF14:
 1930 0243 75696E74 		.ascii	"uint32_t\000"
 1930      33325F74 
 1930      00
 1931              	.LASF50:
 1932 024c 725F7175 		.ascii	"r_queue\000"
 1932      65756500 
 1933              	.LASF65:
 1934 0254 63686172 		.ascii	"char\000"
 1934      00
 1935              	.LASF72:
 1936 0259 6669666F 		.ascii	"fifo_remove\000"
 1936      5F72656D 
 1936      6F766500 
 1937              	.LASF76:
 1938 0265 63685363 		.ascii	"chSchReadyI\000"
 1938      68526561 
 1938      64794900 
ARM GAS  /var/folders/zv/18v39shs5gqc3xhz55t6cxb00000gn/T//ccQfzMNj.s 			page 37


 1939              	.LASF60:
 1940 0271 6D5F6E65 		.ascii	"m_next\000"
 1940      787400
 1941              	.LASF23:
 1942 0278 73797374 		.ascii	"systime_t\000"
 1942      696D655F 
 1942      7400
 1943              	.LASF42:
 1944 0282 705F7265 		.ascii	"p_realprio\000"
 1944      616C7072 
 1944      696F00
 1945              	.LASF6:
 1946 028d 5F5F696E 		.ascii	"__int32_t\000"
 1946      7433325F 
 1946      7400
 1947              	.LASF68:
 1948 0297 474E5520 		.ascii	"GNU C 4.9.3 20150303 (release) [ARM/embedded-4_9-br"
 1948      4320342E 
 1948      392E3320 
 1948      32303135 
 1948      30333033 
 1949 02ca 616E6368 		.ascii	"anch revision 221220] -mcpu=cortex-m4 -mfloat-abi=h"
 1949      20726576 
 1949      6973696F 
 1949      6E203232 
 1949      31323230 
 1950 02fd 61726420 		.ascii	"ard -mfpu=fpv4-sp-d16 -mno-thumb-interwork -mthumb "
 1950      2D6D6670 
 1950      753D6670 
 1950      76342D73 
 1950      702D6431 
 1951 0330 2D676764 		.ascii	"-ggdb -O2 -fomit-frame-pointer -falign-functions=16"
 1951      62202D4F 
 1951      32202D66 
 1951      6F6D6974 
 1951      2D667261 
 1952 0363 202D6666 		.ascii	" -ffunction-sections -fdata-sections -fno-common -f"
 1952      756E6374 
 1952      696F6E2D 
 1952      73656374 
 1952      696F6E73 
 1953 0396 73696E67 		.ascii	"single-precision-constant\000"
 1953      6C652D70 
 1953      72656369 
 1953      73696F6E 
 1953      2D636F6E 
 1954              	.LASF36:
 1955 03b0 705F7469 		.ascii	"p_time\000"
 1955      6D6500
 1956              	.LASF47:
 1957 03b7 696E7463 		.ascii	"intctx\000"
 1957      747800
 1958              	.LASF38:
 1959 03be 705F6D73 		.ascii	"p_msgqueue\000"
 1959      67717565 
 1959      756500
 1960              	.LASF77:
ARM GAS  /var/folders/zv/18v39shs5gqc3xhz55t6cxb00000gn/T//ccQfzMNj.s 			page 38


 1961 03c9 63685363 		.ascii	"chSchWakeupS\000"
 1961      6857616B 
 1961      65757053 
 1961      00
 1962              	.LASF67:
 1963 03d6 63684D73 		.ascii	"chMsgWait\000"
 1963      67576169 
 1963      7400
 1964              	.LASF34:
 1965 03e0 705F7265 		.ascii	"p_refs\000"
 1965      667300
 1966              	.LASF56:
 1967 03e7 52656164 		.ascii	"ReadyList\000"
 1967      794C6973 
 1967      7400
 1968              	.LASF74:
 1969 03f1 726C6973 		.ascii	"rlist\000"
 1969      7400
 1970              	.LASF12:
 1971 03f7 75696E74 		.ascii	"uint8_t\000"
 1971      385F7400 
 1972              	.LASF69:
 1973 03ff 2E2F6368 		.ascii	"./chibios/os/kernel/src/chmsg.c\000"
 1973      6962696F 
 1973      732F6F73 
 1973      2F6B6572 
 1973      6E656C2F 
 1974              	.LASF63:
 1975 041f 77746F62 		.ascii	"wtobjp\000"
 1975      6A7000
 1976              	.LASF31:
 1977 0426 705F6E61 		.ascii	"p_name\000"
 1977      6D6500
 1978              	.LASF59:
 1979 042d 6D5F6F77 		.ascii	"m_owner\000"
 1979      6E657200 
 1980              	.LASF28:
 1981 0435 705F6374 		.ascii	"p_ctx\000"
 1981      7800
 1982              	.LASF37:
 1983 043b 705F7761 		.ascii	"p_waiting\000"
 1983      6974696E 
 1983      6700
 1984              		.ident	"GCC: (GNU Tools for ARM Embedded Processors) 4.9.3 20150303 (release) [ARM/embedded-4_9-br
ARM GAS  /var/folders/zv/18v39shs5gqc3xhz55t6cxb00000gn/T//ccQfzMNj.s 			page 39


DEFINED SYMBOLS
                            *ABS*:0000000000000000 chmsg.c
/var/folders/zv/18v39shs5gqc3xhz55t6cxb00000gn/T//ccQfzMNj.s:21     .text.chMsgSend:0000000000000000 $t
/var/folders/zv/18v39shs5gqc3xhz55t6cxb00000gn/T//ccQfzMNj.s:27     .text.chMsgSend:0000000000000000 chMsgSend
/var/folders/zv/18v39shs5gqc3xhz55t6cxb00000gn/T//ccQfzMNj.s:113    .text.chMsgSend:000000000000003c $d
/var/folders/zv/18v39shs5gqc3xhz55t6cxb00000gn/T//ccQfzMNj.s:118    .text.chMsgWait:0000000000000000 $t
/var/folders/zv/18v39shs5gqc3xhz55t6cxb00000gn/T//ccQfzMNj.s:124    .text.chMsgWait:0000000000000000 chMsgWait
/var/folders/zv/18v39shs5gqc3xhz55t6cxb00000gn/T//ccQfzMNj.s:195    .text.chMsgWait:0000000000000038 $d
/var/folders/zv/18v39shs5gqc3xhz55t6cxb00000gn/T//ccQfzMNj.s:200    .text.chMsgRelease:0000000000000000 $t
/var/folders/zv/18v39shs5gqc3xhz55t6cxb00000gn/T//ccQfzMNj.s:206    .text.chMsgRelease:0000000000000000 chMsgRelease
                     .debug_frame:0000000000000010 $d
/var/folders/zv/18v39shs5gqc3xhz55t6cxb00000gn/T//ccQfzMNj.s:199    .text.chMsgWait:000000000000003c $t

UNDEFINED SYMBOLS
chSchGoSleepS
chSchReadyI
rlist
chSchWakeupS
