ARM GAS  /var/folders/zv/18v39shs5gqc3xhz55t6cxb00000gn/T//cc9QOyQC.s 			page 1


   1              		.syntax unified
   2              		.cpu cortex-m4
   3              		.eabi_attribute 27, 1
   4              		.eabi_attribute 28, 1
   5              		.fpu fpv4-sp-d16
   6              		.eabi_attribute 20, 1
   7              		.eabi_attribute 21, 1
   8              		.eabi_attribute 23, 3
   9              		.eabi_attribute 24, 1
  10              		.eabi_attribute 25, 1
  11              		.eabi_attribute 26, 1
  12              		.eabi_attribute 30, 2
  13              		.eabi_attribute 34, 1
  14              		.eabi_attribute 18, 4
  15              		.thumb
  16              		.file	"chregistry.c"
  17              		.text
  18              	.Ltext0:
  19              		.cfi_sections	.debug_frame
  20              		.section	.text.chRegFirstThread,"ax",%progbits
  21              		.align	2
  22              		.p2align 4,,15
  23              		.global	chRegFirstThread
  24              		.thumb
  25              		.thumb_func
  26              		.type	chRegFirstThread, %function
  27              	chRegFirstThread:
  28              	.LFB7:
  29              		.file 1 "./chibios/os/kernel/src/chregistry.c"
  30              		.loc 1 117 0
  31              		.cfi_startproc
  32              		@ args = 0, pretend = 0, frame = 0
  33              		@ frame_needed = 0, uses_anonymous_args = 0
  34              		@ link register save eliminated.
  35              	.LBB2:
  36              		.loc 1 120 0
  37 0000 2023     		movs	r3, #32
  38              	@ 120 "./chibios/os/kernel/src/chregistry.c" 1
  39 0002 83F31188 		msr     BASEPRI, r3
  40              	@ 0 "" 2
  41              		.thumb
  42              	.LBE2:
  43              		.loc 1 121 0
  44 0006 044B     		ldr	r3, .L2
  45 0008 1869     		ldr	r0, [r3, #16]
  46              	.LVL0:
  47              		.loc 1 123 0
  48 000a 837F     		ldrb	r3, [r0, #30]	@ zero_extendqisi2
  49 000c 0133     		adds	r3, r3, #1
  50 000e 8377     		strb	r3, [r0, #30]
  51              	.LBB3:
  52              		.loc 1 125 0
  53 0010 0023     		movs	r3, #0
  54              	@ 125 "./chibios/os/kernel/src/chregistry.c" 1
  55 0012 83F31188 		msr     BASEPRI, r3
  56              	@ 0 "" 2
  57              		.thumb
ARM GAS  /var/folders/zv/18v39shs5gqc3xhz55t6cxb00000gn/T//cc9QOyQC.s 			page 2


  58              	.LBE3:
  59              		.loc 1 127 0
  60 0016 7047     		bx	lr
  61              	.L3:
  62              		.align	2
  63              	.L2:
  64 0018 00000000 		.word	rlist
  65              		.cfi_endproc
  66              	.LFE7:
  67              		.size	chRegFirstThread, .-chRegFirstThread
  68 001c AFF30080 		.section	.text.chRegNextThread,"ax",%progbits
  69              		.align	2
  70              		.p2align 4,,15
  71              		.global	chRegNextThread
  72              		.thumb
  73              		.thumb_func
  74              		.type	chRegNextThread, %function
  75              	chRegNextThread:
  76              	.LFB8:
  77              		.loc 1 140 0
  78              		.cfi_startproc
  79              		@ args = 0, pretend = 0, frame = 0
  80              		@ frame_needed = 0, uses_anonymous_args = 0
  81              	.LVL1:
  82 0000 10B5     		push	{r4, lr}
  83              		.cfi_def_cfa_offset 8
  84              		.cfi_offset 4, -8
  85              		.cfi_offset 14, -4
  86              	.LBB4:
  87              		.loc 1 143 0
  88 0002 2023     		movs	r3, #32
  89              	@ 143 "./chibios/os/kernel/src/chregistry.c" 1
  90 0004 83F31188 		msr     BASEPRI, r3
  91              	@ 0 "" 2
  92              		.thumb
  93              	.LBE4:
  94              		.loc 1 145 0
  95 0008 074B     		ldr	r3, .L8
  96              		.loc 1 144 0
  97 000a 0469     		ldr	r4, [r0, #16]
  98              	.LVL2:
  99              		.loc 1 145 0
 100 000c 9C42     		cmp	r4, r3
 101              		.loc 1 151 0
 102 000e 1DBF     		ittte	ne
 103 0010 A37F     		ldrbne	r3, [r4, #30]	@ zero_extendqisi2
 104 0012 0133     		addne	r3, r3, #1
 105 0014 A377     		strbne	r3, [r4, #30]
 106              		.loc 1 146 0
 107 0016 0024     		moveq	r4, #0
 108              	.LVL3:
 109              	.LBB5:
 110              		.loc 1 154 0
 111 0018 0023     		movs	r3, #0
 112              	@ 154 "./chibios/os/kernel/src/chregistry.c" 1
 113 001a 83F31188 		msr     BASEPRI, r3
 114              	@ 0 "" 2
ARM GAS  /var/folders/zv/18v39shs5gqc3xhz55t6cxb00000gn/T//cc9QOyQC.s 			page 3


 115              		.thumb
 116              	.LBE5:
 117              		.loc 1 156 0
 118 001e FFF7FEFF 		bl	chThdRelease
 119              	.LVL4:
 120              		.loc 1 159 0
 121 0022 2046     		mov	r0, r4
 122 0024 10BD     		pop	{r4, pc}
 123              	.LVL5:
 124              	.L9:
 125 0026 00BF     		.align	2
 126              	.L8:
 127 0028 00000000 		.word	rlist
 128              		.cfi_endproc
 129              	.LFE8:
 130              		.size	chRegNextThread, .-chRegNextThread
 131              		.global	ch_debug
 132 002c AFF30080 		.section	.rodata.ch_debug,"a",%progbits
 133              		.align	2
 134              		.type	ch_debug, %object
 135              		.size	ch_debug, 22
 136              	ch_debug:
 137 0000 6D61696E 		.ascii	"main"
 138 0004 00       		.byte	0
 139 0005 16       		.byte	22
 140 0006 8711     		.short	4487
 141 0008 04       		.byte	4
 142 0009 04       		.byte	4
 143 000a 48       		.byte	72
 144 000b 08       		.byte	8
 145 000c 0C       		.byte	12
 146 000d 10       		.byte	16
 147 000e 14       		.byte	20
 148 000f 18       		.byte	24
 149 0010 00       		.byte	0
 150 0011 1C       		.byte	28
 151 0012 1D       		.byte	29
 152 0013 1E       		.byte	30
 153 0014 1F       		.byte	31
 154 0015 20       		.byte	32
 155 0016 0000     		.text
 156              	.Letext0:
 157              		.file 2 "/Users/Daniel/Documents/Bachelor/Kode/rov-subside2015/arm/lib/gcc/arm-none-eabi/4.9.3/inc
 158              		.file 3 "/Users/Daniel/Documents/Bachelor/Kode/rov-subside2015/arm/arm-none-eabi/include/machine/_
 159              		.file 4 "/Users/Daniel/Documents/Bachelor/Kode/rov-subside2015/arm/arm-none-eabi/include/stdint.h"
 160              		.file 5 "./chibios/os/ports/GCC/ARMCMx/chtypes.h"
 161              		.file 6 "./chibios/os/kernel/include/chlists.h"
 162              		.file 7 "./chibios/os/kernel/include/chthreads.h"
 163              		.file 8 "./chibios/os/ports/GCC/ARMCMx/chcore_v7m.h"
 164              		.file 9 "./chibios/os/kernel/include/chschd.h"
 165              		.file 10 "./chibios/os/kernel/include/chmtx.h"
 166              		.file 11 "./chibios/os/kernel/include/chregistry.h"
 167              		.file 12 "./chibios/os/kernel/include/chdynamic.h"
 168              		.section	.debug_info,"",%progbits
 169              	.Ldebug_info0:
 170 0000 F5060000 		.4byte	0x6f5
 171 0004 0400     		.2byte	0x4
ARM GAS  /var/folders/zv/18v39shs5gqc3xhz55t6cxb00000gn/T//cc9QOyQC.s 			page 4


 172 0006 00000000 		.4byte	.Ldebug_abbrev0
 173 000a 04       		.byte	0x4
 174 000b 01       		.uleb128 0x1
 175 000c 6F030000 		.4byte	.LASF92
 176 0010 01       		.byte	0x1
 177 0011 E4040000 		.4byte	.LASF93
 178 0015 B2010000 		.4byte	.LASF94
 179 0019 00000000 		.4byte	.Ldebug_ranges0+0
 180 001d 00000000 		.4byte	0
 181 0021 00000000 		.4byte	.Ldebug_line0
 182 0025 02       		.uleb128 0x2
 183 0026 04       		.byte	0x4
 184 0027 05       		.byte	0x5
 185 0028 696E7400 		.ascii	"int\000"
 186 002c 03       		.uleb128 0x3
 187 002d 13000000 		.4byte	.LASF2
 188 0031 02       		.byte	0x2
 189 0032 D4       		.byte	0xd4
 190 0033 37000000 		.4byte	0x37
 191 0037 04       		.uleb128 0x4
 192 0038 04       		.byte	0x4
 193 0039 07       		.byte	0x7
 194 003a 10010000 		.4byte	.LASF0
 195 003e 04       		.uleb128 0x4
 196 003f 01       		.byte	0x1
 197 0040 06       		.byte	0x6
 198 0041 83000000 		.4byte	.LASF1
 199 0045 03       		.uleb128 0x3
 200 0046 21000000 		.4byte	.LASF3
 201 004a 03       		.byte	0x3
 202 004b 1D       		.byte	0x1d
 203 004c 50000000 		.4byte	0x50
 204 0050 04       		.uleb128 0x4
 205 0051 01       		.byte	0x1
 206 0052 08       		.byte	0x8
 207 0053 74020000 		.4byte	.LASF4
 208 0057 04       		.uleb128 0x4
 209 0058 02       		.byte	0x2
 210 0059 05       		.byte	0x5
 211 005a 8C020000 		.4byte	.LASF5
 212 005e 03       		.uleb128 0x3
 213 005f 3E030000 		.4byte	.LASF6
 214 0063 03       		.byte	0x3
 215 0064 2B       		.byte	0x2b
 216 0065 69000000 		.4byte	0x69
 217 0069 04       		.uleb128 0x4
 218 006a 02       		.byte	0x2
 219 006b 07       		.byte	0x7
 220 006c 4E010000 		.4byte	.LASF7
 221 0070 03       		.uleb128 0x3
 222 0071 65030000 		.4byte	.LASF8
 223 0075 03       		.byte	0x3
 224 0076 3F       		.byte	0x3f
 225 0077 7B000000 		.4byte	0x7b
 226 007b 04       		.uleb128 0x4
 227 007c 04       		.byte	0x4
 228 007d 05       		.byte	0x5
ARM GAS  /var/folders/zv/18v39shs5gqc3xhz55t6cxb00000gn/T//cc9QOyQC.s 			page 5


 229 007e C6000000 		.4byte	.LASF9
 230 0082 03       		.uleb128 0x3
 231 0083 FC000000 		.4byte	.LASF10
 232 0087 03       		.byte	0x3
 233 0088 41       		.byte	0x41
 234 0089 8D000000 		.4byte	0x8d
 235 008d 04       		.uleb128 0x4
 236 008e 04       		.byte	0x4
 237 008f 07       		.byte	0x7
 238 0090 1D010000 		.4byte	.LASF11
 239 0094 04       		.uleb128 0x4
 240 0095 08       		.byte	0x8
 241 0096 05       		.byte	0x5
 242 0097 75000000 		.4byte	.LASF12
 243 009b 04       		.uleb128 0x4
 244 009c 08       		.byte	0x8
 245 009d 07       		.byte	0x7
 246 009e 39000000 		.4byte	.LASF13
 247 00a2 03       		.uleb128 0x3
 248 00a3 C3040000 		.4byte	.LASF14
 249 00a7 04       		.byte	0x4
 250 00a8 15       		.byte	0x15
 251 00a9 45000000 		.4byte	0x45
 252 00ad 03       		.uleb128 0x3
 253 00ae D8000000 		.4byte	.LASF15
 254 00b2 04       		.byte	0x4
 255 00b3 21       		.byte	0x21
 256 00b4 5E000000 		.4byte	0x5e
 257 00b8 03       		.uleb128 0x3
 258 00b9 6C020000 		.4byte	.LASF16
 259 00bd 04       		.byte	0x4
 260 00be 2C       		.byte	0x2c
 261 00bf 70000000 		.4byte	0x70
 262 00c3 03       		.uleb128 0x3
 263 00c4 0C030000 		.4byte	.LASF17
 264 00c8 04       		.byte	0x4
 265 00c9 2D       		.byte	0x2d
 266 00ca 82000000 		.4byte	0x82
 267 00ce 04       		.uleb128 0x4
 268 00cf 01       		.byte	0x1
 269 00d0 02       		.byte	0x2
 270 00d1 66020000 		.4byte	.LASF18
 271 00d5 03       		.uleb128 0x3
 272 00d6 6F010000 		.4byte	.LASF19
 273 00da 05       		.byte	0x5
 274 00db 2C       		.byte	0x2c
 275 00dc A2000000 		.4byte	0xa2
 276 00e0 03       		.uleb128 0x3
 277 00e1 CF000000 		.4byte	.LASF20
 278 00e5 05       		.byte	0x5
 279 00e6 2D       		.byte	0x2d
 280 00e7 A2000000 		.4byte	0xa2
 281 00eb 03       		.uleb128 0x3
 282 00ec 44020000 		.4byte	.LASF21
 283 00f0 05       		.byte	0x5
 284 00f1 2E       		.byte	0x2e
 285 00f2 A2000000 		.4byte	0xa2
ARM GAS  /var/folders/zv/18v39shs5gqc3xhz55t6cxb00000gn/T//cc9QOyQC.s 			page 6


 286 00f6 03       		.uleb128 0x3
 287 00f7 BC000000 		.4byte	.LASF22
 288 00fb 05       		.byte	0x5
 289 00fc 2F       		.byte	0x2f
 290 00fd A2000000 		.4byte	0xa2
 291 0101 03       		.uleb128 0x3
 292 0102 5E020000 		.4byte	.LASF23
 293 0106 05       		.byte	0x5
 294 0107 30       		.byte	0x30
 295 0108 C3000000 		.4byte	0xc3
 296 010c 03       		.uleb128 0x3
 297 010d 61010000 		.4byte	.LASF24
 298 0111 05       		.byte	0x5
 299 0112 31       		.byte	0x31
 300 0113 B8000000 		.4byte	0xb8
 301 0117 03       		.uleb128 0x3
 302 0118 83010000 		.4byte	.LASF25
 303 011c 05       		.byte	0x5
 304 011d 33       		.byte	0x33
 305 011e C3000000 		.4byte	0xc3
 306 0122 03       		.uleb128 0x3
 307 0123 50030000 		.4byte	.LASF26
 308 0127 05       		.byte	0x5
 309 0128 35       		.byte	0x35
 310 0129 C3000000 		.4byte	0xc3
 311 012d 03       		.uleb128 0x3
 312 012e ED020000 		.4byte	.LASF27
 313 0132 06       		.byte	0x6
 314 0133 2A       		.byte	0x2a
 315 0134 38010000 		.4byte	0x138
 316 0138 05       		.uleb128 0x5
 317 0139 ED020000 		.4byte	.LASF27
 318 013d 48       		.byte	0x48
 319 013e 07       		.byte	0x7
 320 013f 5E       		.byte	0x5e
 321 0140 35020000 		.4byte	0x235
 322 0144 06       		.uleb128 0x6
 323 0145 C2020000 		.4byte	.LASF28
 324 0149 07       		.byte	0x7
 325 014a 5F       		.byte	0x5f
 326 014b 56020000 		.4byte	0x256
 327 014f 00       		.byte	0
 328 0150 06       		.uleb128 0x6
 329 0151 57020000 		.4byte	.LASF29
 330 0155 07       		.byte	0x7
 331 0156 61       		.byte	0x61
 332 0157 56020000 		.4byte	0x256
 333 015b 04       		.byte	0x4
 334 015c 06       		.uleb128 0x6
 335 015d 61000000 		.4byte	.LASF30
 336 0161 07       		.byte	0x7
 337 0162 63       		.byte	0x63
 338 0163 01010000 		.4byte	0x101
 339 0167 08       		.byte	0x8
 340 0168 06       		.uleb128 0x6
 341 0169 11050000 		.4byte	.LASF31
 342 016d 07       		.byte	0x7
ARM GAS  /var/folders/zv/18v39shs5gqc3xhz55t6cxb00000gn/T//cc9QOyQC.s 			page 7


 343 016e 64       		.byte	0x64
 344 016f E0030000 		.4byte	0x3e0
 345 0173 0C       		.byte	0xc
 346 0174 06       		.uleb128 0x6
 347 0175 EB000000 		.4byte	.LASF32
 348 0179 07       		.byte	0x7
 349 017a 66       		.byte	0x66
 350 017b 56020000 		.4byte	0x256
 351 017f 10       		.byte	0x10
 352 0180 06       		.uleb128 0x6
 353 0181 0F020000 		.4byte	.LASF33
 354 0185 07       		.byte	0x7
 355 0186 67       		.byte	0x67
 356 0187 56020000 		.4byte	0x256
 357 018b 14       		.byte	0x14
 358 018c 06       		.uleb128 0x6
 359 018d D2040000 		.4byte	.LASF34
 360 0191 07       		.byte	0x7
 361 0192 6E       		.byte	0x6e
 362 0193 E0040000 		.4byte	0x4e0
 363 0197 18       		.byte	0x18
 364 0198 06       		.uleb128 0x6
 365 0199 96020000 		.4byte	.LASF35
 366 019d 07       		.byte	0x7
 367 019e 79       		.byte	0x79
 368 019f E0000000 		.4byte	0xe0
 369 01a3 1C       		.byte	0x1c
 370 01a4 06       		.uleb128 0x6
 371 01a5 D8020000 		.4byte	.LASF36
 372 01a9 07       		.byte	0x7
 373 01aa 7D       		.byte	0x7d
 374 01ab D5000000 		.4byte	0xd5
 375 01af 1D       		.byte	0x1d
 376 01b0 06       		.uleb128 0x6
 377 01b1 AC040000 		.4byte	.LASF37
 378 01b5 07       		.byte	0x7
 379 01b6 82       		.byte	0x82
 380 01b7 EB000000 		.4byte	0xeb
 381 01bb 1E       		.byte	0x1e
 382 01bc 06       		.uleb128 0x6
 383 01bd 9E020000 		.4byte	.LASF38
 384 01c1 07       		.byte	0x7
 385 01c2 88       		.byte	0x88
 386 01c3 F6000000 		.4byte	0xf6
 387 01c7 1F       		.byte	0x1f
 388 01c8 06       		.uleb128 0x6
 389 01c9 88040000 		.4byte	.LASF39
 390 01cd 07       		.byte	0x7
 391 01ce 8F       		.byte	0x8f
 392 01cf 08040000 		.4byte	0x408
 393 01d3 20       		.byte	0x20
 394 01d4 07       		.uleb128 0x7
 395 01d5 705F7500 		.ascii	"p_u\000"
 396 01d9 07       		.byte	0x7
 397 01da B4       		.byte	0xb4
 398 01db AB040000 		.4byte	0x4ab
 399 01df 24       		.byte	0x24
ARM GAS  /var/folders/zv/18v39shs5gqc3xhz55t6cxb00000gn/T//cc9QOyQC.s 			page 8


 400 01e0 06       		.uleb128 0x6
 401 01e1 17050000 		.4byte	.LASF40
 402 01e5 07       		.byte	0x7
 403 01e6 B9       		.byte	0xb9
 404 01e7 7C020000 		.4byte	0x27c
 405 01eb 28       		.byte	0x28
 406 01ec 06       		.uleb128 0x6
 407 01ed 96040000 		.4byte	.LASF41
 408 01f1 07       		.byte	0x7
 409 01f2 BF       		.byte	0xbf
 410 01f3 5C020000 		.4byte	0x25c
 411 01f7 2C       		.byte	0x2c
 412 01f8 06       		.uleb128 0x6
 413 01f9 0D000000 		.4byte	.LASF42
 414 01fd 07       		.byte	0x7
 415 01fe C3       		.byte	0xc3
 416 01ff 0C010000 		.4byte	0x10c
 417 0203 34       		.byte	0x34
 418 0204 06       		.uleb128 0x6
 419 0205 01030000 		.4byte	.LASF43
 420 0209 07       		.byte	0x7
 421 020a C9       		.byte	0xc9
 422 020b 17010000 		.4byte	0x117
 423 020f 38       		.byte	0x38
 424 0210 06       		.uleb128 0x6
 425 0211 82020000 		.4byte	.LASF44
 426 0215 07       		.byte	0x7
 427 0216 D0       		.byte	0xd0
 428 0217 F2040000 		.4byte	0x4f2
 429 021b 3C       		.byte	0x3c
 430 021c 06       		.uleb128 0x6
 431 021d 5A030000 		.4byte	.LASF45
 432 0221 07       		.byte	0x7
 433 0222 D4       		.byte	0xd4
 434 0223 01010000 		.4byte	0x101
 435 0227 40       		.byte	0x40
 436 0228 06       		.uleb128 0x6
 437 0229 AC000000 		.4byte	.LASF46
 438 022d 07       		.byte	0x7
 439 022e DA       		.byte	0xda
 440 022f 92020000 		.4byte	0x292
 441 0233 44       		.byte	0x44
 442 0234 00       		.byte	0
 443 0235 08       		.uleb128 0x8
 444 0236 08       		.byte	0x8
 445 0237 06       		.byte	0x6
 446 0238 61       		.byte	0x61
 447 0239 56020000 		.4byte	0x256
 448 023d 06       		.uleb128 0x6
 449 023e C2020000 		.4byte	.LASF28
 450 0242 06       		.byte	0x6
 451 0243 62       		.byte	0x62
 452 0244 56020000 		.4byte	0x256
 453 0248 00       		.byte	0
 454 0249 06       		.uleb128 0x6
 455 024a 57020000 		.4byte	.LASF29
 456 024e 06       		.byte	0x6
ARM GAS  /var/folders/zv/18v39shs5gqc3xhz55t6cxb00000gn/T//cc9QOyQC.s 			page 9


 457 024f 64       		.byte	0x64
 458 0250 56020000 		.4byte	0x256
 459 0254 04       		.byte	0x4
 460 0255 00       		.byte	0
 461 0256 09       		.uleb128 0x9
 462 0257 04       		.byte	0x4
 463 0258 2D010000 		.4byte	0x12d
 464 025c 03       		.uleb128 0x3
 465 025d 1D020000 		.4byte	.LASF47
 466 0261 06       		.byte	0x6
 467 0262 66       		.byte	0x66
 468 0263 35020000 		.4byte	0x235
 469 0267 08       		.uleb128 0x8
 470 0268 04       		.byte	0x4
 471 0269 06       		.byte	0x6
 472 026a 6B       		.byte	0x6b
 473 026b 7C020000 		.4byte	0x27c
 474 026f 06       		.uleb128 0x6
 475 0270 C2020000 		.4byte	.LASF28
 476 0274 06       		.byte	0x6
 477 0275 6D       		.byte	0x6d
 478 0276 56020000 		.4byte	0x256
 479 027a 00       		.byte	0
 480 027b 00       		.byte	0
 481 027c 03       		.uleb128 0x3
 482 027d 77010000 		.4byte	.LASF48
 483 0281 06       		.byte	0x6
 484 0282 70       		.byte	0x70
 485 0283 67020000 		.4byte	0x267
 486 0287 03       		.uleb128 0x3
 487 0288 07010000 		.4byte	.LASF49
 488 028c 08       		.byte	0x8
 489 028d E5       		.byte	0xe5
 490 028e 92020000 		.4byte	0x292
 491 0292 0A       		.uleb128 0xa
 492 0293 04       		.byte	0x4
 493 0294 0B       		.uleb128 0xb
 494 0295 8F040000 		.4byte	.LASF50
 495 0299 64       		.byte	0x64
 496 029a 08       		.byte	0x8
 497 029b 0C01     		.2byte	0x10c
 498 029d E0030000 		.4byte	0x3e0
 499 02a1 0C       		.uleb128 0xc
 500 02a2 73313600 		.ascii	"s16\000"
 501 02a6 08       		.byte	0x8
 502 02a7 0E01     		.2byte	0x10e
 503 02a9 87020000 		.4byte	0x287
 504 02ad 00       		.byte	0
 505 02ae 0C       		.uleb128 0xc
 506 02af 73313700 		.ascii	"s17\000"
 507 02b3 08       		.byte	0x8
 508 02b4 0F01     		.2byte	0x10f
 509 02b6 87020000 		.4byte	0x287
 510 02ba 04       		.byte	0x4
 511 02bb 0C       		.uleb128 0xc
 512 02bc 73313800 		.ascii	"s18\000"
 513 02c0 08       		.byte	0x8
ARM GAS  /var/folders/zv/18v39shs5gqc3xhz55t6cxb00000gn/T//cc9QOyQC.s 			page 10


 514 02c1 1001     		.2byte	0x110
 515 02c3 87020000 		.4byte	0x287
 516 02c7 08       		.byte	0x8
 517 02c8 0C       		.uleb128 0xc
 518 02c9 73313900 		.ascii	"s19\000"
 519 02cd 08       		.byte	0x8
 520 02ce 1101     		.2byte	0x111
 521 02d0 87020000 		.4byte	0x287
 522 02d4 0C       		.byte	0xc
 523 02d5 0C       		.uleb128 0xc
 524 02d6 73323000 		.ascii	"s20\000"
 525 02da 08       		.byte	0x8
 526 02db 1201     		.2byte	0x112
 527 02dd 87020000 		.4byte	0x287
 528 02e1 10       		.byte	0x10
 529 02e2 0C       		.uleb128 0xc
 530 02e3 73323100 		.ascii	"s21\000"
 531 02e7 08       		.byte	0x8
 532 02e8 1301     		.2byte	0x113
 533 02ea 87020000 		.4byte	0x287
 534 02ee 14       		.byte	0x14
 535 02ef 0C       		.uleb128 0xc
 536 02f0 73323200 		.ascii	"s22\000"
 537 02f4 08       		.byte	0x8
 538 02f5 1401     		.2byte	0x114
 539 02f7 87020000 		.4byte	0x287
 540 02fb 18       		.byte	0x18
 541 02fc 0C       		.uleb128 0xc
 542 02fd 73323300 		.ascii	"s23\000"
 543 0301 08       		.byte	0x8
 544 0302 1501     		.2byte	0x115
 545 0304 87020000 		.4byte	0x287
 546 0308 1C       		.byte	0x1c
 547 0309 0C       		.uleb128 0xc
 548 030a 73323400 		.ascii	"s24\000"
 549 030e 08       		.byte	0x8
 550 030f 1601     		.2byte	0x116
 551 0311 87020000 		.4byte	0x287
 552 0315 20       		.byte	0x20
 553 0316 0C       		.uleb128 0xc
 554 0317 73323500 		.ascii	"s25\000"
 555 031b 08       		.byte	0x8
 556 031c 1701     		.2byte	0x117
 557 031e 87020000 		.4byte	0x287
 558 0322 24       		.byte	0x24
 559 0323 0C       		.uleb128 0xc
 560 0324 73323600 		.ascii	"s26\000"
 561 0328 08       		.byte	0x8
 562 0329 1801     		.2byte	0x118
 563 032b 87020000 		.4byte	0x287
 564 032f 28       		.byte	0x28
 565 0330 0C       		.uleb128 0xc
 566 0331 73323700 		.ascii	"s27\000"
 567 0335 08       		.byte	0x8
 568 0336 1901     		.2byte	0x119
 569 0338 87020000 		.4byte	0x287
 570 033c 2C       		.byte	0x2c
ARM GAS  /var/folders/zv/18v39shs5gqc3xhz55t6cxb00000gn/T//cc9QOyQC.s 			page 11


 571 033d 0C       		.uleb128 0xc
 572 033e 73323800 		.ascii	"s28\000"
 573 0342 08       		.byte	0x8
 574 0343 1A01     		.2byte	0x11a
 575 0345 87020000 		.4byte	0x287
 576 0349 30       		.byte	0x30
 577 034a 0C       		.uleb128 0xc
 578 034b 73323900 		.ascii	"s29\000"
 579 034f 08       		.byte	0x8
 580 0350 1B01     		.2byte	0x11b
 581 0352 87020000 		.4byte	0x287
 582 0356 34       		.byte	0x34
 583 0357 0C       		.uleb128 0xc
 584 0358 73333000 		.ascii	"s30\000"
 585 035c 08       		.byte	0x8
 586 035d 1C01     		.2byte	0x11c
 587 035f 87020000 		.4byte	0x287
 588 0363 38       		.byte	0x38
 589 0364 0C       		.uleb128 0xc
 590 0365 73333100 		.ascii	"s31\000"
 591 0369 08       		.byte	0x8
 592 036a 1D01     		.2byte	0x11d
 593 036c 87020000 		.4byte	0x287
 594 0370 3C       		.byte	0x3c
 595 0371 0C       		.uleb128 0xc
 596 0372 723400   		.ascii	"r4\000"
 597 0375 08       		.byte	0x8
 598 0376 1F01     		.2byte	0x11f
 599 0378 87020000 		.4byte	0x287
 600 037c 40       		.byte	0x40
 601 037d 0C       		.uleb128 0xc
 602 037e 723500   		.ascii	"r5\000"
 603 0381 08       		.byte	0x8
 604 0382 2001     		.2byte	0x120
 605 0384 87020000 		.4byte	0x287
 606 0388 44       		.byte	0x44
 607 0389 0C       		.uleb128 0xc
 608 038a 723600   		.ascii	"r6\000"
 609 038d 08       		.byte	0x8
 610 038e 2101     		.2byte	0x121
 611 0390 87020000 		.4byte	0x287
 612 0394 48       		.byte	0x48
 613 0395 0C       		.uleb128 0xc
 614 0396 723700   		.ascii	"r7\000"
 615 0399 08       		.byte	0x8
 616 039a 2201     		.2byte	0x122
 617 039c 87020000 		.4byte	0x287
 618 03a0 4C       		.byte	0x4c
 619 03a1 0C       		.uleb128 0xc
 620 03a2 723800   		.ascii	"r8\000"
 621 03a5 08       		.byte	0x8
 622 03a6 2301     		.2byte	0x123
 623 03a8 87020000 		.4byte	0x287
 624 03ac 50       		.byte	0x50
 625 03ad 0C       		.uleb128 0xc
 626 03ae 723900   		.ascii	"r9\000"
 627 03b1 08       		.byte	0x8
ARM GAS  /var/folders/zv/18v39shs5gqc3xhz55t6cxb00000gn/T//cc9QOyQC.s 			page 12


 628 03b2 2401     		.2byte	0x124
 629 03b4 87020000 		.4byte	0x287
 630 03b8 54       		.byte	0x54
 631 03b9 0C       		.uleb128 0xc
 632 03ba 72313000 		.ascii	"r10\000"
 633 03be 08       		.byte	0x8
 634 03bf 2501     		.2byte	0x125
 635 03c1 87020000 		.4byte	0x287
 636 03c5 58       		.byte	0x58
 637 03c6 0C       		.uleb128 0xc
 638 03c7 72313100 		.ascii	"r11\000"
 639 03cb 08       		.byte	0x8
 640 03cc 2601     		.2byte	0x126
 641 03ce 87020000 		.4byte	0x287
 642 03d2 5C       		.byte	0x5c
 643 03d3 0C       		.uleb128 0xc
 644 03d4 6C7200   		.ascii	"lr\000"
 645 03d7 08       		.byte	0x8
 646 03d8 2701     		.2byte	0x127
 647 03da 87020000 		.4byte	0x287
 648 03de 60       		.byte	0x60
 649 03df 00       		.byte	0
 650 03e0 0B       		.uleb128 0xb
 651 03e1 46010000 		.4byte	.LASF51
 652 03e5 04       		.byte	0x4
 653 03e6 08       		.byte	0x8
 654 03e7 3101     		.2byte	0x131
 655 03e9 FB030000 		.4byte	0x3fb
 656 03ed 0C       		.uleb128 0xc
 657 03ee 72313300 		.ascii	"r13\000"
 658 03f2 08       		.byte	0x8
 659 03f3 3201     		.2byte	0x132
 660 03f5 FB030000 		.4byte	0x3fb
 661 03f9 00       		.byte	0
 662 03fa 00       		.byte	0
 663 03fb 09       		.uleb128 0x9
 664 03fc 04       		.byte	0x4
 665 03fd 94020000 		.4byte	0x294
 666 0401 04       		.uleb128 0x4
 667 0402 04       		.byte	0x4
 668 0403 07       		.byte	0x7
 669 0404 A9010000 		.4byte	.LASF52
 670 0408 0D       		.uleb128 0xd
 671 0409 22010000 		.4byte	0x122
 672 040d 08       		.uleb128 0x8
 673 040e 1C       		.byte	0x1c
 674 040f 09       		.byte	0x9
 675 0410 5E       		.byte	0x5e
 676 0411 5E040000 		.4byte	0x45e
 677 0415 06       		.uleb128 0x6
 678 0416 21030000 		.4byte	.LASF53
 679 041a 09       		.byte	0x9
 680 041b 5F       		.byte	0x5f
 681 041c 5C020000 		.4byte	0x25c
 682 0420 00       		.byte	0
 683 0421 06       		.uleb128 0x6
 684 0422 B4020000 		.4byte	.LASF54
ARM GAS  /var/folders/zv/18v39shs5gqc3xhz55t6cxb00000gn/T//cc9QOyQC.s 			page 13


 685 0426 09       		.byte	0x9
 686 0427 60       		.byte	0x60
 687 0428 01010000 		.4byte	0x101
 688 042c 08       		.byte	0x8
 689 042d 06       		.uleb128 0x6
 690 042e 17020000 		.4byte	.LASF55
 691 0432 09       		.byte	0x9
 692 0433 62       		.byte	0x62
 693 0434 E0030000 		.4byte	0x3e0
 694 0438 0C       		.byte	0xc
 695 0439 06       		.uleb128 0x6
 696 043a 67010000 		.4byte	.LASF56
 697 043e 09       		.byte	0x9
 698 043f 65       		.byte	0x65
 699 0440 56020000 		.4byte	0x256
 700 0444 10       		.byte	0x10
 701 0445 06       		.uleb128 0x6
 702 0446 3C020000 		.4byte	.LASF57
 703 044a 09       		.byte	0x9
 704 044b 66       		.byte	0x66
 705 044c 56020000 		.4byte	0x256
 706 0450 14       		.byte	0x14
 707 0451 06       		.uleb128 0x6
 708 0452 32020000 		.4byte	.LASF58
 709 0456 09       		.byte	0x9
 710 0457 69       		.byte	0x69
 711 0458 56020000 		.4byte	0x256
 712 045c 18       		.byte	0x18
 713 045d 00       		.byte	0
 714 045e 03       		.uleb128 0x3
 715 045f B3040000 		.4byte	.LASF59
 716 0463 09       		.byte	0x9
 717 0464 6B       		.byte	0x6b
 718 0465 0D040000 		.4byte	0x40d
 719 0469 05       		.uleb128 0x5
 720 046a 8F010000 		.4byte	.LASF60
 721 046e 10       		.byte	0x10
 722 046f 0A       		.byte	0xa
 723 0470 2C       		.byte	0x2c
 724 0471 9A040000 		.4byte	0x49a
 725 0475 06       		.uleb128 0x6
 726 0476 B4000000 		.4byte	.LASF61
 727 047a 0A       		.byte	0xa
 728 047b 2D       		.byte	0x2d
 729 047c 5C020000 		.4byte	0x25c
 730 0480 00       		.byte	0
 731 0481 06       		.uleb128 0x6
 732 0482 09050000 		.4byte	.LASF62
 733 0486 0A       		.byte	0xa
 734 0487 2F       		.byte	0x2f
 735 0488 56020000 		.4byte	0x256
 736 048c 08       		.byte	0x8
 737 048d 06       		.uleb128 0x6
 738 048e 49030000 		.4byte	.LASF63
 739 0492 0A       		.byte	0xa
 740 0493 31       		.byte	0x31
 741 0494 9A040000 		.4byte	0x49a
ARM GAS  /var/folders/zv/18v39shs5gqc3xhz55t6cxb00000gn/T//cc9QOyQC.s 			page 14


 742 0498 0C       		.byte	0xc
 743 0499 00       		.byte	0
 744 049a 09       		.uleb128 0x9
 745 049b 04       		.byte	0x4
 746 049c 69040000 		.4byte	0x469
 747 04a0 03       		.uleb128 0x3
 748 04a1 8F010000 		.4byte	.LASF60
 749 04a5 0A       		.byte	0xa
 750 04a6 33       		.byte	0x33
 751 04a7 69040000 		.4byte	0x469
 752 04ab 0E       		.uleb128 0xe
 753 04ac 04       		.byte	0x4
 754 04ad 07       		.byte	0x7
 755 04ae 96       		.byte	0x96
 756 04af E0040000 		.4byte	0x4e0
 757 04b3 0F       		.uleb128 0xf
 758 04b4 1A000000 		.4byte	.LASF64
 759 04b8 07       		.byte	0x7
 760 04b9 9D       		.byte	0x9d
 761 04ba 0C010000 		.4byte	0x10c
 762 04be 0F       		.uleb128 0xf
 763 04bf F3000000 		.4byte	.LASF65
 764 04c3 07       		.byte	0x7
 765 04c4 A4       		.byte	0xa4
 766 04c5 0C010000 		.4byte	0x10c
 767 04c9 0F       		.uleb128 0xf
 768 04ca CB040000 		.4byte	.LASF66
 769 04ce 07       		.byte	0x7
 770 04cf AB       		.byte	0xab
 771 04d0 92020000 		.4byte	0x292
 772 04d4 0F       		.uleb128 0xf
 773 04d5 BB020000 		.4byte	.LASF67
 774 04d9 07       		.byte	0x7
 775 04da B2       		.byte	0xb2
 776 04db 17010000 		.4byte	0x117
 777 04df 00       		.byte	0
 778 04e0 09       		.uleb128 0x9
 779 04e1 04       		.byte	0x4
 780 04e2 E6040000 		.4byte	0x4e6
 781 04e6 10       		.uleb128 0x10
 782 04e7 EB040000 		.4byte	0x4eb
 783 04eb 04       		.uleb128 0x4
 784 04ec 01       		.byte	0x1
 785 04ed 08       		.byte	0x8
 786 04ee 29030000 		.4byte	.LASF68
 787 04f2 09       		.uleb128 0x9
 788 04f3 04       		.byte	0x4
 789 04f4 A0040000 		.4byte	0x4a0
 790 04f8 08       		.uleb128 0x8
 791 04f9 16       		.byte	0x16
 792 04fa 0B       		.byte	0xb
 793 04fb 2C       		.byte	0x2c
 794 04fc D9050000 		.4byte	0x5d9
 795 0500 06       		.uleb128 0x6
 796 0501 38010000 		.4byte	.LASF69
 797 0505 0B       		.byte	0xb
 798 0506 2D       		.byte	0x2d
ARM GAS  /var/folders/zv/18v39shs5gqc3xhz55t6cxb00000gn/T//cc9QOyQC.s 			page 15


 799 0507 D9050000 		.4byte	0x5d9
 800 050b 00       		.byte	0
 801 050c 06       		.uleb128 0x6
 802 050d 95010000 		.4byte	.LASF70
 803 0511 0B       		.byte	0xb
 804 0512 2E       		.byte	0x2e
 805 0513 A2000000 		.4byte	0xa2
 806 0517 04       		.byte	0x4
 807 0518 06       		.uleb128 0x6
 808 0519 2A020000 		.4byte	.LASF71
 809 051d 0B       		.byte	0xb
 810 051e 2F       		.byte	0x2f
 811 051f A2000000 		.4byte	0xa2
 812 0523 05       		.byte	0x5
 813 0524 06       		.uleb128 0x6
 814 0525 D9040000 		.4byte	.LASF72
 815 0529 0B       		.byte	0xb
 816 052a 30       		.byte	0x30
 817 052b AD000000 		.4byte	0xad
 818 052f 06       		.byte	0x6
 819 0530 06       		.uleb128 0x6
 820 0531 4C020000 		.4byte	.LASF73
 821 0535 0B       		.byte	0xb
 822 0536 31       		.byte	0x31
 823 0537 A2000000 		.4byte	0xa2
 824 053b 08       		.byte	0x8
 825 053c 06       		.uleb128 0x6
 826 053d F7010000 		.4byte	.LASF74
 827 0541 0B       		.byte	0xb
 828 0542 32       		.byte	0x32
 829 0543 A2000000 		.4byte	0xa2
 830 0547 09       		.byte	0x9
 831 0548 06       		.uleb128 0x6
 832 0549 2B000000 		.4byte	.LASF75
 833 054d 0B       		.byte	0xb
 834 054e 33       		.byte	0x33
 835 054f A2000000 		.4byte	0xa2
 836 0553 0A       		.byte	0xa
 837 0554 06       		.uleb128 0x6
 838 0555 15030000 		.4byte	.LASF76
 839 0559 0B       		.byte	0xb
 840 055a 34       		.byte	0x34
 841 055b A2000000 		.4byte	0xa2
 842 055f 0B       		.byte	0xb
 843 0560 06       		.uleb128 0x6
 844 0561 A1040000 		.4byte	.LASF77
 845 0565 0B       		.byte	0xb
 846 0566 35       		.byte	0x35
 847 0567 A2000000 		.4byte	0xa2
 848 056b 0C       		.byte	0xc
 849 056c 06       		.uleb128 0x6
 850 056d F4020000 		.4byte	.LASF78
 851 0571 0B       		.byte	0xb
 852 0572 36       		.byte	0x36
 853 0573 A2000000 		.4byte	0xa2
 854 0577 0D       		.byte	0xd
 855 0578 06       		.uleb128 0x6
ARM GAS  /var/folders/zv/18v39shs5gqc3xhz55t6cxb00000gn/T//cc9QOyQC.s 			page 16


 856 0579 00000000 		.4byte	.LASF79
 857 057d 0B       		.byte	0xb
 858 057e 37       		.byte	0x37
 859 057f A2000000 		.4byte	0xa2
 860 0583 0E       		.byte	0xe
 861 0584 06       		.uleb128 0x6
 862 0585 03020000 		.4byte	.LASF80
 863 0589 0B       		.byte	0xb
 864 058a 38       		.byte	0x38
 865 058b A2000000 		.4byte	0xa2
 866 058f 0F       		.byte	0xf
 867 0590 06       		.uleb128 0x6
 868 0591 8F000000 		.4byte	.LASF81
 869 0595 0B       		.byte	0xb
 870 0596 39       		.byte	0x39
 871 0597 A2000000 		.4byte	0xa2
 872 059b 10       		.byte	0x10
 873 059c 06       		.uleb128 0x6
 874 059d 68000000 		.4byte	.LASF82
 875 05a1 0B       		.byte	0xb
 876 05a2 3B       		.byte	0x3b
 877 05a3 A2000000 		.4byte	0xa2
 878 05a7 11       		.byte	0x11
 879 05a8 06       		.uleb128 0x6
 880 05a9 9F000000 		.4byte	.LASF83
 881 05ad 0B       		.byte	0xb
 882 05ae 3C       		.byte	0x3c
 883 05af A2000000 		.4byte	0xa2
 884 05b3 12       		.byte	0x12
 885 05b4 06       		.uleb128 0x6
 886 05b5 9D010000 		.4byte	.LASF84
 887 05b9 0B       		.byte	0xb
 888 05ba 3D       		.byte	0x3d
 889 05bb A2000000 		.4byte	0xa2
 890 05bf 13       		.byte	0x13
 891 05c0 06       		.uleb128 0x6
 892 05c1 C9020000 		.4byte	.LASF85
 893 05c5 0B       		.byte	0xb
 894 05c6 3E       		.byte	0x3e
 895 05c7 A2000000 		.4byte	0xa2
 896 05cb 14       		.byte	0x14
 897 05cc 06       		.uleb128 0x6
 898 05cd A8020000 		.4byte	.LASF86
 899 05d1 0B       		.byte	0xb
 900 05d2 40       		.byte	0x40
 901 05d3 A2000000 		.4byte	0xa2
 902 05d7 15       		.byte	0x15
 903 05d8 00       		.byte	0
 904 05d9 11       		.uleb128 0x11
 905 05da EB040000 		.4byte	0x4eb
 906 05de E9050000 		.4byte	0x5e9
 907 05e2 12       		.uleb128 0x12
 908 05e3 01040000 		.4byte	0x401
 909 05e7 03       		.byte	0x3
 910 05e8 00       		.byte	0
 911 05e9 03       		.uleb128 0x3
 912 05ea E1000000 		.4byte	.LASF87
ARM GAS  /var/folders/zv/18v39shs5gqc3xhz55t6cxb00000gn/T//cc9QOyQC.s 			page 17


 913 05ee 0B       		.byte	0xb
 914 05ef 41       		.byte	0x41
 915 05f0 F8040000 		.4byte	0x4f8
 916 05f4 13       		.uleb128 0x13
 917 05f5 50000000 		.4byte	.LASF88
 918 05f9 01       		.byte	0x1
 919 05fa 75       		.byte	0x75
 920 05fb 56020000 		.4byte	0x256
 921 05ff 00000000 		.4byte	.LFB7
 922 0603 1C000000 		.4byte	.LFE7-.LFB7
 923 0607 01       		.uleb128 0x1
 924 0608 9C       		.byte	0x9c
 925 0609 4C060000 		.4byte	0x64c
 926 060d 14       		.uleb128 0x14
 927 060e 747000   		.ascii	"tp\000"
 928 0611 01       		.byte	0x1
 929 0612 76       		.byte	0x76
 930 0613 56020000 		.4byte	0x256
 931 0617 01       		.uleb128 0x1
 932 0618 50       		.byte	0x50
 933 0619 15       		.uleb128 0x15
 934 061a 00000000 		.4byte	.LBB2
 935 061e 06000000 		.4byte	.LBE2-.LBB2
 936 0622 34060000 		.4byte	0x634
 937 0626 14       		.uleb128 0x14
 938 0627 746D7000 		.ascii	"tmp\000"
 939 062b 01       		.byte	0x1
 940 062c 78       		.byte	0x78
 941 062d C3000000 		.4byte	0xc3
 942 0631 01       		.uleb128 0x1
 943 0632 53       		.byte	0x53
 944 0633 00       		.byte	0
 945 0634 16       		.uleb128 0x16
 946 0635 10000000 		.4byte	.LBB3
 947 0639 06000000 		.4byte	.LBE3-.LBB3
 948 063d 14       		.uleb128 0x14
 949 063e 746D7000 		.ascii	"tmp\000"
 950 0642 01       		.byte	0x1
 951 0643 7D       		.byte	0x7d
 952 0644 C3000000 		.4byte	0xc3
 953 0648 01       		.uleb128 0x1
 954 0649 53       		.byte	0x53
 955 064a 00       		.byte	0
 956 064b 00       		.byte	0
 957 064c 13       		.uleb128 0x13
 958 064d 2E030000 		.4byte	.LASF89
 959 0651 01       		.byte	0x1
 960 0652 8C       		.byte	0x8c
 961 0653 56020000 		.4byte	0x256
 962 0657 00000000 		.4byte	.LFB8
 963 065b 2C000000 		.4byte	.LFE8-.LFB8
 964 065f 01       		.uleb128 0x1
 965 0660 9C       		.byte	0x9c
 966 0661 CA060000 		.4byte	0x6ca
 967 0665 17       		.uleb128 0x17
 968 0666 747000   		.ascii	"tp\000"
 969 0669 01       		.byte	0x1
ARM GAS  /var/folders/zv/18v39shs5gqc3xhz55t6cxb00000gn/T//cc9QOyQC.s 			page 18


 970 066a 8C       		.byte	0x8c
 971 066b 56020000 		.4byte	0x256
 972 066f 00000000 		.4byte	.LLST0
 973 0673 18       		.uleb128 0x18
 974 0674 6E747000 		.ascii	"ntp\000"
 975 0678 01       		.byte	0x1
 976 0679 8D       		.byte	0x8d
 977 067a 56020000 		.4byte	0x256
 978 067e 21000000 		.4byte	.LLST1
 979 0682 15       		.uleb128 0x15
 980 0683 02000000 		.4byte	.LBB4
 981 0687 06000000 		.4byte	.LBE4-.LBB4
 982 068b 9D060000 		.4byte	0x69d
 983 068f 14       		.uleb128 0x14
 984 0690 746D7000 		.ascii	"tmp\000"
 985 0694 01       		.byte	0x1
 986 0695 8F       		.byte	0x8f
 987 0696 C3000000 		.4byte	0xc3
 988 069a 01       		.uleb128 0x1
 989 069b 53       		.byte	0x53
 990 069c 00       		.byte	0
 991 069d 15       		.uleb128 0x15
 992 069e 18000000 		.4byte	.LBB5
 993 06a2 06000000 		.4byte	.LBE5-.LBB5
 994 06a6 B8060000 		.4byte	0x6b8
 995 06aa 14       		.uleb128 0x14
 996 06ab 746D7000 		.ascii	"tmp\000"
 997 06af 01       		.byte	0x1
 998 06b0 9A       		.byte	0x9a
 999 06b1 C3000000 		.4byte	0xc3
 1000 06b5 01       		.uleb128 0x1
 1001 06b6 53       		.byte	0x53
 1002 06b7 00       		.byte	0
 1003 06b8 19       		.uleb128 0x19
 1004 06b9 22000000 		.4byte	.LVL4
 1005 06bd EB060000 		.4byte	0x6eb
 1006 06c1 1A       		.uleb128 0x1a
 1007 06c2 01       		.uleb128 0x1
 1008 06c3 50       		.byte	0x50
 1009 06c4 03       		.uleb128 0x3
 1010 06c5 F3       		.byte	0xf3
 1011 06c6 01       		.uleb128 0x1
 1012 06c7 50       		.byte	0x50
 1013 06c8 00       		.byte	0
 1014 06c9 00       		.byte	0
 1015 06ca 1B       		.uleb128 0x1b
 1016 06cb BD040000 		.4byte	.LASF90
 1017 06cf 09       		.byte	0x9
 1018 06d0 6F       		.byte	0x6f
 1019 06d1 5E040000 		.4byte	0x45e
 1020 06d5 1C       		.uleb128 0x1c
 1021 06d6 2F010000 		.4byte	.LASF91
 1022 06da 01       		.byte	0x1
 1023 06db 42       		.byte	0x42
 1024 06dc E6060000 		.4byte	0x6e6
 1025 06e0 05       		.uleb128 0x5
 1026 06e1 03       		.byte	0x3
ARM GAS  /var/folders/zv/18v39shs5gqc3xhz55t6cxb00000gn/T//cc9QOyQC.s 			page 19


 1027 06e2 00000000 		.4byte	ch_debug
 1028 06e6 10       		.uleb128 0x10
 1029 06e7 E9050000 		.4byte	0x5e9
 1030 06eb 1D       		.uleb128 0x1d
 1031 06ec E0020000 		.4byte	.LASF95
 1032 06f0 0C       		.byte	0xc
 1033 06f1 3A       		.byte	0x3a
 1034 06f2 1E       		.uleb128 0x1e
 1035 06f3 56020000 		.4byte	0x256
 1036 06f7 00       		.byte	0
 1037 06f8 00       		.byte	0
 1038              		.section	.debug_abbrev,"",%progbits
 1039              	.Ldebug_abbrev0:
 1040 0000 01       		.uleb128 0x1
 1041 0001 11       		.uleb128 0x11
 1042 0002 01       		.byte	0x1
 1043 0003 25       		.uleb128 0x25
 1044 0004 0E       		.uleb128 0xe
 1045 0005 13       		.uleb128 0x13
 1046 0006 0B       		.uleb128 0xb
 1047 0007 03       		.uleb128 0x3
 1048 0008 0E       		.uleb128 0xe
 1049 0009 1B       		.uleb128 0x1b
 1050 000a 0E       		.uleb128 0xe
 1051 000b 55       		.uleb128 0x55
 1052 000c 17       		.uleb128 0x17
 1053 000d 11       		.uleb128 0x11
 1054 000e 01       		.uleb128 0x1
 1055 000f 10       		.uleb128 0x10
 1056 0010 17       		.uleb128 0x17
 1057 0011 00       		.byte	0
 1058 0012 00       		.byte	0
 1059 0013 02       		.uleb128 0x2
 1060 0014 24       		.uleb128 0x24
 1061 0015 00       		.byte	0
 1062 0016 0B       		.uleb128 0xb
 1063 0017 0B       		.uleb128 0xb
 1064 0018 3E       		.uleb128 0x3e
 1065 0019 0B       		.uleb128 0xb
 1066 001a 03       		.uleb128 0x3
 1067 001b 08       		.uleb128 0x8
 1068 001c 00       		.byte	0
 1069 001d 00       		.byte	0
 1070 001e 03       		.uleb128 0x3
 1071 001f 16       		.uleb128 0x16
 1072 0020 00       		.byte	0
 1073 0021 03       		.uleb128 0x3
 1074 0022 0E       		.uleb128 0xe
 1075 0023 3A       		.uleb128 0x3a
 1076 0024 0B       		.uleb128 0xb
 1077 0025 3B       		.uleb128 0x3b
 1078 0026 0B       		.uleb128 0xb
 1079 0027 49       		.uleb128 0x49
 1080 0028 13       		.uleb128 0x13
 1081 0029 00       		.byte	0
 1082 002a 00       		.byte	0
 1083 002b 04       		.uleb128 0x4
ARM GAS  /var/folders/zv/18v39shs5gqc3xhz55t6cxb00000gn/T//cc9QOyQC.s 			page 20


 1084 002c 24       		.uleb128 0x24
 1085 002d 00       		.byte	0
 1086 002e 0B       		.uleb128 0xb
 1087 002f 0B       		.uleb128 0xb
 1088 0030 3E       		.uleb128 0x3e
 1089 0031 0B       		.uleb128 0xb
 1090 0032 03       		.uleb128 0x3
 1091 0033 0E       		.uleb128 0xe
 1092 0034 00       		.byte	0
 1093 0035 00       		.byte	0
 1094 0036 05       		.uleb128 0x5
 1095 0037 13       		.uleb128 0x13
 1096 0038 01       		.byte	0x1
 1097 0039 03       		.uleb128 0x3
 1098 003a 0E       		.uleb128 0xe
 1099 003b 0B       		.uleb128 0xb
 1100 003c 0B       		.uleb128 0xb
 1101 003d 3A       		.uleb128 0x3a
 1102 003e 0B       		.uleb128 0xb
 1103 003f 3B       		.uleb128 0x3b
 1104 0040 0B       		.uleb128 0xb
 1105 0041 01       		.uleb128 0x1
 1106 0042 13       		.uleb128 0x13
 1107 0043 00       		.byte	0
 1108 0044 00       		.byte	0
 1109 0045 06       		.uleb128 0x6
 1110 0046 0D       		.uleb128 0xd
 1111 0047 00       		.byte	0
 1112 0048 03       		.uleb128 0x3
 1113 0049 0E       		.uleb128 0xe
 1114 004a 3A       		.uleb128 0x3a
 1115 004b 0B       		.uleb128 0xb
 1116 004c 3B       		.uleb128 0x3b
 1117 004d 0B       		.uleb128 0xb
 1118 004e 49       		.uleb128 0x49
 1119 004f 13       		.uleb128 0x13
 1120 0050 38       		.uleb128 0x38
 1121 0051 0B       		.uleb128 0xb
 1122 0052 00       		.byte	0
 1123 0053 00       		.byte	0
 1124 0054 07       		.uleb128 0x7
 1125 0055 0D       		.uleb128 0xd
 1126 0056 00       		.byte	0
 1127 0057 03       		.uleb128 0x3
 1128 0058 08       		.uleb128 0x8
 1129 0059 3A       		.uleb128 0x3a
 1130 005a 0B       		.uleb128 0xb
 1131 005b 3B       		.uleb128 0x3b
 1132 005c 0B       		.uleb128 0xb
 1133 005d 49       		.uleb128 0x49
 1134 005e 13       		.uleb128 0x13
 1135 005f 38       		.uleb128 0x38
 1136 0060 0B       		.uleb128 0xb
 1137 0061 00       		.byte	0
 1138 0062 00       		.byte	0
 1139 0063 08       		.uleb128 0x8
 1140 0064 13       		.uleb128 0x13
ARM GAS  /var/folders/zv/18v39shs5gqc3xhz55t6cxb00000gn/T//cc9QOyQC.s 			page 21


 1141 0065 01       		.byte	0x1
 1142 0066 0B       		.uleb128 0xb
 1143 0067 0B       		.uleb128 0xb
 1144 0068 3A       		.uleb128 0x3a
 1145 0069 0B       		.uleb128 0xb
 1146 006a 3B       		.uleb128 0x3b
 1147 006b 0B       		.uleb128 0xb
 1148 006c 01       		.uleb128 0x1
 1149 006d 13       		.uleb128 0x13
 1150 006e 00       		.byte	0
 1151 006f 00       		.byte	0
 1152 0070 09       		.uleb128 0x9
 1153 0071 0F       		.uleb128 0xf
 1154 0072 00       		.byte	0
 1155 0073 0B       		.uleb128 0xb
 1156 0074 0B       		.uleb128 0xb
 1157 0075 49       		.uleb128 0x49
 1158 0076 13       		.uleb128 0x13
 1159 0077 00       		.byte	0
 1160 0078 00       		.byte	0
 1161 0079 0A       		.uleb128 0xa
 1162 007a 0F       		.uleb128 0xf
 1163 007b 00       		.byte	0
 1164 007c 0B       		.uleb128 0xb
 1165 007d 0B       		.uleb128 0xb
 1166 007e 00       		.byte	0
 1167 007f 00       		.byte	0
 1168 0080 0B       		.uleb128 0xb
 1169 0081 13       		.uleb128 0x13
 1170 0082 01       		.byte	0x1
 1171 0083 03       		.uleb128 0x3
 1172 0084 0E       		.uleb128 0xe
 1173 0085 0B       		.uleb128 0xb
 1174 0086 0B       		.uleb128 0xb
 1175 0087 3A       		.uleb128 0x3a
 1176 0088 0B       		.uleb128 0xb
 1177 0089 3B       		.uleb128 0x3b
 1178 008a 05       		.uleb128 0x5
 1179 008b 01       		.uleb128 0x1
 1180 008c 13       		.uleb128 0x13
 1181 008d 00       		.byte	0
 1182 008e 00       		.byte	0
 1183 008f 0C       		.uleb128 0xc
 1184 0090 0D       		.uleb128 0xd
 1185 0091 00       		.byte	0
 1186 0092 03       		.uleb128 0x3
 1187 0093 08       		.uleb128 0x8
 1188 0094 3A       		.uleb128 0x3a
 1189 0095 0B       		.uleb128 0xb
 1190 0096 3B       		.uleb128 0x3b
 1191 0097 05       		.uleb128 0x5
 1192 0098 49       		.uleb128 0x49
 1193 0099 13       		.uleb128 0x13
 1194 009a 38       		.uleb128 0x38
 1195 009b 0B       		.uleb128 0xb
 1196 009c 00       		.byte	0
 1197 009d 00       		.byte	0
ARM GAS  /var/folders/zv/18v39shs5gqc3xhz55t6cxb00000gn/T//cc9QOyQC.s 			page 22


 1198 009e 0D       		.uleb128 0xd
 1199 009f 35       		.uleb128 0x35
 1200 00a0 00       		.byte	0
 1201 00a1 49       		.uleb128 0x49
 1202 00a2 13       		.uleb128 0x13
 1203 00a3 00       		.byte	0
 1204 00a4 00       		.byte	0
 1205 00a5 0E       		.uleb128 0xe
 1206 00a6 17       		.uleb128 0x17
 1207 00a7 01       		.byte	0x1
 1208 00a8 0B       		.uleb128 0xb
 1209 00a9 0B       		.uleb128 0xb
 1210 00aa 3A       		.uleb128 0x3a
 1211 00ab 0B       		.uleb128 0xb
 1212 00ac 3B       		.uleb128 0x3b
 1213 00ad 0B       		.uleb128 0xb
 1214 00ae 01       		.uleb128 0x1
 1215 00af 13       		.uleb128 0x13
 1216 00b0 00       		.byte	0
 1217 00b1 00       		.byte	0
 1218 00b2 0F       		.uleb128 0xf
 1219 00b3 0D       		.uleb128 0xd
 1220 00b4 00       		.byte	0
 1221 00b5 03       		.uleb128 0x3
 1222 00b6 0E       		.uleb128 0xe
 1223 00b7 3A       		.uleb128 0x3a
 1224 00b8 0B       		.uleb128 0xb
 1225 00b9 3B       		.uleb128 0x3b
 1226 00ba 0B       		.uleb128 0xb
 1227 00bb 49       		.uleb128 0x49
 1228 00bc 13       		.uleb128 0x13
 1229 00bd 00       		.byte	0
 1230 00be 00       		.byte	0
 1231 00bf 10       		.uleb128 0x10
 1232 00c0 26       		.uleb128 0x26
 1233 00c1 00       		.byte	0
 1234 00c2 49       		.uleb128 0x49
 1235 00c3 13       		.uleb128 0x13
 1236 00c4 00       		.byte	0
 1237 00c5 00       		.byte	0
 1238 00c6 11       		.uleb128 0x11
 1239 00c7 01       		.uleb128 0x1
 1240 00c8 01       		.byte	0x1
 1241 00c9 49       		.uleb128 0x49
 1242 00ca 13       		.uleb128 0x13
 1243 00cb 01       		.uleb128 0x1
 1244 00cc 13       		.uleb128 0x13
 1245 00cd 00       		.byte	0
 1246 00ce 00       		.byte	0
 1247 00cf 12       		.uleb128 0x12
 1248 00d0 21       		.uleb128 0x21
 1249 00d1 00       		.byte	0
 1250 00d2 49       		.uleb128 0x49
 1251 00d3 13       		.uleb128 0x13
 1252 00d4 2F       		.uleb128 0x2f
 1253 00d5 0B       		.uleb128 0xb
 1254 00d6 00       		.byte	0
ARM GAS  /var/folders/zv/18v39shs5gqc3xhz55t6cxb00000gn/T//cc9QOyQC.s 			page 23


 1255 00d7 00       		.byte	0
 1256 00d8 13       		.uleb128 0x13
 1257 00d9 2E       		.uleb128 0x2e
 1258 00da 01       		.byte	0x1
 1259 00db 3F       		.uleb128 0x3f
 1260 00dc 19       		.uleb128 0x19
 1261 00dd 03       		.uleb128 0x3
 1262 00de 0E       		.uleb128 0xe
 1263 00df 3A       		.uleb128 0x3a
 1264 00e0 0B       		.uleb128 0xb
 1265 00e1 3B       		.uleb128 0x3b
 1266 00e2 0B       		.uleb128 0xb
 1267 00e3 27       		.uleb128 0x27
 1268 00e4 19       		.uleb128 0x19
 1269 00e5 49       		.uleb128 0x49
 1270 00e6 13       		.uleb128 0x13
 1271 00e7 11       		.uleb128 0x11
 1272 00e8 01       		.uleb128 0x1
 1273 00e9 12       		.uleb128 0x12
 1274 00ea 06       		.uleb128 0x6
 1275 00eb 40       		.uleb128 0x40
 1276 00ec 18       		.uleb128 0x18
 1277 00ed 9742     		.uleb128 0x2117
 1278 00ef 19       		.uleb128 0x19
 1279 00f0 01       		.uleb128 0x1
 1280 00f1 13       		.uleb128 0x13
 1281 00f2 00       		.byte	0
 1282 00f3 00       		.byte	0
 1283 00f4 14       		.uleb128 0x14
 1284 00f5 34       		.uleb128 0x34
 1285 00f6 00       		.byte	0
 1286 00f7 03       		.uleb128 0x3
 1287 00f8 08       		.uleb128 0x8
 1288 00f9 3A       		.uleb128 0x3a
 1289 00fa 0B       		.uleb128 0xb
 1290 00fb 3B       		.uleb128 0x3b
 1291 00fc 0B       		.uleb128 0xb
 1292 00fd 49       		.uleb128 0x49
 1293 00fe 13       		.uleb128 0x13
 1294 00ff 02       		.uleb128 0x2
 1295 0100 18       		.uleb128 0x18
 1296 0101 00       		.byte	0
 1297 0102 00       		.byte	0
 1298 0103 15       		.uleb128 0x15
 1299 0104 0B       		.uleb128 0xb
 1300 0105 01       		.byte	0x1
 1301 0106 11       		.uleb128 0x11
 1302 0107 01       		.uleb128 0x1
 1303 0108 12       		.uleb128 0x12
 1304 0109 06       		.uleb128 0x6
 1305 010a 01       		.uleb128 0x1
 1306 010b 13       		.uleb128 0x13
 1307 010c 00       		.byte	0
 1308 010d 00       		.byte	0
 1309 010e 16       		.uleb128 0x16
 1310 010f 0B       		.uleb128 0xb
 1311 0110 01       		.byte	0x1
ARM GAS  /var/folders/zv/18v39shs5gqc3xhz55t6cxb00000gn/T//cc9QOyQC.s 			page 24


 1312 0111 11       		.uleb128 0x11
 1313 0112 01       		.uleb128 0x1
 1314 0113 12       		.uleb128 0x12
 1315 0114 06       		.uleb128 0x6
 1316 0115 00       		.byte	0
 1317 0116 00       		.byte	0
 1318 0117 17       		.uleb128 0x17
 1319 0118 05       		.uleb128 0x5
 1320 0119 00       		.byte	0
 1321 011a 03       		.uleb128 0x3
 1322 011b 08       		.uleb128 0x8
 1323 011c 3A       		.uleb128 0x3a
 1324 011d 0B       		.uleb128 0xb
 1325 011e 3B       		.uleb128 0x3b
 1326 011f 0B       		.uleb128 0xb
 1327 0120 49       		.uleb128 0x49
 1328 0121 13       		.uleb128 0x13
 1329 0122 02       		.uleb128 0x2
 1330 0123 17       		.uleb128 0x17
 1331 0124 00       		.byte	0
 1332 0125 00       		.byte	0
 1333 0126 18       		.uleb128 0x18
 1334 0127 34       		.uleb128 0x34
 1335 0128 00       		.byte	0
 1336 0129 03       		.uleb128 0x3
 1337 012a 08       		.uleb128 0x8
 1338 012b 3A       		.uleb128 0x3a
 1339 012c 0B       		.uleb128 0xb
 1340 012d 3B       		.uleb128 0x3b
 1341 012e 0B       		.uleb128 0xb
 1342 012f 49       		.uleb128 0x49
 1343 0130 13       		.uleb128 0x13
 1344 0131 02       		.uleb128 0x2
 1345 0132 17       		.uleb128 0x17
 1346 0133 00       		.byte	0
 1347 0134 00       		.byte	0
 1348 0135 19       		.uleb128 0x19
 1349 0136 898201   		.uleb128 0x4109
 1350 0139 01       		.byte	0x1
 1351 013a 11       		.uleb128 0x11
 1352 013b 01       		.uleb128 0x1
 1353 013c 31       		.uleb128 0x31
 1354 013d 13       		.uleb128 0x13
 1355 013e 00       		.byte	0
 1356 013f 00       		.byte	0
 1357 0140 1A       		.uleb128 0x1a
 1358 0141 8A8201   		.uleb128 0x410a
 1359 0144 00       		.byte	0
 1360 0145 02       		.uleb128 0x2
 1361 0146 18       		.uleb128 0x18
 1362 0147 9142     		.uleb128 0x2111
 1363 0149 18       		.uleb128 0x18
 1364 014a 00       		.byte	0
 1365 014b 00       		.byte	0
 1366 014c 1B       		.uleb128 0x1b
 1367 014d 34       		.uleb128 0x34
 1368 014e 00       		.byte	0
ARM GAS  /var/folders/zv/18v39shs5gqc3xhz55t6cxb00000gn/T//cc9QOyQC.s 			page 25


 1369 014f 03       		.uleb128 0x3
 1370 0150 0E       		.uleb128 0xe
 1371 0151 3A       		.uleb128 0x3a
 1372 0152 0B       		.uleb128 0xb
 1373 0153 3B       		.uleb128 0x3b
 1374 0154 0B       		.uleb128 0xb
 1375 0155 49       		.uleb128 0x49
 1376 0156 13       		.uleb128 0x13
 1377 0157 3F       		.uleb128 0x3f
 1378 0158 19       		.uleb128 0x19
 1379 0159 3C       		.uleb128 0x3c
 1380 015a 19       		.uleb128 0x19
 1381 015b 00       		.byte	0
 1382 015c 00       		.byte	0
 1383 015d 1C       		.uleb128 0x1c
 1384 015e 34       		.uleb128 0x34
 1385 015f 00       		.byte	0
 1386 0160 03       		.uleb128 0x3
 1387 0161 0E       		.uleb128 0xe
 1388 0162 3A       		.uleb128 0x3a
 1389 0163 0B       		.uleb128 0xb
 1390 0164 3B       		.uleb128 0x3b
 1391 0165 0B       		.uleb128 0xb
 1392 0166 49       		.uleb128 0x49
 1393 0167 13       		.uleb128 0x13
 1394 0168 3F       		.uleb128 0x3f
 1395 0169 19       		.uleb128 0x19
 1396 016a 02       		.uleb128 0x2
 1397 016b 18       		.uleb128 0x18
 1398 016c 00       		.byte	0
 1399 016d 00       		.byte	0
 1400 016e 1D       		.uleb128 0x1d
 1401 016f 2E       		.uleb128 0x2e
 1402 0170 01       		.byte	0x1
 1403 0171 3F       		.uleb128 0x3f
 1404 0172 19       		.uleb128 0x19
 1405 0173 03       		.uleb128 0x3
 1406 0174 0E       		.uleb128 0xe
 1407 0175 3A       		.uleb128 0x3a
 1408 0176 0B       		.uleb128 0xb
 1409 0177 3B       		.uleb128 0x3b
 1410 0178 0B       		.uleb128 0xb
 1411 0179 27       		.uleb128 0x27
 1412 017a 19       		.uleb128 0x19
 1413 017b 3C       		.uleb128 0x3c
 1414 017c 19       		.uleb128 0x19
 1415 017d 00       		.byte	0
 1416 017e 00       		.byte	0
 1417 017f 1E       		.uleb128 0x1e
 1418 0180 05       		.uleb128 0x5
 1419 0181 00       		.byte	0
 1420 0182 49       		.uleb128 0x49
 1421 0183 13       		.uleb128 0x13
 1422 0184 00       		.byte	0
 1423 0185 00       		.byte	0
 1424 0186 00       		.byte	0
 1425              		.section	.debug_loc,"",%progbits
ARM GAS  /var/folders/zv/18v39shs5gqc3xhz55t6cxb00000gn/T//cc9QOyQC.s 			page 26


 1426              	.Ldebug_loc0:
 1427              	.LLST0:
 1428 0000 00000000 		.4byte	.LVL1
 1429 0004 21000000 		.4byte	.LVL4-1
 1430 0008 0100     		.2byte	0x1
 1431 000a 50       		.byte	0x50
 1432 000b 21000000 		.4byte	.LVL4-1
 1433 000f 2C000000 		.4byte	.LFE8
 1434 0013 0400     		.2byte	0x4
 1435 0015 F3       		.byte	0xf3
 1436 0016 01       		.uleb128 0x1
 1437 0017 50       		.byte	0x50
 1438 0018 9F       		.byte	0x9f
 1439 0019 00000000 		.4byte	0
 1440 001d 00000000 		.4byte	0
 1441              	.LLST1:
 1442 0021 0C000000 		.4byte	.LVL2
 1443 0025 26000000 		.4byte	.LVL5
 1444 0029 0100     		.2byte	0x1
 1445 002b 54       		.byte	0x54
 1446 002c 26000000 		.4byte	.LVL5
 1447 0030 2C000000 		.4byte	.LFE8
 1448 0034 0100     		.2byte	0x1
 1449 0036 50       		.byte	0x50
 1450 0037 00000000 		.4byte	0
 1451 003b 00000000 		.4byte	0
 1452              		.section	.debug_aranges,"",%progbits
 1453 0000 24000000 		.4byte	0x24
 1454 0004 0200     		.2byte	0x2
 1455 0006 00000000 		.4byte	.Ldebug_info0
 1456 000a 04       		.byte	0x4
 1457 000b 00       		.byte	0
 1458 000c 0000     		.2byte	0
 1459 000e 0000     		.2byte	0
 1460 0010 00000000 		.4byte	.LFB7
 1461 0014 1C000000 		.4byte	.LFE7-.LFB7
 1462 0018 00000000 		.4byte	.LFB8
 1463 001c 2C000000 		.4byte	.LFE8-.LFB8
 1464 0020 00000000 		.4byte	0
 1465 0024 00000000 		.4byte	0
 1466              		.section	.debug_ranges,"",%progbits
 1467              	.Ldebug_ranges0:
 1468 0000 00000000 		.4byte	.LFB7
 1469 0004 1C000000 		.4byte	.LFE7
 1470 0008 00000000 		.4byte	.LFB8
 1471 000c 2C000000 		.4byte	.LFE8
 1472 0010 00000000 		.4byte	0
 1473 0014 00000000 		.4byte	0
 1474              		.section	.debug_line,"",%progbits
 1475              	.Ldebug_line0:
 1476 0000 4A020000 		.section	.debug_str,"MS",%progbits,1
 1476      02001602 
 1476      00000201 
 1476      FB0E0D00 
 1476      01010101 
 1477              	.LASF79:
 1478 0000 63665F6F 		.ascii	"cf_off_older\000"
ARM GAS  /var/folders/zv/18v39shs5gqc3xhz55t6cxb00000gn/T//cc9QOyQC.s 			page 27


 1478      66665F6F 
 1478      6C646572 
 1478      00
 1479              	.LASF42:
 1480 000d 705F6D73 		.ascii	"p_msg\000"
 1480      6700
 1481              	.LASF2:
 1482 0013 73697A65 		.ascii	"size_t\000"
 1482      5F7400
 1483              	.LASF64:
 1484 001a 7264796D 		.ascii	"rdymsg\000"
 1484      736700
 1485              	.LASF3:
 1486 0021 5F5F7569 		.ascii	"__uint8_t\000"
 1486      6E74385F 
 1486      7400
 1487              	.LASF75:
 1488 002b 63685F74 		.ascii	"ch_threadsize\000"
 1488      68726561 
 1488      6473697A 
 1488      6500
 1489              	.LASF13:
 1490 0039 6C6F6E67 		.ascii	"long long unsigned int\000"
 1490      206C6F6E 
 1490      6720756E 
 1490      7369676E 
 1490      65642069 
 1491              	.LASF88:
 1492 0050 63685265 		.ascii	"chRegFirstThread\000"
 1492      67466972 
 1492      73745468 
 1492      72656164 
 1492      00
 1493              	.LASF30:
 1494 0061 705F7072 		.ascii	"p_prio\000"
 1494      696F00
 1495              	.LASF82:
 1496 0068 63665F6F 		.ascii	"cf_off_state\000"
 1496      66665F73 
 1496      74617465 
 1496      00
 1497              	.LASF12:
 1498 0075 6C6F6E67 		.ascii	"long long int\000"
 1498      206C6F6E 
 1498      6720696E 
 1498      7400
 1499              	.LASF1:
 1500 0083 7369676E 		.ascii	"signed char\000"
 1500      65642063 
 1500      68617200 
 1501              	.LASF81:
 1502 008f 63665F6F 		.ascii	"cf_off_stklimit\000"
 1502      66665F73 
 1502      746B6C69 
 1502      6D697400 
 1503              	.LASF83:
 1504 009f 63665F6F 		.ascii	"cf_off_flags\000"
ARM GAS  /var/folders/zv/18v39shs5gqc3xhz55t6cxb00000gn/T//cc9QOyQC.s 			page 28


 1504      66665F66 
 1504      6C616773 
 1504      00
 1505              	.LASF46:
 1506 00ac 705F6D70 		.ascii	"p_mpool\000"
 1506      6F6F6C00 
 1507              	.LASF61:
 1508 00b4 6D5F7175 		.ascii	"m_queue\000"
 1508      65756500 
 1509              	.LASF22:
 1510 00bc 74736C69 		.ascii	"tslices_t\000"
 1510      6365735F 
 1510      7400
 1511              	.LASF9:
 1512 00c6 6C6F6E67 		.ascii	"long int\000"
 1512      20696E74 
 1512      00
 1513              	.LASF20:
 1514 00cf 74737461 		.ascii	"tstate_t\000"
 1514      74655F74 
 1514      00
 1515              	.LASF15:
 1516 00d8 75696E74 		.ascii	"uint16_t\000"
 1516      31365F74 
 1516      00
 1517              	.LASF87:
 1518 00e1 63686465 		.ascii	"chdebug_t\000"
 1518      6275675F 
 1518      7400
 1519              	.LASF32:
 1520 00eb 705F6E65 		.ascii	"p_newer\000"
 1520      77657200 
 1521              	.LASF65:
 1522 00f3 65786974 		.ascii	"exitcode\000"
 1522      636F6465 
 1522      00
 1523              	.LASF10:
 1524 00fc 5F5F7569 		.ascii	"__uint32_t\000"
 1524      6E743332 
 1524      5F7400
 1525              	.LASF49:
 1526 0107 72656761 		.ascii	"regarm_t\000"
 1526      726D5F74 
 1526      00
 1527              	.LASF0:
 1528 0110 756E7369 		.ascii	"unsigned int\000"
 1528      676E6564 
 1528      20696E74 
 1528      00
 1529              	.LASF11:
 1530 011d 6C6F6E67 		.ascii	"long unsigned int\000"
 1530      20756E73 
 1530      69676E65 
 1530      6420696E 
 1530      7400
 1531              	.LASF91:
 1532 012f 63685F64 		.ascii	"ch_debug\000"
ARM GAS  /var/folders/zv/18v39shs5gqc3xhz55t6cxb00000gn/T//cc9QOyQC.s 			page 29


 1532      65627567 
 1532      00
 1533              	.LASF69:
 1534 0138 63685F69 		.ascii	"ch_identifier\000"
 1534      64656E74 
 1534      69666965 
 1534      7200
 1535              	.LASF51:
 1536 0146 636F6E74 		.ascii	"context\000"
 1536      65787400 
 1537              	.LASF7:
 1538 014e 73686F72 		.ascii	"short unsigned int\000"
 1538      7420756E 
 1538      7369676E 
 1538      65642069 
 1538      6E7400
 1539              	.LASF24:
 1540 0161 6D73675F 		.ascii	"msg_t\000"
 1540      7400
 1541              	.LASF56:
 1542 0167 725F6E65 		.ascii	"r_newer\000"
 1542      77657200 
 1543              	.LASF19:
 1544 016f 746D6F64 		.ascii	"tmode_t\000"
 1544      655F7400 
 1545              	.LASF48:
 1546 0177 54687265 		.ascii	"ThreadsList\000"
 1546      6164734C 
 1546      69737400 
 1547              	.LASF25:
 1548 0183 6576656E 		.ascii	"eventmask_t\000"
 1548      746D6173 
 1548      6B5F7400 
 1549              	.LASF60:
 1550 018f 4D757465 		.ascii	"Mutex\000"
 1550      7800
 1551              	.LASF70:
 1552 0195 63685F7A 		.ascii	"ch_zero\000"
 1552      65726F00 
 1553              	.LASF84:
 1554 019d 63665F6F 		.ascii	"cf_off_refs\000"
 1554      66665F72 
 1554      65667300 
 1555              	.LASF52:
 1556 01a9 73697A65 		.ascii	"sizetype\000"
 1556      74797065 
 1556      00
 1557              	.LASF94:
 1558 01b2 2F557365 		.ascii	"/Users/Daniel/Documents/Bachelor/Kode/rov-subside20"
 1558      72732F44 
 1558      616E6965 
 1558      6C2F446F 
 1558      63756D65 
 1559 01e5 31352F54 		.ascii	"15/ThrusterModule\000"
 1559      68727573 
 1559      7465724D 
 1559      6F64756C 
ARM GAS  /var/folders/zv/18v39shs5gqc3xhz55t6cxb00000gn/T//cc9QOyQC.s 			page 30


 1559      6500
 1560              	.LASF74:
 1561 01f7 63685F74 		.ascii	"ch_timesize\000"
 1561      696D6573 
 1561      697A6500 
 1562              	.LASF80:
 1563 0203 63665F6F 		.ascii	"cf_off_name\000"
 1563      66665F6E 
 1563      616D6500 
 1564              	.LASF33:
 1565 020f 705F6F6C 		.ascii	"p_older\000"
 1565      64657200 
 1566              	.LASF55:
 1567 0217 725F6374 		.ascii	"r_ctx\000"
 1567      7800
 1568              	.LASF47:
 1569 021d 54687265 		.ascii	"ThreadsQueue\000"
 1569      61647351 
 1569      75657565 
 1569      00
 1570              	.LASF71:
 1571 022a 63685F73 		.ascii	"ch_size\000"
 1571      697A6500 
 1572              	.LASF58:
 1573 0232 725F6375 		.ascii	"r_current\000"
 1573      7272656E 
 1573      7400
 1574              	.LASF57:
 1575 023c 725F6F6C 		.ascii	"r_older\000"
 1575      64657200 
 1576              	.LASF21:
 1577 0244 74726566 		.ascii	"trefs_t\000"
 1577      735F7400 
 1578              	.LASF73:
 1579 024c 63685F70 		.ascii	"ch_ptrsize\000"
 1579      74727369 
 1579      7A6500
 1580              	.LASF29:
 1581 0257 705F7072 		.ascii	"p_prev\000"
 1581      657600
 1582              	.LASF23:
 1583 025e 74707269 		.ascii	"tprio_t\000"
 1583      6F5F7400 
 1584              	.LASF18:
 1585 0266 5F426F6F 		.ascii	"_Bool\000"
 1585      6C00
 1586              	.LASF16:
 1587 026c 696E7433 		.ascii	"int32_t\000"
 1587      325F7400 
 1588              	.LASF4:
 1589 0274 756E7369 		.ascii	"unsigned char\000"
 1589      676E6564 
 1589      20636861 
 1589      7200
 1590              	.LASF44:
 1591 0282 705F6D74 		.ascii	"p_mtxlist\000"
 1591      786C6973 
ARM GAS  /var/folders/zv/18v39shs5gqc3xhz55t6cxb00000gn/T//cc9QOyQC.s 			page 31


 1591      7400
 1592              	.LASF5:
 1593 028c 73686F72 		.ascii	"short int\000"
 1593      7420696E 
 1593      7400
 1594              	.LASF35:
 1595 0296 705F7374 		.ascii	"p_state\000"
 1595      61746500 
 1596              	.LASF38:
 1597 029e 705F7072 		.ascii	"p_preempt\000"
 1597      65656D70 
 1597      7400
 1598              	.LASF86:
 1599 02a8 63665F6F 		.ascii	"cf_off_time\000"
 1599      66665F74 
 1599      696D6500 
 1600              	.LASF54:
 1601 02b4 725F7072 		.ascii	"r_prio\000"
 1601      696F00
 1602              	.LASF67:
 1603 02bb 65776D61 		.ascii	"ewmask\000"
 1603      736B00
 1604              	.LASF28:
 1605 02c2 705F6E65 		.ascii	"p_next\000"
 1605      787400
 1606              	.LASF85:
 1607 02c9 63665F6F 		.ascii	"cf_off_preempt\000"
 1607      66665F70 
 1607      7265656D 
 1607      707400
 1608              	.LASF36:
 1609 02d8 705F666C 		.ascii	"p_flags\000"
 1609      61677300 
 1610              	.LASF95:
 1611 02e0 63685468 		.ascii	"chThdRelease\000"
 1611      6452656C 
 1611      65617365 
 1611      00
 1612              	.LASF27:
 1613 02ed 54687265 		.ascii	"Thread\000"
 1613      616400
 1614              	.LASF78:
 1615 02f4 63665F6F 		.ascii	"cf_off_newer\000"
 1615      66665F6E 
 1615      65776572 
 1615      00
 1616              	.LASF43:
 1617 0301 705F6570 		.ascii	"p_epending\000"
 1617      656E6469 
 1617      6E6700
 1618              	.LASF17:
 1619 030c 75696E74 		.ascii	"uint32_t\000"
 1619      33325F74 
 1619      00
 1620              	.LASF76:
 1621 0315 63665F6F 		.ascii	"cf_off_prio\000"
 1621      66665F70 
ARM GAS  /var/folders/zv/18v39shs5gqc3xhz55t6cxb00000gn/T//cc9QOyQC.s 			page 32


 1621      72696F00 
 1622              	.LASF53:
 1623 0321 725F7175 		.ascii	"r_queue\000"
 1623      65756500 
 1624              	.LASF68:
 1625 0329 63686172 		.ascii	"char\000"
 1625      00
 1626              	.LASF89:
 1627 032e 63685265 		.ascii	"chRegNextThread\000"
 1627      674E6578 
 1627      74546872 
 1627      65616400 
 1628              	.LASF6:
 1629 033e 5F5F7569 		.ascii	"__uint16_t\000"
 1629      6E743136 
 1629      5F7400
 1630              	.LASF63:
 1631 0349 6D5F6E65 		.ascii	"m_next\000"
 1631      787400
 1632              	.LASF26:
 1633 0350 73797374 		.ascii	"systime_t\000"
 1633      696D655F 
 1633      7400
 1634              	.LASF45:
 1635 035a 705F7265 		.ascii	"p_realprio\000"
 1635      616C7072 
 1635      696F00
 1636              	.LASF8:
 1637 0365 5F5F696E 		.ascii	"__int32_t\000"
 1637      7433325F 
 1637      7400
 1638              	.LASF92:
 1639 036f 474E5520 		.ascii	"GNU C 4.9.3 20150303 (release) [ARM/embedded-4_9-br"
 1639      4320342E 
 1639      392E3320 
 1639      32303135 
 1639      30333033 
 1640 03a2 616E6368 		.ascii	"anch revision 221220] -mcpu=cortex-m4 -mfloat-abi=h"
 1640      20726576 
 1640      6973696F 
 1640      6E203232 
 1640      31323230 
 1641 03d5 61726420 		.ascii	"ard -mfpu=fpv4-sp-d16 -mno-thumb-interwork -mthumb "
 1641      2D6D6670 
 1641      753D6670 
 1641      76342D73 
 1641      702D6431 
 1642 0408 2D676764 		.ascii	"-ggdb -O2 -fomit-frame-pointer -falign-functions=16"
 1642      62202D4F 
 1642      32202D66 
 1642      6F6D6974 
 1642      2D667261 
 1643 043b 202D6666 		.ascii	" -ffunction-sections -fdata-sections -fno-common -f"
 1643      756E6374 
 1643      696F6E2D 
 1643      73656374 
 1643      696F6E73 
ARM GAS  /var/folders/zv/18v39shs5gqc3xhz55t6cxb00000gn/T//cc9QOyQC.s 			page 33


 1644 046e 73696E67 		.ascii	"single-precision-constant\000"
 1644      6C652D70 
 1644      72656369 
 1644      73696F6E 
 1644      2D636F6E 
 1645              	.LASF39:
 1646 0488 705F7469 		.ascii	"p_time\000"
 1646      6D6500
 1647              	.LASF50:
 1648 048f 696E7463 		.ascii	"intctx\000"
 1648      747800
 1649              	.LASF41:
 1650 0496 705F6D73 		.ascii	"p_msgqueue\000"
 1650      67717565 
 1650      756500
 1651              	.LASF77:
 1652 04a1 63665F6F 		.ascii	"cf_off_ctx\000"
 1652      66665F63 
 1652      747800
 1653              	.LASF37:
 1654 04ac 705F7265 		.ascii	"p_refs\000"
 1654      667300
 1655              	.LASF59:
 1656 04b3 52656164 		.ascii	"ReadyList\000"
 1656      794C6973 
 1656      7400
 1657              	.LASF90:
 1658 04bd 726C6973 		.ascii	"rlist\000"
 1658      7400
 1659              	.LASF14:
 1660 04c3 75696E74 		.ascii	"uint8_t\000"
 1660      385F7400 
 1661              	.LASF66:
 1662 04cb 77746F62 		.ascii	"wtobjp\000"
 1662      6A7000
 1663              	.LASF34:
 1664 04d2 705F6E61 		.ascii	"p_name\000"
 1664      6D6500
 1665              	.LASF72:
 1666 04d9 63685F76 		.ascii	"ch_version\000"
 1666      65727369 
 1666      6F6E00
 1667              	.LASF93:
 1668 04e4 2E2F6368 		.ascii	"./chibios/os/kernel/src/chregistry.c\000"
 1668      6962696F 
 1668      732F6F73 
 1668      2F6B6572 
 1668      6E656C2F 
 1669              	.LASF62:
 1670 0509 6D5F6F77 		.ascii	"m_owner\000"
 1670      6E657200 
 1671              	.LASF31:
 1672 0511 705F6374 		.ascii	"p_ctx\000"
 1672      7800
 1673              	.LASF40:
 1674 0517 705F7761 		.ascii	"p_waiting\000"
 1674      6974696E 
ARM GAS  /var/folders/zv/18v39shs5gqc3xhz55t6cxb00000gn/T//cc9QOyQC.s 			page 34


 1674      6700
 1675              		.ident	"GCC: (GNU Tools for ARM Embedded Processors) 4.9.3 20150303 (release) [ARM/embedded-4_9-br
ARM GAS  /var/folders/zv/18v39shs5gqc3xhz55t6cxb00000gn/T//cc9QOyQC.s 			page 35


DEFINED SYMBOLS
                            *ABS*:0000000000000000 chregistry.c
/var/folders/zv/18v39shs5gqc3xhz55t6cxb00000gn/T//cc9QOyQC.s:21     .text.chRegFirstThread:0000000000000000 $t
/var/folders/zv/18v39shs5gqc3xhz55t6cxb00000gn/T//cc9QOyQC.s:27     .text.chRegFirstThread:0000000000000000 chRegFirstThread
/var/folders/zv/18v39shs5gqc3xhz55t6cxb00000gn/T//cc9QOyQC.s:64     .text.chRegFirstThread:0000000000000018 $d
/var/folders/zv/18v39shs5gqc3xhz55t6cxb00000gn/T//cc9QOyQC.s:69     .text.chRegNextThread:0000000000000000 $t
/var/folders/zv/18v39shs5gqc3xhz55t6cxb00000gn/T//cc9QOyQC.s:75     .text.chRegNextThread:0000000000000000 chRegNextThread
/var/folders/zv/18v39shs5gqc3xhz55t6cxb00000gn/T//cc9QOyQC.s:127    .text.chRegNextThread:0000000000000028 $d
/var/folders/zv/18v39shs5gqc3xhz55t6cxb00000gn/T//cc9QOyQC.s:136    .rodata.ch_debug:0000000000000000 ch_debug
/var/folders/zv/18v39shs5gqc3xhz55t6cxb00000gn/T//cc9QOyQC.s:133    .rodata.ch_debug:0000000000000000 $d
                     .debug_frame:0000000000000010 $d
/var/folders/zv/18v39shs5gqc3xhz55t6cxb00000gn/T//cc9QOyQC.s:68     .text.chRegFirstThread:000000000000001c $t
/var/folders/zv/18v39shs5gqc3xhz55t6cxb00000gn/T//cc9QOyQC.s:132    .text.chRegNextThread:000000000000002c $t

UNDEFINED SYMBOLS
rlist
chThdRelease
