ARM GAS  /var/folders/zv/18v39shs5gqc3xhz55t6cxb00000gn/T//ccs2eqqf.s 			page 1


   1              		.syntax unified
   2              		.cpu cortex-m4
   3              		.eabi_attribute 27, 1
   4              		.eabi_attribute 28, 1
   5              		.fpu fpv4-sp-d16
   6              		.eabi_attribute 20, 1
   7              		.eabi_attribute 21, 1
   8              		.eabi_attribute 23, 3
   9              		.eabi_attribute 24, 1
  10              		.eabi_attribute 25, 1
  11              		.eabi_attribute 26, 1
  12              		.eabi_attribute 30, 2
  13              		.eabi_attribute 34, 1
  14              		.eabi_attribute 18, 4
  15              		.thumb
  16              		.file	"chsys.c"
  17              		.text
  18              	.Ltext0:
  19              		.cfi_sections	.debug_frame
  20              		.section	.text._idle_thread,"ax",%progbits
  21              		.align	2
  22              		.p2align 4,,15
  23              		.global	_idle_thread
  24              		.thumb
  25              		.thumb_func
  26              		.type	_idle_thread, %function
  27              	_idle_thread:
  28              	.LFB7:
  29              		.file 1 "./chibios/os/kernel/src/chsys.c"
  30              		.loc 1 61 0
  31              		.cfi_startproc
  32              		@ Volatile: function does not return.
  33              		@ args = 0, pretend = 0, frame = 0
  34              		@ frame_needed = 0, uses_anonymous_args = 0
  35              		@ link register save eliminated.
  36              	.LVL0:
  37              		.loc 1 64 0
  38 0000 024B     		ldr	r3, .L4
  39 0002 034A     		ldr	r2, .L4+4
  40 0004 9B69     		ldr	r3, [r3, #24]
  41 0006 9A61     		str	r2, [r3, #24]
  42              	.L2:
  43              		.loc 1 68 0 discriminator 1
  44 0008 FEE7     		b	.L2
  45              	.L5:
  46 000a 00BF     		.align	2
  47              	.L4:
  48 000c 00000000 		.word	rlist
  49 0010 00000000 		.word	.LC0
  50              		.cfi_endproc
  51              	.LFE7:
  52              		.size	_idle_thread, .-_idle_thread
  53 0014 AFF30080 		.section	.text.chSysInit,"ax",%progbits
  53      AFF30080 
  53      AFF30080 
  54              		.align	2
  55              		.p2align 4,,15
ARM GAS  /var/folders/zv/18v39shs5gqc3xhz55t6cxb00000gn/T//ccs2eqqf.s 			page 2


  56              		.global	chSysInit
  57              		.thumb
  58              		.thumb_func
  59              		.type	chSysInit, %function
  60              	chSysInit:
  61              	.LFB8:
  62              		.loc 1 84 0
  63              		.cfi_startproc
  64              		@ args = 0, pretend = 0, frame = 0
  65              		@ frame_needed = 0, uses_anonymous_args = 0
  66 0000 00B5     		push	{lr}
  67              		.cfi_def_cfa_offset 4
  68              		.cfi_offset 14, -4
  69 0002 83B0     		sub	sp, sp, #12
  70              		.cfi_def_cfa_offset 16
  71              		.loc 1 90 0
  72 0004 FFF7FEFF 		bl	_port_init
  73              	.LVL1:
  74              		.loc 1 91 0
  75 0008 FFF7FEFF 		bl	_scheduler_init
  76              	.LVL2:
  77              		.loc 1 92 0
  78 000c FFF7FEFF 		bl	_vt_init
  79              	.LVL3:
  80              		.loc 1 94 0
  81 0010 FFF7FEFF 		bl	_core_init
  82              	.LVL4:
  83              		.loc 1 97 0
  84 0014 FFF7FEFF 		bl	_heap_init
  85              	.LVL5:
  86              		.loc 1 104 0
  87 0018 4021     		movs	r1, #64
  88 001a 0C48     		ldr	r0, .L8
  89 001c FFF7FEFF 		bl	_thread_init
  90              	.LVL6:
  91 0020 0B49     		ldr	r1, .L8+4
  92              		.loc 1 105 0
  93 0022 0122     		movs	r2, #1
  94              		.loc 1 104 0
  95 0024 8861     		str	r0, [r1, #24]
  96              		.loc 1 105 0
  97 0026 0277     		strb	r2, [r0, #28]
  98              	.LBB2:
  99              		.loc 1 111 0
 100 0028 0023     		movs	r3, #0
 101              	@ 111 "./chibios/os/kernel/src/chsys.c" 1
 102 002a 83F31188 		msr     BASEPRI, r3                    
 103 002e 62B6     		cpsie   i
 104              	@ 0 "" 2
 105              		.thumb
 106              	.LBE2:
 107              		.loc 1 115 0
 108 0030 8969     		ldr	r1, [r1, #24]
 109 0032 0848     		ldr	r0, .L8+8
 110 0034 8861     		str	r0, [r1, #24]
 111              		.loc 1 121 0
 112 0036 0093     		str	r3, [sp]
ARM GAS  /var/folders/zv/18v39shs5gqc3xhz55t6cxb00000gn/T//ccs2eqqf.s 			page 3


 113 0038 4FF4B471 		mov	r1, #360
 114 003c 064B     		ldr	r3, .L8+12
 115 003e 0748     		ldr	r0, .L8+16
 116 0040 FFF7FEFF 		bl	chThdCreateStatic
 117              	.LVL7:
 118              		.loc 1 124 0
 119 0044 03B0     		add	sp, sp, #12
 120              		.cfi_def_cfa_offset 4
 121              		@ sp needed
 122 0046 5DF804FB 		ldr	pc, [sp], #4
 123              	.L9:
 124 004a 00BF     		.align	2
 125              	.L8:
 126 004c 00000000 		.word	.LANCHOR0
 127 0050 00000000 		.word	rlist
 128 0054 00000000 		.word	ch_debug
 129 0058 00000000 		.word	_idle_thread
 130 005c 00000000 		.word	.LANCHOR1
 131              		.cfi_endproc
 132              	.LFE8:
 133              		.size	chSysInit, .-chSysInit
 134              		.section	.text.chSysTimerHandlerI,"ax",%progbits
 135              		.align	2
 136              		.p2align 4,,15
 137              		.global	chSysTimerHandlerI
 138              		.thumb
 139              		.thumb_func
 140              		.type	chSysTimerHandlerI, %function
 141              	chSysTimerHandlerI:
 142              	.LFB9:
 143              		.loc 1 137 0
 144              		.cfi_startproc
 145              		@ args = 0, pretend = 0, frame = 0
 146              		@ frame_needed = 0, uses_anonymous_args = 0
 147 0000 70B5     		push	{r4, r5, r6, lr}
 148              		.cfi_def_cfa_offset 16
 149              		.cfi_offset 4, -16
 150              		.cfi_offset 5, -12
 151              		.cfi_offset 6, -8
 152              		.cfi_offset 14, -4
 153              		.loc 1 143 0
 154 0002 134B     		ldr	r3, .L21
 155 0004 9B69     		ldr	r3, [r3, #24]
 156 0006 DA7F     		ldrb	r2, [r3, #31]	@ zero_extendqisi2
 157 0008 0AB1     		cbz	r2, .L11
 158              		.loc 1 145 0
 159 000a 013A     		subs	r2, r2, #1
 160 000c DA77     		strb	r2, [r3, #31]
 161              	.L11:
 162              		.loc 1 148 0
 163 000e 1A6A     		ldr	r2, [r3, #32]
 164              		.loc 1 150 0
 165 0010 104C     		ldr	r4, .L21+4
 166              		.loc 1 148 0
 167 0012 0132     		adds	r2, r2, #1
 168 0014 1A62     		str	r2, [r3, #32]
 169              		.loc 1 150 0
ARM GAS  /var/folders/zv/18v39shs5gqc3xhz55t6cxb00000gn/T//ccs2eqqf.s 			page 4


 170 0016 E368     		ldr	r3, [r4, #12]
 171 0018 2268     		ldr	r2, [r4]
 172 001a 0133     		adds	r3, r3, #1
 173 001c A242     		cmp	r2, r4
 174 001e E360     		str	r3, [r4, #12]
 175 0020 14D0     		beq	.L10
 176              	.LBB3:
 177              		.loc 1 150 0 is_stmt 0 discriminator 1
 178 0022 9668     		ldr	r6, [r2, #8]
 179 0024 013E     		subs	r6, r6, #1
 180 0026 9660     		str	r6, [r2, #8]
 181              	.LVL8:
 182 0028 86B9     		cbnz	r6, .L10
 183              	.L14:
 184              	.LBB4:
 185              		.loc 1 150 0 discriminator 4
 186 002a 1168     		ldr	r1, [r2]
 187 002c D568     		ldr	r5, [r2, #12]
 188              	.LVL9:
 189 002e 2160     		str	r1, [r4]
 190 0030 D660     		str	r6, [r2, #12]
 191              	.LBB5:
 192 0032 0023     		movs	r3, #0
 193              	.LBE5:
 194 0034 4C60     		str	r4, [r1, #4]
 195              	.LBB6:
 196              	@ 150 "./chibios/os/kernel/src/chsys.c" 1
 197 0036 83F31188 		msr     BASEPRI, r3
 198              	@ 0 "" 2
 199              		.thumb
 200              	.LBE6:
 201 003a 1069     		ldr	r0, [r2, #16]
 202 003c A847     		blx	r5
 203              	.LVL10:
 204              	.LBB7:
 205 003e 2023     		movs	r3, #32
 206              	@ 150 "./chibios/os/kernel/src/chsys.c" 1
 207 0040 83F31188 		msr     BASEPRI, r3
 208              	@ 0 "" 2
 209              		.thumb
 210              	.LBE7:
 211              	.LBE4:
 212 0044 2268     		ldr	r2, [r4]
 213              	.LVL11:
 214 0046 9368     		ldr	r3, [r2, #8]
 215 0048 002B     		cmp	r3, #0
 216 004a EED0     		beq	.L14
 217              	.LVL12:
 218              	.L10:
 219 004c 70BD     		pop	{r4, r5, r6, pc}
 220              	.L22:
 221 004e 00BF     		.align	2
 222              	.L21:
 223 0050 00000000 		.word	rlist
 224 0054 00000000 		.word	vtlist
 225              	.LBE3:
 226              		.cfi_endproc
ARM GAS  /var/folders/zv/18v39shs5gqc3xhz55t6cxb00000gn/T//ccs2eqqf.s 			page 5


 227              	.LFE9:
 228              		.size	chSysTimerHandlerI, .-chSysTimerHandlerI
 229              		.global	_idle_thread_wa
 230 0058 AFF30080 		.section	.rodata.str1.4,"aMS",%progbits,1
 230      AFF30080 
 231              		.align	2
 232              	.LC0:
 233 0000 69646C65 		.ascii	"idle\000"
 233      00
 234 0005 000000   		.section	.bss.mainthread.4846,"aw",%nobits
 235              		.align	2
 236              		.set	.LANCHOR0,. + 0
 237              		.type	mainthread.4846, %object
 238              		.size	mainthread.4846, 72
 239              	mainthread.4846:
 240 0000 00000000 		.space	72
 240      00000000 
 240      00000000 
 240      00000000 
 240      00000000 
 241              		.section	.bss._idle_thread_wa,"aw",%nobits
 242              		.align	3
 243              		.set	.LANCHOR1,. + 0
 244              		.type	_idle_thread_wa, %object
 245              		.size	_idle_thread_wa, 360
 246              	_idle_thread_wa:
 247 0000 00000000 		.space	360
 247      00000000 
 247      00000000 
 247      00000000 
 247      00000000 
 248              		.text
 249              	.Letext0:
 250              		.file 2 "/Users/Daniel/Documents/Bachelor/Kode/rov-subside2015/arm/lib/gcc/arm-none-eabi/4.9.3/inc
 251              		.file 3 "/Users/Daniel/Documents/Bachelor/Kode/rov-subside2015/arm/arm-none-eabi/include/machine/_
 252              		.file 4 "/Users/Daniel/Documents/Bachelor/Kode/rov-subside2015/arm/arm-none-eabi/include/stdint.h"
 253              		.file 5 "./chibios/os/ports/GCC/ARMCMx/chtypes.h"
 254              		.file 6 "./chibios/os/kernel/include/chlists.h"
 255              		.file 7 "./chibios/os/kernel/include/chthreads.h"
 256              		.file 8 "./chibios/os/ports/GCC/ARMCMx/chcore_v7m.h"
 257              		.file 9 "./chibios/os/kernel/include/chvt.h"
 258              		.file 10 "./chibios/os/kernel/include/chschd.h"
 259              		.file 11 "./chibios/os/kernel/include/chmtx.h"
 260              		.file 12 "./chibios/os/kernel/include/chregistry.h"
 261              		.file 13 "./chibios/os/kernel/include/chmemcore.h"
 262              		.file 14 "./chibios/os/kernel/include/chheap.h"
 263              		.section	.debug_info,"",%progbits
 264              	.Ldebug_info0:
 265 0000 F4080000 		.4byte	0x8f4
 266 0004 0400     		.2byte	0x4
 267 0006 00000000 		.4byte	.Ldebug_abbrev0
 268 000a 04       		.byte	0x4
 269 000b 01       		.uleb128 0x1
 270 000c 38040000 		.4byte	.LASF114
 271 0010 01       		.byte	0x1
 272 0011 71050000 		.4byte	.LASF115
 273 0015 6C020000 		.4byte	.LASF116
ARM GAS  /var/folders/zv/18v39shs5gqc3xhz55t6cxb00000gn/T//ccs2eqqf.s 			page 6


 274 0019 18000000 		.4byte	.Ldebug_ranges0+0x18
 275 001d 00000000 		.4byte	0
 276 0021 00000000 		.4byte	.Ldebug_line0
 277 0025 02       		.uleb128 0x2
 278 0026 04       		.byte	0x4
 279 0027 05       		.byte	0x5
 280 0028 696E7400 		.ascii	"int\000"
 281 002c 03       		.uleb128 0x3
 282 002d 1B000000 		.4byte	.LASF2
 283 0031 02       		.byte	0x2
 284 0032 D4       		.byte	0xd4
 285 0033 37000000 		.4byte	0x37
 286 0037 04       		.uleb128 0x4
 287 0038 04       		.byte	0x4
 288 0039 07       		.byte	0x7
 289 003a 72010000 		.4byte	.LASF0
 290 003e 04       		.uleb128 0x4
 291 003f 01       		.byte	0x1
 292 0040 06       		.byte	0x6
 293 0041 B8000000 		.4byte	.LASF1
 294 0045 03       		.uleb128 0x3
 295 0046 32000000 		.4byte	.LASF3
 296 004a 03       		.byte	0x3
 297 004b 1D       		.byte	0x1d
 298 004c 50000000 		.4byte	0x50
 299 0050 04       		.uleb128 0x4
 300 0051 01       		.byte	0x1
 301 0052 08       		.byte	0x8
 302 0053 46030000 		.4byte	.LASF4
 303 0057 04       		.uleb128 0x4
 304 0058 02       		.byte	0x2
 305 0059 05       		.byte	0x5
 306 005a 69030000 		.4byte	.LASF5
 307 005e 03       		.uleb128 0x3
 308 005f FE030000 		.4byte	.LASF6
 309 0063 03       		.byte	0x3
 310 0064 2B       		.byte	0x2b
 311 0065 69000000 		.4byte	0x69
 312 0069 04       		.uleb128 0x4
 313 006a 02       		.byte	0x2
 314 006b 07       		.byte	0x7
 315 006c DB010000 		.4byte	.LASF7
 316 0070 03       		.uleb128 0x3
 317 0071 25040000 		.4byte	.LASF8
 318 0075 03       		.byte	0x3
 319 0076 3F       		.byte	0x3f
 320 0077 7B000000 		.4byte	0x7b
 321 007b 04       		.uleb128 0x4
 322 007c 04       		.byte	0x4
 323 007d 05       		.byte	0x5
 324 007e FB000000 		.4byte	.LASF9
 325 0082 03       		.uleb128 0x3
 326 0083 41010000 		.4byte	.LASF10
 327 0087 03       		.byte	0x3
 328 0088 41       		.byte	0x41
 329 0089 8D000000 		.4byte	0x8d
 330 008d 04       		.uleb128 0x4
ARM GAS  /var/folders/zv/18v39shs5gqc3xhz55t6cxb00000gn/T//ccs2eqqf.s 			page 7


 331 008e 04       		.byte	0x4
 332 008f 07       		.byte	0x7
 333 0090 94010000 		.4byte	.LASF11
 334 0094 04       		.uleb128 0x4
 335 0095 08       		.byte	0x8
 336 0096 05       		.byte	0x5
 337 0097 AA000000 		.4byte	.LASF12
 338 009b 03       		.uleb128 0x3
 339 009c 0B030000 		.4byte	.LASF13
 340 00a0 03       		.byte	0x3
 341 00a1 5B       		.byte	0x5b
 342 00a2 A6000000 		.4byte	0xa6
 343 00a6 04       		.uleb128 0x4
 344 00a7 08       		.byte	0x8
 345 00a8 07       		.byte	0x7
 346 00a9 64000000 		.4byte	.LASF14
 347 00ad 03       		.uleb128 0x3
 348 00ae B3050000 		.4byte	.LASF15
 349 00b2 04       		.byte	0x4
 350 00b3 15       		.byte	0x15
 351 00b4 45000000 		.4byte	0x45
 352 00b8 03       		.uleb128 0x3
 353 00b9 0D010000 		.4byte	.LASF16
 354 00bd 04       		.byte	0x4
 355 00be 21       		.byte	0x21
 356 00bf 5E000000 		.4byte	0x5e
 357 00c3 03       		.uleb128 0x3
 358 00c4 3E030000 		.4byte	.LASF17
 359 00c8 04       		.byte	0x4
 360 00c9 2C       		.byte	0x2c
 361 00ca 70000000 		.4byte	0x70
 362 00ce 03       		.uleb128 0x3
 363 00cf DC030000 		.4byte	.LASF18
 364 00d3 04       		.byte	0x4
 365 00d4 2D       		.byte	0x2d
 366 00d5 82000000 		.4byte	0x82
 367 00d9 03       		.uleb128 0x3
 368 00da 29000000 		.4byte	.LASF19
 369 00de 04       		.byte	0x4
 370 00df 39       		.byte	0x39
 371 00e0 9B000000 		.4byte	0x9b
 372 00e4 04       		.uleb128 0x4
 373 00e5 01       		.byte	0x1
 374 00e6 02       		.byte	0x2
 375 00e7 38030000 		.4byte	.LASF20
 376 00eb 03       		.uleb128 0x3
 377 00ec FC010000 		.4byte	.LASF21
 378 00f0 05       		.byte	0x5
 379 00f1 2C       		.byte	0x2c
 380 00f2 AD000000 		.4byte	0xad
 381 00f6 03       		.uleb128 0x3
 382 00f7 04010000 		.4byte	.LASF22
 383 00fb 05       		.byte	0x5
 384 00fc 2D       		.byte	0x2d
 385 00fd AD000000 		.4byte	0xad
 386 0101 03       		.uleb128 0x3
 387 0102 16030000 		.4byte	.LASF23
ARM GAS  /var/folders/zv/18v39shs5gqc3xhz55t6cxb00000gn/T//ccs2eqqf.s 			page 8


 388 0106 05       		.byte	0x5
 389 0107 2E       		.byte	0x2e
 390 0108 AD000000 		.4byte	0xad
 391 010c 03       		.uleb128 0x3
 392 010d F1000000 		.4byte	.LASF24
 393 0111 05       		.byte	0x5
 394 0112 2F       		.byte	0x2f
 395 0113 AD000000 		.4byte	0xad
 396 0117 03       		.uleb128 0x3
 397 0118 30030000 		.4byte	.LASF25
 398 011c 05       		.byte	0x5
 399 011d 30       		.byte	0x30
 400 011e CE000000 		.4byte	0xce
 401 0122 03       		.uleb128 0x3
 402 0123 EE010000 		.4byte	.LASF26
 403 0127 05       		.byte	0x5
 404 0128 31       		.byte	0x31
 405 0129 C3000000 		.4byte	0xc3
 406 012d 03       		.uleb128 0x3
 407 012e 10020000 		.4byte	.LASF27
 408 0132 05       		.byte	0x5
 409 0133 33       		.byte	0x33
 410 0134 CE000000 		.4byte	0xce
 411 0138 03       		.uleb128 0x3
 412 0139 10040000 		.4byte	.LASF28
 413 013d 05       		.byte	0x5
 414 013e 35       		.byte	0x35
 415 013f CE000000 		.4byte	0xce
 416 0143 03       		.uleb128 0x3
 417 0144 BD030000 		.4byte	.LASF29
 418 0148 06       		.byte	0x6
 419 0149 2A       		.byte	0x2a
 420 014a 4E010000 		.4byte	0x14e
 421 014e 05       		.uleb128 0x5
 422 014f BD030000 		.4byte	.LASF29
 423 0153 48       		.byte	0x48
 424 0154 07       		.byte	0x7
 425 0155 5E       		.byte	0x5e
 426 0156 4B020000 		.4byte	0x24b
 427 015a 06       		.uleb128 0x6
 428 015b 9F030000 		.4byte	.LASF30
 429 015f 07       		.byte	0x7
 430 0160 5F       		.byte	0x5f
 431 0161 6C020000 		.4byte	0x26c
 432 0165 00       		.byte	0
 433 0166 06       		.uleb128 0x6
 434 0167 29030000 		.4byte	.LASF31
 435 016b 07       		.byte	0x7
 436 016c 61       		.byte	0x61
 437 016d 6C020000 		.4byte	0x26c
 438 0171 04       		.byte	0x4
 439 0172 06       		.uleb128 0x6
 440 0173 86000000 		.4byte	.LASF32
 441 0177 07       		.byte	0x7
 442 0178 63       		.byte	0x63
 443 0179 17010000 		.4byte	0x117
 444 017d 08       		.byte	0x8
ARM GAS  /var/folders/zv/18v39shs5gqc3xhz55t6cxb00000gn/T//ccs2eqqf.s 			page 9


 445 017e 06       		.uleb128 0x6
 446 017f F9050000 		.4byte	.LASF33
 447 0183 07       		.byte	0x7
 448 0184 64       		.byte	0x64
 449 0185 01040000 		.4byte	0x401
 450 0189 0C       		.byte	0xc
 451 018a 06       		.uleb128 0x6
 452 018b 20010000 		.4byte	.LASF34
 453 018f 07       		.byte	0x7
 454 0190 66       		.byte	0x66
 455 0191 6C020000 		.4byte	0x26c
 456 0195 10       		.byte	0x10
 457 0196 06       		.uleb128 0x6
 458 0197 C9020000 		.4byte	.LASF35
 459 019b 07       		.byte	0x7
 460 019c 67       		.byte	0x67
 461 019d 6C020000 		.4byte	0x26c
 462 01a1 14       		.byte	0x14
 463 01a2 06       		.uleb128 0x6
 464 01a3 CD050000 		.4byte	.LASF36
 465 01a7 07       		.byte	0x7
 466 01a8 6E       		.byte	0x6e
 467 01a9 BB050000 		.4byte	0x5bb
 468 01ad 18       		.byte	0x18
 469 01ae 06       		.uleb128 0x6
 470 01af 73030000 		.4byte	.LASF37
 471 01b3 07       		.byte	0x7
 472 01b4 79       		.byte	0x79
 473 01b5 F6000000 		.4byte	0xf6
 474 01b9 1C       		.byte	0x1c
 475 01ba 06       		.uleb128 0x6
 476 01bb B5030000 		.4byte	.LASF38
 477 01bf 07       		.byte	0x7
 478 01c0 7D       		.byte	0x7d
 479 01c1 EB000000 		.4byte	0xeb
 480 01c5 1D       		.byte	0x1d
 481 01c6 06       		.uleb128 0x6
 482 01c7 9C050000 		.4byte	.LASF39
 483 01cb 07       		.byte	0x7
 484 01cc 82       		.byte	0x82
 485 01cd 01010000 		.4byte	0x101
 486 01d1 1E       		.byte	0x1e
 487 01d2 06       		.uleb128 0x6
 488 01d3 7B030000 		.4byte	.LASF40
 489 01d7 07       		.byte	0x7
 490 01d8 88       		.byte	0x88
 491 01d9 0C010000 		.4byte	0x10c
 492 01dd 1F       		.byte	0x1f
 493 01de 06       		.uleb128 0x6
 494 01df 51050000 		.4byte	.LASF41
 495 01e3 07       		.byte	0x7
 496 01e4 8F       		.byte	0x8f
 497 01e5 D8040000 		.4byte	0x4d8
 498 01e9 20       		.byte	0x20
 499 01ea 07       		.uleb128 0x7
 500 01eb 705F7500 		.ascii	"p_u\000"
 501 01ef 07       		.byte	0x7
ARM GAS  /var/folders/zv/18v39shs5gqc3xhz55t6cxb00000gn/T//ccs2eqqf.s 			page 10


 502 01f0 B4       		.byte	0xb4
 503 01f1 86050000 		.4byte	0x586
 504 01f5 24       		.byte	0x24
 505 01f6 06       		.uleb128 0x6
 506 01f7 FF050000 		.4byte	.LASF42
 507 01fb 07       		.byte	0x7
 508 01fc B9       		.byte	0xb9
 509 01fd 92020000 		.4byte	0x292
 510 0201 28       		.byte	0x28
 511 0202 06       		.uleb128 0x6
 512 0203 5F050000 		.4byte	.LASF43
 513 0207 07       		.byte	0x7
 514 0208 BF       		.byte	0xbf
 515 0209 72020000 		.4byte	0x272
 516 020d 2C       		.byte	0x2c
 517 020e 06       		.uleb128 0x6
 518 020f 15000000 		.4byte	.LASF44
 519 0213 07       		.byte	0x7
 520 0214 C3       		.byte	0xc3
 521 0215 22010000 		.4byte	0x122
 522 0219 34       		.byte	0x34
 523 021a 06       		.uleb128 0x6
 524 021b D1030000 		.4byte	.LASF45
 525 021f 07       		.byte	0x7
 526 0220 C9       		.byte	0xc9
 527 0221 2D010000 		.4byte	0x12d
 528 0225 38       		.byte	0x38
 529 0226 06       		.uleb128 0x6
 530 0227 5F030000 		.4byte	.LASF46
 531 022b 07       		.byte	0x7
 532 022c D0       		.byte	0xd0
 533 022d CD050000 		.4byte	0x5cd
 534 0231 3C       		.byte	0x3c
 535 0232 06       		.uleb128 0x6
 536 0233 1A040000 		.4byte	.LASF47
 537 0237 07       		.byte	0x7
 538 0238 D4       		.byte	0xd4
 539 0239 17010000 		.4byte	0x117
 540 023d 40       		.byte	0x40
 541 023e 06       		.uleb128 0x6
 542 023f E1000000 		.4byte	.LASF48
 543 0243 07       		.byte	0x7
 544 0244 DA       		.byte	0xda
 545 0245 A8020000 		.4byte	0x2a8
 546 0249 44       		.byte	0x44
 547 024a 00       		.byte	0
 548 024b 08       		.uleb128 0x8
 549 024c 08       		.byte	0x8
 550 024d 06       		.byte	0x6
 551 024e 61       		.byte	0x61
 552 024f 6C020000 		.4byte	0x26c
 553 0253 06       		.uleb128 0x6
 554 0254 9F030000 		.4byte	.LASF30
 555 0258 06       		.byte	0x6
 556 0259 62       		.byte	0x62
 557 025a 6C020000 		.4byte	0x26c
 558 025e 00       		.byte	0
ARM GAS  /var/folders/zv/18v39shs5gqc3xhz55t6cxb00000gn/T//ccs2eqqf.s 			page 11


 559 025f 06       		.uleb128 0x6
 560 0260 29030000 		.4byte	.LASF31
 561 0264 06       		.byte	0x6
 562 0265 64       		.byte	0x64
 563 0266 6C020000 		.4byte	0x26c
 564 026a 04       		.byte	0x4
 565 026b 00       		.byte	0
 566 026c 09       		.uleb128 0x9
 567 026d 04       		.byte	0x4
 568 026e 43010000 		.4byte	0x143
 569 0272 03       		.uleb128 0x3
 570 0273 D7020000 		.4byte	.LASF49
 571 0277 06       		.byte	0x6
 572 0278 66       		.byte	0x66
 573 0279 4B020000 		.4byte	0x24b
 574 027d 08       		.uleb128 0x8
 575 027e 04       		.byte	0x4
 576 027f 06       		.byte	0x6
 577 0280 6B       		.byte	0x6b
 578 0281 92020000 		.4byte	0x292
 579 0285 06       		.uleb128 0x6
 580 0286 9F030000 		.4byte	.LASF30
 581 028a 06       		.byte	0x6
 582 028b 6D       		.byte	0x6d
 583 028c 6C020000 		.4byte	0x26c
 584 0290 00       		.byte	0
 585 0291 00       		.byte	0
 586 0292 03       		.uleb128 0x3
 587 0293 04020000 		.4byte	.LASF50
 588 0297 06       		.byte	0x6
 589 0298 70       		.byte	0x70
 590 0299 7D020000 		.4byte	0x27d
 591 029d 03       		.uleb128 0x3
 592 029e 4C010000 		.4byte	.LASF51
 593 02a2 08       		.byte	0x8
 594 02a3 E5       		.byte	0xe5
 595 02a4 A8020000 		.4byte	0x2a8
 596 02a8 0A       		.uleb128 0xa
 597 02a9 04       		.byte	0x4
 598 02aa 03       		.uleb128 0x3
 599 02ab 22020000 		.4byte	.LASF52
 600 02af 08       		.byte	0x8
 601 02b0 EB       		.byte	0xeb
 602 02b1 D9000000 		.4byte	0xd9
 603 02b5 0B       		.uleb128 0xb
 604 02b6 58050000 		.4byte	.LASF53
 605 02ba 64       		.byte	0x64
 606 02bb 08       		.byte	0x8
 607 02bc 0C01     		.2byte	0x10c
 608 02be 01040000 		.4byte	0x401
 609 02c2 0C       		.uleb128 0xc
 610 02c3 73313600 		.ascii	"s16\000"
 611 02c7 08       		.byte	0x8
 612 02c8 0E01     		.2byte	0x10e
 613 02ca 9D020000 		.4byte	0x29d
 614 02ce 00       		.byte	0
 615 02cf 0C       		.uleb128 0xc
ARM GAS  /var/folders/zv/18v39shs5gqc3xhz55t6cxb00000gn/T//ccs2eqqf.s 			page 12


 616 02d0 73313700 		.ascii	"s17\000"
 617 02d4 08       		.byte	0x8
 618 02d5 0F01     		.2byte	0x10f
 619 02d7 9D020000 		.4byte	0x29d
 620 02db 04       		.byte	0x4
 621 02dc 0C       		.uleb128 0xc
 622 02dd 73313800 		.ascii	"s18\000"
 623 02e1 08       		.byte	0x8
 624 02e2 1001     		.2byte	0x110
 625 02e4 9D020000 		.4byte	0x29d
 626 02e8 08       		.byte	0x8
 627 02e9 0C       		.uleb128 0xc
 628 02ea 73313900 		.ascii	"s19\000"
 629 02ee 08       		.byte	0x8
 630 02ef 1101     		.2byte	0x111
 631 02f1 9D020000 		.4byte	0x29d
 632 02f5 0C       		.byte	0xc
 633 02f6 0C       		.uleb128 0xc
 634 02f7 73323000 		.ascii	"s20\000"
 635 02fb 08       		.byte	0x8
 636 02fc 1201     		.2byte	0x112
 637 02fe 9D020000 		.4byte	0x29d
 638 0302 10       		.byte	0x10
 639 0303 0C       		.uleb128 0xc
 640 0304 73323100 		.ascii	"s21\000"
 641 0308 08       		.byte	0x8
 642 0309 1301     		.2byte	0x113
 643 030b 9D020000 		.4byte	0x29d
 644 030f 14       		.byte	0x14
 645 0310 0C       		.uleb128 0xc
 646 0311 73323200 		.ascii	"s22\000"
 647 0315 08       		.byte	0x8
 648 0316 1401     		.2byte	0x114
 649 0318 9D020000 		.4byte	0x29d
 650 031c 18       		.byte	0x18
 651 031d 0C       		.uleb128 0xc
 652 031e 73323300 		.ascii	"s23\000"
 653 0322 08       		.byte	0x8
 654 0323 1501     		.2byte	0x115
 655 0325 9D020000 		.4byte	0x29d
 656 0329 1C       		.byte	0x1c
 657 032a 0C       		.uleb128 0xc
 658 032b 73323400 		.ascii	"s24\000"
 659 032f 08       		.byte	0x8
 660 0330 1601     		.2byte	0x116
 661 0332 9D020000 		.4byte	0x29d
 662 0336 20       		.byte	0x20
 663 0337 0C       		.uleb128 0xc
 664 0338 73323500 		.ascii	"s25\000"
 665 033c 08       		.byte	0x8
 666 033d 1701     		.2byte	0x117
 667 033f 9D020000 		.4byte	0x29d
 668 0343 24       		.byte	0x24
 669 0344 0C       		.uleb128 0xc
 670 0345 73323600 		.ascii	"s26\000"
 671 0349 08       		.byte	0x8
 672 034a 1801     		.2byte	0x118
ARM GAS  /var/folders/zv/18v39shs5gqc3xhz55t6cxb00000gn/T//ccs2eqqf.s 			page 13


 673 034c 9D020000 		.4byte	0x29d
 674 0350 28       		.byte	0x28
 675 0351 0C       		.uleb128 0xc
 676 0352 73323700 		.ascii	"s27\000"
 677 0356 08       		.byte	0x8
 678 0357 1901     		.2byte	0x119
 679 0359 9D020000 		.4byte	0x29d
 680 035d 2C       		.byte	0x2c
 681 035e 0C       		.uleb128 0xc
 682 035f 73323800 		.ascii	"s28\000"
 683 0363 08       		.byte	0x8
 684 0364 1A01     		.2byte	0x11a
 685 0366 9D020000 		.4byte	0x29d
 686 036a 30       		.byte	0x30
 687 036b 0C       		.uleb128 0xc
 688 036c 73323900 		.ascii	"s29\000"
 689 0370 08       		.byte	0x8
 690 0371 1B01     		.2byte	0x11b
 691 0373 9D020000 		.4byte	0x29d
 692 0377 34       		.byte	0x34
 693 0378 0C       		.uleb128 0xc
 694 0379 73333000 		.ascii	"s30\000"
 695 037d 08       		.byte	0x8
 696 037e 1C01     		.2byte	0x11c
 697 0380 9D020000 		.4byte	0x29d
 698 0384 38       		.byte	0x38
 699 0385 0C       		.uleb128 0xc
 700 0386 73333100 		.ascii	"s31\000"
 701 038a 08       		.byte	0x8
 702 038b 1D01     		.2byte	0x11d
 703 038d 9D020000 		.4byte	0x29d
 704 0391 3C       		.byte	0x3c
 705 0392 0C       		.uleb128 0xc
 706 0393 723400   		.ascii	"r4\000"
 707 0396 08       		.byte	0x8
 708 0397 1F01     		.2byte	0x11f
 709 0399 9D020000 		.4byte	0x29d
 710 039d 40       		.byte	0x40
 711 039e 0C       		.uleb128 0xc
 712 039f 723500   		.ascii	"r5\000"
 713 03a2 08       		.byte	0x8
 714 03a3 2001     		.2byte	0x120
 715 03a5 9D020000 		.4byte	0x29d
 716 03a9 44       		.byte	0x44
 717 03aa 0C       		.uleb128 0xc
 718 03ab 723600   		.ascii	"r6\000"
 719 03ae 08       		.byte	0x8
 720 03af 2101     		.2byte	0x121
 721 03b1 9D020000 		.4byte	0x29d
 722 03b5 48       		.byte	0x48
 723 03b6 0C       		.uleb128 0xc
 724 03b7 723700   		.ascii	"r7\000"
 725 03ba 08       		.byte	0x8
 726 03bb 2201     		.2byte	0x122
 727 03bd 9D020000 		.4byte	0x29d
 728 03c1 4C       		.byte	0x4c
 729 03c2 0C       		.uleb128 0xc
ARM GAS  /var/folders/zv/18v39shs5gqc3xhz55t6cxb00000gn/T//ccs2eqqf.s 			page 14


 730 03c3 723800   		.ascii	"r8\000"
 731 03c6 08       		.byte	0x8
 732 03c7 2301     		.2byte	0x123
 733 03c9 9D020000 		.4byte	0x29d
 734 03cd 50       		.byte	0x50
 735 03ce 0C       		.uleb128 0xc
 736 03cf 723900   		.ascii	"r9\000"
 737 03d2 08       		.byte	0x8
 738 03d3 2401     		.2byte	0x124
 739 03d5 9D020000 		.4byte	0x29d
 740 03d9 54       		.byte	0x54
 741 03da 0C       		.uleb128 0xc
 742 03db 72313000 		.ascii	"r10\000"
 743 03df 08       		.byte	0x8
 744 03e0 2501     		.2byte	0x125
 745 03e2 9D020000 		.4byte	0x29d
 746 03e6 58       		.byte	0x58
 747 03e7 0C       		.uleb128 0xc
 748 03e8 72313100 		.ascii	"r11\000"
 749 03ec 08       		.byte	0x8
 750 03ed 2601     		.2byte	0x126
 751 03ef 9D020000 		.4byte	0x29d
 752 03f3 5C       		.byte	0x5c
 753 03f4 0C       		.uleb128 0xc
 754 03f5 6C7200   		.ascii	"lr\000"
 755 03f8 08       		.byte	0x8
 756 03f9 2701     		.2byte	0x127
 757 03fb 9D020000 		.4byte	0x29d
 758 03ff 60       		.byte	0x60
 759 0400 00       		.byte	0
 760 0401 0B       		.uleb128 0xb
 761 0402 D3010000 		.4byte	.LASF54
 762 0406 04       		.byte	0x4
 763 0407 08       		.byte	0x8
 764 0408 3101     		.2byte	0x131
 765 040a 1C040000 		.4byte	0x41c
 766 040e 0C       		.uleb128 0xc
 767 040f 72313300 		.ascii	"r13\000"
 768 0413 08       		.byte	0x8
 769 0414 3201     		.2byte	0x132
 770 0416 1C040000 		.4byte	0x41c
 771 041a 00       		.byte	0
 772 041b 00       		.byte	0
 773 041c 09       		.uleb128 0x9
 774 041d 04       		.byte	0x4
 775 041e B5020000 		.4byte	0x2b5
 776 0422 04       		.uleb128 0x4
 777 0423 04       		.byte	0x4
 778 0424 07       		.byte	0x7
 779 0425 5B020000 		.4byte	.LASF55
 780 0429 03       		.uleb128 0x3
 781 042a AF010000 		.4byte	.LASF56
 782 042e 09       		.byte	0x9
 783 042f 58       		.byte	0x58
 784 0430 34040000 		.4byte	0x434
 785 0434 09       		.uleb128 0x9
 786 0435 04       		.byte	0x4
ARM GAS  /var/folders/zv/18v39shs5gqc3xhz55t6cxb00000gn/T//ccs2eqqf.s 			page 15


 787 0436 3A040000 		.4byte	0x43a
 788 043a 0D       		.uleb128 0xd
 789 043b 45040000 		.4byte	0x445
 790 043f 0E       		.uleb128 0xe
 791 0440 A8020000 		.4byte	0x2a8
 792 0444 00       		.byte	0
 793 0445 03       		.uleb128 0x3
 794 0446 C6010000 		.4byte	.LASF57
 795 044a 09       		.byte	0x9
 796 044b 5D       		.byte	0x5d
 797 044c 50040000 		.4byte	0x450
 798 0450 05       		.uleb128 0x5
 799 0451 C6010000 		.4byte	.LASF57
 800 0455 14       		.byte	0x14
 801 0456 09       		.byte	0x9
 802 0457 64       		.byte	0x64
 803 0458 99040000 		.4byte	0x499
 804 045c 06       		.uleb128 0x6
 805 045d 8C010000 		.4byte	.LASF58
 806 0461 09       		.byte	0x9
 807 0462 65       		.byte	0x65
 808 0463 99040000 		.4byte	0x499
 809 0467 00       		.byte	0
 810 0468 06       		.uleb128 0x6
 811 0469 55010000 		.4byte	.LASF59
 812 046d 09       		.byte	0x9
 813 046e 67       		.byte	0x67
 814 046f 99040000 		.4byte	0x499
 815 0473 04       		.byte	0x4
 816 0474 06       		.uleb128 0x6
 817 0475 53020000 		.4byte	.LASF60
 818 0479 09       		.byte	0x9
 819 047a 69       		.byte	0x69
 820 047b 38010000 		.4byte	0x138
 821 047f 08       		.byte	0x8
 822 0480 06       		.uleb128 0x6
 823 0481 64020000 		.4byte	.LASF61
 824 0485 09       		.byte	0x9
 825 0486 6A       		.byte	0x6a
 826 0487 29040000 		.4byte	0x429
 827 048b 0C       		.byte	0xc
 828 048c 06       		.uleb128 0x6
 829 048d 6A050000 		.4byte	.LASF62
 830 0491 09       		.byte	0x9
 831 0492 6C       		.byte	0x6c
 832 0493 A8020000 		.4byte	0x2a8
 833 0497 10       		.byte	0x10
 834 0498 00       		.byte	0
 835 0499 09       		.uleb128 0x9
 836 049a 04       		.byte	0x4
 837 049b 45040000 		.4byte	0x445
 838 049f 08       		.uleb128 0x8
 839 04a0 10       		.byte	0x10
 840 04a1 09       		.byte	0x9
 841 04a2 76       		.byte	0x76
 842 04a3 D8040000 		.4byte	0x4d8
 843 04a7 06       		.uleb128 0x6
ARM GAS  /var/folders/zv/18v39shs5gqc3xhz55t6cxb00000gn/T//ccs2eqqf.s 			page 16


 844 04a8 8C010000 		.4byte	.LASF58
 845 04ac 09       		.byte	0x9
 846 04ad 77       		.byte	0x77
 847 04ae 99040000 		.4byte	0x499
 848 04b2 00       		.byte	0
 849 04b3 06       		.uleb128 0x6
 850 04b4 55010000 		.4byte	.LASF59
 851 04b8 09       		.byte	0x9
 852 04b9 79       		.byte	0x79
 853 04ba 99040000 		.4byte	0x499
 854 04be 04       		.byte	0x4
 855 04bf 06       		.uleb128 0x6
 856 04c0 53020000 		.4byte	.LASF60
 857 04c4 09       		.byte	0x9
 858 04c5 7B       		.byte	0x7b
 859 04c6 38010000 		.4byte	0x138
 860 04ca 08       		.byte	0x8
 861 04cb 06       		.uleb128 0x6
 862 04cc D4050000 		.4byte	.LASF63
 863 04d0 09       		.byte	0x9
 864 04d1 7C       		.byte	0x7c
 865 04d2 D8040000 		.4byte	0x4d8
 866 04d6 0C       		.byte	0xc
 867 04d7 00       		.byte	0
 868 04d8 0F       		.uleb128 0xf
 869 04d9 38010000 		.4byte	0x138
 870 04dd 03       		.uleb128 0x3
 871 04de EA050000 		.4byte	.LASF64
 872 04e2 09       		.byte	0x9
 873 04e3 7D       		.byte	0x7d
 874 04e4 9F040000 		.4byte	0x49f
 875 04e8 08       		.uleb128 0x8
 876 04e9 1C       		.byte	0x1c
 877 04ea 0A       		.byte	0xa
 878 04eb 5E       		.byte	0x5e
 879 04ec 39050000 		.4byte	0x539
 880 04f0 06       		.uleb128 0x6
 881 04f1 F1030000 		.4byte	.LASF65
 882 04f5 0A       		.byte	0xa
 883 04f6 5F       		.byte	0x5f
 884 04f7 72020000 		.4byte	0x272
 885 04fb 00       		.byte	0
 886 04fc 06       		.uleb128 0x6
 887 04fd 91030000 		.4byte	.LASF66
 888 0501 0A       		.byte	0xa
 889 0502 60       		.byte	0x60
 890 0503 17010000 		.4byte	0x117
 891 0507 08       		.byte	0x8
 892 0508 06       		.uleb128 0x6
 893 0509 D1020000 		.4byte	.LASF67
 894 050d 0A       		.byte	0xa
 895 050e 62       		.byte	0x62
 896 050f 01040000 		.4byte	0x401
 897 0513 0C       		.byte	0xc
 898 0514 06       		.uleb128 0x6
 899 0515 F4010000 		.4byte	.LASF68
 900 0519 0A       		.byte	0xa
ARM GAS  /var/folders/zv/18v39shs5gqc3xhz55t6cxb00000gn/T//ccs2eqqf.s 			page 17


 901 051a 65       		.byte	0x65
 902 051b 6C020000 		.4byte	0x26c
 903 051f 10       		.byte	0x10
 904 0520 06       		.uleb128 0x6
 905 0521 F6020000 		.4byte	.LASF69
 906 0525 0A       		.byte	0xa
 907 0526 66       		.byte	0x66
 908 0527 6C020000 		.4byte	0x26c
 909 052b 14       		.byte	0x14
 910 052c 06       		.uleb128 0x6
 911 052d EC020000 		.4byte	.LASF70
 912 0531 0A       		.byte	0xa
 913 0532 69       		.byte	0x69
 914 0533 6C020000 		.4byte	0x26c
 915 0537 18       		.byte	0x18
 916 0538 00       		.byte	0
 917 0539 03       		.uleb128 0x3
 918 053a A3050000 		.4byte	.LASF71
 919 053e 0A       		.byte	0xa
 920 053f 6B       		.byte	0x6b
 921 0540 E8040000 		.4byte	0x4e8
 922 0544 05       		.uleb128 0x5
 923 0545 1C020000 		.4byte	.LASF72
 924 0549 10       		.byte	0x10
 925 054a 0B       		.byte	0xb
 926 054b 2C       		.byte	0x2c
 927 054c 75050000 		.4byte	0x575
 928 0550 06       		.uleb128 0x6
 929 0551 E9000000 		.4byte	.LASF73
 930 0555 0B       		.byte	0xb
 931 0556 2D       		.byte	0x2d
 932 0557 72020000 		.4byte	0x272
 933 055b 00       		.byte	0
 934 055c 06       		.uleb128 0x6
 935 055d F1050000 		.4byte	.LASF74
 936 0561 0B       		.byte	0xb
 937 0562 2F       		.byte	0x2f
 938 0563 6C020000 		.4byte	0x26c
 939 0567 08       		.byte	0x8
 940 0568 06       		.uleb128 0x6
 941 0569 09040000 		.4byte	.LASF75
 942 056d 0B       		.byte	0xb
 943 056e 31       		.byte	0x31
 944 056f 75050000 		.4byte	0x575
 945 0573 0C       		.byte	0xc
 946 0574 00       		.byte	0
 947 0575 09       		.uleb128 0x9
 948 0576 04       		.byte	0x4
 949 0577 44050000 		.4byte	0x544
 950 057b 03       		.uleb128 0x3
 951 057c 1C020000 		.4byte	.LASF72
 952 0580 0B       		.byte	0xb
 953 0581 33       		.byte	0x33
 954 0582 44050000 		.4byte	0x544
 955 0586 10       		.uleb128 0x10
 956 0587 04       		.byte	0x4
 957 0588 07       		.byte	0x7
ARM GAS  /var/folders/zv/18v39shs5gqc3xhz55t6cxb00000gn/T//ccs2eqqf.s 			page 18


 958 0589 96       		.byte	0x96
 959 058a BB050000 		.4byte	0x5bb
 960 058e 11       		.uleb128 0x11
 961 058f 22000000 		.4byte	.LASF76
 962 0593 07       		.byte	0x7
 963 0594 9D       		.byte	0x9d
 964 0595 22010000 		.4byte	0x122
 965 0599 11       		.uleb128 0x11
 966 059a 38010000 		.4byte	.LASF77
 967 059e 07       		.byte	0x7
 968 059f A4       		.byte	0xa4
 969 05a0 22010000 		.4byte	0x122
 970 05a4 11       		.uleb128 0x11
 971 05a5 C6050000 		.4byte	.LASF78
 972 05a9 07       		.byte	0x7
 973 05aa AB       		.byte	0xab
 974 05ab A8020000 		.4byte	0x2a8
 975 05af 11       		.uleb128 0x11
 976 05b0 98030000 		.4byte	.LASF79
 977 05b4 07       		.byte	0x7
 978 05b5 B2       		.byte	0xb2
 979 05b6 2D010000 		.4byte	0x12d
 980 05ba 00       		.byte	0
 981 05bb 09       		.uleb128 0x9
 982 05bc 04       		.byte	0x4
 983 05bd C1050000 		.4byte	0x5c1
 984 05c1 12       		.uleb128 0x12
 985 05c2 C6050000 		.4byte	0x5c6
 986 05c6 04       		.uleb128 0x4
 987 05c7 01       		.byte	0x1
 988 05c8 08       		.byte	0x8
 989 05c9 F9030000 		.4byte	.LASF80
 990 05cd 09       		.uleb128 0x9
 991 05ce 04       		.byte	0x4
 992 05cf 7B050000 		.4byte	0x57b
 993 05d3 03       		.uleb128 0x3
 994 05d4 00000000 		.4byte	.LASF81
 995 05d8 07       		.byte	0x7
 996 05d9 E5       		.byte	0xe5
 997 05da DE050000 		.4byte	0x5de
 998 05de 09       		.uleb128 0x9
 999 05df 04       		.byte	0x4
 1000 05e0 E4050000 		.4byte	0x5e4
 1001 05e4 13       		.uleb128 0x13
 1002 05e5 22010000 		.4byte	0x122
 1003 05e9 F3050000 		.4byte	0x5f3
 1004 05ed 0E       		.uleb128 0xe
 1005 05ee A8020000 		.4byte	0x2a8
 1006 05f2 00       		.byte	0
 1007 05f3 08       		.uleb128 0x8
 1008 05f4 16       		.byte	0x16
 1009 05f5 0C       		.byte	0xc
 1010 05f6 2C       		.byte	0x2c
 1011 05f7 D4060000 		.4byte	0x6d4
 1012 05fb 06       		.uleb128 0x6
 1013 05fc B8010000 		.4byte	.LASF82
 1014 0600 0C       		.byte	0xc
ARM GAS  /var/folders/zv/18v39shs5gqc3xhz55t6cxb00000gn/T//ccs2eqqf.s 			page 19


 1015 0601 2D       		.byte	0x2d
 1016 0602 D4060000 		.4byte	0x6d4
 1017 0606 00       		.byte	0
 1018 0607 06       		.uleb128 0x6
 1019 0608 3F020000 		.4byte	.LASF83
 1020 060c 0C       		.byte	0xc
 1021 060d 2E       		.byte	0x2e
 1022 060e AD000000 		.4byte	0xad
 1023 0612 04       		.byte	0x4
 1024 0613 06       		.uleb128 0x6
 1025 0614 E4020000 		.4byte	.LASF84
 1026 0618 0C       		.byte	0xc
 1027 0619 2F       		.byte	0x2f
 1028 061a AD000000 		.4byte	0xad
 1029 061e 05       		.byte	0x5
 1030 061f 06       		.uleb128 0x6
 1031 0620 DF050000 		.4byte	.LASF85
 1032 0624 0C       		.byte	0xc
 1033 0625 30       		.byte	0x30
 1034 0626 B8000000 		.4byte	0xb8
 1035 062a 06       		.byte	0x6
 1036 062b 06       		.uleb128 0x6
 1037 062c 1E030000 		.4byte	.LASF86
 1038 0630 0C       		.byte	0xc
 1039 0631 31       		.byte	0x31
 1040 0632 AD000000 		.4byte	0xad
 1041 0636 08       		.byte	0x8
 1042 0637 06       		.uleb128 0x6
 1043 0638 B1020000 		.4byte	.LASF87
 1044 063c 0C       		.byte	0xc
 1045 063d 32       		.byte	0x32
 1046 063e AD000000 		.4byte	0xad
 1047 0642 09       		.byte	0x9
 1048 0643 06       		.uleb128 0x6
 1049 0644 3C000000 		.4byte	.LASF88
 1050 0648 0C       		.byte	0xc
 1051 0649 33       		.byte	0x33
 1052 064a AD000000 		.4byte	0xad
 1053 064e 0A       		.byte	0xa
 1054 064f 06       		.uleb128 0x6
 1055 0650 E5030000 		.4byte	.LASF89
 1056 0654 0C       		.byte	0xc
 1057 0655 34       		.byte	0x34
 1058 0656 AD000000 		.4byte	0xad
 1059 065a 0B       		.byte	0xb
 1060 065b 06       		.uleb128 0x6
 1061 065c 91050000 		.4byte	.LASF90
 1062 0660 0C       		.byte	0xc
 1063 0661 35       		.byte	0x35
 1064 0662 AD000000 		.4byte	0xad
 1065 0666 0C       		.byte	0xc
 1066 0667 06       		.uleb128 0x6
 1067 0668 C4030000 		.4byte	.LASF91
 1068 066c 0C       		.byte	0xc
 1069 066d 36       		.byte	0x36
 1070 066e AD000000 		.4byte	0xad
 1071 0672 0D       		.byte	0xd
ARM GAS  /var/folders/zv/18v39shs5gqc3xhz55t6cxb00000gn/T//ccs2eqqf.s 			page 20


 1072 0673 06       		.uleb128 0x6
 1073 0674 08000000 		.4byte	.LASF92
 1074 0678 0C       		.byte	0xc
 1075 0679 37       		.byte	0x37
 1076 067a AD000000 		.4byte	0xad
 1077 067e 0E       		.byte	0xe
 1078 067f 06       		.uleb128 0x6
 1079 0680 BD020000 		.4byte	.LASF93
 1080 0684 0C       		.byte	0xc
 1081 0685 38       		.byte	0x38
 1082 0686 AD000000 		.4byte	0xad
 1083 068a 0F       		.byte	0xf
 1084 068b 06       		.uleb128 0x6
 1085 068c C4000000 		.4byte	.LASF94
 1086 0690 0C       		.byte	0xc
 1087 0691 39       		.byte	0x39
 1088 0692 AD000000 		.4byte	0xad
 1089 0696 10       		.byte	0x10
 1090 0697 06       		.uleb128 0x6
 1091 0698 8D000000 		.4byte	.LASF95
 1092 069c 0C       		.byte	0xc
 1093 069d 3B       		.byte	0x3b
 1094 069e AD000000 		.4byte	0xad
 1095 06a2 11       		.byte	0x11
 1096 06a3 06       		.uleb128 0x6
 1097 06a4 D4000000 		.4byte	.LASF96
 1098 06a8 0C       		.byte	0xc
 1099 06a9 3C       		.byte	0x3c
 1100 06aa AD000000 		.4byte	0xad
 1101 06ae 12       		.byte	0x12
 1102 06af 06       		.uleb128 0x6
 1103 06b0 47020000 		.4byte	.LASF97
 1104 06b4 0C       		.byte	0xc
 1105 06b5 3D       		.byte	0x3d
 1106 06b6 AD000000 		.4byte	0xad
 1107 06ba 13       		.byte	0x13
 1108 06bb 06       		.uleb128 0x6
 1109 06bc A6030000 		.4byte	.LASF98
 1110 06c0 0C       		.byte	0xc
 1111 06c1 3E       		.byte	0x3e
 1112 06c2 AD000000 		.4byte	0xad
 1113 06c6 14       		.byte	0x14
 1114 06c7 06       		.uleb128 0x6
 1115 06c8 85030000 		.4byte	.LASF99
 1116 06cc 0C       		.byte	0xc
 1117 06cd 40       		.byte	0x40
 1118 06ce AD000000 		.4byte	0xad
 1119 06d2 15       		.byte	0x15
 1120 06d3 00       		.byte	0
 1121 06d4 14       		.uleb128 0x14
 1122 06d5 C6050000 		.4byte	0x5c6
 1123 06d9 E4060000 		.4byte	0x6e4
 1124 06dd 15       		.uleb128 0x15
 1125 06de 22040000 		.4byte	0x422
 1126 06e2 03       		.byte	0x3
 1127 06e3 00       		.byte	0
 1128 06e4 03       		.uleb128 0x3
ARM GAS  /var/folders/zv/18v39shs5gqc3xhz55t6cxb00000gn/T//ccs2eqqf.s 			page 21


 1129 06e5 16010000 		.4byte	.LASF100
 1130 06e9 0C       		.byte	0xc
 1131 06ea 41       		.byte	0x41
 1132 06eb F3050000 		.4byte	0x5f3
 1133 06ef 16       		.uleb128 0x16
 1134 06f0 FE020000 		.4byte	.LASF101
 1135 06f4 01       		.byte	0x1
 1136 06f5 3D       		.byte	0x3d
 1137 06f6 00000000 		.4byte	.LFB7
 1138 06fa 14000000 		.4byte	.LFE7-.LFB7
 1139 06fe 01       		.uleb128 0x1
 1140 06ff 9C       		.byte	0x9c
 1141 0700 10070000 		.4byte	0x710
 1142 0704 17       		.uleb128 0x17
 1143 0705 7000     		.ascii	"p\000"
 1144 0707 01       		.byte	0x1
 1145 0708 3D       		.byte	0x3d
 1146 0709 A8020000 		.4byte	0x2a8
 1147 070d 01       		.uleb128 0x1
 1148 070e 50       		.byte	0x50
 1149 070f 00       		.byte	0
 1150 0710 16       		.uleb128 0x16
 1151 0711 5D010000 		.4byte	.LASF102
 1152 0715 01       		.byte	0x1
 1153 0716 54       		.byte	0x54
 1154 0717 00000000 		.4byte	.LFB8
 1155 071b 60000000 		.4byte	.LFE8-.LFB8
 1156 071f 01       		.uleb128 0x1
 1157 0720 9C       		.byte	0x9c
 1158 0721 CA070000 		.4byte	0x7ca
 1159 0725 18       		.uleb128 0x18
 1160 0726 7B000000 		.4byte	.LASF103
 1161 072a 01       		.byte	0x1
 1162 072b 55       		.byte	0x55
 1163 072c 43010000 		.4byte	0x143
 1164 0730 05       		.uleb128 0x5
 1165 0731 03       		.byte	0x3
 1166 0732 00000000 		.4byte	mainthread.4846
 1167 0736 19       		.uleb128 0x19
 1168 0737 28000000 		.4byte	.LBB2
 1169 073b 08000000 		.4byte	.LBE2-.LBB2
 1170 073f 51070000 		.4byte	0x751
 1171 0743 1A       		.uleb128 0x1a
 1172 0744 746D7000 		.ascii	"tmp\000"
 1173 0748 01       		.byte	0x1
 1174 0749 6F       		.byte	0x6f
 1175 074a CE000000 		.4byte	0xce
 1176 074e 01       		.uleb128 0x1
 1177 074f 53       		.byte	0x53
 1178 0750 00       		.byte	0
 1179 0751 1B       		.uleb128 0x1b
 1180 0752 08000000 		.4byte	.LVL1
 1181 0756 92080000 		.4byte	0x892
 1182 075a 1B       		.uleb128 0x1b
 1183 075b 0C000000 		.4byte	.LVL2
 1184 075f 9A080000 		.4byte	0x89a
 1185 0763 1B       		.uleb128 0x1b
ARM GAS  /var/folders/zv/18v39shs5gqc3xhz55t6cxb00000gn/T//ccs2eqqf.s 			page 22


 1186 0764 10000000 		.4byte	.LVL3
 1187 0768 A1080000 		.4byte	0x8a1
 1188 076c 1B       		.uleb128 0x1b
 1189 076d 14000000 		.4byte	.LVL4
 1190 0771 A8080000 		.4byte	0x8a8
 1191 0775 1B       		.uleb128 0x1b
 1192 0776 18000000 		.4byte	.LVL5
 1193 077a AF080000 		.4byte	0x8af
 1194 077e 1C       		.uleb128 0x1c
 1195 077f 20000000 		.4byte	.LVL6
 1196 0783 B6080000 		.4byte	0x8b6
 1197 0787 9B070000 		.4byte	0x79b
 1198 078b 1D       		.uleb128 0x1d
 1199 078c 01       		.uleb128 0x1
 1200 078d 51       		.byte	0x51
 1201 078e 02       		.uleb128 0x2
 1202 078f 08       		.byte	0x8
 1203 0790 40       		.byte	0x40
 1204 0791 1D       		.uleb128 0x1d
 1205 0792 01       		.uleb128 0x1
 1206 0793 50       		.byte	0x50
 1207 0794 05       		.uleb128 0x5
 1208 0795 03       		.byte	0x3
 1209 0796 00000000 		.4byte	.LANCHOR0
 1210 079a 00       		.byte	0
 1211 079b 1E       		.uleb128 0x1e
 1212 079c 44000000 		.4byte	.LVL7
 1213 07a0 D1080000 		.4byte	0x8d1
 1214 07a4 1D       		.uleb128 0x1d
 1215 07a5 01       		.uleb128 0x1
 1216 07a6 53       		.byte	0x53
 1217 07a7 05       		.uleb128 0x5
 1218 07a8 03       		.byte	0x3
 1219 07a9 00000000 		.4byte	_idle_thread
 1220 07ad 1D       		.uleb128 0x1d
 1221 07ae 01       		.uleb128 0x1
 1222 07af 52       		.byte	0x52
 1223 07b0 01       		.uleb128 0x1
 1224 07b1 31       		.byte	0x31
 1225 07b2 1D       		.uleb128 0x1d
 1226 07b3 01       		.uleb128 0x1
 1227 07b4 51       		.byte	0x51
 1228 07b5 03       		.uleb128 0x3
 1229 07b6 0A       		.byte	0xa
 1230 07b7 6801     		.2byte	0x168
 1231 07b9 1D       		.uleb128 0x1d
 1232 07ba 01       		.uleb128 0x1
 1233 07bb 50       		.byte	0x50
 1234 07bc 05       		.uleb128 0x5
 1235 07bd 03       		.byte	0x3
 1236 07be 00000000 		.4byte	.LANCHOR1
 1237 07c2 1D       		.uleb128 0x1d
 1238 07c3 02       		.uleb128 0x2
 1239 07c4 7D       		.byte	0x7d
 1240 07c5 00       		.sleb128 0
 1241 07c6 01       		.uleb128 0x1
 1242 07c7 30       		.byte	0x30
ARM GAS  /var/folders/zv/18v39shs5gqc3xhz55t6cxb00000gn/T//ccs2eqqf.s 			page 23


 1243 07c8 00       		.byte	0
 1244 07c9 00       		.byte	0
 1245 07ca 16       		.uleb128 0x16
 1246 07cb 51000000 		.4byte	.LASF104
 1247 07cf 01       		.byte	0x1
 1248 07d0 89       		.byte	0x89
 1249 07d1 00000000 		.4byte	.LFB9
 1250 07d5 58000000 		.4byte	.LFE9-.LFB9
 1251 07d9 01       		.uleb128 0x1
 1252 07da 9C       		.byte	0x9c
 1253 07db 4B080000 		.4byte	0x84b
 1254 07df 1F       		.uleb128 0x1f
 1255 07e0 22000000 		.4byte	.LBB3
 1256 07e4 36000000 		.4byte	.LBE3-.LBB3
 1257 07e8 20       		.uleb128 0x20
 1258 07e9 76747000 		.ascii	"vtp\000"
 1259 07ed 01       		.byte	0x1
 1260 07ee 96       		.byte	0x96
 1261 07ef 99040000 		.4byte	0x499
 1262 07f3 00000000 		.4byte	.LLST0
 1263 07f7 1F       		.uleb128 0x1f
 1264 07f8 2A000000 		.4byte	.LBB4
 1265 07fc 1A000000 		.4byte	.LBE4-.LBB4
 1266 0800 20       		.uleb128 0x20
 1267 0801 666E00   		.ascii	"fn\000"
 1268 0804 01       		.byte	0x1
 1269 0805 96       		.byte	0x96
 1270 0806 29040000 		.4byte	0x429
 1271 080a 1E000000 		.4byte	.LLST1
 1272 080e 21       		.uleb128 0x21
 1273 080f 00000000 		.4byte	.Ldebug_ranges0+0
 1274 0813 25080000 		.4byte	0x825
 1275 0817 1A       		.uleb128 0x1a
 1276 0818 746D7000 		.ascii	"tmp\000"
 1277 081c 01       		.byte	0x1
 1278 081d 96       		.byte	0x96
 1279 081e CE000000 		.4byte	0xce
 1280 0822 01       		.uleb128 0x1
 1281 0823 53       		.byte	0x53
 1282 0824 00       		.byte	0
 1283 0825 19       		.uleb128 0x19
 1284 0826 3E000000 		.4byte	.LBB7
 1285 082a 06000000 		.4byte	.LBE7-.LBB7
 1286 082e 40080000 		.4byte	0x840
 1287 0832 1A       		.uleb128 0x1a
 1288 0833 746D7000 		.ascii	"tmp\000"
 1289 0837 01       		.byte	0x1
 1290 0838 96       		.byte	0x96
 1291 0839 CE000000 		.4byte	0xce
 1292 083d 01       		.uleb128 0x1
 1293 083e 53       		.byte	0x53
 1294 083f 00       		.byte	0
 1295 0840 22       		.uleb128 0x22
 1296 0841 3E000000 		.4byte	.LVL10
 1297 0845 02       		.uleb128 0x2
 1298 0846 75       		.byte	0x75
 1299 0847 00       		.sleb128 0
ARM GAS  /var/folders/zv/18v39shs5gqc3xhz55t6cxb00000gn/T//ccs2eqqf.s 			page 24


 1300 0848 00       		.byte	0
 1301 0849 00       		.byte	0
 1302 084a 00       		.byte	0
 1303 084b 23       		.uleb128 0x23
 1304 084c 4A000000 		.4byte	.LASF105
 1305 0850 09       		.byte	0x9
 1306 0851 F5       		.byte	0xf5
 1307 0852 DD040000 		.4byte	0x4dd
 1308 0856 23       		.uleb128 0x23
 1309 0857 AD050000 		.4byte	.LASF106
 1310 085b 0A       		.byte	0xa
 1311 085c 6F       		.byte	0x6f
 1312 085d 39050000 		.4byte	0x539
 1313 0861 23       		.uleb128 0x23
 1314 0862 A6010000 		.4byte	.LASF107
 1315 0866 0C       		.byte	0xc
 1316 0867 7E       		.byte	0x7e
 1317 0868 6C080000 		.4byte	0x86c
 1318 086c 12       		.uleb128 0x12
 1319 086d E4060000 		.4byte	0x6e4
 1320 0871 14       		.uleb128 0x14
 1321 0872 AA020000 		.4byte	0x2aa
 1322 0876 81080000 		.4byte	0x881
 1323 087a 15       		.uleb128 0x15
 1324 087b 22040000 		.4byte	0x422
 1325 087f 2C       		.byte	0x2c
 1326 0880 00       		.byte	0
 1327 0881 24       		.uleb128 0x24
 1328 0882 28010000 		.4byte	.LASF108
 1329 0886 01       		.byte	0x1
 1330 0887 31       		.byte	0x31
 1331 0888 71080000 		.4byte	0x871
 1332 088c 05       		.uleb128 0x5
 1333 088d 03       		.byte	0x3
 1334 088e 00000000 		.4byte	_idle_thread_wa
 1335 0892 25       		.uleb128 0x25
 1336 0893 BB050000 		.4byte	.LASF109
 1337 0897 08       		.byte	0x8
 1338 0898 0202     		.2byte	0x202
 1339 089a 26       		.uleb128 0x26
 1340 089b 9A000000 		.4byte	.LASF110
 1341 089f 0A       		.byte	0xa
 1342 08a0 8E       		.byte	0x8e
 1343 08a1 26       		.uleb128 0x26
 1344 08a2 2F040000 		.4byte	.LASF111
 1345 08a6 09       		.byte	0x9
 1346 08a7 FD       		.byte	0xfd
 1347 08a8 26       		.uleb128 0x26
 1348 08a9 54030000 		.4byte	.LASF112
 1349 08ad 0D       		.byte	0xd
 1350 08ae 51       		.byte	0x51
 1351 08af 26       		.uleb128 0x26
 1352 08b0 67010000 		.4byte	.LASF113
 1353 08b4 0E       		.byte	0xe
 1354 08b5 55       		.byte	0x55
 1355 08b6 27       		.uleb128 0x27
 1356 08b7 7F010000 		.4byte	.LASF117
ARM GAS  /var/folders/zv/18v39shs5gqc3xhz55t6cxb00000gn/T//ccs2eqqf.s 			page 25


 1357 08bb 07       		.byte	0x7
 1358 08bc 6A01     		.2byte	0x16a
 1359 08be 6C020000 		.4byte	0x26c
 1360 08c2 D1080000 		.4byte	0x8d1
 1361 08c6 0E       		.uleb128 0xe
 1362 08c7 6C020000 		.4byte	0x26c
 1363 08cb 0E       		.uleb128 0xe
 1364 08cc 17010000 		.4byte	0x117
 1365 08d0 00       		.byte	0
 1366 08d1 28       		.uleb128 0x28
 1367 08d2 2D020000 		.4byte	.LASF118
 1368 08d6 07       		.byte	0x7
 1369 08d7 7001     		.2byte	0x170
 1370 08d9 6C020000 		.4byte	0x26c
 1371 08dd 0E       		.uleb128 0xe
 1372 08de A8020000 		.4byte	0x2a8
 1373 08e2 0E       		.uleb128 0xe
 1374 08e3 2C000000 		.4byte	0x2c
 1375 08e7 0E       		.uleb128 0xe
 1376 08e8 17010000 		.4byte	0x117
 1377 08ec 0E       		.uleb128 0xe
 1378 08ed D3050000 		.4byte	0x5d3
 1379 08f1 0E       		.uleb128 0xe
 1380 08f2 A8020000 		.4byte	0x2a8
 1381 08f6 00       		.byte	0
 1382 08f7 00       		.byte	0
 1383              		.section	.debug_abbrev,"",%progbits
 1384              	.Ldebug_abbrev0:
 1385 0000 01       		.uleb128 0x1
 1386 0001 11       		.uleb128 0x11
 1387 0002 01       		.byte	0x1
 1388 0003 25       		.uleb128 0x25
 1389 0004 0E       		.uleb128 0xe
 1390 0005 13       		.uleb128 0x13
 1391 0006 0B       		.uleb128 0xb
 1392 0007 03       		.uleb128 0x3
 1393 0008 0E       		.uleb128 0xe
 1394 0009 1B       		.uleb128 0x1b
 1395 000a 0E       		.uleb128 0xe
 1396 000b 55       		.uleb128 0x55
 1397 000c 17       		.uleb128 0x17
 1398 000d 11       		.uleb128 0x11
 1399 000e 01       		.uleb128 0x1
 1400 000f 10       		.uleb128 0x10
 1401 0010 17       		.uleb128 0x17
 1402 0011 00       		.byte	0
 1403 0012 00       		.byte	0
 1404 0013 02       		.uleb128 0x2
 1405 0014 24       		.uleb128 0x24
 1406 0015 00       		.byte	0
 1407 0016 0B       		.uleb128 0xb
 1408 0017 0B       		.uleb128 0xb
 1409 0018 3E       		.uleb128 0x3e
 1410 0019 0B       		.uleb128 0xb
 1411 001a 03       		.uleb128 0x3
 1412 001b 08       		.uleb128 0x8
 1413 001c 00       		.byte	0
ARM GAS  /var/folders/zv/18v39shs5gqc3xhz55t6cxb00000gn/T//ccs2eqqf.s 			page 26


 1414 001d 00       		.byte	0
 1415 001e 03       		.uleb128 0x3
 1416 001f 16       		.uleb128 0x16
 1417 0020 00       		.byte	0
 1418 0021 03       		.uleb128 0x3
 1419 0022 0E       		.uleb128 0xe
 1420 0023 3A       		.uleb128 0x3a
 1421 0024 0B       		.uleb128 0xb
 1422 0025 3B       		.uleb128 0x3b
 1423 0026 0B       		.uleb128 0xb
 1424 0027 49       		.uleb128 0x49
 1425 0028 13       		.uleb128 0x13
 1426 0029 00       		.byte	0
 1427 002a 00       		.byte	0
 1428 002b 04       		.uleb128 0x4
 1429 002c 24       		.uleb128 0x24
 1430 002d 00       		.byte	0
 1431 002e 0B       		.uleb128 0xb
 1432 002f 0B       		.uleb128 0xb
 1433 0030 3E       		.uleb128 0x3e
 1434 0031 0B       		.uleb128 0xb
 1435 0032 03       		.uleb128 0x3
 1436 0033 0E       		.uleb128 0xe
 1437 0034 00       		.byte	0
 1438 0035 00       		.byte	0
 1439 0036 05       		.uleb128 0x5
 1440 0037 13       		.uleb128 0x13
 1441 0038 01       		.byte	0x1
 1442 0039 03       		.uleb128 0x3
 1443 003a 0E       		.uleb128 0xe
 1444 003b 0B       		.uleb128 0xb
 1445 003c 0B       		.uleb128 0xb
 1446 003d 3A       		.uleb128 0x3a
 1447 003e 0B       		.uleb128 0xb
 1448 003f 3B       		.uleb128 0x3b
 1449 0040 0B       		.uleb128 0xb
 1450 0041 01       		.uleb128 0x1
 1451 0042 13       		.uleb128 0x13
 1452 0043 00       		.byte	0
 1453 0044 00       		.byte	0
 1454 0045 06       		.uleb128 0x6
 1455 0046 0D       		.uleb128 0xd
 1456 0047 00       		.byte	0
 1457 0048 03       		.uleb128 0x3
 1458 0049 0E       		.uleb128 0xe
 1459 004a 3A       		.uleb128 0x3a
 1460 004b 0B       		.uleb128 0xb
 1461 004c 3B       		.uleb128 0x3b
 1462 004d 0B       		.uleb128 0xb
 1463 004e 49       		.uleb128 0x49
 1464 004f 13       		.uleb128 0x13
 1465 0050 38       		.uleb128 0x38
 1466 0051 0B       		.uleb128 0xb
 1467 0052 00       		.byte	0
 1468 0053 00       		.byte	0
 1469 0054 07       		.uleb128 0x7
 1470 0055 0D       		.uleb128 0xd
ARM GAS  /var/folders/zv/18v39shs5gqc3xhz55t6cxb00000gn/T//ccs2eqqf.s 			page 27


 1471 0056 00       		.byte	0
 1472 0057 03       		.uleb128 0x3
 1473 0058 08       		.uleb128 0x8
 1474 0059 3A       		.uleb128 0x3a
 1475 005a 0B       		.uleb128 0xb
 1476 005b 3B       		.uleb128 0x3b
 1477 005c 0B       		.uleb128 0xb
 1478 005d 49       		.uleb128 0x49
 1479 005e 13       		.uleb128 0x13
 1480 005f 38       		.uleb128 0x38
 1481 0060 0B       		.uleb128 0xb
 1482 0061 00       		.byte	0
 1483 0062 00       		.byte	0
 1484 0063 08       		.uleb128 0x8
 1485 0064 13       		.uleb128 0x13
 1486 0065 01       		.byte	0x1
 1487 0066 0B       		.uleb128 0xb
 1488 0067 0B       		.uleb128 0xb
 1489 0068 3A       		.uleb128 0x3a
 1490 0069 0B       		.uleb128 0xb
 1491 006a 3B       		.uleb128 0x3b
 1492 006b 0B       		.uleb128 0xb
 1493 006c 01       		.uleb128 0x1
 1494 006d 13       		.uleb128 0x13
 1495 006e 00       		.byte	0
 1496 006f 00       		.byte	0
 1497 0070 09       		.uleb128 0x9
 1498 0071 0F       		.uleb128 0xf
 1499 0072 00       		.byte	0
 1500 0073 0B       		.uleb128 0xb
 1501 0074 0B       		.uleb128 0xb
 1502 0075 49       		.uleb128 0x49
 1503 0076 13       		.uleb128 0x13
 1504 0077 00       		.byte	0
 1505 0078 00       		.byte	0
 1506 0079 0A       		.uleb128 0xa
 1507 007a 0F       		.uleb128 0xf
 1508 007b 00       		.byte	0
 1509 007c 0B       		.uleb128 0xb
 1510 007d 0B       		.uleb128 0xb
 1511 007e 00       		.byte	0
 1512 007f 00       		.byte	0
 1513 0080 0B       		.uleb128 0xb
 1514 0081 13       		.uleb128 0x13
 1515 0082 01       		.byte	0x1
 1516 0083 03       		.uleb128 0x3
 1517 0084 0E       		.uleb128 0xe
 1518 0085 0B       		.uleb128 0xb
 1519 0086 0B       		.uleb128 0xb
 1520 0087 3A       		.uleb128 0x3a
 1521 0088 0B       		.uleb128 0xb
 1522 0089 3B       		.uleb128 0x3b
 1523 008a 05       		.uleb128 0x5
 1524 008b 01       		.uleb128 0x1
 1525 008c 13       		.uleb128 0x13
 1526 008d 00       		.byte	0
 1527 008e 00       		.byte	0
ARM GAS  /var/folders/zv/18v39shs5gqc3xhz55t6cxb00000gn/T//ccs2eqqf.s 			page 28


 1528 008f 0C       		.uleb128 0xc
 1529 0090 0D       		.uleb128 0xd
 1530 0091 00       		.byte	0
 1531 0092 03       		.uleb128 0x3
 1532 0093 08       		.uleb128 0x8
 1533 0094 3A       		.uleb128 0x3a
 1534 0095 0B       		.uleb128 0xb
 1535 0096 3B       		.uleb128 0x3b
 1536 0097 05       		.uleb128 0x5
 1537 0098 49       		.uleb128 0x49
 1538 0099 13       		.uleb128 0x13
 1539 009a 38       		.uleb128 0x38
 1540 009b 0B       		.uleb128 0xb
 1541 009c 00       		.byte	0
 1542 009d 00       		.byte	0
 1543 009e 0D       		.uleb128 0xd
 1544 009f 15       		.uleb128 0x15
 1545 00a0 01       		.byte	0x1
 1546 00a1 27       		.uleb128 0x27
 1547 00a2 19       		.uleb128 0x19
 1548 00a3 01       		.uleb128 0x1
 1549 00a4 13       		.uleb128 0x13
 1550 00a5 00       		.byte	0
 1551 00a6 00       		.byte	0
 1552 00a7 0E       		.uleb128 0xe
 1553 00a8 05       		.uleb128 0x5
 1554 00a9 00       		.byte	0
 1555 00aa 49       		.uleb128 0x49
 1556 00ab 13       		.uleb128 0x13
 1557 00ac 00       		.byte	0
 1558 00ad 00       		.byte	0
 1559 00ae 0F       		.uleb128 0xf
 1560 00af 35       		.uleb128 0x35
 1561 00b0 00       		.byte	0
 1562 00b1 49       		.uleb128 0x49
 1563 00b2 13       		.uleb128 0x13
 1564 00b3 00       		.byte	0
 1565 00b4 00       		.byte	0
 1566 00b5 10       		.uleb128 0x10
 1567 00b6 17       		.uleb128 0x17
 1568 00b7 01       		.byte	0x1
 1569 00b8 0B       		.uleb128 0xb
 1570 00b9 0B       		.uleb128 0xb
 1571 00ba 3A       		.uleb128 0x3a
 1572 00bb 0B       		.uleb128 0xb
 1573 00bc 3B       		.uleb128 0x3b
 1574 00bd 0B       		.uleb128 0xb
 1575 00be 01       		.uleb128 0x1
 1576 00bf 13       		.uleb128 0x13
 1577 00c0 00       		.byte	0
 1578 00c1 00       		.byte	0
 1579 00c2 11       		.uleb128 0x11
 1580 00c3 0D       		.uleb128 0xd
 1581 00c4 00       		.byte	0
 1582 00c5 03       		.uleb128 0x3
 1583 00c6 0E       		.uleb128 0xe
 1584 00c7 3A       		.uleb128 0x3a
ARM GAS  /var/folders/zv/18v39shs5gqc3xhz55t6cxb00000gn/T//ccs2eqqf.s 			page 29


 1585 00c8 0B       		.uleb128 0xb
 1586 00c9 3B       		.uleb128 0x3b
 1587 00ca 0B       		.uleb128 0xb
 1588 00cb 49       		.uleb128 0x49
 1589 00cc 13       		.uleb128 0x13
 1590 00cd 00       		.byte	0
 1591 00ce 00       		.byte	0
 1592 00cf 12       		.uleb128 0x12
 1593 00d0 26       		.uleb128 0x26
 1594 00d1 00       		.byte	0
 1595 00d2 49       		.uleb128 0x49
 1596 00d3 13       		.uleb128 0x13
 1597 00d4 00       		.byte	0
 1598 00d5 00       		.byte	0
 1599 00d6 13       		.uleb128 0x13
 1600 00d7 15       		.uleb128 0x15
 1601 00d8 01       		.byte	0x1
 1602 00d9 27       		.uleb128 0x27
 1603 00da 19       		.uleb128 0x19
 1604 00db 49       		.uleb128 0x49
 1605 00dc 13       		.uleb128 0x13
 1606 00dd 01       		.uleb128 0x1
 1607 00de 13       		.uleb128 0x13
 1608 00df 00       		.byte	0
 1609 00e0 00       		.byte	0
 1610 00e1 14       		.uleb128 0x14
 1611 00e2 01       		.uleb128 0x1
 1612 00e3 01       		.byte	0x1
 1613 00e4 49       		.uleb128 0x49
 1614 00e5 13       		.uleb128 0x13
 1615 00e6 01       		.uleb128 0x1
 1616 00e7 13       		.uleb128 0x13
 1617 00e8 00       		.byte	0
 1618 00e9 00       		.byte	0
 1619 00ea 15       		.uleb128 0x15
 1620 00eb 21       		.uleb128 0x21
 1621 00ec 00       		.byte	0
 1622 00ed 49       		.uleb128 0x49
 1623 00ee 13       		.uleb128 0x13
 1624 00ef 2F       		.uleb128 0x2f
 1625 00f0 0B       		.uleb128 0xb
 1626 00f1 00       		.byte	0
 1627 00f2 00       		.byte	0
 1628 00f3 16       		.uleb128 0x16
 1629 00f4 2E       		.uleb128 0x2e
 1630 00f5 01       		.byte	0x1
 1631 00f6 3F       		.uleb128 0x3f
 1632 00f7 19       		.uleb128 0x19
 1633 00f8 03       		.uleb128 0x3
 1634 00f9 0E       		.uleb128 0xe
 1635 00fa 3A       		.uleb128 0x3a
 1636 00fb 0B       		.uleb128 0xb
 1637 00fc 3B       		.uleb128 0x3b
 1638 00fd 0B       		.uleb128 0xb
 1639 00fe 27       		.uleb128 0x27
 1640 00ff 19       		.uleb128 0x19
 1641 0100 11       		.uleb128 0x11
ARM GAS  /var/folders/zv/18v39shs5gqc3xhz55t6cxb00000gn/T//ccs2eqqf.s 			page 30


 1642 0101 01       		.uleb128 0x1
 1643 0102 12       		.uleb128 0x12
 1644 0103 06       		.uleb128 0x6
 1645 0104 40       		.uleb128 0x40
 1646 0105 18       		.uleb128 0x18
 1647 0106 9742     		.uleb128 0x2117
 1648 0108 19       		.uleb128 0x19
 1649 0109 01       		.uleb128 0x1
 1650 010a 13       		.uleb128 0x13
 1651 010b 00       		.byte	0
 1652 010c 00       		.byte	0
 1653 010d 17       		.uleb128 0x17
 1654 010e 05       		.uleb128 0x5
 1655 010f 00       		.byte	0
 1656 0110 03       		.uleb128 0x3
 1657 0111 08       		.uleb128 0x8
 1658 0112 3A       		.uleb128 0x3a
 1659 0113 0B       		.uleb128 0xb
 1660 0114 3B       		.uleb128 0x3b
 1661 0115 0B       		.uleb128 0xb
 1662 0116 49       		.uleb128 0x49
 1663 0117 13       		.uleb128 0x13
 1664 0118 02       		.uleb128 0x2
 1665 0119 18       		.uleb128 0x18
 1666 011a 00       		.byte	0
 1667 011b 00       		.byte	0
 1668 011c 18       		.uleb128 0x18
 1669 011d 34       		.uleb128 0x34
 1670 011e 00       		.byte	0
 1671 011f 03       		.uleb128 0x3
 1672 0120 0E       		.uleb128 0xe
 1673 0121 3A       		.uleb128 0x3a
 1674 0122 0B       		.uleb128 0xb
 1675 0123 3B       		.uleb128 0x3b
 1676 0124 0B       		.uleb128 0xb
 1677 0125 49       		.uleb128 0x49
 1678 0126 13       		.uleb128 0x13
 1679 0127 02       		.uleb128 0x2
 1680 0128 18       		.uleb128 0x18
 1681 0129 00       		.byte	0
 1682 012a 00       		.byte	0
 1683 012b 19       		.uleb128 0x19
 1684 012c 0B       		.uleb128 0xb
 1685 012d 01       		.byte	0x1
 1686 012e 11       		.uleb128 0x11
 1687 012f 01       		.uleb128 0x1
 1688 0130 12       		.uleb128 0x12
 1689 0131 06       		.uleb128 0x6
 1690 0132 01       		.uleb128 0x1
 1691 0133 13       		.uleb128 0x13
 1692 0134 00       		.byte	0
 1693 0135 00       		.byte	0
 1694 0136 1A       		.uleb128 0x1a
 1695 0137 34       		.uleb128 0x34
 1696 0138 00       		.byte	0
 1697 0139 03       		.uleb128 0x3
 1698 013a 08       		.uleb128 0x8
ARM GAS  /var/folders/zv/18v39shs5gqc3xhz55t6cxb00000gn/T//ccs2eqqf.s 			page 31


 1699 013b 3A       		.uleb128 0x3a
 1700 013c 0B       		.uleb128 0xb
 1701 013d 3B       		.uleb128 0x3b
 1702 013e 0B       		.uleb128 0xb
 1703 013f 49       		.uleb128 0x49
 1704 0140 13       		.uleb128 0x13
 1705 0141 02       		.uleb128 0x2
 1706 0142 18       		.uleb128 0x18
 1707 0143 00       		.byte	0
 1708 0144 00       		.byte	0
 1709 0145 1B       		.uleb128 0x1b
 1710 0146 898201   		.uleb128 0x4109
 1711 0149 00       		.byte	0
 1712 014a 11       		.uleb128 0x11
 1713 014b 01       		.uleb128 0x1
 1714 014c 31       		.uleb128 0x31
 1715 014d 13       		.uleb128 0x13
 1716 014e 00       		.byte	0
 1717 014f 00       		.byte	0
 1718 0150 1C       		.uleb128 0x1c
 1719 0151 898201   		.uleb128 0x4109
 1720 0154 01       		.byte	0x1
 1721 0155 11       		.uleb128 0x11
 1722 0156 01       		.uleb128 0x1
 1723 0157 31       		.uleb128 0x31
 1724 0158 13       		.uleb128 0x13
 1725 0159 01       		.uleb128 0x1
 1726 015a 13       		.uleb128 0x13
 1727 015b 00       		.byte	0
 1728 015c 00       		.byte	0
 1729 015d 1D       		.uleb128 0x1d
 1730 015e 8A8201   		.uleb128 0x410a
 1731 0161 00       		.byte	0
 1732 0162 02       		.uleb128 0x2
 1733 0163 18       		.uleb128 0x18
 1734 0164 9142     		.uleb128 0x2111
 1735 0166 18       		.uleb128 0x18
 1736 0167 00       		.byte	0
 1737 0168 00       		.byte	0
 1738 0169 1E       		.uleb128 0x1e
 1739 016a 898201   		.uleb128 0x4109
 1740 016d 01       		.byte	0x1
 1741 016e 11       		.uleb128 0x11
 1742 016f 01       		.uleb128 0x1
 1743 0170 31       		.uleb128 0x31
 1744 0171 13       		.uleb128 0x13
 1745 0172 00       		.byte	0
 1746 0173 00       		.byte	0
 1747 0174 1F       		.uleb128 0x1f
 1748 0175 0B       		.uleb128 0xb
 1749 0176 01       		.byte	0x1
 1750 0177 11       		.uleb128 0x11
 1751 0178 01       		.uleb128 0x1
 1752 0179 12       		.uleb128 0x12
 1753 017a 06       		.uleb128 0x6
 1754 017b 00       		.byte	0
 1755 017c 00       		.byte	0
ARM GAS  /var/folders/zv/18v39shs5gqc3xhz55t6cxb00000gn/T//ccs2eqqf.s 			page 32


 1756 017d 20       		.uleb128 0x20
 1757 017e 34       		.uleb128 0x34
 1758 017f 00       		.byte	0
 1759 0180 03       		.uleb128 0x3
 1760 0181 08       		.uleb128 0x8
 1761 0182 3A       		.uleb128 0x3a
 1762 0183 0B       		.uleb128 0xb
 1763 0184 3B       		.uleb128 0x3b
 1764 0185 0B       		.uleb128 0xb
 1765 0186 49       		.uleb128 0x49
 1766 0187 13       		.uleb128 0x13
 1767 0188 02       		.uleb128 0x2
 1768 0189 17       		.uleb128 0x17
 1769 018a 00       		.byte	0
 1770 018b 00       		.byte	0
 1771 018c 21       		.uleb128 0x21
 1772 018d 0B       		.uleb128 0xb
 1773 018e 01       		.byte	0x1
 1774 018f 55       		.uleb128 0x55
 1775 0190 17       		.uleb128 0x17
 1776 0191 01       		.uleb128 0x1
 1777 0192 13       		.uleb128 0x13
 1778 0193 00       		.byte	0
 1779 0194 00       		.byte	0
 1780 0195 22       		.uleb128 0x22
 1781 0196 898201   		.uleb128 0x4109
 1782 0199 00       		.byte	0
 1783 019a 11       		.uleb128 0x11
 1784 019b 01       		.uleb128 0x1
 1785 019c 9342     		.uleb128 0x2113
 1786 019e 18       		.uleb128 0x18
 1787 019f 00       		.byte	0
 1788 01a0 00       		.byte	0
 1789 01a1 23       		.uleb128 0x23
 1790 01a2 34       		.uleb128 0x34
 1791 01a3 00       		.byte	0
 1792 01a4 03       		.uleb128 0x3
 1793 01a5 0E       		.uleb128 0xe
 1794 01a6 3A       		.uleb128 0x3a
 1795 01a7 0B       		.uleb128 0xb
 1796 01a8 3B       		.uleb128 0x3b
 1797 01a9 0B       		.uleb128 0xb
 1798 01aa 49       		.uleb128 0x49
 1799 01ab 13       		.uleb128 0x13
 1800 01ac 3F       		.uleb128 0x3f
 1801 01ad 19       		.uleb128 0x19
 1802 01ae 3C       		.uleb128 0x3c
 1803 01af 19       		.uleb128 0x19
 1804 01b0 00       		.byte	0
 1805 01b1 00       		.byte	0
 1806 01b2 24       		.uleb128 0x24
 1807 01b3 34       		.uleb128 0x34
 1808 01b4 00       		.byte	0
 1809 01b5 03       		.uleb128 0x3
 1810 01b6 0E       		.uleb128 0xe
 1811 01b7 3A       		.uleb128 0x3a
 1812 01b8 0B       		.uleb128 0xb
ARM GAS  /var/folders/zv/18v39shs5gqc3xhz55t6cxb00000gn/T//ccs2eqqf.s 			page 33


 1813 01b9 3B       		.uleb128 0x3b
 1814 01ba 0B       		.uleb128 0xb
 1815 01bb 49       		.uleb128 0x49
 1816 01bc 13       		.uleb128 0x13
 1817 01bd 3F       		.uleb128 0x3f
 1818 01be 19       		.uleb128 0x19
 1819 01bf 02       		.uleb128 0x2
 1820 01c0 18       		.uleb128 0x18
 1821 01c1 00       		.byte	0
 1822 01c2 00       		.byte	0
 1823 01c3 25       		.uleb128 0x25
 1824 01c4 2E       		.uleb128 0x2e
 1825 01c5 00       		.byte	0
 1826 01c6 3F       		.uleb128 0x3f
 1827 01c7 19       		.uleb128 0x19
 1828 01c8 03       		.uleb128 0x3
 1829 01c9 0E       		.uleb128 0xe
 1830 01ca 3A       		.uleb128 0x3a
 1831 01cb 0B       		.uleb128 0xb
 1832 01cc 3B       		.uleb128 0x3b
 1833 01cd 05       		.uleb128 0x5
 1834 01ce 27       		.uleb128 0x27
 1835 01cf 19       		.uleb128 0x19
 1836 01d0 3C       		.uleb128 0x3c
 1837 01d1 19       		.uleb128 0x19
 1838 01d2 00       		.byte	0
 1839 01d3 00       		.byte	0
 1840 01d4 26       		.uleb128 0x26
 1841 01d5 2E       		.uleb128 0x2e
 1842 01d6 00       		.byte	0
 1843 01d7 3F       		.uleb128 0x3f
 1844 01d8 19       		.uleb128 0x19
 1845 01d9 03       		.uleb128 0x3
 1846 01da 0E       		.uleb128 0xe
 1847 01db 3A       		.uleb128 0x3a
 1848 01dc 0B       		.uleb128 0xb
 1849 01dd 3B       		.uleb128 0x3b
 1850 01de 0B       		.uleb128 0xb
 1851 01df 27       		.uleb128 0x27
 1852 01e0 19       		.uleb128 0x19
 1853 01e1 3C       		.uleb128 0x3c
 1854 01e2 19       		.uleb128 0x19
 1855 01e3 00       		.byte	0
 1856 01e4 00       		.byte	0
 1857 01e5 27       		.uleb128 0x27
 1858 01e6 2E       		.uleb128 0x2e
 1859 01e7 01       		.byte	0x1
 1860 01e8 3F       		.uleb128 0x3f
 1861 01e9 19       		.uleb128 0x19
 1862 01ea 03       		.uleb128 0x3
 1863 01eb 0E       		.uleb128 0xe
 1864 01ec 3A       		.uleb128 0x3a
 1865 01ed 0B       		.uleb128 0xb
 1866 01ee 3B       		.uleb128 0x3b
 1867 01ef 05       		.uleb128 0x5
 1868 01f0 27       		.uleb128 0x27
 1869 01f1 19       		.uleb128 0x19
ARM GAS  /var/folders/zv/18v39shs5gqc3xhz55t6cxb00000gn/T//ccs2eqqf.s 			page 34


 1870 01f2 49       		.uleb128 0x49
 1871 01f3 13       		.uleb128 0x13
 1872 01f4 3C       		.uleb128 0x3c
 1873 01f5 19       		.uleb128 0x19
 1874 01f6 01       		.uleb128 0x1
 1875 01f7 13       		.uleb128 0x13
 1876 01f8 00       		.byte	0
 1877 01f9 00       		.byte	0
 1878 01fa 28       		.uleb128 0x28
 1879 01fb 2E       		.uleb128 0x2e
 1880 01fc 01       		.byte	0x1
 1881 01fd 3F       		.uleb128 0x3f
 1882 01fe 19       		.uleb128 0x19
 1883 01ff 03       		.uleb128 0x3
 1884 0200 0E       		.uleb128 0xe
 1885 0201 3A       		.uleb128 0x3a
 1886 0202 0B       		.uleb128 0xb
 1887 0203 3B       		.uleb128 0x3b
 1888 0204 05       		.uleb128 0x5
 1889 0205 27       		.uleb128 0x27
 1890 0206 19       		.uleb128 0x19
 1891 0207 49       		.uleb128 0x49
 1892 0208 13       		.uleb128 0x13
 1893 0209 3C       		.uleb128 0x3c
 1894 020a 19       		.uleb128 0x19
 1895 020b 00       		.byte	0
 1896 020c 00       		.byte	0
 1897 020d 00       		.byte	0
 1898              		.section	.debug_loc,"",%progbits
 1899              	.Ldebug_loc0:
 1900              	.LLST0:
 1901 0000 28000000 		.4byte	.LVL8
 1902 0004 3D000000 		.4byte	.LVL10-1
 1903 0008 0100     		.2byte	0x1
 1904 000a 52       		.byte	0x52
 1905 000b 46000000 		.4byte	.LVL11
 1906 000f 4C000000 		.4byte	.LVL12
 1907 0013 0100     		.2byte	0x1
 1908 0015 52       		.byte	0x52
 1909 0016 00000000 		.4byte	0
 1910 001a 00000000 		.4byte	0
 1911              	.LLST1:
 1912 001e 2E000000 		.4byte	.LVL9
 1913 0022 4C000000 		.4byte	.LVL12
 1914 0026 0100     		.2byte	0x1
 1915 0028 55       		.byte	0x55
 1916 0029 00000000 		.4byte	0
 1917 002d 00000000 		.4byte	0
 1918              		.section	.debug_aranges,"",%progbits
 1919 0000 2C000000 		.4byte	0x2c
 1920 0004 0200     		.2byte	0x2
 1921 0006 00000000 		.4byte	.Ldebug_info0
 1922 000a 04       		.byte	0x4
 1923 000b 00       		.byte	0
 1924 000c 0000     		.2byte	0
 1925 000e 0000     		.2byte	0
 1926 0010 00000000 		.4byte	.LFB7
ARM GAS  /var/folders/zv/18v39shs5gqc3xhz55t6cxb00000gn/T//ccs2eqqf.s 			page 35


 1927 0014 14000000 		.4byte	.LFE7-.LFB7
 1928 0018 00000000 		.4byte	.LFB8
 1929 001c 60000000 		.4byte	.LFE8-.LFB8
 1930 0020 00000000 		.4byte	.LFB9
 1931 0024 58000000 		.4byte	.LFE9-.LFB9
 1932 0028 00000000 		.4byte	0
 1933 002c 00000000 		.4byte	0
 1934              		.section	.debug_ranges,"",%progbits
 1935              	.Ldebug_ranges0:
 1936 0000 32000000 		.4byte	.LBB5
 1937 0004 34000000 		.4byte	.LBE5
 1938 0008 36000000 		.4byte	.LBB6
 1939 000c 3A000000 		.4byte	.LBE6
 1940 0010 00000000 		.4byte	0
 1941 0014 00000000 		.4byte	0
 1942 0018 00000000 		.4byte	.LFB7
 1943 001c 14000000 		.4byte	.LFE7
 1944 0020 00000000 		.4byte	.LFB8
 1945 0024 60000000 		.4byte	.LFE8
 1946 0028 00000000 		.4byte	.LFB9
 1947 002c 58000000 		.4byte	.LFE9
 1948 0030 00000000 		.4byte	0
 1949 0034 00000000 		.4byte	0
 1950              		.section	.debug_line,"",%progbits
 1951              	.Ldebug_line0:
 1952 0000 80020000 		.section	.debug_str,"MS",%progbits,1
 1952      02002702 
 1952      00000201 
 1952      FB0E0D00 
 1952      01010101 
 1953              	.LASF81:
 1954 0000 7466756E 		.ascii	"tfunc_t\000"
 1954      635F7400 
 1955              	.LASF92:
 1956 0008 63665F6F 		.ascii	"cf_off_older\000"
 1956      66665F6F 
 1956      6C646572 
 1956      00
 1957              	.LASF44:
 1958 0015 705F6D73 		.ascii	"p_msg\000"
 1958      6700
 1959              	.LASF2:
 1960 001b 73697A65 		.ascii	"size_t\000"
 1960      5F7400
 1961              	.LASF76:
 1962 0022 7264796D 		.ascii	"rdymsg\000"
 1962      736700
 1963              	.LASF19:
 1964 0029 75696E74 		.ascii	"uint64_t\000"
 1964      36345F74 
 1964      00
 1965              	.LASF3:
 1966 0032 5F5F7569 		.ascii	"__uint8_t\000"
 1966      6E74385F 
 1966      7400
 1967              	.LASF88:
 1968 003c 63685F74 		.ascii	"ch_threadsize\000"
ARM GAS  /var/folders/zv/18v39shs5gqc3xhz55t6cxb00000gn/T//ccs2eqqf.s 			page 36


 1968      68726561 
 1968      6473697A 
 1968      6500
 1969              	.LASF105:
 1970 004a 76746C69 		.ascii	"vtlist\000"
 1970      737400
 1971              	.LASF104:
 1972 0051 63685379 		.ascii	"chSysTimerHandlerI\000"
 1972      7354696D 
 1972      65724861 
 1972      6E646C65 
 1972      724900
 1973              	.LASF14:
 1974 0064 6C6F6E67 		.ascii	"long long unsigned int\000"
 1974      206C6F6E 
 1974      6720756E 
 1974      7369676E 
 1974      65642069 
 1975              	.LASF103:
 1976 007b 6D61696E 		.ascii	"mainthread\000"
 1976      74687265 
 1976      616400
 1977              	.LASF32:
 1978 0086 705F7072 		.ascii	"p_prio\000"
 1978      696F00
 1979              	.LASF95:
 1980 008d 63665F6F 		.ascii	"cf_off_state\000"
 1980      66665F73 
 1980      74617465 
 1980      00
 1981              	.LASF110:
 1982 009a 5F736368 		.ascii	"_scheduler_init\000"
 1982      6564756C 
 1982      65725F69 
 1982      6E697400 
 1983              	.LASF12:
 1984 00aa 6C6F6E67 		.ascii	"long long int\000"
 1984      206C6F6E 
 1984      6720696E 
 1984      7400
 1985              	.LASF1:
 1986 00b8 7369676E 		.ascii	"signed char\000"
 1986      65642063 
 1986      68617200 
 1987              	.LASF94:
 1988 00c4 63665F6F 		.ascii	"cf_off_stklimit\000"
 1988      66665F73 
 1988      746B6C69 
 1988      6D697400 
 1989              	.LASF96:
 1990 00d4 63665F6F 		.ascii	"cf_off_flags\000"
 1990      66665F66 
 1990      6C616773 
 1990      00
 1991              	.LASF48:
 1992 00e1 705F6D70 		.ascii	"p_mpool\000"
 1992      6F6F6C00 
ARM GAS  /var/folders/zv/18v39shs5gqc3xhz55t6cxb00000gn/T//ccs2eqqf.s 			page 37


 1993              	.LASF73:
 1994 00e9 6D5F7175 		.ascii	"m_queue\000"
 1994      65756500 
 1995              	.LASF24:
 1996 00f1 74736C69 		.ascii	"tslices_t\000"
 1996      6365735F 
 1996      7400
 1997              	.LASF9:
 1998 00fb 6C6F6E67 		.ascii	"long int\000"
 1998      20696E74 
 1998      00
 1999              	.LASF22:
 2000 0104 74737461 		.ascii	"tstate_t\000"
 2000      74655F74 
 2000      00
 2001              	.LASF16:
 2002 010d 75696E74 		.ascii	"uint16_t\000"
 2002      31365F74 
 2002      00
 2003              	.LASF100:
 2004 0116 63686465 		.ascii	"chdebug_t\000"
 2004      6275675F 
 2004      7400
 2005              	.LASF34:
 2006 0120 705F6E65 		.ascii	"p_newer\000"
 2006      77657200 
 2007              	.LASF108:
 2008 0128 5F69646C 		.ascii	"_idle_thread_wa\000"
 2008      655F7468 
 2008      72656164 
 2008      5F776100 
 2009              	.LASF77:
 2010 0138 65786974 		.ascii	"exitcode\000"
 2010      636F6465 
 2010      00
 2011              	.LASF10:
 2012 0141 5F5F7569 		.ascii	"__uint32_t\000"
 2012      6E743332 
 2012      5F7400
 2013              	.LASF51:
 2014 014c 72656761 		.ascii	"regarm_t\000"
 2014      726D5F74 
 2014      00
 2015              	.LASF59:
 2016 0155 76745F70 		.ascii	"vt_prev\000"
 2016      72657600 
 2017              	.LASF102:
 2018 015d 63685379 		.ascii	"chSysInit\000"
 2018      73496E69 
 2018      7400
 2019              	.LASF113:
 2020 0167 5F686561 		.ascii	"_heap_init\000"
 2020      705F696E 
 2020      697400
 2021              	.LASF0:
 2022 0172 756E7369 		.ascii	"unsigned int\000"
 2022      676E6564 
ARM GAS  /var/folders/zv/18v39shs5gqc3xhz55t6cxb00000gn/T//ccs2eqqf.s 			page 38


 2022      20696E74 
 2022      00
 2023              	.LASF117:
 2024 017f 5F746872 		.ascii	"_thread_init\000"
 2024      6561645F 
 2024      696E6974 
 2024      00
 2025              	.LASF58:
 2026 018c 76745F6E 		.ascii	"vt_next\000"
 2026      65787400 
 2027              	.LASF11:
 2028 0194 6C6F6E67 		.ascii	"long unsigned int\000"
 2028      20756E73 
 2028      69676E65 
 2028      6420696E 
 2028      7400
 2029              	.LASF107:
 2030 01a6 63685F64 		.ascii	"ch_debug\000"
 2030      65627567 
 2030      00
 2031              	.LASF56:
 2032 01af 76746675 		.ascii	"vtfunc_t\000"
 2032      6E635F74 
 2032      00
 2033              	.LASF82:
 2034 01b8 63685F69 		.ascii	"ch_identifier\000"
 2034      64656E74 
 2034      69666965 
 2034      7200
 2035              	.LASF57:
 2036 01c6 56697274 		.ascii	"VirtualTimer\000"
 2036      75616C54 
 2036      696D6572 
 2036      00
 2037              	.LASF54:
 2038 01d3 636F6E74 		.ascii	"context\000"
 2038      65787400 
 2039              	.LASF7:
 2040 01db 73686F72 		.ascii	"short unsigned int\000"
 2040      7420756E 
 2040      7369676E 
 2040      65642069 
 2040      6E7400
 2041              	.LASF26:
 2042 01ee 6D73675F 		.ascii	"msg_t\000"
 2042      7400
 2043              	.LASF68:
 2044 01f4 725F6E65 		.ascii	"r_newer\000"
 2044      77657200 
 2045              	.LASF21:
 2046 01fc 746D6F64 		.ascii	"tmode_t\000"
 2046      655F7400 
 2047              	.LASF50:
 2048 0204 54687265 		.ascii	"ThreadsList\000"
 2048      6164734C 
 2048      69737400 
 2049              	.LASF27:
ARM GAS  /var/folders/zv/18v39shs5gqc3xhz55t6cxb00000gn/T//ccs2eqqf.s 			page 39


 2050 0210 6576656E 		.ascii	"eventmask_t\000"
 2050      746D6173 
 2050      6B5F7400 
 2051              	.LASF72:
 2052 021c 4D757465 		.ascii	"Mutex\000"
 2052      7800
 2053              	.LASF52:
 2054 0222 73746B61 		.ascii	"stkalign_t\000"
 2054      6C69676E 
 2054      5F7400
 2055              	.LASF118:
 2056 022d 63685468 		.ascii	"chThdCreateStatic\000"
 2056      64437265 
 2056      61746553 
 2056      74617469 
 2056      6300
 2057              	.LASF83:
 2058 023f 63685F7A 		.ascii	"ch_zero\000"
 2058      65726F00 
 2059              	.LASF97:
 2060 0247 63665F6F 		.ascii	"cf_off_refs\000"
 2060      66665F72 
 2060      65667300 
 2061              	.LASF60:
 2062 0253 76745F74 		.ascii	"vt_time\000"
 2062      696D6500 
 2063              	.LASF55:
 2064 025b 73697A65 		.ascii	"sizetype\000"
 2064      74797065 
 2064      00
 2065              	.LASF61:
 2066 0264 76745F66 		.ascii	"vt_func\000"
 2066      756E6300 
 2067              	.LASF116:
 2068 026c 2F557365 		.ascii	"/Users/Daniel/Documents/Bachelor/Kode/rov-subside20"
 2068      72732F44 
 2068      616E6965 
 2068      6C2F446F 
 2068      63756D65 
 2069 029f 31352F54 		.ascii	"15/ThrusterModule\000"
 2069      68727573 
 2069      7465724D 
 2069      6F64756C 
 2069      6500
 2070              	.LASF87:
 2071 02b1 63685F74 		.ascii	"ch_timesize\000"
 2071      696D6573 
 2071      697A6500 
 2072              	.LASF93:
 2073 02bd 63665F6F 		.ascii	"cf_off_name\000"
 2073      66665F6E 
 2073      616D6500 
 2074              	.LASF35:
 2075 02c9 705F6F6C 		.ascii	"p_older\000"
 2075      64657200 
 2076              	.LASF67:
 2077 02d1 725F6374 		.ascii	"r_ctx\000"
ARM GAS  /var/folders/zv/18v39shs5gqc3xhz55t6cxb00000gn/T//ccs2eqqf.s 			page 40


 2077      7800
 2078              	.LASF49:
 2079 02d7 54687265 		.ascii	"ThreadsQueue\000"
 2079      61647351 
 2079      75657565 
 2079      00
 2080              	.LASF84:
 2081 02e4 63685F73 		.ascii	"ch_size\000"
 2081      697A6500 
 2082              	.LASF70:
 2083 02ec 725F6375 		.ascii	"r_current\000"
 2083      7272656E 
 2083      7400
 2084              	.LASF69:
 2085 02f6 725F6F6C 		.ascii	"r_older\000"
 2085      64657200 
 2086              	.LASF101:
 2087 02fe 5F69646C 		.ascii	"_idle_thread\000"
 2087      655F7468 
 2087      72656164 
 2087      00
 2088              	.LASF13:
 2089 030b 5F5F7569 		.ascii	"__uint64_t\000"
 2089      6E743634 
 2089      5F7400
 2090              	.LASF23:
 2091 0316 74726566 		.ascii	"trefs_t\000"
 2091      735F7400 
 2092              	.LASF86:
 2093 031e 63685F70 		.ascii	"ch_ptrsize\000"
 2093      74727369 
 2093      7A6500
 2094              	.LASF31:
 2095 0329 705F7072 		.ascii	"p_prev\000"
 2095      657600
 2096              	.LASF25:
 2097 0330 74707269 		.ascii	"tprio_t\000"
 2097      6F5F7400 
 2098              	.LASF20:
 2099 0338 5F426F6F 		.ascii	"_Bool\000"
 2099      6C00
 2100              	.LASF17:
 2101 033e 696E7433 		.ascii	"int32_t\000"
 2101      325F7400 
 2102              	.LASF4:
 2103 0346 756E7369 		.ascii	"unsigned char\000"
 2103      676E6564 
 2103      20636861 
 2103      7200
 2104              	.LASF112:
 2105 0354 5F636F72 		.ascii	"_core_init\000"
 2105      655F696E 
 2105      697400
 2106              	.LASF46:
 2107 035f 705F6D74 		.ascii	"p_mtxlist\000"
 2107      786C6973 
 2107      7400
ARM GAS  /var/folders/zv/18v39shs5gqc3xhz55t6cxb00000gn/T//ccs2eqqf.s 			page 41


 2108              	.LASF5:
 2109 0369 73686F72 		.ascii	"short int\000"
 2109      7420696E 
 2109      7400
 2110              	.LASF37:
 2111 0373 705F7374 		.ascii	"p_state\000"
 2111      61746500 
 2112              	.LASF40:
 2113 037b 705F7072 		.ascii	"p_preempt\000"
 2113      65656D70 
 2113      7400
 2114              	.LASF99:
 2115 0385 63665F6F 		.ascii	"cf_off_time\000"
 2115      66665F74 
 2115      696D6500 
 2116              	.LASF66:
 2117 0391 725F7072 		.ascii	"r_prio\000"
 2117      696F00
 2118              	.LASF79:
 2119 0398 65776D61 		.ascii	"ewmask\000"
 2119      736B00
 2120              	.LASF30:
 2121 039f 705F6E65 		.ascii	"p_next\000"
 2121      787400
 2122              	.LASF98:
 2123 03a6 63665F6F 		.ascii	"cf_off_preempt\000"
 2123      66665F70 
 2123      7265656D 
 2123      707400
 2124              	.LASF38:
 2125 03b5 705F666C 		.ascii	"p_flags\000"
 2125      61677300 
 2126              	.LASF29:
 2127 03bd 54687265 		.ascii	"Thread\000"
 2127      616400
 2128              	.LASF91:
 2129 03c4 63665F6F 		.ascii	"cf_off_newer\000"
 2129      66665F6E 
 2129      65776572 
 2129      00
 2130              	.LASF45:
 2131 03d1 705F6570 		.ascii	"p_epending\000"
 2131      656E6469 
 2131      6E6700
 2132              	.LASF18:
 2133 03dc 75696E74 		.ascii	"uint32_t\000"
 2133      33325F74 
 2133      00
 2134              	.LASF89:
 2135 03e5 63665F6F 		.ascii	"cf_off_prio\000"
 2135      66665F70 
 2135      72696F00 
 2136              	.LASF65:
 2137 03f1 725F7175 		.ascii	"r_queue\000"
 2137      65756500 
 2138              	.LASF80:
 2139 03f9 63686172 		.ascii	"char\000"
ARM GAS  /var/folders/zv/18v39shs5gqc3xhz55t6cxb00000gn/T//ccs2eqqf.s 			page 42


 2139      00
 2140              	.LASF6:
 2141 03fe 5F5F7569 		.ascii	"__uint16_t\000"
 2141      6E743136 
 2141      5F7400
 2142              	.LASF75:
 2143 0409 6D5F6E65 		.ascii	"m_next\000"
 2143      787400
 2144              	.LASF28:
 2145 0410 73797374 		.ascii	"systime_t\000"
 2145      696D655F 
 2145      7400
 2146              	.LASF47:
 2147 041a 705F7265 		.ascii	"p_realprio\000"
 2147      616C7072 
 2147      696F00
 2148              	.LASF8:
 2149 0425 5F5F696E 		.ascii	"__int32_t\000"
 2149      7433325F 
 2149      7400
 2150              	.LASF111:
 2151 042f 5F76745F 		.ascii	"_vt_init\000"
 2151      696E6974 
 2151      00
 2152              	.LASF114:
 2153 0438 474E5520 		.ascii	"GNU C 4.9.3 20150303 (release) [ARM/embedded-4_9-br"
 2153      4320342E 
 2153      392E3320 
 2153      32303135 
 2153      30333033 
 2154 046b 616E6368 		.ascii	"anch revision 221220] -mcpu=cortex-m4 -mfloat-abi=h"
 2154      20726576 
 2154      6973696F 
 2154      6E203232 
 2154      31323230 
 2155 049e 61726420 		.ascii	"ard -mfpu=fpv4-sp-d16 -mno-thumb-interwork -mthumb "
 2155      2D6D6670 
 2155      753D6670 
 2155      76342D73 
 2155      702D6431 
 2156 04d1 2D676764 		.ascii	"-ggdb -O2 -fomit-frame-pointer -falign-functions=16"
 2156      62202D4F 
 2156      32202D66 
 2156      6F6D6974 
 2156      2D667261 
 2157 0504 202D6666 		.ascii	" -ffunction-sections -fdata-sections -fno-common -f"
 2157      756E6374 
 2157      696F6E2D 
 2157      73656374 
 2157      696F6E73 
 2158 0537 73696E67 		.ascii	"single-precision-constant\000"
 2158      6C652D70 
 2158      72656369 
 2158      73696F6E 
 2158      2D636F6E 
 2159              	.LASF41:
 2160 0551 705F7469 		.ascii	"p_time\000"
ARM GAS  /var/folders/zv/18v39shs5gqc3xhz55t6cxb00000gn/T//ccs2eqqf.s 			page 43


 2160      6D6500
 2161              	.LASF53:
 2162 0558 696E7463 		.ascii	"intctx\000"
 2162      747800
 2163              	.LASF43:
 2164 055f 705F6D73 		.ascii	"p_msgqueue\000"
 2164      67717565 
 2164      756500
 2165              	.LASF62:
 2166 056a 76745F70 		.ascii	"vt_par\000"
 2166      617200
 2167              	.LASF115:
 2168 0571 2E2F6368 		.ascii	"./chibios/os/kernel/src/chsys.c\000"
 2168      6962696F 
 2168      732F6F73 
 2168      2F6B6572 
 2168      6E656C2F 
 2169              	.LASF90:
 2170 0591 63665F6F 		.ascii	"cf_off_ctx\000"
 2170      66665F63 
 2170      747800
 2171              	.LASF39:
 2172 059c 705F7265 		.ascii	"p_refs\000"
 2172      667300
 2173              	.LASF71:
 2174 05a3 52656164 		.ascii	"ReadyList\000"
 2174      794C6973 
 2174      7400
 2175              	.LASF106:
 2176 05ad 726C6973 		.ascii	"rlist\000"
 2176      7400
 2177              	.LASF15:
 2178 05b3 75696E74 		.ascii	"uint8_t\000"
 2178      385F7400 
 2179              	.LASF109:
 2180 05bb 5F706F72 		.ascii	"_port_init\000"
 2180      745F696E 
 2180      697400
 2181              	.LASF78:
 2182 05c6 77746F62 		.ascii	"wtobjp\000"
 2182      6A7000
 2183              	.LASF36:
 2184 05cd 705F6E61 		.ascii	"p_name\000"
 2184      6D6500
 2185              	.LASF63:
 2186 05d4 76745F73 		.ascii	"vt_systime\000"
 2186      79737469 
 2186      6D6500
 2187              	.LASF85:
 2188 05df 63685F76 		.ascii	"ch_version\000"
 2188      65727369 
 2188      6F6E00
 2189              	.LASF64:
 2190 05ea 56544C69 		.ascii	"VTList\000"
 2190      737400
 2191              	.LASF74:
 2192 05f1 6D5F6F77 		.ascii	"m_owner\000"
ARM GAS  /var/folders/zv/18v39shs5gqc3xhz55t6cxb00000gn/T//ccs2eqqf.s 			page 44


 2192      6E657200 
 2193              	.LASF33:
 2194 05f9 705F6374 		.ascii	"p_ctx\000"
 2194      7800
 2195              	.LASF42:
 2196 05ff 705F7761 		.ascii	"p_waiting\000"
 2196      6974696E 
 2196      6700
 2197              		.ident	"GCC: (GNU Tools for ARM Embedded Processors) 4.9.3 20150303 (release) [ARM/embedded-4_9-br
ARM GAS  /var/folders/zv/18v39shs5gqc3xhz55t6cxb00000gn/T//ccs2eqqf.s 			page 45


DEFINED SYMBOLS
                            *ABS*:0000000000000000 chsys.c
/var/folders/zv/18v39shs5gqc3xhz55t6cxb00000gn/T//ccs2eqqf.s:21     .text._idle_thread:0000000000000000 $t
/var/folders/zv/18v39shs5gqc3xhz55t6cxb00000gn/T//ccs2eqqf.s:27     .text._idle_thread:0000000000000000 _idle_thread
/var/folders/zv/18v39shs5gqc3xhz55t6cxb00000gn/T//ccs2eqqf.s:48     .text._idle_thread:000000000000000c $d
/var/folders/zv/18v39shs5gqc3xhz55t6cxb00000gn/T//ccs2eqqf.s:54     .text.chSysInit:0000000000000000 $t
/var/folders/zv/18v39shs5gqc3xhz55t6cxb00000gn/T//ccs2eqqf.s:60     .text.chSysInit:0000000000000000 chSysInit
/var/folders/zv/18v39shs5gqc3xhz55t6cxb00000gn/T//ccs2eqqf.s:126    .text.chSysInit:000000000000004c $d
/var/folders/zv/18v39shs5gqc3xhz55t6cxb00000gn/T//ccs2eqqf.s:135    .text.chSysTimerHandlerI:0000000000000000 $t
/var/folders/zv/18v39shs5gqc3xhz55t6cxb00000gn/T//ccs2eqqf.s:141    .text.chSysTimerHandlerI:0000000000000000 chSysTimerHandlerI
/var/folders/zv/18v39shs5gqc3xhz55t6cxb00000gn/T//ccs2eqqf.s:223    .text.chSysTimerHandlerI:0000000000000050 $d
/var/folders/zv/18v39shs5gqc3xhz55t6cxb00000gn/T//ccs2eqqf.s:246    .bss._idle_thread_wa:0000000000000000 _idle_thread_wa
/var/folders/zv/18v39shs5gqc3xhz55t6cxb00000gn/T//ccs2eqqf.s:231    .rodata.str1.4:0000000000000000 $d
/var/folders/zv/18v39shs5gqc3xhz55t6cxb00000gn/T//ccs2eqqf.s:235    .bss.mainthread.4846:0000000000000000 $d
/var/folders/zv/18v39shs5gqc3xhz55t6cxb00000gn/T//ccs2eqqf.s:239    .bss.mainthread.4846:0000000000000000 mainthread.4846
/var/folders/zv/18v39shs5gqc3xhz55t6cxb00000gn/T//ccs2eqqf.s:242    .bss._idle_thread_wa:0000000000000000 $d
                     .debug_frame:0000000000000010 $d
/var/folders/zv/18v39shs5gqc3xhz55t6cxb00000gn/T//ccs2eqqf.s:53     .text._idle_thread:0000000000000014 $t
/var/folders/zv/18v39shs5gqc3xhz55t6cxb00000gn/T//ccs2eqqf.s:230    .text.chSysTimerHandlerI:0000000000000058 $t

UNDEFINED SYMBOLS
rlist
_port_init
_scheduler_init
_vt_init
_core_init
_heap_init
_thread_init
chThdCreateStatic
ch_debug
vtlist
