ARM GAS  /var/folders/zv/18v39shs5gqc3xhz55t6cxb00000gn/T//cc4CiRDm.s 			page 1


   1              		.syntax unified
   2              		.cpu cortex-m4
   3              		.eabi_attribute 27, 1
   4              		.eabi_attribute 28, 1
   5              		.fpu fpv4-sp-d16
   6              		.eabi_attribute 20, 1
   7              		.eabi_attribute 21, 1
   8              		.eabi_attribute 23, 3
   9              		.eabi_attribute 24, 1
  10              		.eabi_attribute 25, 1
  11              		.eabi_attribute 26, 1
  12              		.eabi_attribute 30, 2
  13              		.eabi_attribute 34, 1
  14              		.eabi_attribute 18, 4
  15              		.thumb
  16              		.file	"hal.c"
  17              		.text
  18              	.Ltext0:
  19              		.cfi_sections	.debug_frame
  20              		.section	.text.halInit,"ax",%progbits
  21              		.align	2
  22              		.p2align 4,,15
  23              		.global	halInit
  24              		.thumb
  25              		.thumb_func
  26              		.type	halInit, %function
  27              	halInit:
  28              	.LFB118:
  29              		.file 1 "./chibios/os/hal/src/hal.c"
  30              		.loc 1 68 0
  31              		.cfi_startproc
  32              		@ args = 0, pretend = 0, frame = 0
  33              		@ frame_needed = 0, uses_anonymous_args = 0
  34 0000 08B5     		push	{r3, lr}
  35              		.cfi_def_cfa_offset 8
  36              		.cfi_offset 3, -8
  37              		.cfi_offset 14, -4
  38              		.loc 1 70 0
  39 0002 FFF7FEFF 		bl	hal_lld_init
  40              	.LVL0:
  41              		.loc 1 76 0
  42 0006 0848     		ldr	r0, .L3
  43 0008 FFF7FEFF 		bl	_pal_lld_init
  44              	.LVL1:
  45              		.loc 1 79 0
  46 000c FFF7FEFF 		bl	adcInit
  47              	.LVL2:
  48              		.loc 1 82 0
  49 0010 FFF7FEFF 		bl	canInit
  50              	.LVL3:
  51              		.loc 1 100 0
  52 0014 FFF7FEFF 		bl	pwmInit
  53              	.LVL4:
  54              		.loc 1 103 0
  55 0018 FFF7FEFF 		bl	sdInit
  56              	.LVL5:
  57              		.loc 1 109 0
ARM GAS  /var/folders/zv/18v39shs5gqc3xhz55t6cxb00000gn/T//cc4CiRDm.s 			page 2


  58 001c FFF7FEFF 		bl	spiInit
  59              	.LVL6:
  60              		.loc 1 128 0
  61 0020 BDE80840 		pop	{r3, lr}
  62              		.cfi_restore 14
  63              		.cfi_restore 3
  64              		.cfi_def_cfa_offset 0
  65              		.loc 1 127 0
  66 0024 FFF7FEBF 		b	boardInit
  67              	.LVL7:
  68              	.L4:
  69              		.align	2
  70              	.L3:
  71 0028 00000000 		.word	pal_default_config
  72              		.cfi_endproc
  73              	.LFE118:
  74              		.size	halInit, .-halInit
  75 002c AFF30080 		.section	.text.halIsCounterWithin,"ax",%progbits
  76              		.align	2
  77              		.p2align 4,,15
  78              		.global	halIsCounterWithin
  79              		.thumb
  80              		.thumb_func
  81              		.type	halIsCounterWithin, %function
  82              	halIsCounterWithin:
  83              	.LFB119:
  84              		.loc 1 174 0
  85              		.cfi_startproc
  86              		@ args = 0, pretend = 0, frame = 0
  87              		@ frame_needed = 0, uses_anonymous_args = 0
  88              		@ link register save eliminated.
  89              	.LVL8:
  90              		.loc 1 175 0
  91 0000 084B     		ldr	r3, .L15
  92              		.loc 1 177 0
  93 0002 8142     		cmp	r1, r0
  94              		.loc 1 175 0
  95 0004 5B68     		ldr	r3, [r3, #4]
  96              	.LVL9:
  97              		.loc 1 177 0
  98 0006 06D9     		bls	.L6
  99              		.loc 1 177 0 is_stmt 0 discriminator 1
 100 0008 8342     		cmp	r3, r0
 101 000a 08D3     		bcc	.L14
 102              	.L12:
 103 000c 8B42     		cmp	r3, r1
 104 000e 2CBF     		ite	cs
 105 0010 0020     		movcs	r0, #0
 106              	.LVL10:
 107 0012 0120     		movcc	r0, #1
 108 0014 7047     		bx	lr
 109              	.LVL11:
 110              	.L6:
 111              		.loc 1 178 0 is_stmt 1
 112 0016 8342     		cmp	r3, r0
 113 0018 F8D3     		bcc	.L12
 114 001a 0120     		movs	r0, #1
ARM GAS  /var/folders/zv/18v39shs5gqc3xhz55t6cxb00000gn/T//cc4CiRDm.s 			page 3


 115              	.LVL12:
 116              		.loc 1 179 0
 117 001c 7047     		bx	lr
 118              	.LVL13:
 119              	.L14:
 120 001e 0020     		movs	r0, #0
 121              	.LVL14:
 122 0020 7047     		bx	lr
 123              	.L16:
 124 0022 00BF     		.align	2
 125              	.L15:
 126 0024 001000E0 		.word	-536866816
 127              		.cfi_endproc
 128              	.LFE119:
 129              		.size	halIsCounterWithin, .-halIsCounterWithin
 130 0028 AFF30080 		.section	.text.halPolledDelay,"ax",%progbits
 130      AFF30080 
 131              		.align	2
 132              		.p2align 4,,15
 133              		.global	halPolledDelay
 134              		.thumb
 135              		.thumb_func
 136              		.type	halPolledDelay, %function
 137              	halPolledDelay:
 138              	.LFB120:
 139              		.loc 1 193 0
 140              		.cfi_startproc
 141              		@ args = 0, pretend = 0, frame = 0
 142              		@ frame_needed = 0, uses_anonymous_args = 0
 143              		@ link register save eliminated.
 144              	.LVL15:
 145              		.loc 1 194 0
 146 0000 0849     		ldr	r1, .L28
 147 0002 4A68     		ldr	r2, [r1, #4]
 148              	.LVL16:
 149              		.loc 1 195 0
 150 0004 1044     		add	r0, r0, r2
 151              	.LVL17:
 152              	.L26:
 153              	.LBB4:
 154              	.LBB5:
 155              		.loc 1 177 0 discriminator 1
 156 0006 8242     		cmp	r2, r0
 157              		.loc 1 175 0 discriminator 1
 158 0008 4B68     		ldr	r3, [r1, #4]
 159              	.LVL18:
 160              		.loc 1 177 0 discriminator 1
 161 000a 02D2     		bcs	.L18
 162              		.loc 1 177 0 is_stmt 0
 163 000c 9A42     		cmp	r2, r3
 164 000e 02D9     		bls	.L27
 165 0010 7047     		bx	lr
 166              	.L18:
 167              		.loc 1 178 0 is_stmt 1
 168 0012 9A42     		cmp	r2, r3
 169 0014 F7D9     		bls	.L26
 170              	.L27:
ARM GAS  /var/folders/zv/18v39shs5gqc3xhz55t6cxb00000gn/T//cc4CiRDm.s 			page 4


 171 0016 9842     		cmp	r0, r3
 172 0018 94BF     		ite	ls
 173 001a 0023     		movls	r3, #0
 174              	.LVL19:
 175 001c 0123     		movhi	r3, #1
 176              	.LBE5:
 177              	.LBE4:
 178              		.loc 1 196 0
 179 001e 002B     		cmp	r3, #0
 180 0020 F1D1     		bne	.L26
 181 0022 7047     		bx	lr
 182              	.L29:
 183              		.align	2
 184              	.L28:
 185 0024 001000E0 		.word	-536866816
 186              		.cfi_endproc
 187              	.LFE120:
 188              		.size	halPolledDelay, .-halPolledDelay
 189 0028 AFF30080 		.text
 189      AFF30080 
 190              	.Letext0:
 191              		.file 2 "/Users/Daniel/Documents/Bachelor/Kode/rov-subside2015/arm/arm-none-eabi/include/machine/_
 192              		.file 3 "/Users/Daniel/Documents/Bachelor/Kode/rov-subside2015/arm/arm-none-eabi/include/stdint.h"
 193              		.file 4 "./chibios/os/ports/GCC/ARMCMx/chtypes.h"
 194              		.file 5 "./chibios/os/ports/common/ARMCMx/nvic.h"
 195              		.file 6 "./chibios/os/hal/platforms/STM32F4xx/hal_lld.h"
 196              		.file 7 "./chibios/os/hal/platforms/STM32/GPIOv2/pal_lld.h"
 197              		.file 8 "./chibios/os/ports/common/ARMCMx/CMSIS/include/core_cm4.h"
 198              		.file 9 "./chibios/os/hal/include/adc.h"
 199              		.file 10 "./chibios/os/hal/include/can.h"
 200              		.file 11 "./chibios/os/hal/include/pwm.h"
 201              		.file 12 "./chibios/os/hal/include/serial.h"
 202              		.file 13 "./chibios/os/hal/include/spi.h"
 203              		.file 14 "./chibios/boards/ST_STM32F4_DISCOVERY/board.h"
 204              		.section	.debug_info,"",%progbits
 205              	.Ldebug_info0:
 206 0000 D1030000 		.4byte	0x3d1
 207 0004 0400     		.2byte	0x4
 208 0006 00000000 		.4byte	.Ldebug_abbrev0
 209 000a 04       		.byte	0x4
 210 000b 01       		.uleb128 0x1
 211 000c 53020000 		.4byte	.LASF58
 212 0010 01       		.byte	0x1
 213 0011 14000000 		.4byte	.LASF59
 214 0015 4C000000 		.4byte	.LASF60
 215 0019 00000000 		.4byte	.Ldebug_ranges0+0
 216 001d 00000000 		.4byte	0
 217 0021 00000000 		.4byte	.Ldebug_line0
 218 0025 02       		.uleb128 0x2
 219 0026 04       		.byte	0x4
 220 0027 05       		.byte	0x5
 221 0028 696E7400 		.ascii	"int\000"
 222 002c 03       		.uleb128 0x3
 223 002d 04       		.byte	0x4
 224 002e 07       		.byte	0x7
 225 002f 8C030000 		.4byte	.LASF0
 226 0033 03       		.uleb128 0x3
ARM GAS  /var/folders/zv/18v39shs5gqc3xhz55t6cxb00000gn/T//cc4CiRDm.s 			page 5


 227 0034 01       		.byte	0x1
 228 0035 06       		.byte	0x6
 229 0036 64010000 		.4byte	.LASF1
 230 003a 03       		.uleb128 0x3
 231 003b 01       		.byte	0x1
 232 003c 08       		.byte	0x8
 233 003d 51010000 		.4byte	.LASF2
 234 0041 03       		.uleb128 0x3
 235 0042 02       		.byte	0x2
 236 0043 05       		.byte	0x5
 237 0044 42000000 		.4byte	.LASF3
 238 0048 03       		.uleb128 0x3
 239 0049 02       		.byte	0x2
 240 004a 07       		.byte	0x7
 241 004b BD010000 		.4byte	.LASF4
 242 004f 04       		.uleb128 0x4
 243 0050 00010000 		.4byte	.LASF6
 244 0054 02       		.byte	0x2
 245 0055 3F       		.byte	0x3f
 246 0056 5A000000 		.4byte	0x5a
 247 005a 03       		.uleb128 0x3
 248 005b 04       		.byte	0x4
 249 005c 05       		.byte	0x5
 250 005d 12010000 		.4byte	.LASF5
 251 0061 04       		.uleb128 0x4
 252 0062 BD000000 		.4byte	.LASF7
 253 0066 02       		.byte	0x2
 254 0067 41       		.byte	0x41
 255 0068 6C000000 		.4byte	0x6c
 256 006c 03       		.uleb128 0x3
 257 006d 04       		.byte	0x4
 258 006e 07       		.byte	0x7
 259 006f 19020000 		.4byte	.LASF8
 260 0073 03       		.uleb128 0x3
 261 0074 08       		.byte	0x8
 262 0075 05       		.byte	0x5
 263 0076 E3000000 		.4byte	.LASF9
 264 007a 03       		.uleb128 0x3
 265 007b 08       		.byte	0x8
 266 007c 07       		.byte	0x7
 267 007d 70010000 		.4byte	.LASF10
 268 0081 04       		.uleb128 0x4
 269 0082 D5010000 		.4byte	.LASF11
 270 0086 03       		.byte	0x3
 271 0087 2C       		.byte	0x2c
 272 0088 4F000000 		.4byte	0x4f
 273 008c 04       		.uleb128 0x4
 274 008d 87010000 		.4byte	.LASF12
 275 0091 03       		.byte	0x3
 276 0092 2D       		.byte	0x2d
 277 0093 61000000 		.4byte	0x61
 278 0097 04       		.uleb128 0x4
 279 0098 DD010000 		.4byte	.LASF13
 280 009c 04       		.byte	0x4
 281 009d 2B       		.byte	0x2b
 282 009e A2000000 		.4byte	0xa2
 283 00a2 03       		.uleb128 0x3
ARM GAS  /var/folders/zv/18v39shs5gqc3xhz55t6cxb00000gn/T//cc4CiRDm.s 			page 6


 284 00a3 01       		.byte	0x1
 285 00a4 02       		.byte	0x2
 286 00a5 F5010000 		.4byte	.LASF14
 287 00a9 04       		.uleb128 0x4
 288 00aa D4000000 		.4byte	.LASF15
 289 00ae 05       		.byte	0x5
 290 00af 3A       		.byte	0x3a
 291 00b0 B4000000 		.4byte	0xb4
 292 00b4 05       		.uleb128 0x5
 293 00b5 8C000000 		.4byte	0x8c
 294 00b9 03       		.uleb128 0x3
 295 00ba 04       		.byte	0x4
 296 00bb 07       		.byte	0x7
 297 00bc 91000000 		.4byte	.LASF16
 298 00c0 06       		.uleb128 0x6
 299 00c1 20       		.byte	0x20
 300 00c2 05       		.byte	0x5
 301 00c3 0601     		.2byte	0x106
 302 00c5 32010000 		.4byte	0x132
 303 00c9 07       		.uleb128 0x7
 304 00ca 5F010000 		.4byte	.LASF17
 305 00ce 05       		.byte	0x5
 306 00cf 0701     		.2byte	0x107
 307 00d1 A9000000 		.4byte	0xa9
 308 00d5 00       		.byte	0
 309 00d6 07       		.uleb128 0x7
 310 00d7 F9000000 		.4byte	.LASF18
 311 00db 05       		.byte	0x5
 312 00dc 0801     		.2byte	0x108
 313 00de A9000000 		.4byte	0xa9
 314 00e2 04       		.byte	0x4
 315 00e3 07       		.uleb128 0x7
 316 00e4 12020000 		.4byte	.LASF19
 317 00e8 05       		.byte	0x5
 318 00e9 0901     		.2byte	0x109
 319 00eb A9000000 		.4byte	0xa9
 320 00ef 08       		.byte	0x8
 321 00f0 07       		.uleb128 0x7
 322 00f1 AC030000 		.4byte	.LASF20
 323 00f5 05       		.byte	0x5
 324 00f6 0A01     		.2byte	0x10a
 325 00f8 A9000000 		.4byte	0xa9
 326 00fc 0C       		.byte	0xc
 327 00fd 07       		.uleb128 0x7
 328 00fe 3D020000 		.4byte	.LASF21
 329 0102 05       		.byte	0x5
 330 0103 0B01     		.2byte	0x10b
 331 0105 A9000000 		.4byte	0xa9
 332 0109 10       		.byte	0x10
 333 010a 07       		.uleb128 0x7
 334 010b 4C020000 		.4byte	.LASF22
 335 010f 05       		.byte	0x5
 336 0110 0C01     		.2byte	0x10c
 337 0112 A9000000 		.4byte	0xa9
 338 0116 14       		.byte	0x14
 339 0117 07       		.uleb128 0x7
 340 0118 AD000000 		.4byte	.LASF23
ARM GAS  /var/folders/zv/18v39shs5gqc3xhz55t6cxb00000gn/T//cc4CiRDm.s 			page 7


 341 011c 05       		.byte	0x5
 342 011d 0D01     		.2byte	0x10d
 343 011f A9000000 		.4byte	0xa9
 344 0123 18       		.byte	0x18
 345 0124 07       		.uleb128 0x7
 346 0125 9A000000 		.4byte	.LASF24
 347 0129 05       		.byte	0x5
 348 012a 0E01     		.2byte	0x10e
 349 012c A9000000 		.4byte	0xa9
 350 0130 1C       		.byte	0x1c
 351 0131 00       		.byte	0
 352 0132 08       		.uleb128 0x8
 353 0133 03020000 		.4byte	.LASF25
 354 0137 05       		.byte	0x5
 355 0138 0F01     		.2byte	0x10f
 356 013a C0000000 		.4byte	0xc0
 357 013e 03       		.uleb128 0x3
 358 013f 01       		.byte	0x1
 359 0140 08       		.byte	0x8
 360 0141 D0010000 		.4byte	.LASF26
 361 0145 05       		.uleb128 0x5
 362 0146 81000000 		.4byte	0x81
 363 014a 08       		.uleb128 0x8
 364 014b 32020000 		.4byte	.LASF27
 365 014f 06       		.byte	0x6
 366 0150 C006     		.2byte	0x6c0
 367 0152 8C000000 		.4byte	0x8c
 368 0156 09       		.uleb128 0x9
 369 0157 1C       		.byte	0x1c
 370 0158 07       		.byte	0x7
 371 0159 A3       		.byte	0xa3
 372 015a B3010000 		.4byte	0x1b3
 373 015e 0A       		.uleb128 0xa
 374 015f 79030000 		.4byte	.LASF28
 375 0163 07       		.byte	0x7
 376 0164 A5       		.byte	0xa5
 377 0165 8C000000 		.4byte	0x8c
 378 0169 00       		.byte	0
 379 016a 0A       		.uleb128 0xa
 380 016b 90010000 		.4byte	.LASF29
 381 016f 07       		.byte	0x7
 382 0170 A7       		.byte	0xa7
 383 0171 8C000000 		.4byte	0x8c
 384 0175 04       		.byte	0x4
 385 0176 0A       		.uleb128 0xa
 386 0177 0A010000 		.4byte	.LASF30
 387 017b 07       		.byte	0x7
 388 017c A9       		.byte	0xa9
 389 017d 8C000000 		.4byte	0x8c
 390 0181 08       		.byte	0x8
 391 0182 0A       		.uleb128 0xa
 392 0183 46020000 		.4byte	.LASF31
 393 0187 07       		.byte	0x7
 394 0188 AB       		.byte	0xab
 395 0189 8C000000 		.4byte	0x8c
 396 018d 0C       		.byte	0xc
 397 018e 0B       		.uleb128 0xb
ARM GAS  /var/folders/zv/18v39shs5gqc3xhz55t6cxb00000gn/T//cc4CiRDm.s 			page 8


 398 018f 6F647200 		.ascii	"odr\000"
 399 0193 07       		.byte	0x7
 400 0194 AD       		.byte	0xad
 401 0195 8C000000 		.4byte	0x8c
 402 0199 10       		.byte	0x10
 403 019a 0A       		.uleb128 0xa
 404 019b 74030000 		.4byte	.LASF32
 405 019f 07       		.byte	0x7
 406 01a0 AF       		.byte	0xaf
 407 01a1 8C000000 		.4byte	0x8c
 408 01a5 14       		.byte	0x14
 409 01a6 0A       		.uleb128 0xa
 410 01a7 C8000000 		.4byte	.LASF33
 411 01ab 07       		.byte	0x7
 412 01ac B1       		.byte	0xb1
 413 01ad 8C000000 		.4byte	0x8c
 414 01b1 18       		.byte	0x18
 415 01b2 00       		.byte	0
 416 01b3 04       		.uleb128 0x4
 417 01b4 97010000 		.4byte	.LASF34
 418 01b8 07       		.byte	0x7
 419 01b9 B2       		.byte	0xb2
 420 01ba 56010000 		.4byte	0x156
 421 01be 09       		.uleb128 0x9
 422 01bf FC       		.byte	0xfc
 423 01c0 07       		.byte	0x7
 424 01c1 BB       		.byte	0xbb
 425 01c2 33020000 		.4byte	0x233
 426 01c6 0A       		.uleb128 0xa
 427 01c7 DC000000 		.4byte	.LASF35
 428 01cb 07       		.byte	0x7
 429 01cc BE       		.byte	0xbe
 430 01cd B3010000 		.4byte	0x1b3
 431 01d1 00       		.byte	0
 432 01d2 0A       		.uleb128 0xa
 433 01d3 EE010000 		.4byte	.LASF36
 434 01d7 07       		.byte	0x7
 435 01d8 C2       		.byte	0xc2
 436 01d9 B3010000 		.4byte	0x1b3
 437 01dd 1C       		.byte	0x1c
 438 01de 0A       		.uleb128 0xa
 439 01df 4A010000 		.4byte	.LASF37
 440 01e3 07       		.byte	0x7
 441 01e4 C6       		.byte	0xc6
 442 01e5 B3010000 		.4byte	0x1b3
 443 01e9 38       		.byte	0x38
 444 01ea 0A       		.uleb128 0xa
 445 01eb 23010000 		.4byte	.LASF38
 446 01ef 07       		.byte	0x7
 447 01f0 CA       		.byte	0xca
 448 01f1 B3010000 		.4byte	0x1b3
 449 01f5 54       		.byte	0x54
 450 01f6 0A       		.uleb128 0xa
 451 01f7 0B020000 		.4byte	.LASF39
 452 01fb 07       		.byte	0x7
 453 01fc CE       		.byte	0xce
 454 01fd B3010000 		.4byte	0x1b3
ARM GAS  /var/folders/zv/18v39shs5gqc3xhz55t6cxb00000gn/T//cc4CiRDm.s 			page 9


 455 0201 70       		.byte	0x70
 456 0202 0A       		.uleb128 0xa
 457 0203 9F000000 		.4byte	.LASF40
 458 0207 07       		.byte	0x7
 459 0208 D2       		.byte	0xd2
 460 0209 B3010000 		.4byte	0x1b3
 461 020d 8C       		.byte	0x8c
 462 020e 0A       		.uleb128 0xa
 463 020f 43010000 		.4byte	.LASF41
 464 0213 07       		.byte	0x7
 465 0214 D6       		.byte	0xd6
 466 0215 B3010000 		.4byte	0x1b3
 467 0219 A8       		.byte	0xa8
 468 021a 0A       		.uleb128 0xa
 469 021b 2B020000 		.4byte	.LASF42
 470 021f 07       		.byte	0x7
 471 0220 DA       		.byte	0xda
 472 0221 B3010000 		.4byte	0x1b3
 473 0225 C4       		.byte	0xc4
 474 0226 0A       		.uleb128 0xa
 475 0227 A6000000 		.4byte	.LASF43
 476 022b 07       		.byte	0x7
 477 022c DE       		.byte	0xde
 478 022d B3010000 		.4byte	0x1b3
 479 0231 E0       		.byte	0xe0
 480 0232 00       		.byte	0
 481 0233 04       		.uleb128 0x4
 482 0234 E4010000 		.4byte	.LASF44
 483 0238 07       		.byte	0x7
 484 0239 E0       		.byte	0xe0
 485 023a BE010000 		.4byte	0x1be
 486 023e 0C       		.uleb128 0xc
 487 023f 99030000 		.4byte	.LASF61
 488 0243 01       		.byte	0x1
 489 0244 AE       		.byte	0xae
 490 0245 97000000 		.4byte	0x97
 491 0249 01       		.byte	0x1
 492 024a 70020000 		.4byte	0x270
 493 024e 0D       		.uleb128 0xd
 494 024f B7010000 		.4byte	.LASF45
 495 0253 01       		.byte	0x1
 496 0254 AE       		.byte	0xae
 497 0255 4A010000 		.4byte	0x14a
 498 0259 0E       		.uleb128 0xe
 499 025a 656E6400 		.ascii	"end\000"
 500 025e 01       		.byte	0x1
 501 025f AE       		.byte	0xae
 502 0260 4A010000 		.4byte	0x14a
 503 0264 0F       		.uleb128 0xf
 504 0265 6E6F7700 		.ascii	"now\000"
 505 0269 01       		.byte	0x1
 506 026a AF       		.byte	0xaf
 507 026b 4A010000 		.4byte	0x14a
 508 026f 00       		.byte	0
 509 0270 10       		.uleb128 0x10
 510 0271 F1000000 		.4byte	.LASF46
 511 0275 01       		.byte	0x1
ARM GAS  /var/folders/zv/18v39shs5gqc3xhz55t6cxb00000gn/T//cc4CiRDm.s 			page 10


 512 0276 44       		.byte	0x44
 513 0277 00000000 		.4byte	.LFB118
 514 027b 2C000000 		.4byte	.LFE118-.LFB118
 515 027f 01       		.uleb128 0x1
 516 0280 9C       		.byte	0x9c
 517 0281 CE020000 		.4byte	0x2ce
 518 0285 11       		.uleb128 0x11
 519 0286 06000000 		.4byte	.LVL0
 520 028a 86030000 		.4byte	0x386
 521 028e 11       		.uleb128 0x11
 522 028f 0C000000 		.4byte	.LVL1
 523 0293 8E030000 		.4byte	0x38e
 524 0297 11       		.uleb128 0x11
 525 0298 10000000 		.4byte	.LVL2
 526 029c A6030000 		.4byte	0x3a6
 527 02a0 11       		.uleb128 0x11
 528 02a1 14000000 		.4byte	.LVL3
 529 02a5 AE030000 		.4byte	0x3ae
 530 02a9 11       		.uleb128 0x11
 531 02aa 18000000 		.4byte	.LVL4
 532 02ae B5030000 		.4byte	0x3b5
 533 02b2 11       		.uleb128 0x11
 534 02b3 1C000000 		.4byte	.LVL5
 535 02b7 BC030000 		.4byte	0x3bc
 536 02bb 11       		.uleb128 0x11
 537 02bc 20000000 		.4byte	.LVL6
 538 02c0 C4030000 		.4byte	0x3c4
 539 02c4 12       		.uleb128 0x12
 540 02c5 28000000 		.4byte	.LVL7
 541 02c9 CC030000 		.4byte	0x3cc
 542 02cd 00       		.byte	0
 543 02ce 13       		.uleb128 0x13
 544 02cf 3E020000 		.4byte	0x23e
 545 02d3 00000000 		.4byte	.LFB119
 546 02d7 28000000 		.4byte	.LFE119-.LFB119
 547 02db 01       		.uleb128 0x1
 548 02dc 9C       		.byte	0x9c
 549 02dd F9020000 		.4byte	0x2f9
 550 02e1 14       		.uleb128 0x14
 551 02e2 4E020000 		.4byte	0x24e
 552 02e6 00000000 		.4byte	.LLST0
 553 02ea 15       		.uleb128 0x15
 554 02eb 59020000 		.4byte	0x259
 555 02ef 01       		.uleb128 0x1
 556 02f0 51       		.byte	0x51
 557 02f1 16       		.uleb128 0x16
 558 02f2 64020000 		.4byte	0x264
 559 02f6 01       		.uleb128 0x1
 560 02f7 53       		.byte	0x53
 561 02f8 00       		.byte	0
 562 02f9 10       		.uleb128 0x10
 563 02fa 2A010000 		.4byte	.LASF47
 564 02fe 01       		.byte	0x1
 565 02ff C1       		.byte	0xc1
 566 0300 00000000 		.4byte	.LFB120
 567 0304 28000000 		.4byte	.LFE120-.LFB120
 568 0308 01       		.uleb128 0x1
ARM GAS  /var/folders/zv/18v39shs5gqc3xhz55t6cxb00000gn/T//cc4CiRDm.s 			page 11


 569 0309 9C       		.byte	0x9c
 570 030a 69030000 		.4byte	0x369
 571 030e 17       		.uleb128 0x17
 572 030f 00000000 		.4byte	.LASF62
 573 0313 01       		.byte	0x1
 574 0314 C1       		.byte	0xc1
 575 0315 4A010000 		.4byte	0x14a
 576 0319 53000000 		.4byte	.LLST1
 577 031d 18       		.uleb128 0x18
 578 031e B7010000 		.4byte	.LASF45
 579 0322 01       		.byte	0x1
 580 0323 C2       		.byte	0xc2
 581 0324 4A010000 		.4byte	0x14a
 582 0328 01       		.uleb128 0x1
 583 0329 52       		.byte	0x52
 584 032a 18       		.uleb128 0x18
 585 032b B3030000 		.4byte	.LASF48
 586 032f 01       		.byte	0x1
 587 0330 C3       		.byte	0xc3
 588 0331 4A010000 		.4byte	0x14a
 589 0335 01       		.uleb128 0x1
 590 0336 50       		.byte	0x50
 591 0337 19       		.uleb128 0x19
 592 0338 3E020000 		.4byte	0x23e
 593 033c 06000000 		.4byte	.LBB4
 594 0340 18000000 		.4byte	.LBE4-.LBB4
 595 0344 01       		.byte	0x1
 596 0345 C4       		.byte	0xc4
 597 0346 15       		.uleb128 0x15
 598 0347 59020000 		.4byte	0x259
 599 034b 01       		.uleb128 0x1
 600 034c 50       		.byte	0x50
 601 034d 15       		.uleb128 0x15
 602 034e 4E020000 		.4byte	0x24e
 603 0352 01       		.uleb128 0x1
 604 0353 52       		.byte	0x52
 605 0354 1A       		.uleb128 0x1a
 606 0355 06000000 		.4byte	.LBB5
 607 0359 18000000 		.4byte	.LBE5-.LBB5
 608 035d 1B       		.uleb128 0x1b
 609 035e 64020000 		.4byte	0x264
 610 0362 74000000 		.4byte	.LLST2
 611 0366 00       		.byte	0
 612 0367 00       		.byte	0
 613 0368 00       		.byte	0
 614 0369 1C       		.uleb128 0x1c
 615 036a 7F030000 		.4byte	.LASF49
 616 036e 08       		.byte	0x8
 617 036f 9806     		.2byte	0x698
 618 0371 45010000 		.4byte	0x145
 619 0375 1C       		.uleb128 0x1c
 620 0376 2F000000 		.4byte	.LASF50
 621 037a 07       		.byte	0x7
 622 037b BC01     		.2byte	0x1bc
 623 037d 81030000 		.4byte	0x381
 624 0381 1D       		.uleb128 0x1d
 625 0382 33020000 		.4byte	0x233
ARM GAS  /var/folders/zv/18v39shs5gqc3xhz55t6cxb00000gn/T//cc4CiRDm.s 			page 12


 626 0386 1E       		.uleb128 0x1e
 627 0387 AA010000 		.4byte	.LASF51
 628 038b 06       		.byte	0x6
 629 038c E906     		.2byte	0x6e9
 630 038e 1F       		.uleb128 0x1f
 631 038f 06000000 		.4byte	.LASF63
 632 0393 07       		.byte	0x7
 633 0394 C101     		.2byte	0x1c1
 634 0396 A0030000 		.4byte	0x3a0
 635 039a 20       		.uleb128 0x20
 636 039b A0030000 		.4byte	0x3a0
 637 039f 00       		.byte	0
 638 03a0 21       		.uleb128 0x21
 639 03a1 04       		.byte	0x4
 640 03a2 81030000 		.4byte	0x381
 641 03a6 1E       		.uleb128 0x1e
 642 03a7 6C030000 		.4byte	.LASF52
 643 03ab 09       		.byte	0x9
 644 03ac 1C01     		.2byte	0x11c
 645 03ae 22       		.uleb128 0x22
 646 03af FB010000 		.4byte	.LASF53
 647 03b3 0A       		.byte	0xa
 648 03b4 8D       		.byte	0x8d
 649 03b5 22       		.uleb128 0x22
 650 03b6 1B010000 		.4byte	.LASF54
 651 03ba 0B       		.byte	0xb
 652 03bb F2       		.byte	0xf2
 653 03bc 1E       		.uleb128 0x1e
 654 03bd CD000000 		.4byte	.LASF55
 655 03c1 0C       		.byte	0xc
 656 03c2 3501     		.2byte	0x135
 657 03c4 1E       		.uleb128 0x1e
 658 03c5 B5000000 		.4byte	.LASF56
 659 03c9 0D       		.byte	0xd
 660 03ca 2E01     		.2byte	0x12e
 661 03cc 1E       		.uleb128 0x1e
 662 03cd 39010000 		.4byte	.LASF57
 663 03d1 0E       		.byte	0xe
 664 03d2 0A05     		.2byte	0x50a
 665 03d4 00       		.byte	0
 666              		.section	.debug_abbrev,"",%progbits
 667              	.Ldebug_abbrev0:
 668 0000 01       		.uleb128 0x1
 669 0001 11       		.uleb128 0x11
 670 0002 01       		.byte	0x1
 671 0003 25       		.uleb128 0x25
 672 0004 0E       		.uleb128 0xe
 673 0005 13       		.uleb128 0x13
 674 0006 0B       		.uleb128 0xb
 675 0007 03       		.uleb128 0x3
 676 0008 0E       		.uleb128 0xe
 677 0009 1B       		.uleb128 0x1b
 678 000a 0E       		.uleb128 0xe
 679 000b 55       		.uleb128 0x55
 680 000c 17       		.uleb128 0x17
 681 000d 11       		.uleb128 0x11
 682 000e 01       		.uleb128 0x1
ARM GAS  /var/folders/zv/18v39shs5gqc3xhz55t6cxb00000gn/T//cc4CiRDm.s 			page 13


 683 000f 10       		.uleb128 0x10
 684 0010 17       		.uleb128 0x17
 685 0011 00       		.byte	0
 686 0012 00       		.byte	0
 687 0013 02       		.uleb128 0x2
 688 0014 24       		.uleb128 0x24
 689 0015 00       		.byte	0
 690 0016 0B       		.uleb128 0xb
 691 0017 0B       		.uleb128 0xb
 692 0018 3E       		.uleb128 0x3e
 693 0019 0B       		.uleb128 0xb
 694 001a 03       		.uleb128 0x3
 695 001b 08       		.uleb128 0x8
 696 001c 00       		.byte	0
 697 001d 00       		.byte	0
 698 001e 03       		.uleb128 0x3
 699 001f 24       		.uleb128 0x24
 700 0020 00       		.byte	0
 701 0021 0B       		.uleb128 0xb
 702 0022 0B       		.uleb128 0xb
 703 0023 3E       		.uleb128 0x3e
 704 0024 0B       		.uleb128 0xb
 705 0025 03       		.uleb128 0x3
 706 0026 0E       		.uleb128 0xe
 707 0027 00       		.byte	0
 708 0028 00       		.byte	0
 709 0029 04       		.uleb128 0x4
 710 002a 16       		.uleb128 0x16
 711 002b 00       		.byte	0
 712 002c 03       		.uleb128 0x3
 713 002d 0E       		.uleb128 0xe
 714 002e 3A       		.uleb128 0x3a
 715 002f 0B       		.uleb128 0xb
 716 0030 3B       		.uleb128 0x3b
 717 0031 0B       		.uleb128 0xb
 718 0032 49       		.uleb128 0x49
 719 0033 13       		.uleb128 0x13
 720 0034 00       		.byte	0
 721 0035 00       		.byte	0
 722 0036 05       		.uleb128 0x5
 723 0037 35       		.uleb128 0x35
 724 0038 00       		.byte	0
 725 0039 49       		.uleb128 0x49
 726 003a 13       		.uleb128 0x13
 727 003b 00       		.byte	0
 728 003c 00       		.byte	0
 729 003d 06       		.uleb128 0x6
 730 003e 13       		.uleb128 0x13
 731 003f 01       		.byte	0x1
 732 0040 0B       		.uleb128 0xb
 733 0041 0B       		.uleb128 0xb
 734 0042 3A       		.uleb128 0x3a
 735 0043 0B       		.uleb128 0xb
 736 0044 3B       		.uleb128 0x3b
 737 0045 05       		.uleb128 0x5
 738 0046 01       		.uleb128 0x1
 739 0047 13       		.uleb128 0x13
ARM GAS  /var/folders/zv/18v39shs5gqc3xhz55t6cxb00000gn/T//cc4CiRDm.s 			page 14


 740 0048 00       		.byte	0
 741 0049 00       		.byte	0
 742 004a 07       		.uleb128 0x7
 743 004b 0D       		.uleb128 0xd
 744 004c 00       		.byte	0
 745 004d 03       		.uleb128 0x3
 746 004e 0E       		.uleb128 0xe
 747 004f 3A       		.uleb128 0x3a
 748 0050 0B       		.uleb128 0xb
 749 0051 3B       		.uleb128 0x3b
 750 0052 05       		.uleb128 0x5
 751 0053 49       		.uleb128 0x49
 752 0054 13       		.uleb128 0x13
 753 0055 38       		.uleb128 0x38
 754 0056 0B       		.uleb128 0xb
 755 0057 00       		.byte	0
 756 0058 00       		.byte	0
 757 0059 08       		.uleb128 0x8
 758 005a 16       		.uleb128 0x16
 759 005b 00       		.byte	0
 760 005c 03       		.uleb128 0x3
 761 005d 0E       		.uleb128 0xe
 762 005e 3A       		.uleb128 0x3a
 763 005f 0B       		.uleb128 0xb
 764 0060 3B       		.uleb128 0x3b
 765 0061 05       		.uleb128 0x5
 766 0062 49       		.uleb128 0x49
 767 0063 13       		.uleb128 0x13
 768 0064 00       		.byte	0
 769 0065 00       		.byte	0
 770 0066 09       		.uleb128 0x9
 771 0067 13       		.uleb128 0x13
 772 0068 01       		.byte	0x1
 773 0069 0B       		.uleb128 0xb
 774 006a 0B       		.uleb128 0xb
 775 006b 3A       		.uleb128 0x3a
 776 006c 0B       		.uleb128 0xb
 777 006d 3B       		.uleb128 0x3b
 778 006e 0B       		.uleb128 0xb
 779 006f 01       		.uleb128 0x1
 780 0070 13       		.uleb128 0x13
 781 0071 00       		.byte	0
 782 0072 00       		.byte	0
 783 0073 0A       		.uleb128 0xa
 784 0074 0D       		.uleb128 0xd
 785 0075 00       		.byte	0
 786 0076 03       		.uleb128 0x3
 787 0077 0E       		.uleb128 0xe
 788 0078 3A       		.uleb128 0x3a
 789 0079 0B       		.uleb128 0xb
 790 007a 3B       		.uleb128 0x3b
 791 007b 0B       		.uleb128 0xb
 792 007c 49       		.uleb128 0x49
 793 007d 13       		.uleb128 0x13
 794 007e 38       		.uleb128 0x38
 795 007f 0B       		.uleb128 0xb
 796 0080 00       		.byte	0
ARM GAS  /var/folders/zv/18v39shs5gqc3xhz55t6cxb00000gn/T//cc4CiRDm.s 			page 15


 797 0081 00       		.byte	0
 798 0082 0B       		.uleb128 0xb
 799 0083 0D       		.uleb128 0xd
 800 0084 00       		.byte	0
 801 0085 03       		.uleb128 0x3
 802 0086 08       		.uleb128 0x8
 803 0087 3A       		.uleb128 0x3a
 804 0088 0B       		.uleb128 0xb
 805 0089 3B       		.uleb128 0x3b
 806 008a 0B       		.uleb128 0xb
 807 008b 49       		.uleb128 0x49
 808 008c 13       		.uleb128 0x13
 809 008d 38       		.uleb128 0x38
 810 008e 0B       		.uleb128 0xb
 811 008f 00       		.byte	0
 812 0090 00       		.byte	0
 813 0091 0C       		.uleb128 0xc
 814 0092 2E       		.uleb128 0x2e
 815 0093 01       		.byte	0x1
 816 0094 3F       		.uleb128 0x3f
 817 0095 19       		.uleb128 0x19
 818 0096 03       		.uleb128 0x3
 819 0097 0E       		.uleb128 0xe
 820 0098 3A       		.uleb128 0x3a
 821 0099 0B       		.uleb128 0xb
 822 009a 3B       		.uleb128 0x3b
 823 009b 0B       		.uleb128 0xb
 824 009c 27       		.uleb128 0x27
 825 009d 19       		.uleb128 0x19
 826 009e 49       		.uleb128 0x49
 827 009f 13       		.uleb128 0x13
 828 00a0 20       		.uleb128 0x20
 829 00a1 0B       		.uleb128 0xb
 830 00a2 01       		.uleb128 0x1
 831 00a3 13       		.uleb128 0x13
 832 00a4 00       		.byte	0
 833 00a5 00       		.byte	0
 834 00a6 0D       		.uleb128 0xd
 835 00a7 05       		.uleb128 0x5
 836 00a8 00       		.byte	0
 837 00a9 03       		.uleb128 0x3
 838 00aa 0E       		.uleb128 0xe
 839 00ab 3A       		.uleb128 0x3a
 840 00ac 0B       		.uleb128 0xb
 841 00ad 3B       		.uleb128 0x3b
 842 00ae 0B       		.uleb128 0xb
 843 00af 49       		.uleb128 0x49
 844 00b0 13       		.uleb128 0x13
 845 00b1 00       		.byte	0
 846 00b2 00       		.byte	0
 847 00b3 0E       		.uleb128 0xe
 848 00b4 05       		.uleb128 0x5
 849 00b5 00       		.byte	0
 850 00b6 03       		.uleb128 0x3
 851 00b7 08       		.uleb128 0x8
 852 00b8 3A       		.uleb128 0x3a
 853 00b9 0B       		.uleb128 0xb
ARM GAS  /var/folders/zv/18v39shs5gqc3xhz55t6cxb00000gn/T//cc4CiRDm.s 			page 16


 854 00ba 3B       		.uleb128 0x3b
 855 00bb 0B       		.uleb128 0xb
 856 00bc 49       		.uleb128 0x49
 857 00bd 13       		.uleb128 0x13
 858 00be 00       		.byte	0
 859 00bf 00       		.byte	0
 860 00c0 0F       		.uleb128 0xf
 861 00c1 34       		.uleb128 0x34
 862 00c2 00       		.byte	0
 863 00c3 03       		.uleb128 0x3
 864 00c4 08       		.uleb128 0x8
 865 00c5 3A       		.uleb128 0x3a
 866 00c6 0B       		.uleb128 0xb
 867 00c7 3B       		.uleb128 0x3b
 868 00c8 0B       		.uleb128 0xb
 869 00c9 49       		.uleb128 0x49
 870 00ca 13       		.uleb128 0x13
 871 00cb 00       		.byte	0
 872 00cc 00       		.byte	0
 873 00cd 10       		.uleb128 0x10
 874 00ce 2E       		.uleb128 0x2e
 875 00cf 01       		.byte	0x1
 876 00d0 3F       		.uleb128 0x3f
 877 00d1 19       		.uleb128 0x19
 878 00d2 03       		.uleb128 0x3
 879 00d3 0E       		.uleb128 0xe
 880 00d4 3A       		.uleb128 0x3a
 881 00d5 0B       		.uleb128 0xb
 882 00d6 3B       		.uleb128 0x3b
 883 00d7 0B       		.uleb128 0xb
 884 00d8 27       		.uleb128 0x27
 885 00d9 19       		.uleb128 0x19
 886 00da 11       		.uleb128 0x11
 887 00db 01       		.uleb128 0x1
 888 00dc 12       		.uleb128 0x12
 889 00dd 06       		.uleb128 0x6
 890 00de 40       		.uleb128 0x40
 891 00df 18       		.uleb128 0x18
 892 00e0 9742     		.uleb128 0x2117
 893 00e2 19       		.uleb128 0x19
 894 00e3 01       		.uleb128 0x1
 895 00e4 13       		.uleb128 0x13
 896 00e5 00       		.byte	0
 897 00e6 00       		.byte	0
 898 00e7 11       		.uleb128 0x11
 899 00e8 898201   		.uleb128 0x4109
 900 00eb 00       		.byte	0
 901 00ec 11       		.uleb128 0x11
 902 00ed 01       		.uleb128 0x1
 903 00ee 31       		.uleb128 0x31
 904 00ef 13       		.uleb128 0x13
 905 00f0 00       		.byte	0
 906 00f1 00       		.byte	0
 907 00f2 12       		.uleb128 0x12
 908 00f3 898201   		.uleb128 0x4109
 909 00f6 00       		.byte	0
 910 00f7 11       		.uleb128 0x11
ARM GAS  /var/folders/zv/18v39shs5gqc3xhz55t6cxb00000gn/T//cc4CiRDm.s 			page 17


 911 00f8 01       		.uleb128 0x1
 912 00f9 9542     		.uleb128 0x2115
 913 00fb 19       		.uleb128 0x19
 914 00fc 31       		.uleb128 0x31
 915 00fd 13       		.uleb128 0x13
 916 00fe 00       		.byte	0
 917 00ff 00       		.byte	0
 918 0100 13       		.uleb128 0x13
 919 0101 2E       		.uleb128 0x2e
 920 0102 01       		.byte	0x1
 921 0103 31       		.uleb128 0x31
 922 0104 13       		.uleb128 0x13
 923 0105 11       		.uleb128 0x11
 924 0106 01       		.uleb128 0x1
 925 0107 12       		.uleb128 0x12
 926 0108 06       		.uleb128 0x6
 927 0109 40       		.uleb128 0x40
 928 010a 18       		.uleb128 0x18
 929 010b 9742     		.uleb128 0x2117
 930 010d 19       		.uleb128 0x19
 931 010e 01       		.uleb128 0x1
 932 010f 13       		.uleb128 0x13
 933 0110 00       		.byte	0
 934 0111 00       		.byte	0
 935 0112 14       		.uleb128 0x14
 936 0113 05       		.uleb128 0x5
 937 0114 00       		.byte	0
 938 0115 31       		.uleb128 0x31
 939 0116 13       		.uleb128 0x13
 940 0117 02       		.uleb128 0x2
 941 0118 17       		.uleb128 0x17
 942 0119 00       		.byte	0
 943 011a 00       		.byte	0
 944 011b 15       		.uleb128 0x15
 945 011c 05       		.uleb128 0x5
 946 011d 00       		.byte	0
 947 011e 31       		.uleb128 0x31
 948 011f 13       		.uleb128 0x13
 949 0120 02       		.uleb128 0x2
 950 0121 18       		.uleb128 0x18
 951 0122 00       		.byte	0
 952 0123 00       		.byte	0
 953 0124 16       		.uleb128 0x16
 954 0125 34       		.uleb128 0x34
 955 0126 00       		.byte	0
 956 0127 31       		.uleb128 0x31
 957 0128 13       		.uleb128 0x13
 958 0129 02       		.uleb128 0x2
 959 012a 18       		.uleb128 0x18
 960 012b 00       		.byte	0
 961 012c 00       		.byte	0
 962 012d 17       		.uleb128 0x17
 963 012e 05       		.uleb128 0x5
 964 012f 00       		.byte	0
 965 0130 03       		.uleb128 0x3
 966 0131 0E       		.uleb128 0xe
 967 0132 3A       		.uleb128 0x3a
ARM GAS  /var/folders/zv/18v39shs5gqc3xhz55t6cxb00000gn/T//cc4CiRDm.s 			page 18


 968 0133 0B       		.uleb128 0xb
 969 0134 3B       		.uleb128 0x3b
 970 0135 0B       		.uleb128 0xb
 971 0136 49       		.uleb128 0x49
 972 0137 13       		.uleb128 0x13
 973 0138 02       		.uleb128 0x2
 974 0139 17       		.uleb128 0x17
 975 013a 00       		.byte	0
 976 013b 00       		.byte	0
 977 013c 18       		.uleb128 0x18
 978 013d 34       		.uleb128 0x34
 979 013e 00       		.byte	0
 980 013f 03       		.uleb128 0x3
 981 0140 0E       		.uleb128 0xe
 982 0141 3A       		.uleb128 0x3a
 983 0142 0B       		.uleb128 0xb
 984 0143 3B       		.uleb128 0x3b
 985 0144 0B       		.uleb128 0xb
 986 0145 49       		.uleb128 0x49
 987 0146 13       		.uleb128 0x13
 988 0147 02       		.uleb128 0x2
 989 0148 18       		.uleb128 0x18
 990 0149 00       		.byte	0
 991 014a 00       		.byte	0
 992 014b 19       		.uleb128 0x19
 993 014c 1D       		.uleb128 0x1d
 994 014d 01       		.byte	0x1
 995 014e 31       		.uleb128 0x31
 996 014f 13       		.uleb128 0x13
 997 0150 11       		.uleb128 0x11
 998 0151 01       		.uleb128 0x1
 999 0152 12       		.uleb128 0x12
 1000 0153 06       		.uleb128 0x6
 1001 0154 58       		.uleb128 0x58
 1002 0155 0B       		.uleb128 0xb
 1003 0156 59       		.uleb128 0x59
 1004 0157 0B       		.uleb128 0xb
 1005 0158 00       		.byte	0
 1006 0159 00       		.byte	0
 1007 015a 1A       		.uleb128 0x1a
 1008 015b 0B       		.uleb128 0xb
 1009 015c 01       		.byte	0x1
 1010 015d 11       		.uleb128 0x11
 1011 015e 01       		.uleb128 0x1
 1012 015f 12       		.uleb128 0x12
 1013 0160 06       		.uleb128 0x6
 1014 0161 00       		.byte	0
 1015 0162 00       		.byte	0
 1016 0163 1B       		.uleb128 0x1b
 1017 0164 34       		.uleb128 0x34
 1018 0165 00       		.byte	0
 1019 0166 31       		.uleb128 0x31
 1020 0167 13       		.uleb128 0x13
 1021 0168 02       		.uleb128 0x2
 1022 0169 17       		.uleb128 0x17
 1023 016a 00       		.byte	0
 1024 016b 00       		.byte	0
ARM GAS  /var/folders/zv/18v39shs5gqc3xhz55t6cxb00000gn/T//cc4CiRDm.s 			page 19


 1025 016c 1C       		.uleb128 0x1c
 1026 016d 34       		.uleb128 0x34
 1027 016e 00       		.byte	0
 1028 016f 03       		.uleb128 0x3
 1029 0170 0E       		.uleb128 0xe
 1030 0171 3A       		.uleb128 0x3a
 1031 0172 0B       		.uleb128 0xb
 1032 0173 3B       		.uleb128 0x3b
 1033 0174 05       		.uleb128 0x5
 1034 0175 49       		.uleb128 0x49
 1035 0176 13       		.uleb128 0x13
 1036 0177 3F       		.uleb128 0x3f
 1037 0178 19       		.uleb128 0x19
 1038 0179 3C       		.uleb128 0x3c
 1039 017a 19       		.uleb128 0x19
 1040 017b 00       		.byte	0
 1041 017c 00       		.byte	0
 1042 017d 1D       		.uleb128 0x1d
 1043 017e 26       		.uleb128 0x26
 1044 017f 00       		.byte	0
 1045 0180 49       		.uleb128 0x49
 1046 0181 13       		.uleb128 0x13
 1047 0182 00       		.byte	0
 1048 0183 00       		.byte	0
 1049 0184 1E       		.uleb128 0x1e
 1050 0185 2E       		.uleb128 0x2e
 1051 0186 00       		.byte	0
 1052 0187 3F       		.uleb128 0x3f
 1053 0188 19       		.uleb128 0x19
 1054 0189 03       		.uleb128 0x3
 1055 018a 0E       		.uleb128 0xe
 1056 018b 3A       		.uleb128 0x3a
 1057 018c 0B       		.uleb128 0xb
 1058 018d 3B       		.uleb128 0x3b
 1059 018e 05       		.uleb128 0x5
 1060 018f 27       		.uleb128 0x27
 1061 0190 19       		.uleb128 0x19
 1062 0191 3C       		.uleb128 0x3c
 1063 0192 19       		.uleb128 0x19
 1064 0193 00       		.byte	0
 1065 0194 00       		.byte	0
 1066 0195 1F       		.uleb128 0x1f
 1067 0196 2E       		.uleb128 0x2e
 1068 0197 01       		.byte	0x1
 1069 0198 3F       		.uleb128 0x3f
 1070 0199 19       		.uleb128 0x19
 1071 019a 03       		.uleb128 0x3
 1072 019b 0E       		.uleb128 0xe
 1073 019c 3A       		.uleb128 0x3a
 1074 019d 0B       		.uleb128 0xb
 1075 019e 3B       		.uleb128 0x3b
 1076 019f 05       		.uleb128 0x5
 1077 01a0 27       		.uleb128 0x27
 1078 01a1 19       		.uleb128 0x19
 1079 01a2 3C       		.uleb128 0x3c
 1080 01a3 19       		.uleb128 0x19
 1081 01a4 01       		.uleb128 0x1
ARM GAS  /var/folders/zv/18v39shs5gqc3xhz55t6cxb00000gn/T//cc4CiRDm.s 			page 20


 1082 01a5 13       		.uleb128 0x13
 1083 01a6 00       		.byte	0
 1084 01a7 00       		.byte	0
 1085 01a8 20       		.uleb128 0x20
 1086 01a9 05       		.uleb128 0x5
 1087 01aa 00       		.byte	0
 1088 01ab 49       		.uleb128 0x49
 1089 01ac 13       		.uleb128 0x13
 1090 01ad 00       		.byte	0
 1091 01ae 00       		.byte	0
 1092 01af 21       		.uleb128 0x21
 1093 01b0 0F       		.uleb128 0xf
 1094 01b1 00       		.byte	0
 1095 01b2 0B       		.uleb128 0xb
 1096 01b3 0B       		.uleb128 0xb
 1097 01b4 49       		.uleb128 0x49
 1098 01b5 13       		.uleb128 0x13
 1099 01b6 00       		.byte	0
 1100 01b7 00       		.byte	0
 1101 01b8 22       		.uleb128 0x22
 1102 01b9 2E       		.uleb128 0x2e
 1103 01ba 00       		.byte	0
 1104 01bb 3F       		.uleb128 0x3f
 1105 01bc 19       		.uleb128 0x19
 1106 01bd 03       		.uleb128 0x3
 1107 01be 0E       		.uleb128 0xe
 1108 01bf 3A       		.uleb128 0x3a
 1109 01c0 0B       		.uleb128 0xb
 1110 01c1 3B       		.uleb128 0x3b
 1111 01c2 0B       		.uleb128 0xb
 1112 01c3 27       		.uleb128 0x27
 1113 01c4 19       		.uleb128 0x19
 1114 01c5 3C       		.uleb128 0x3c
 1115 01c6 19       		.uleb128 0x19
 1116 01c7 00       		.byte	0
 1117 01c8 00       		.byte	0
 1118 01c9 00       		.byte	0
 1119              		.section	.debug_loc,"",%progbits
 1120              	.Ldebug_loc0:
 1121              	.LLST0:
 1122 0000 00000000 		.4byte	.LVL8
 1123 0004 12000000 		.4byte	.LVL10
 1124 0008 0100     		.2byte	0x1
 1125 000a 50       		.byte	0x50
 1126 000b 12000000 		.4byte	.LVL10
 1127 000f 16000000 		.4byte	.LVL11
 1128 0013 0400     		.2byte	0x4
 1129 0015 F3       		.byte	0xf3
 1130 0016 01       		.uleb128 0x1
 1131 0017 50       		.byte	0x50
 1132 0018 9F       		.byte	0x9f
 1133 0019 16000000 		.4byte	.LVL11
 1134 001d 1C000000 		.4byte	.LVL12
 1135 0021 0100     		.2byte	0x1
 1136 0023 50       		.byte	0x50
 1137 0024 1C000000 		.4byte	.LVL12
 1138 0028 1E000000 		.4byte	.LVL13
ARM GAS  /var/folders/zv/18v39shs5gqc3xhz55t6cxb00000gn/T//cc4CiRDm.s 			page 21


 1139 002c 0400     		.2byte	0x4
 1140 002e F3       		.byte	0xf3
 1141 002f 01       		.uleb128 0x1
 1142 0030 50       		.byte	0x50
 1143 0031 9F       		.byte	0x9f
 1144 0032 1E000000 		.4byte	.LVL13
 1145 0036 20000000 		.4byte	.LVL14
 1146 003a 0100     		.2byte	0x1
 1147 003c 50       		.byte	0x50
 1148 003d 20000000 		.4byte	.LVL14
 1149 0041 28000000 		.4byte	.LFE119
 1150 0045 0400     		.2byte	0x4
 1151 0047 F3       		.byte	0xf3
 1152 0048 01       		.uleb128 0x1
 1153 0049 50       		.byte	0x50
 1154 004a 9F       		.byte	0x9f
 1155 004b 00000000 		.4byte	0
 1156 004f 00000000 		.4byte	0
 1157              	.LLST1:
 1158 0053 00000000 		.4byte	.LVL15
 1159 0057 06000000 		.4byte	.LVL17
 1160 005b 0100     		.2byte	0x1
 1161 005d 50       		.byte	0x50
 1162 005e 06000000 		.4byte	.LVL17
 1163 0062 28000000 		.4byte	.LFE120
 1164 0066 0400     		.2byte	0x4
 1165 0068 F3       		.byte	0xf3
 1166 0069 01       		.uleb128 0x1
 1167 006a 50       		.byte	0x50
 1168 006b 9F       		.byte	0x9f
 1169 006c 00000000 		.4byte	0
 1170 0070 00000000 		.4byte	0
 1171              	.LLST2:
 1172 0074 0A000000 		.4byte	.LVL18
 1173 0078 1C000000 		.4byte	.LVL19
 1174 007c 0100     		.2byte	0x1
 1175 007e 53       		.byte	0x53
 1176 007f 00000000 		.4byte	0
 1177 0083 00000000 		.4byte	0
 1178              		.section	.debug_aranges,"",%progbits
 1179 0000 2C000000 		.4byte	0x2c
 1180 0004 0200     		.2byte	0x2
 1181 0006 00000000 		.4byte	.Ldebug_info0
 1182 000a 04       		.byte	0x4
 1183 000b 00       		.byte	0
 1184 000c 0000     		.2byte	0
 1185 000e 0000     		.2byte	0
 1186 0010 00000000 		.4byte	.LFB118
 1187 0014 2C000000 		.4byte	.LFE118-.LFB118
 1188 0018 00000000 		.4byte	.LFB119
 1189 001c 28000000 		.4byte	.LFE119-.LFB119
 1190 0020 00000000 		.4byte	.LFB120
 1191 0024 28000000 		.4byte	.LFE120-.LFB120
 1192 0028 00000000 		.4byte	0
 1193 002c 00000000 		.4byte	0
 1194              		.section	.debug_ranges,"",%progbits
 1195              	.Ldebug_ranges0:
ARM GAS  /var/folders/zv/18v39shs5gqc3xhz55t6cxb00000gn/T//cc4CiRDm.s 			page 22


 1196 0000 00000000 		.4byte	.LFB118
 1197 0004 2C000000 		.4byte	.LFE118
 1198 0008 00000000 		.4byte	.LFB119
 1199 000c 28000000 		.4byte	.LFE119
 1200 0010 00000000 		.4byte	.LFB120
 1201 0014 28000000 		.4byte	.LFE120
 1202 0018 00000000 		.4byte	0
 1203 001c 00000000 		.4byte	0
 1204              		.section	.debug_line,"",%progbits
 1205              	.Ldebug_line0:
 1206 0000 D7020000 		.section	.debug_str,"MS",%progbits,1
 1206      02006D02 
 1206      00000201 
 1206      FB0E0D00 
 1206      01010101 
 1207              	.LASF62:
 1208 0000 7469636B 		.ascii	"ticks\000"
 1208      7300
 1209              	.LASF63:
 1210 0006 5F70616C 		.ascii	"_pal_lld_init\000"
 1210      5F6C6C64 
 1210      5F696E69 
 1210      7400
 1211              	.LASF59:
 1212 0014 2E2F6368 		.ascii	"./chibios/os/hal/src/hal.c\000"
 1212      6962696F 
 1212      732F6F73 
 1212      2F68616C 
 1212      2F737263 
 1213              	.LASF50:
 1214 002f 70616C5F 		.ascii	"pal_default_config\000"
 1214      64656661 
 1214      756C745F 
 1214      636F6E66 
 1214      696700
 1215              	.LASF3:
 1216 0042 73686F72 		.ascii	"short int\000"
 1216      7420696E 
 1216      7400
 1217              	.LASF60:
 1218 004c 2F557365 		.ascii	"/Users/Daniel/Documents/Bachelor/Kode/rov-subside20"
 1218      72732F44 
 1218      616E6965 
 1218      6C2F446F 
 1218      63756D65 
 1219 007f 31352F54 		.ascii	"15/ThrusterModule\000"
 1219      68727573 
 1219      7465724D 
 1219      6F64756C 
 1219      6500
 1220              	.LASF16:
 1221 0091 73697A65 		.ascii	"sizetype\000"
 1221      74797065 
 1221      00
 1222              	.LASF24:
 1223 009a 50435352 		.ascii	"PCSR\000"
 1223      00
ARM GAS  /var/folders/zv/18v39shs5gqc3xhz55t6cxb00000gn/T//cc4CiRDm.s 			page 23


 1224              	.LASF40:
 1225 009f 50464461 		.ascii	"PFData\000"
 1225      746100
 1226              	.LASF43:
 1227 00a6 50494461 		.ascii	"PIData\000"
 1227      746100
 1228              	.LASF23:
 1229 00ad 464F4C44 		.ascii	"FOLDCNT\000"
 1229      434E5400 
 1230              	.LASF56:
 1231 00b5 73706949 		.ascii	"spiInit\000"
 1231      6E697400 
 1232              	.LASF7:
 1233 00bd 5F5F7569 		.ascii	"__uint32_t\000"
 1233      6E743332 
 1233      5F7400
 1234              	.LASF33:
 1235 00c8 61667268 		.ascii	"afrh\000"
 1235      00
 1236              	.LASF55:
 1237 00cd 7364496E 		.ascii	"sdInit\000"
 1237      697400
 1238              	.LASF15:
 1239 00d4 494F5245 		.ascii	"IOREG32\000"
 1239      47333200 
 1240              	.LASF35:
 1241 00dc 50414461 		.ascii	"PAData\000"
 1241      746100
 1242              	.LASF9:
 1243 00e3 6C6F6E67 		.ascii	"long long int\000"
 1243      206C6F6E 
 1243      6720696E 
 1243      7400
 1244              	.LASF46:
 1245 00f1 68616C49 		.ascii	"halInit\000"
 1245      6E697400 
 1246              	.LASF18:
 1247 00f9 43594343 		.ascii	"CYCCNT\000"
 1247      4E5400
 1248              	.LASF6:
 1249 0100 5F5F696E 		.ascii	"__int32_t\000"
 1249      7433325F 
 1249      7400
 1250              	.LASF30:
 1251 010a 6F737065 		.ascii	"ospeedr\000"
 1251      65647200 
 1252              	.LASF5:
 1253 0112 6C6F6E67 		.ascii	"long int\000"
 1253      20696E74 
 1253      00
 1254              	.LASF54:
 1255 011b 70776D49 		.ascii	"pwmInit\000"
 1255      6E697400 
 1256              	.LASF38:
 1257 0123 50444461 		.ascii	"PDData\000"
 1257      746100
 1258              	.LASF47:
ARM GAS  /var/folders/zv/18v39shs5gqc3xhz55t6cxb00000gn/T//cc4CiRDm.s 			page 24


 1259 012a 68616C50 		.ascii	"halPolledDelay\000"
 1259      6F6C6C65 
 1259      6444656C 
 1259      617900
 1260              	.LASF57:
 1261 0139 626F6172 		.ascii	"boardInit\000"
 1261      64496E69 
 1261      7400
 1262              	.LASF41:
 1263 0143 50474461 		.ascii	"PGData\000"
 1263      746100
 1264              	.LASF37:
 1265 014a 50434461 		.ascii	"PCData\000"
 1265      746100
 1266              	.LASF2:
 1267 0151 756E7369 		.ascii	"unsigned char\000"
 1267      676E6564 
 1267      20636861 
 1267      7200
 1268              	.LASF17:
 1269 015f 4354524C 		.ascii	"CTRL\000"
 1269      00
 1270              	.LASF1:
 1271 0164 7369676E 		.ascii	"signed char\000"
 1271      65642063 
 1271      68617200 
 1272              	.LASF10:
 1273 0170 6C6F6E67 		.ascii	"long long unsigned int\000"
 1273      206C6F6E 
 1273      6720756E 
 1273      7369676E 
 1273      65642069 
 1274              	.LASF12:
 1275 0187 75696E74 		.ascii	"uint32_t\000"
 1275      33325F74 
 1275      00
 1276              	.LASF29:
 1277 0190 6F747970 		.ascii	"otyper\000"
 1277      657200
 1278              	.LASF34:
 1279 0197 73746D33 		.ascii	"stm32_gpio_setup_t\000"
 1279      325F6770 
 1279      696F5F73 
 1279      65747570 
 1279      5F7400
 1280              	.LASF51:
 1281 01aa 68616C5F 		.ascii	"hal_lld_init\000"
 1281      6C6C645F 
 1281      696E6974 
 1281      00
 1282              	.LASF45:
 1283 01b7 73746172 		.ascii	"start\000"
 1283      7400
 1284              	.LASF4:
 1285 01bd 73686F72 		.ascii	"short unsigned int\000"
 1285      7420756E 
 1285      7369676E 
ARM GAS  /var/folders/zv/18v39shs5gqc3xhz55t6cxb00000gn/T//cc4CiRDm.s 			page 25


 1285      65642069 
 1285      6E7400
 1286              	.LASF26:
 1287 01d0 63686172 		.ascii	"char\000"
 1287      00
 1288              	.LASF11:
 1289 01d5 696E7433 		.ascii	"int32_t\000"
 1289      325F7400 
 1290              	.LASF13:
 1291 01dd 626F6F6C 		.ascii	"bool_t\000"
 1291      5F7400
 1292              	.LASF44:
 1293 01e4 50414C43 		.ascii	"PALConfig\000"
 1293      6F6E6669 
 1293      6700
 1294              	.LASF36:
 1295 01ee 50424461 		.ascii	"PBData\000"
 1295      746100
 1296              	.LASF14:
 1297 01f5 5F426F6F 		.ascii	"_Bool\000"
 1297      6C00
 1298              	.LASF53:
 1299 01fb 63616E49 		.ascii	"canInit\000"
 1299      6E697400 
 1300              	.LASF25:
 1301 0203 434D785F 		.ascii	"CMx_DWT\000"
 1301      44575400 
 1302              	.LASF39:
 1303 020b 50454461 		.ascii	"PEData\000"
 1303      746100
 1304              	.LASF19:
 1305 0212 43504943 		.ascii	"CPICNT\000"
 1305      4E5400
 1306              	.LASF8:
 1307 0219 6C6F6E67 		.ascii	"long unsigned int\000"
 1307      20756E73 
 1307      69676E65 
 1307      6420696E 
 1307      7400
 1308              	.LASF42:
 1309 022b 50484461 		.ascii	"PHData\000"
 1309      746100
 1310              	.LASF27:
 1311 0232 68616C72 		.ascii	"halrtcnt_t\000"
 1311      74636E74 
 1311      5F7400
 1312              	.LASF21:
 1313 023d 534C4545 		.ascii	"SLEEPCNT\000"
 1313      50434E54 
 1313      00
 1314              	.LASF31:
 1315 0246 70757064 		.ascii	"pupdr\000"
 1315      7200
 1316              	.LASF22:
 1317 024c 4C535543 		.ascii	"LSUCNT\000"
 1317      4E5400
 1318              	.LASF58:
ARM GAS  /var/folders/zv/18v39shs5gqc3xhz55t6cxb00000gn/T//cc4CiRDm.s 			page 26


 1319 0253 474E5520 		.ascii	"GNU C 4.9.3 20150303 (release) [ARM/embedded-4_9-br"
 1319      4320342E 
 1319      392E3320 
 1319      32303135 
 1319      30333033 
 1320 0286 616E6368 		.ascii	"anch revision 221220] -mcpu=cortex-m4 -mfloat-abi=h"
 1320      20726576 
 1320      6973696F 
 1320      6E203232 
 1320      31323230 
 1321 02b9 61726420 		.ascii	"ard -mfpu=fpv4-sp-d16 -mno-thumb-interwork -mthumb "
 1321      2D6D6670 
 1321      753D6670 
 1321      76342D73 
 1321      702D6431 
 1322 02ec 2D676764 		.ascii	"-ggdb -O2 -fomit-frame-pointer -falign-functions=16"
 1322      62202D4F 
 1322      32202D66 
 1322      6F6D6974 
 1322      2D667261 
 1323 031f 202D6666 		.ascii	" -ffunction-sections -fdata-sections -fno-common -f"
 1323      756E6374 
 1323      696F6E2D 
 1323      73656374 
 1323      696F6E73 
 1324 0352 73696E67 		.ascii	"single-precision-constant\000"
 1324      6C652D70 
 1324      72656369 
 1324      73696F6E 
 1324      2D636F6E 
 1325              	.LASF52:
 1326 036c 61646349 		.ascii	"adcInit\000"
 1326      6E697400 
 1327              	.LASF32:
 1328 0374 6166726C 		.ascii	"afrl\000"
 1328      00
 1329              	.LASF28:
 1330 0379 6D6F6465 		.ascii	"moder\000"
 1330      7200
 1331              	.LASF49:
 1332 037f 49544D5F 		.ascii	"ITM_RxBuffer\000"
 1332      52784275 
 1332      66666572 
 1332      00
 1333              	.LASF0:
 1334 038c 756E7369 		.ascii	"unsigned int\000"
 1334      676E6564 
 1334      20696E74 
 1334      00
 1335              	.LASF61:
 1336 0399 68616C49 		.ascii	"halIsCounterWithin\000"
 1336      73436F75 
 1336      6E746572 
 1336      57697468 
 1336      696E00
 1337              	.LASF20:
 1338 03ac 45584343 		.ascii	"EXCCNT\000"
ARM GAS  /var/folders/zv/18v39shs5gqc3xhz55t6cxb00000gn/T//cc4CiRDm.s 			page 27


 1338      4E5400
 1339              	.LASF48:
 1340 03b3 74696D65 		.ascii	"timeout\000"
 1340      6F757400 
 1341              		.ident	"GCC: (GNU Tools for ARM Embedded Processors) 4.9.3 20150303 (release) [ARM/embedded-4_9-br
ARM GAS  /var/folders/zv/18v39shs5gqc3xhz55t6cxb00000gn/T//cc4CiRDm.s 			page 28


DEFINED SYMBOLS
                            *ABS*:0000000000000000 hal.c
/var/folders/zv/18v39shs5gqc3xhz55t6cxb00000gn/T//cc4CiRDm.s:21     .text.halInit:0000000000000000 $t
/var/folders/zv/18v39shs5gqc3xhz55t6cxb00000gn/T//cc4CiRDm.s:27     .text.halInit:0000000000000000 halInit
/var/folders/zv/18v39shs5gqc3xhz55t6cxb00000gn/T//cc4CiRDm.s:71     .text.halInit:0000000000000028 $d
/var/folders/zv/18v39shs5gqc3xhz55t6cxb00000gn/T//cc4CiRDm.s:76     .text.halIsCounterWithin:0000000000000000 $t
/var/folders/zv/18v39shs5gqc3xhz55t6cxb00000gn/T//cc4CiRDm.s:82     .text.halIsCounterWithin:0000000000000000 halIsCounterWithin
/var/folders/zv/18v39shs5gqc3xhz55t6cxb00000gn/T//cc4CiRDm.s:126    .text.halIsCounterWithin:0000000000000024 $d
/var/folders/zv/18v39shs5gqc3xhz55t6cxb00000gn/T//cc4CiRDm.s:131    .text.halPolledDelay:0000000000000000 $t
/var/folders/zv/18v39shs5gqc3xhz55t6cxb00000gn/T//cc4CiRDm.s:137    .text.halPolledDelay:0000000000000000 halPolledDelay
/var/folders/zv/18v39shs5gqc3xhz55t6cxb00000gn/T//cc4CiRDm.s:185    .text.halPolledDelay:0000000000000024 $d
                     .debug_frame:0000000000000010 $d
/var/folders/zv/18v39shs5gqc3xhz55t6cxb00000gn/T//cc4CiRDm.s:75     .text.halInit:000000000000002c $t
/var/folders/zv/18v39shs5gqc3xhz55t6cxb00000gn/T//cc4CiRDm.s:130    .text.halIsCounterWithin:0000000000000028 $t
/var/folders/zv/18v39shs5gqc3xhz55t6cxb00000gn/T//cc4CiRDm.s:189    .text.halPolledDelay:0000000000000028 $t

UNDEFINED SYMBOLS
hal_lld_init
_pal_lld_init
adcInit
canInit
pwmInit
sdInit
spiInit
boardInit
pal_default_config
