ARM GAS  /var/folders/zv/18v39shs5gqc3xhz55t6cxb00000gn/T//ccTTNNk6.s 			page 1


   1              		.syntax unified
   2              		.cpu cortex-m4
   3              		.eabi_attribute 27, 1
   4              		.eabi_attribute 28, 1
   5              		.fpu fpv4-sp-d16
   6              		.eabi_attribute 20, 1
   7              		.eabi_attribute 21, 1
   8              		.eabi_attribute 23, 3
   9              		.eabi_attribute 24, 1
  10              		.eabi_attribute 25, 1
  11              		.eabi_attribute 26, 1
  12              		.eabi_attribute 30, 2
  13              		.eabi_attribute 34, 1
  14              		.eabi_attribute 18, 4
  15              		.thumb
  16              		.file	"lis302dl.c"
  17              		.text
  18              	.Ltext0:
  19              		.cfi_sections	.debug_frame
  20              		.section	.text.lis302dlReadRegister,"ax",%progbits
  21              		.align	2
  22              		.p2align 4,,15
  23              		.global	lis302dlReadRegister
  24              		.thumb
  25              		.thumb_func
  26              		.type	lis302dlReadRegister, %function
  27              	lis302dlReadRegister:
  28              	.LFB118:
  29              		.file 1 "./chibios/os/various/devices_lib/accel/lis302dl.c"
  30              		.loc 1 60 0
  31              		.cfi_startproc
  32              		@ args = 0, pretend = 0, frame = 0
  33              		@ frame_needed = 0, uses_anonymous_args = 0
  34              	.LVL0:
  35 0000 F8B5     		push	{r3, r4, r5, r6, r7, lr}
  36              		.cfi_def_cfa_offset 24
  37              		.cfi_offset 3, -24
  38              		.cfi_offset 4, -20
  39              		.cfi_offset 5, -16
  40              		.cfi_offset 6, -12
  41              		.cfi_offset 7, -8
  42              		.cfi_offset 14, -4
  43              		.loc 1 63 0
  44 0002 0C4C     		ldr	r4, .L3
  45              		.loc 1 65 0
  46 0004 0C4E     		ldr	r6, .L3+4
  47              		.loc 1 60 0
  48 0006 0746     		mov	r7, r0
  49 0008 0D46     		mov	r5, r1
  50              		.loc 1 63 0
  51 000a 65F07F05 		orn	r5, r5, #127
  52              		.loc 1 62 0
  53 000e FFF7FEFF 		bl	spiSelect
  54              	.LVL1:
  55              		.loc 1 64 0
  56 0012 4FF0FF0E 		mov	lr, #255
  57              		.loc 1 65 0
ARM GAS  /var/folders/zv/18v39shs5gqc3xhz55t6cxb00000gn/T//ccTTNNk6.s 			page 2


  58 0016 2246     		mov	r2, r4
  59 0018 3846     		mov	r0, r7
  60 001a 3346     		mov	r3, r6
  61 001c 0221     		movs	r1, #2
  62              		.loc 1 64 0
  63 001e 84F801E0 		strb	lr, [r4, #1]
  64              		.loc 1 63 0
  65 0022 2570     		strb	r5, [r4]
  66              		.loc 1 65 0
  67 0024 FFF7FEFF 		bl	spiExchange
  68              	.LVL2:
  69              		.loc 1 66 0
  70 0028 3846     		mov	r0, r7
  71 002a FFF7FEFF 		bl	spiUnselect
  72              	.LVL3:
  73              		.loc 1 68 0
  74 002e 7078     		ldrb	r0, [r6, #1]	@ zero_extendqisi2
  75 0030 F8BD     		pop	{r3, r4, r5, r6, r7, pc}
  76              	.LVL4:
  77              	.L4:
  78 0032 00BF     		.align	2
  79              	.L3:
  80 0034 00000000 		.word	.LANCHOR0
  81 0038 00000000 		.word	.LANCHOR1
  82              		.cfi_endproc
  83              	.LFE118:
  84              		.size	lis302dlReadRegister, .-lis302dlReadRegister
  85 003c AFF30080 		.section	.text.lis302dlWriteRegister,"ax",%progbits
  86              		.align	2
  87              		.p2align 4,,15
  88              		.global	lis302dlWriteRegister
  89              		.thumb
  90              		.thumb_func
  91              		.type	lis302dlWriteRegister, %function
  92              	lis302dlWriteRegister:
  93              	.LFB119:
  94              		.loc 1 78 0
  95              		.cfi_startproc
  96              		@ args = 0, pretend = 0, frame = 0
  97              		@ frame_needed = 0, uses_anonymous_args = 0
  98              	.LVL5:
  99 0000 A1F12003 		sub	r3, r1, #32
 100 0004 DBB2     		uxtb	r3, r3
 101 0006 1F2B     		cmp	r3, #31
 102 0008 70B5     		push	{r4, r5, r6, lr}
 103              		.cfi_def_cfa_offset 16
 104              		.cfi_offset 4, -16
 105              		.cfi_offset 5, -12
 106              		.cfi_offset 6, -8
 107              		.cfi_offset 14, -4
 108              		.loc 1 78 0
 109 000a 0C46     		mov	r4, r1
 110 000c 06D8     		bhi	.L5
 111 000e 1646     		mov	r6, r2
 112 0010 0121     		movs	r1, #1
 113              	.LVL6:
 114 0012 0B4A     		ldr	r2, .L13
ARM GAS  /var/folders/zv/18v39shs5gqc3xhz55t6cxb00000gn/T//ccTTNNk6.s 			page 3


 115              	.LVL7:
 116 0014 01FA03F3 		lsl	r3, r1, r3
 117 0018 1A40     		ands	r2, r2, r3
 118 001a 02B9     		cbnz	r2, .L12
 119              	.L5:
 120 001c 70BD     		pop	{r4, r5, r6, pc}
 121              	.L12:
 122 001e 0546     		mov	r5, r0
 123              		.loc 1 111 0
 124 0020 FFF7FEFF 		bl	spiSelect
 125              	.LVL8:
 126              		.loc 1 112 0
 127 0024 074B     		ldr	r3, .L13+4
 128              		.loc 1 114 0
 129 0026 2846     		mov	r0, r5
 130 0028 1A46     		mov	r2, r3
 131 002a 0221     		movs	r1, #2
 132              		.loc 1 112 0
 133 002c 1C70     		strb	r4, [r3]
 134              		.loc 1 113 0
 135 002e 5E70     		strb	r6, [r3, #1]
 136              		.loc 1 114 0
 137 0030 FFF7FEFF 		bl	spiSend
 138              	.LVL9:
 139              		.loc 1 115 0
 140 0034 2846     		mov	r0, r5
 141              		.loc 1 117 0
 142 0036 BDE87040 		pop	{r4, r5, r6, lr}
 143              		.cfi_restore 14
 144              		.cfi_restore 6
 145              		.cfi_restore 5
 146              		.cfi_restore 4
 147              		.cfi_def_cfa_offset 0
 148              	.LVL10:
 149              		.loc 1 115 0
 150 003a FFF7FEBF 		b	spiUnselect
 151              	.LVL11:
 152              	.L14:
 153 003e 00BF     		.align	2
 154              	.L13:
 155 0040 0700DDF9 		.word	-102957049
 156 0044 00000000 		.word	.LANCHOR0
 157              		.cfi_endproc
 158              	.LFE119:
 159              		.size	lis302dlWriteRegister, .-lis302dlWriteRegister
 160              		.section	.bss.rxbuf,"aw",%nobits
 161              		.align	2
 162              		.set	.LANCHOR1,. + 0
 163              		.type	rxbuf, %object
 164              		.size	rxbuf, 2
 165              	rxbuf:
 166 0000 0000     		.space	2
 167 0002 0000     		.section	.bss.txbuf,"aw",%nobits
 168              		.align	2
 169              		.set	.LANCHOR0,. + 0
 170              		.type	txbuf, %object
 171              		.size	txbuf, 2
ARM GAS  /var/folders/zv/18v39shs5gqc3xhz55t6cxb00000gn/T//ccTTNNk6.s 			page 4


 172              	txbuf:
 173 0000 0000     		.space	2
 174 0002 0000     		.text
 175              	.Letext0:
 176              		.file 2 "/Users/Daniel/Documents/Bachelor/Kode/rov-subside2015/arm/lib/gcc/arm-none-eabi/4.9.3/inc
 177              		.file 3 "/Users/Daniel/Documents/Bachelor/Kode/rov-subside2015/arm/arm-none-eabi/include/machine/_
 178              		.file 4 "/Users/Daniel/Documents/Bachelor/Kode/rov-subside2015/arm/arm-none-eabi/include/stdint.h"
 179              		.file 5 "./chibios/os/ports/GCC/ARMCMx/chtypes.h"
 180              		.file 6 "./chibios/os/kernel/include/chlists.h"
 181              		.file 7 "./chibios/os/kernel/include/chthreads.h"
 182              		.file 8 "./chibios/os/ports/GCC/ARMCMx/chcore_v7m.h"
 183              		.file 9 "./chibios/os/kernel/include/chmtx.h"
 184              		.file 10 "./chibios/os/hal/platforms/STM32F4xx/stm32f4xx.h"
 185              		.file 11 "./chibios/os/hal/platforms/STM32F4xx/stm32_dma.h"
 186              		.file 12 "./chibios/os/hal/platforms/STM32/GPIOv2/pal_lld.h"
 187              		.file 13 "./chibios/os/hal/include/spi.h"
 188              		.file 14 "./chibios/os/hal/platforms/STM32/SPIv1/spi_lld.h"
 189              		.file 15 "./chibios/os/ports/common/ARMCMx/CMSIS/include/core_cm4.h"
 190              		.section	.debug_info,"",%progbits
 191              	.Ldebug_info0:
 192 0000 3A0A0000 		.4byte	0xa3a
 193 0004 0400     		.2byte	0x4
 194 0006 00000000 		.4byte	.Ldebug_abbrev0
 195 000a 04       		.byte	0x4
 196 000b 01       		.uleb128 0x1
 197 000c 5C040000 		.4byte	.LASF125
 198 0010 01       		.byte	0x1
 199 0011 8D020000 		.4byte	.LASF126
 200 0015 42020000 		.4byte	.LASF127
 201 0019 00000000 		.4byte	.Ldebug_ranges0+0
 202 001d 00000000 		.4byte	0
 203 0021 00000000 		.4byte	.Ldebug_line0
 204 0025 02       		.uleb128 0x2
 205 0026 04       		.byte	0x4
 206 0027 05       		.byte	0x5
 207 0028 696E7400 		.ascii	"int\000"
 208 002c 03       		.uleb128 0x3
 209 002d 13000000 		.4byte	.LASF2
 210 0031 02       		.byte	0x2
 211 0032 D4       		.byte	0xd4
 212 0033 37000000 		.4byte	0x37
 213 0037 04       		.uleb128 0x4
 214 0038 04       		.byte	0x4
 215 0039 07       		.byte	0x7
 216 003a AE010000 		.4byte	.LASF0
 217 003e 04       		.uleb128 0x4
 218 003f 01       		.byte	0x1
 219 0040 06       		.byte	0x6
 220 0041 D6000000 		.4byte	.LASF1
 221 0045 03       		.uleb128 0x3
 222 0046 2F000000 		.4byte	.LASF3
 223 004a 03       		.byte	0x3
 224 004b 1D       		.byte	0x1d
 225 004c 50000000 		.4byte	0x50
 226 0050 04       		.uleb128 0x4
 227 0051 01       		.byte	0x1
 228 0052 08       		.byte	0x8
ARM GAS  /var/folders/zv/18v39shs5gqc3xhz55t6cxb00000gn/T//ccTTNNk6.s 			page 5


 229 0053 68030000 		.4byte	.LASF4
 230 0057 04       		.uleb128 0x4
 231 0058 02       		.byte	0x2
 232 0059 05       		.byte	0x5
 233 005a 93030000 		.4byte	.LASF5
 234 005e 03       		.uleb128 0x3
 235 005f 14040000 		.4byte	.LASF6
 236 0063 03       		.byte	0x3
 237 0064 2B       		.byte	0x2b
 238 0065 69000000 		.4byte	0x69
 239 0069 04       		.uleb128 0x4
 240 006a 02       		.byte	0x2
 241 006b 07       		.byte	0x7
 242 006c DF010000 		.4byte	.LASF7
 243 0070 03       		.uleb128 0x3
 244 0071 46040000 		.4byte	.LASF8
 245 0075 03       		.byte	0x3
 246 0076 3F       		.byte	0x3f
 247 0077 7B000000 		.4byte	0x7b
 248 007b 04       		.uleb128 0x4
 249 007c 04       		.byte	0x4
 250 007d 05       		.byte	0x5
 251 007e 30010000 		.4byte	.LASF9
 252 0082 03       		.uleb128 0x3
 253 0083 76010000 		.4byte	.LASF10
 254 0087 03       		.byte	0x3
 255 0088 41       		.byte	0x41
 256 0089 8D000000 		.4byte	0x8d
 257 008d 04       		.uleb128 0x4
 258 008e 04       		.byte	0x4
 259 008f 07       		.byte	0x7
 260 0090 F0000000 		.4byte	.LASF11
 261 0094 04       		.uleb128 0x4
 262 0095 08       		.byte	0x8
 263 0096 05       		.byte	0x5
 264 0097 C8000000 		.4byte	.LASF12
 265 009b 04       		.uleb128 0x4
 266 009c 08       		.byte	0x8
 267 009d 07       		.byte	0x7
 268 009e 51000000 		.4byte	.LASF13
 269 00a2 03       		.uleb128 0x3
 270 00a3 DF050000 		.4byte	.LASF14
 271 00a7 04       		.byte	0x4
 272 00a8 15       		.byte	0x15
 273 00a9 45000000 		.4byte	0x45
 274 00ad 03       		.uleb128 0x3
 275 00ae 00020000 		.4byte	.LASF15
 276 00b2 04       		.byte	0x4
 277 00b3 21       		.byte	0x21
 278 00b4 5E000000 		.4byte	0x5e
 279 00b8 03       		.uleb128 0x3
 280 00b9 60030000 		.4byte	.LASF16
 281 00bd 04       		.byte	0x4
 282 00be 2C       		.byte	0x2c
 283 00bf 70000000 		.4byte	0x70
 284 00c3 03       		.uleb128 0x3
 285 00c4 E6030000 		.4byte	.LASF17
ARM GAS  /var/folders/zv/18v39shs5gqc3xhz55t6cxb00000gn/T//ccTTNNk6.s 			page 6


 286 00c8 04       		.byte	0x4
 287 00c9 2D       		.byte	0x2d
 288 00ca 82000000 		.4byte	0x82
 289 00ce 04       		.uleb128 0x4
 290 00cf 01       		.byte	0x1
 291 00d0 02       		.byte	0x2
 292 00d1 5A030000 		.4byte	.LASF18
 293 00d5 03       		.uleb128 0x3
 294 00d6 F8010000 		.4byte	.LASF19
 295 00da 05       		.byte	0x5
 296 00db 2C       		.byte	0x2c
 297 00dc A2000000 		.4byte	0xa2
 298 00e0 03       		.uleb128 0x3
 299 00e1 39010000 		.4byte	.LASF20
 300 00e5 05       		.byte	0x5
 301 00e6 2D       		.byte	0x2d
 302 00e7 A2000000 		.4byte	0xa2
 303 00eb 03       		.uleb128 0x3
 304 00ec 06000000 		.4byte	.LASF21
 305 00f0 05       		.byte	0x5
 306 00f1 2E       		.byte	0x2e
 307 00f2 A2000000 		.4byte	0xa2
 308 00f6 03       		.uleb128 0x3
 309 00f7 12010000 		.4byte	.LASF22
 310 00fb 05       		.byte	0x5
 311 00fc 2F       		.byte	0x2f
 312 00fd A2000000 		.4byte	0xa2
 313 0101 03       		.uleb128 0x3
 314 0102 4C030000 		.4byte	.LASF23
 315 0106 05       		.byte	0x5
 316 0107 30       		.byte	0x30
 317 0108 C3000000 		.4byte	0xc3
 318 010c 03       		.uleb128 0x3
 319 010d F2010000 		.4byte	.LASF24
 320 0111 05       		.byte	0x5
 321 0112 31       		.byte	0x31
 322 0113 B8000000 		.4byte	0xb8
 323 0117 03       		.uleb128 0x3
 324 0118 15020000 		.4byte	.LASF25
 325 011c 05       		.byte	0x5
 326 011d 33       		.byte	0x33
 327 011e C3000000 		.4byte	0xc3
 328 0122 03       		.uleb128 0x3
 329 0123 31040000 		.4byte	.LASF26
 330 0127 05       		.byte	0x5
 331 0128 35       		.byte	0x35
 332 0129 C3000000 		.4byte	0xc3
 333 012d 03       		.uleb128 0x3
 334 012e C5030000 		.4byte	.LASF27
 335 0132 06       		.byte	0x6
 336 0133 2A       		.byte	0x2a
 337 0134 38010000 		.4byte	0x138
 338 0138 05       		.uleb128 0x5
 339 0139 C5030000 		.4byte	.LASF27
 340 013d 48       		.byte	0x48
 341 013e 07       		.byte	0x7
 342 013f 5E       		.byte	0x5e
ARM GAS  /var/folders/zv/18v39shs5gqc3xhz55t6cxb00000gn/T//ccTTNNk6.s 			page 7


 343 0140 35020000 		.4byte	0x235
 344 0144 06       		.uleb128 0x6
 345 0145 B6030000 		.4byte	.LASF28
 346 0149 07       		.byte	0x7
 347 014a 5F       		.byte	0x5f
 348 014b 56020000 		.4byte	0x256
 349 014f 00       		.byte	0
 350 0150 06       		.uleb128 0x6
 351 0151 27030000 		.4byte	.LASF29
 352 0155 07       		.byte	0x7
 353 0156 61       		.byte	0x61
 354 0157 56020000 		.4byte	0x256
 355 015b 04       		.byte	0x4
 356 015c 06       		.uleb128 0x6
 357 015d BB000000 		.4byte	.LASF30
 358 0161 07       		.byte	0x7
 359 0162 63       		.byte	0x63
 360 0163 01010000 		.4byte	0x101
 361 0167 08       		.byte	0x8
 362 0168 06       		.uleb128 0x6
 363 0169 1A060000 		.4byte	.LASF31
 364 016d 07       		.byte	0x7
 365 016e 64       		.byte	0x64
 366 016f E0030000 		.4byte	0x3e0
 367 0173 0C       		.byte	0xc
 368 0174 06       		.uleb128 0x6
 369 0175 42010000 		.4byte	.LASF32
 370 0179 07       		.byte	0x7
 371 017a 66       		.byte	0x66
 372 017b 56020000 		.4byte	0x256
 373 017f 10       		.byte	0x10
 374 0180 06       		.uleb128 0x6
 375 0181 BF020000 		.4byte	.LASF33
 376 0185 07       		.byte	0x7
 377 0186 67       		.byte	0x67
 378 0187 56020000 		.4byte	0x256
 379 018b 14       		.byte	0x14
 380 018c 06       		.uleb128 0x6
 381 018d F3050000 		.4byte	.LASF34
 382 0191 07       		.byte	0x7
 383 0192 6E       		.byte	0x6e
 384 0193 89040000 		.4byte	0x489
 385 0197 18       		.byte	0x18
 386 0198 06       		.uleb128 0x6
 387 0199 9D030000 		.4byte	.LASF35
 388 019d 07       		.byte	0x7
 389 019e 79       		.byte	0x79
 390 019f E0000000 		.4byte	0xe0
 391 01a3 1C       		.byte	0x1c
 392 01a4 06       		.uleb128 0x6
 393 01a5 BD030000 		.4byte	.LASF36
 394 01a9 07       		.byte	0x7
 395 01aa 7D       		.byte	0x7d
 396 01ab D5000000 		.4byte	0xd5
 397 01af 1D       		.byte	0x1d
 398 01b0 06       		.uleb128 0x6
 399 01b1 D1050000 		.4byte	.LASF37
ARM GAS  /var/folders/zv/18v39shs5gqc3xhz55t6cxb00000gn/T//ccTTNNk6.s 			page 8


 400 01b5 07       		.byte	0x7
 401 01b6 82       		.byte	0x82
 402 01b7 EB000000 		.4byte	0xeb
 403 01bb 1E       		.byte	0x1e
 404 01bc 06       		.uleb128 0x6
 405 01bd A5030000 		.4byte	.LASF38
 406 01c1 07       		.byte	0x7
 407 01c2 88       		.byte	0x88
 408 01c3 F6000000 		.4byte	0xf6
 409 01c7 1F       		.byte	0x1f
 410 01c8 06       		.uleb128 0x6
 411 01c9 C1010000 		.4byte	.LASF39
 412 01cd 07       		.byte	0x7
 413 01ce 8F       		.byte	0x8f
 414 01cf 0D040000 		.4byte	0x40d
 415 01d3 20       		.byte	0x20
 416 01d4 07       		.uleb128 0x7
 417 01d5 705F7500 		.ascii	"p_u\000"
 418 01d9 07       		.byte	0x7
 419 01da B4       		.byte	0xb4
 420 01db 54040000 		.4byte	0x454
 421 01df 24       		.byte	0x24
 422 01e0 06       		.uleb128 0x6
 423 01e1 20060000 		.4byte	.LASF40
 424 01e5 07       		.byte	0x7
 425 01e6 B9       		.byte	0xb9
 426 01e7 7C020000 		.4byte	0x27c
 427 01eb 28       		.byte	0x28
 428 01ec 06       		.uleb128 0x6
 429 01ed C8010000 		.4byte	.LASF41
 430 01f1 07       		.byte	0x7
 431 01f2 BF       		.byte	0xbf
 432 01f3 5C020000 		.4byte	0x25c
 433 01f7 2C       		.byte	0x2c
 434 01f8 06       		.uleb128 0x6
 435 01f9 0C060000 		.4byte	.LASF42
 436 01fd 07       		.byte	0x7
 437 01fe C3       		.byte	0xc3
 438 01ff 0C010000 		.4byte	0x10c
 439 0203 34       		.byte	0x34
 440 0204 06       		.uleb128 0x6
 441 0205 CC030000 		.4byte	.LASF43
 442 0209 07       		.byte	0x7
 443 020a C9       		.byte	0xc9
 444 020b 17010000 		.4byte	0x117
 445 020f 38       		.byte	0x38
 446 0210 06       		.uleb128 0x6
 447 0211 89030000 		.4byte	.LASF44
 448 0215 07       		.byte	0x7
 449 0216 D0       		.byte	0xd0
 450 0217 9B040000 		.4byte	0x49b
 451 021b 3C       		.byte	0x3c
 452 021c 06       		.uleb128 0x6
 453 021d 3B040000 		.4byte	.LASF45
 454 0221 07       		.byte	0x7
 455 0222 D4       		.byte	0xd4
 456 0223 01010000 		.4byte	0x101
ARM GAS  /var/folders/zv/18v39shs5gqc3xhz55t6cxb00000gn/T//ccTTNNk6.s 			page 9


 457 0227 40       		.byte	0x40
 458 0228 06       		.uleb128 0x6
 459 0229 81010000 		.4byte	.LASF46
 460 022d 07       		.byte	0x7
 461 022e DA       		.byte	0xda
 462 022f 92020000 		.4byte	0x292
 463 0233 44       		.byte	0x44
 464 0234 00       		.byte	0
 465 0235 08       		.uleb128 0x8
 466 0236 08       		.byte	0x8
 467 0237 06       		.byte	0x6
 468 0238 61       		.byte	0x61
 469 0239 56020000 		.4byte	0x256
 470 023d 06       		.uleb128 0x6
 471 023e B6030000 		.4byte	.LASF28
 472 0242 06       		.byte	0x6
 473 0243 62       		.byte	0x62
 474 0244 56020000 		.4byte	0x256
 475 0248 00       		.byte	0
 476 0249 06       		.uleb128 0x6
 477 024a 27030000 		.4byte	.LASF29
 478 024e 06       		.byte	0x6
 479 024f 64       		.byte	0x64
 480 0250 56020000 		.4byte	0x256
 481 0254 04       		.byte	0x4
 482 0255 00       		.byte	0
 483 0256 09       		.uleb128 0x9
 484 0257 04       		.byte	0x4
 485 0258 2D010000 		.4byte	0x12d
 486 025c 03       		.uleb128 0x3
 487 025d C7020000 		.4byte	.LASF47
 488 0261 06       		.byte	0x6
 489 0262 66       		.byte	0x66
 490 0263 35020000 		.4byte	0x235
 491 0267 08       		.uleb128 0x8
 492 0268 04       		.byte	0x4
 493 0269 06       		.byte	0x6
 494 026a 6B       		.byte	0x6b
 495 026b 7C020000 		.4byte	0x27c
 496 026f 06       		.uleb128 0x6
 497 0270 B6030000 		.4byte	.LASF28
 498 0274 06       		.byte	0x6
 499 0275 6D       		.byte	0x6d
 500 0276 56020000 		.4byte	0x256
 501 027a 00       		.byte	0
 502 027b 00       		.byte	0
 503 027c 03       		.uleb128 0x3
 504 027d 09020000 		.4byte	.LASF48
 505 0281 06       		.byte	0x6
 506 0282 70       		.byte	0x70
 507 0283 67020000 		.4byte	0x267
 508 0287 03       		.uleb128 0x3
 509 0288 89010000 		.4byte	.LASF49
 510 028c 08       		.byte	0x8
 511 028d E5       		.byte	0xe5
 512 028e 92020000 		.4byte	0x292
 513 0292 0A       		.uleb128 0xa
ARM GAS  /var/folders/zv/18v39shs5gqc3xhz55t6cxb00000gn/T//ccTTNNk6.s 			page 10


 514 0293 04       		.byte	0x4
 515 0294 0B       		.uleb128 0xb
 516 0295 A5050000 		.4byte	.LASF50
 517 0299 64       		.byte	0x64
 518 029a 08       		.byte	0x8
 519 029b 0C01     		.2byte	0x10c
 520 029d E0030000 		.4byte	0x3e0
 521 02a1 0C       		.uleb128 0xc
 522 02a2 73313600 		.ascii	"s16\000"
 523 02a6 08       		.byte	0x8
 524 02a7 0E01     		.2byte	0x10e
 525 02a9 87020000 		.4byte	0x287
 526 02ad 00       		.byte	0
 527 02ae 0C       		.uleb128 0xc
 528 02af 73313700 		.ascii	"s17\000"
 529 02b3 08       		.byte	0x8
 530 02b4 0F01     		.2byte	0x10f
 531 02b6 87020000 		.4byte	0x287
 532 02ba 04       		.byte	0x4
 533 02bb 0C       		.uleb128 0xc
 534 02bc 73313800 		.ascii	"s18\000"
 535 02c0 08       		.byte	0x8
 536 02c1 1001     		.2byte	0x110
 537 02c3 87020000 		.4byte	0x287
 538 02c7 08       		.byte	0x8
 539 02c8 0C       		.uleb128 0xc
 540 02c9 73313900 		.ascii	"s19\000"
 541 02cd 08       		.byte	0x8
 542 02ce 1101     		.2byte	0x111
 543 02d0 87020000 		.4byte	0x287
 544 02d4 0C       		.byte	0xc
 545 02d5 0C       		.uleb128 0xc
 546 02d6 73323000 		.ascii	"s20\000"
 547 02da 08       		.byte	0x8
 548 02db 1201     		.2byte	0x112
 549 02dd 87020000 		.4byte	0x287
 550 02e1 10       		.byte	0x10
 551 02e2 0C       		.uleb128 0xc
 552 02e3 73323100 		.ascii	"s21\000"
 553 02e7 08       		.byte	0x8
 554 02e8 1301     		.2byte	0x113
 555 02ea 87020000 		.4byte	0x287
 556 02ee 14       		.byte	0x14
 557 02ef 0C       		.uleb128 0xc
 558 02f0 73323200 		.ascii	"s22\000"
 559 02f4 08       		.byte	0x8
 560 02f5 1401     		.2byte	0x114
 561 02f7 87020000 		.4byte	0x287
 562 02fb 18       		.byte	0x18
 563 02fc 0C       		.uleb128 0xc
 564 02fd 73323300 		.ascii	"s23\000"
 565 0301 08       		.byte	0x8
 566 0302 1501     		.2byte	0x115
 567 0304 87020000 		.4byte	0x287
 568 0308 1C       		.byte	0x1c
 569 0309 0C       		.uleb128 0xc
 570 030a 73323400 		.ascii	"s24\000"
ARM GAS  /var/folders/zv/18v39shs5gqc3xhz55t6cxb00000gn/T//ccTTNNk6.s 			page 11


 571 030e 08       		.byte	0x8
 572 030f 1601     		.2byte	0x116
 573 0311 87020000 		.4byte	0x287
 574 0315 20       		.byte	0x20
 575 0316 0C       		.uleb128 0xc
 576 0317 73323500 		.ascii	"s25\000"
 577 031b 08       		.byte	0x8
 578 031c 1701     		.2byte	0x117
 579 031e 87020000 		.4byte	0x287
 580 0322 24       		.byte	0x24
 581 0323 0C       		.uleb128 0xc
 582 0324 73323600 		.ascii	"s26\000"
 583 0328 08       		.byte	0x8
 584 0329 1801     		.2byte	0x118
 585 032b 87020000 		.4byte	0x287
 586 032f 28       		.byte	0x28
 587 0330 0C       		.uleb128 0xc
 588 0331 73323700 		.ascii	"s27\000"
 589 0335 08       		.byte	0x8
 590 0336 1901     		.2byte	0x119
 591 0338 87020000 		.4byte	0x287
 592 033c 2C       		.byte	0x2c
 593 033d 0C       		.uleb128 0xc
 594 033e 73323800 		.ascii	"s28\000"
 595 0342 08       		.byte	0x8
 596 0343 1A01     		.2byte	0x11a
 597 0345 87020000 		.4byte	0x287
 598 0349 30       		.byte	0x30
 599 034a 0C       		.uleb128 0xc
 600 034b 73323900 		.ascii	"s29\000"
 601 034f 08       		.byte	0x8
 602 0350 1B01     		.2byte	0x11b
 603 0352 87020000 		.4byte	0x287
 604 0356 34       		.byte	0x34
 605 0357 0C       		.uleb128 0xc
 606 0358 73333000 		.ascii	"s30\000"
 607 035c 08       		.byte	0x8
 608 035d 1C01     		.2byte	0x11c
 609 035f 87020000 		.4byte	0x287
 610 0363 38       		.byte	0x38
 611 0364 0C       		.uleb128 0xc
 612 0365 73333100 		.ascii	"s31\000"
 613 0369 08       		.byte	0x8
 614 036a 1D01     		.2byte	0x11d
 615 036c 87020000 		.4byte	0x287
 616 0370 3C       		.byte	0x3c
 617 0371 0C       		.uleb128 0xc
 618 0372 723400   		.ascii	"r4\000"
 619 0375 08       		.byte	0x8
 620 0376 1F01     		.2byte	0x11f
 621 0378 87020000 		.4byte	0x287
 622 037c 40       		.byte	0x40
 623 037d 0C       		.uleb128 0xc
 624 037e 723500   		.ascii	"r5\000"
 625 0381 08       		.byte	0x8
 626 0382 2001     		.2byte	0x120
 627 0384 87020000 		.4byte	0x287
ARM GAS  /var/folders/zv/18v39shs5gqc3xhz55t6cxb00000gn/T//ccTTNNk6.s 			page 12


 628 0388 44       		.byte	0x44
 629 0389 0C       		.uleb128 0xc
 630 038a 723600   		.ascii	"r6\000"
 631 038d 08       		.byte	0x8
 632 038e 2101     		.2byte	0x121
 633 0390 87020000 		.4byte	0x287
 634 0394 48       		.byte	0x48
 635 0395 0C       		.uleb128 0xc
 636 0396 723700   		.ascii	"r7\000"
 637 0399 08       		.byte	0x8
 638 039a 2201     		.2byte	0x122
 639 039c 87020000 		.4byte	0x287
 640 03a0 4C       		.byte	0x4c
 641 03a1 0C       		.uleb128 0xc
 642 03a2 723800   		.ascii	"r8\000"
 643 03a5 08       		.byte	0x8
 644 03a6 2301     		.2byte	0x123
 645 03a8 87020000 		.4byte	0x287
 646 03ac 50       		.byte	0x50
 647 03ad 0C       		.uleb128 0xc
 648 03ae 723900   		.ascii	"r9\000"
 649 03b1 08       		.byte	0x8
 650 03b2 2401     		.2byte	0x124
 651 03b4 87020000 		.4byte	0x287
 652 03b8 54       		.byte	0x54
 653 03b9 0C       		.uleb128 0xc
 654 03ba 72313000 		.ascii	"r10\000"
 655 03be 08       		.byte	0x8
 656 03bf 2501     		.2byte	0x125
 657 03c1 87020000 		.4byte	0x287
 658 03c5 58       		.byte	0x58
 659 03c6 0C       		.uleb128 0xc
 660 03c7 72313100 		.ascii	"r11\000"
 661 03cb 08       		.byte	0x8
 662 03cc 2601     		.2byte	0x126
 663 03ce 87020000 		.4byte	0x287
 664 03d2 5C       		.byte	0x5c
 665 03d3 0C       		.uleb128 0xc
 666 03d4 6C7200   		.ascii	"lr\000"
 667 03d7 08       		.byte	0x8
 668 03d8 2701     		.2byte	0x127
 669 03da 87020000 		.4byte	0x287
 670 03de 60       		.byte	0x60
 671 03df 00       		.byte	0
 672 03e0 0B       		.uleb128 0xb
 673 03e1 93050000 		.4byte	.LASF51
 674 03e5 04       		.byte	0x4
 675 03e6 08       		.byte	0x8
 676 03e7 3101     		.2byte	0x131
 677 03e9 FB030000 		.4byte	0x3fb
 678 03ed 0C       		.uleb128 0xc
 679 03ee 72313300 		.ascii	"r13\000"
 680 03f2 08       		.byte	0x8
 681 03f3 3201     		.2byte	0x132
 682 03f5 FB030000 		.4byte	0x3fb
 683 03f9 00       		.byte	0
 684 03fa 00       		.byte	0
ARM GAS  /var/folders/zv/18v39shs5gqc3xhz55t6cxb00000gn/T//ccTTNNk6.s 			page 13


 685 03fb 09       		.uleb128 0x9
 686 03fc 04       		.byte	0x4
 687 03fd 94020000 		.4byte	0x294
 688 0401 0D       		.uleb128 0xd
 689 0402 C3000000 		.4byte	0xc3
 690 0406 04       		.uleb128 0x4
 691 0407 04       		.byte	0x4
 692 0408 07       		.byte	0x7
 693 0409 33020000 		.4byte	.LASF52
 694 040d 0D       		.uleb128 0xd
 695 040e 22010000 		.4byte	0x122
 696 0412 05       		.uleb128 0x5
 697 0413 87020000 		.4byte	.LASF53
 698 0417 10       		.byte	0x10
 699 0418 09       		.byte	0x9
 700 0419 2C       		.byte	0x2c
 701 041a 43040000 		.4byte	0x443
 702 041e 06       		.uleb128 0x6
 703 041f 0A010000 		.4byte	.LASF54
 704 0423 09       		.byte	0x9
 705 0424 2D       		.byte	0x2d
 706 0425 5C020000 		.4byte	0x25c
 707 0429 00       		.byte	0
 708 042a 06       		.uleb128 0x6
 709 042b 12060000 		.4byte	.LASF55
 710 042f 09       		.byte	0x9
 711 0430 2F       		.byte	0x2f
 712 0431 56020000 		.4byte	0x256
 713 0435 08       		.byte	0x8
 714 0436 06       		.uleb128 0x6
 715 0437 2A040000 		.4byte	.LASF56
 716 043b 09       		.byte	0x9
 717 043c 31       		.byte	0x31
 718 043d 43040000 		.4byte	0x443
 719 0441 0C       		.byte	0xc
 720 0442 00       		.byte	0
 721 0443 09       		.uleb128 0x9
 722 0444 04       		.byte	0x4
 723 0445 12040000 		.4byte	0x412
 724 0449 03       		.uleb128 0x3
 725 044a 87020000 		.4byte	.LASF53
 726 044e 09       		.byte	0x9
 727 044f 33       		.byte	0x33
 728 0450 12040000 		.4byte	0x412
 729 0454 0E       		.uleb128 0xe
 730 0455 04       		.byte	0x4
 731 0456 07       		.byte	0x7
 732 0457 96       		.byte	0x96
 733 0458 89040000 		.4byte	0x489
 734 045c 0F       		.uleb128 0xf
 735 045d 1A000000 		.4byte	.LASF57
 736 0461 07       		.byte	0x7
 737 0462 9D       		.byte	0x9d
 738 0463 0C010000 		.4byte	0x10c
 739 0467 0F       		.uleb128 0xf
 740 0468 78000000 		.4byte	.LASF58
 741 046c 07       		.byte	0x7
ARM GAS  /var/folders/zv/18v39shs5gqc3xhz55t6cxb00000gn/T//ccTTNNk6.s 			page 14


 742 046d A4       		.byte	0xa4
 743 046e 0C010000 		.4byte	0x10c
 744 0472 0F       		.uleb128 0xf
 745 0473 EC050000 		.4byte	.LASF59
 746 0477 07       		.byte	0x7
 747 0478 AB       		.byte	0xab
 748 0479 92020000 		.4byte	0x292
 749 047d 0F       		.uleb128 0xf
 750 047e AF030000 		.4byte	.LASF60
 751 0482 07       		.byte	0x7
 752 0483 B2       		.byte	0xb2
 753 0484 17010000 		.4byte	0x117
 754 0488 00       		.byte	0
 755 0489 09       		.uleb128 0x9
 756 048a 04       		.byte	0x4
 757 048b 8F040000 		.4byte	0x48f
 758 048f 10       		.uleb128 0x10
 759 0490 94040000 		.4byte	0x494
 760 0494 04       		.uleb128 0x4
 761 0495 01       		.byte	0x1
 762 0496 08       		.byte	0x8
 763 0497 FB030000 		.4byte	.LASF61
 764 049b 09       		.uleb128 0x9
 765 049c 04       		.byte	0x4
 766 049d 49040000 		.4byte	0x449
 767 04a1 0D       		.uleb128 0xd
 768 04a2 AD000000 		.4byte	0xad
 769 04a6 0D       		.uleb128 0xd
 770 04a7 B8000000 		.4byte	0xb8
 771 04ab 11       		.uleb128 0x11
 772 04ac 18       		.byte	0x18
 773 04ad 0A       		.byte	0xa
 774 04ae B102     		.2byte	0x2b1
 775 04b0 02050000 		.4byte	0x502
 776 04b4 0C       		.uleb128 0xc
 777 04b5 435200   		.ascii	"CR\000"
 778 04b8 0A       		.byte	0xa
 779 04b9 B302     		.2byte	0x2b3
 780 04bb 01040000 		.4byte	0x401
 781 04bf 00       		.byte	0
 782 04c0 12       		.uleb128 0x12
 783 04c1 57040000 		.4byte	.LASF62
 784 04c5 0A       		.byte	0xa
 785 04c6 B402     		.2byte	0x2b4
 786 04c8 01040000 		.4byte	0x401
 787 04cc 04       		.byte	0x4
 788 04cd 0C       		.uleb128 0xc
 789 04ce 50415200 		.ascii	"PAR\000"
 790 04d2 0A       		.byte	0xa
 791 04d3 B502     		.2byte	0x2b5
 792 04d5 01040000 		.4byte	0x401
 793 04d9 08       		.byte	0x8
 794 04da 12       		.uleb128 0x12
 795 04db 0E000000 		.4byte	.LASF63
 796 04df 0A       		.byte	0xa
 797 04e0 B602     		.2byte	0x2b6
 798 04e2 01040000 		.4byte	0x401
ARM GAS  /var/folders/zv/18v39shs5gqc3xhz55t6cxb00000gn/T//ccTTNNk6.s 			page 15


 799 04e6 0C       		.byte	0xc
 800 04e7 12       		.uleb128 0x12
 801 04e8 AC050000 		.4byte	.LASF64
 802 04ec 0A       		.byte	0xa
 803 04ed B702     		.2byte	0x2b7
 804 04ef 01040000 		.4byte	0x401
 805 04f3 10       		.byte	0x10
 806 04f4 0C       		.uleb128 0xc
 807 04f5 46435200 		.ascii	"FCR\000"
 808 04f9 0A       		.byte	0xa
 809 04fa B802     		.2byte	0x2b8
 810 04fc 01040000 		.4byte	0x401
 811 0500 14       		.byte	0x14
 812 0501 00       		.byte	0
 813 0502 13       		.uleb128 0x13
 814 0503 75050000 		.4byte	.LASF65
 815 0507 0A       		.byte	0xa
 816 0508 B902     		.2byte	0x2b9
 817 050a AB040000 		.4byte	0x4ab
 818 050e 11       		.uleb128 0x11
 819 050f 24       		.byte	0x24
 820 0510 0A       		.byte	0xa
 821 0511 E304     		.2byte	0x4e3
 822 0513 00060000 		.4byte	0x600
 823 0517 0C       		.uleb128 0xc
 824 0518 43523100 		.ascii	"CR1\000"
 825 051c 0A       		.byte	0xa
 826 051d E504     		.2byte	0x4e5
 827 051f A1040000 		.4byte	0x4a1
 828 0523 00       		.byte	0
 829 0524 12       		.uleb128 0x12
 830 0525 F5020000 		.4byte	.LASF66
 831 0529 0A       		.byte	0xa
 832 052a E604     		.2byte	0x4e6
 833 052c AD000000 		.4byte	0xad
 834 0530 02       		.byte	0x2
 835 0531 0C       		.uleb128 0xc
 836 0532 43523200 		.ascii	"CR2\000"
 837 0536 0A       		.byte	0xa
 838 0537 E704     		.2byte	0x4e7
 839 0539 A1040000 		.4byte	0x4a1
 840 053d 04       		.byte	0x4
 841 053e 12       		.uleb128 0x12
 842 053f FF020000 		.4byte	.LASF67
 843 0543 0A       		.byte	0xa
 844 0544 E804     		.2byte	0x4e8
 845 0546 AD000000 		.4byte	0xad
 846 054a 06       		.byte	0x6
 847 054b 0C       		.uleb128 0xc
 848 054c 535200   		.ascii	"SR\000"
 849 054f 0A       		.byte	0xa
 850 0550 E904     		.2byte	0x4e9
 851 0552 A1040000 		.4byte	0x4a1
 852 0556 08       		.byte	0x8
 853 0557 12       		.uleb128 0x12
 854 0558 09030000 		.4byte	.LASF68
 855 055c 0A       		.byte	0xa
ARM GAS  /var/folders/zv/18v39shs5gqc3xhz55t6cxb00000gn/T//ccTTNNk6.s 			page 16


 856 055d EA04     		.2byte	0x4ea
 857 055f AD000000 		.4byte	0xad
 858 0563 0A       		.byte	0xa
 859 0564 0C       		.uleb128 0xc
 860 0565 445200   		.ascii	"DR\000"
 861 0568 0A       		.byte	0xa
 862 0569 EB04     		.2byte	0x4eb
 863 056b A1040000 		.4byte	0x4a1
 864 056f 0C       		.byte	0xc
 865 0570 12       		.uleb128 0x12
 866 0571 13030000 		.4byte	.LASF69
 867 0575 0A       		.byte	0xa
 868 0576 EC04     		.2byte	0x4ec
 869 0578 AD000000 		.4byte	0xad
 870 057c 0E       		.byte	0xe
 871 057d 12       		.uleb128 0x12
 872 057e E3020000 		.4byte	.LASF70
 873 0582 0A       		.byte	0xa
 874 0583 ED04     		.2byte	0x4ed
 875 0585 A1040000 		.4byte	0x4a1
 876 0589 10       		.byte	0x10
 877 058a 12       		.uleb128 0x12
 878 058b 1D030000 		.4byte	.LASF71
 879 058f 0A       		.byte	0xa
 880 0590 EE04     		.2byte	0x4ee
 881 0592 AD000000 		.4byte	0xad
 882 0596 12       		.byte	0x12
 883 0597 12       		.uleb128 0x12
 884 0598 D8050000 		.4byte	.LASF72
 885 059c 0A       		.byte	0xa
 886 059d EF04     		.2byte	0x4ef
 887 059f A1040000 		.4byte	0x4a1
 888 05a3 14       		.byte	0x14
 889 05a4 12       		.uleb128 0x12
 890 05a5 DC030000 		.4byte	.LASF73
 891 05a9 0A       		.byte	0xa
 892 05aa F004     		.2byte	0x4f0
 893 05ac AD000000 		.4byte	0xad
 894 05b0 16       		.byte	0x16
 895 05b1 12       		.uleb128 0x12
 896 05b2 EE020000 		.4byte	.LASF74
 897 05b6 0A       		.byte	0xa
 898 05b7 F104     		.2byte	0x4f1
 899 05b9 A1040000 		.4byte	0x4a1
 900 05bd 18       		.byte	0x18
 901 05be 12       		.uleb128 0x12
 902 05bf 2E030000 		.4byte	.LASF75
 903 05c3 0A       		.byte	0xa
 904 05c4 F204     		.2byte	0x4f2
 905 05c6 AD000000 		.4byte	0xad
 906 05ca 1A       		.byte	0x1a
 907 05cb 12       		.uleb128 0x12
 908 05cc 02010000 		.4byte	.LASF76
 909 05d0 0A       		.byte	0xa
 910 05d1 F304     		.2byte	0x4f3
 911 05d3 A1040000 		.4byte	0x4a1
 912 05d7 1C       		.byte	0x1c
ARM GAS  /var/folders/zv/18v39shs5gqc3xhz55t6cxb00000gn/T//ccTTNNk6.s 			page 17


 913 05d8 12       		.uleb128 0x12
 914 05d9 38030000 		.4byte	.LASF77
 915 05dd 0A       		.byte	0xa
 916 05de F404     		.2byte	0x4f4
 917 05e0 AD000000 		.4byte	0xad
 918 05e4 1E       		.byte	0x1e
 919 05e5 12       		.uleb128 0x12
 920 05e6 2D020000 		.4byte	.LASF78
 921 05ea 0A       		.byte	0xa
 922 05eb F504     		.2byte	0x4f5
 923 05ed A1040000 		.4byte	0x4a1
 924 05f1 20       		.byte	0x20
 925 05f2 12       		.uleb128 0x12
 926 05f3 42030000 		.4byte	.LASF79
 927 05f7 0A       		.byte	0xa
 928 05f8 F604     		.2byte	0x4f6
 929 05fa AD000000 		.4byte	0xad
 930 05fe 22       		.byte	0x22
 931 05ff 00       		.byte	0
 932 0600 13       		.uleb128 0x13
 933 0601 EF030000 		.4byte	.LASF80
 934 0605 0A       		.byte	0xa
 935 0606 F704     		.2byte	0x4f7
 936 0608 0E050000 		.4byte	0x50e
 937 060c 08       		.uleb128 0x8
 938 060d 0C       		.byte	0xc
 939 060e 0B       		.byte	0xb
 940 060f DA       		.byte	0xda
 941 0610 51060000 		.4byte	0x651
 942 0614 06       		.uleb128 0x6
 943 0615 44000000 		.4byte	.LASF81
 944 0619 0B       		.byte	0xb
 945 061a DB       		.byte	0xdb
 946 061b 51060000 		.4byte	0x651
 947 061f 00       		.byte	0
 948 0620 06       		.uleb128 0x6
 949 0621 D7030000 		.4byte	.LASF82
 950 0625 0B       		.byte	0xb
 951 0626 DC       		.byte	0xdc
 952 0627 57060000 		.4byte	0x657
 953 062b 04       		.byte	0x4
 954 062c 06       		.uleb128 0x6
 955 062d D8010000 		.4byte	.LASF83
 956 0631 0B       		.byte	0xb
 957 0632 DD       		.byte	0xdd
 958 0633 A2000000 		.4byte	0xa2
 959 0637 08       		.byte	0x8
 960 0638 06       		.uleb128 0x6
 961 0639 92010000 		.4byte	.LASF84
 962 063d 0B       		.byte	0xb
 963 063e DF       		.byte	0xdf
 964 063f A2000000 		.4byte	0xa2
 965 0643 09       		.byte	0x9
 966 0644 06       		.uleb128 0x6
 967 0645 21000000 		.4byte	.LASF85
 968 0649 0B       		.byte	0xb
 969 064a E0       		.byte	0xe0
ARM GAS  /var/folders/zv/18v39shs5gqc3xhz55t6cxb00000gn/T//ccTTNNk6.s 			page 18


 970 064b A2000000 		.4byte	0xa2
 971 064f 0A       		.byte	0xa
 972 0650 00       		.byte	0
 973 0651 09       		.uleb128 0x9
 974 0652 04       		.byte	0x4
 975 0653 02050000 		.4byte	0x502
 976 0657 09       		.uleb128 0x9
 977 0658 04       		.byte	0x4
 978 0659 01040000 		.4byte	0x401
 979 065d 03       		.uleb128 0x3
 980 065e 76030000 		.4byte	.LASF86
 981 0662 0B       		.byte	0xb
 982 0663 E1       		.byte	0xe1
 983 0664 0C060000 		.4byte	0x60c
 984 0668 08       		.uleb128 0x8
 985 0669 04       		.byte	0x4
 986 066a 0C       		.byte	0xc
 987 066b 96       		.byte	0x96
 988 066c 89060000 		.4byte	0x689
 989 0670 07       		.uleb128 0x7
 990 0671 73657400 		.ascii	"set\000"
 991 0675 0C       		.byte	0xc
 992 0676 97       		.byte	0x97
 993 0677 AD000000 		.4byte	0xad
 994 067b 00       		.byte	0
 995 067c 06       		.uleb128 0x6
 996 067d 3C020000 		.4byte	.LASF87
 997 0681 0C       		.byte	0xc
 998 0682 98       		.byte	0x98
 999 0683 AD000000 		.4byte	0xad
 1000 0687 02       		.byte	0x2
 1001 0688 00       		.byte	0
 1002 0689 0E       		.uleb128 0xe
 1003 068a 04       		.byte	0x4
 1004 068b 0C       		.byte	0xc
 1005 068c 94       		.byte	0x94
 1006 068d A4060000 		.4byte	0x6a4
 1007 0691 14       		.uleb128 0x14
 1008 0692 5700     		.ascii	"W\000"
 1009 0694 0C       		.byte	0xc
 1010 0695 95       		.byte	0x95
 1011 0696 C3000000 		.4byte	0xc3
 1012 069a 14       		.uleb128 0x14
 1013 069b 4800     		.ascii	"H\000"
 1014 069d 0C       		.byte	0xc
 1015 069e 99       		.byte	0x99
 1016 069f 68060000 		.4byte	0x668
 1017 06a3 00       		.byte	0
 1018 06a4 08       		.uleb128 0x8
 1019 06a5 28       		.byte	0x28
 1020 06a6 0C       		.byte	0xc
 1021 06a7 8C       		.byte	0x8c
 1022 06a8 25070000 		.4byte	0x725
 1023 06ac 06       		.uleb128 0x6
 1024 06ad 4B000000 		.4byte	.LASF88
 1025 06b1 0C       		.byte	0xc
 1026 06b2 8E       		.byte	0x8e
ARM GAS  /var/folders/zv/18v39shs5gqc3xhz55t6cxb00000gn/T//ccTTNNk6.s 			page 19


 1027 06b3 01040000 		.4byte	0x401
 1028 06b7 00       		.byte	0
 1029 06b8 06       		.uleb128 0x6
 1030 06b9 28000000 		.4byte	.LASF89
 1031 06bd 0C       		.byte	0xc
 1032 06be 8F       		.byte	0x8f
 1033 06bf 01040000 		.4byte	0x401
 1034 06c3 04       		.byte	0x4
 1035 06c4 06       		.uleb128 0x6
 1036 06c5 6E010000 		.4byte	.LASF90
 1037 06c9 0C       		.byte	0xc
 1038 06ca 90       		.byte	0x90
 1039 06cb 01040000 		.4byte	0x401
 1040 06cf 08       		.byte	0x8
 1041 06d0 06       		.uleb128 0x6
 1042 06d1 72000000 		.4byte	.LASF91
 1043 06d5 0C       		.byte	0xc
 1044 06d6 91       		.byte	0x91
 1045 06d7 01040000 		.4byte	0x401
 1046 06db 0C       		.byte	0xc
 1047 06dc 07       		.uleb128 0x7
 1048 06dd 49445200 		.ascii	"IDR\000"
 1049 06e1 0C       		.byte	0xc
 1050 06e2 92       		.byte	0x92
 1051 06e3 01040000 		.4byte	0x401
 1052 06e7 10       		.byte	0x10
 1053 06e8 07       		.uleb128 0x7
 1054 06e9 4F445200 		.ascii	"ODR\000"
 1055 06ed 0C       		.byte	0xc
 1056 06ee 93       		.byte	0x93
 1057 06ef 01040000 		.4byte	0x401
 1058 06f3 14       		.byte	0x14
 1059 06f4 06       		.uleb128 0x6
 1060 06f5 E2000000 		.4byte	.LASF92
 1061 06f9 0C       		.byte	0xc
 1062 06fa 9A       		.byte	0x9a
 1063 06fb 25070000 		.4byte	0x725
 1064 06ff 18       		.byte	0x18
 1065 0700 06       		.uleb128 0x6
 1066 0701 D3010000 		.4byte	.LASF93
 1067 0705 0C       		.byte	0xc
 1068 0706 9B       		.byte	0x9b
 1069 0707 01040000 		.4byte	0x401
 1070 070b 1C       		.byte	0x1c
 1071 070c 06       		.uleb128 0x6
 1072 070d E9020000 		.4byte	.LASF94
 1073 0711 0C       		.byte	0xc
 1074 0712 9C       		.byte	0x9c
 1075 0713 01040000 		.4byte	0x401
 1076 0717 20       		.byte	0x20
 1077 0718 06       		.uleb128 0x6
 1078 0719 DE020000 		.4byte	.LASF95
 1079 071d 0C       		.byte	0xc
 1080 071e 9D       		.byte	0x9d
 1081 071f 01040000 		.4byte	0x401
 1082 0723 24       		.byte	0x24
 1083 0724 00       		.byte	0
ARM GAS  /var/folders/zv/18v39shs5gqc3xhz55t6cxb00000gn/T//ccTTNNk6.s 			page 20


 1084 0725 0D       		.uleb128 0xd
 1085 0726 89060000 		.4byte	0x689
 1086 072a 03       		.uleb128 0x3
 1087 072b 5B010000 		.4byte	.LASF96
 1088 072f 0C       		.byte	0xc
 1089 0730 9E       		.byte	0x9e
 1090 0731 A4060000 		.4byte	0x6a4
 1091 0735 03       		.uleb128 0x3
 1092 0736 88050000 		.4byte	.LASF97
 1093 073a 0C       		.byte	0xc
 1094 073b FD       		.byte	0xfd
 1095 073c 40070000 		.4byte	0x740
 1096 0740 09       		.uleb128 0x9
 1097 0741 04       		.byte	0x4
 1098 0742 2A070000 		.4byte	0x72a
 1099 0746 09       		.uleb128 0x9
 1100 0747 04       		.byte	0x4
 1101 0748 4C070000 		.4byte	0x74c
 1102 074c 10       		.uleb128 0x10
 1103 074d 5D060000 		.4byte	0x65d
 1104 0751 15       		.uleb128 0x15
 1105 0752 01       		.byte	0x1
 1106 0753 0D       		.byte	0xd
 1107 0754 55       		.byte	0x55
 1108 0755 78070000 		.4byte	0x778
 1109 0759 16       		.uleb128 0x16
 1110 075a B1050000 		.4byte	.LASF98
 1111 075e 00       		.sleb128 0
 1112 075f 16       		.uleb128 0x16
 1113 0760 E7000000 		.4byte	.LASF99
 1114 0764 01       		.sleb128 1
 1115 0765 16       		.uleb128 0x16
 1116 0766 68000000 		.4byte	.LASF100
 1117 076a 02       		.sleb128 2
 1118 076b 16       		.uleb128 0x16
 1119 076c 39000000 		.4byte	.LASF101
 1120 0770 03       		.sleb128 3
 1121 0771 16       		.uleb128 0x16
 1122 0772 00040000 		.4byte	.LASF102
 1123 0776 04       		.sleb128 4
 1124 0777 00       		.byte	0
 1125 0778 03       		.uleb128 0x3
 1126 0779 1F040000 		.4byte	.LASF103
 1127 077d 0D       		.byte	0xd
 1128 077e 5B       		.byte	0x5b
 1129 077f 51070000 		.4byte	0x751
 1130 0783 13       		.uleb128 0x13
 1131 0784 97000000 		.4byte	.LASF104
 1132 0788 0E       		.byte	0xe
 1133 0789 E701     		.2byte	0x1e7
 1134 078b 8F070000 		.4byte	0x78f
 1135 078f 0B       		.uleb128 0xb
 1136 0790 97000000 		.4byte	.LASF104
 1137 0794 30       		.byte	0x30
 1138 0795 0E       		.byte	0xe
 1139 0796 0B02     		.2byte	0x20b
 1140 0798 12080000 		.4byte	0x812
ARM GAS  /var/folders/zv/18v39shs5gqc3xhz55t6cxb00000gn/T//ccTTNNk6.s 			page 21


 1141 079c 12       		.uleb128 0x12
 1142 079d 2A010000 		.4byte	.LASF105
 1143 07a1 0E       		.byte	0xe
 1144 07a2 0F02     		.2byte	0x20f
 1145 07a4 78070000 		.4byte	0x778
 1146 07a8 00       		.byte	0
 1147 07a9 12       		.uleb128 0x12
 1148 07aa 0D040000 		.4byte	.LASF106
 1149 07ae 0E       		.byte	0xe
 1150 07af 1302     		.2byte	0x213
 1151 07b1 7F080000 		.4byte	0x87f
 1152 07b5 04       		.byte	0x4
 1153 07b6 12       		.uleb128 0x12
 1154 07b7 50040000 		.4byte	.LASF107
 1155 07bb 0E       		.byte	0xe
 1156 07bc 1802     		.2byte	0x218
 1157 07be 56020000 		.4byte	0x256
 1158 07c2 08       		.byte	0x8
 1159 07c3 12       		.uleb128 0x12
 1160 07c4 54030000 		.4byte	.LASF108
 1161 07c8 0E       		.byte	0xe
 1162 07c9 1F02     		.2byte	0x21f
 1163 07cb 49040000 		.4byte	0x449
 1164 07cf 0C       		.byte	0xc
 1165 07d0 0C       		.uleb128 0xc
 1166 07d1 73706900 		.ascii	"spi\000"
 1167 07d5 0E       		.byte	0xe
 1168 07d6 2B02     		.2byte	0x22b
 1169 07d8 8A080000 		.4byte	0x88a
 1170 07dc 1C       		.byte	0x1c
 1171 07dd 12       		.uleb128 0x12
 1172 07de 00000000 		.4byte	.LASF109
 1173 07e2 0E       		.byte	0xe
 1174 07e3 2F02     		.2byte	0x22f
 1175 07e5 46070000 		.4byte	0x746
 1176 07e9 20       		.byte	0x20
 1177 07ea 12       		.uleb128 0x12
 1178 07eb 68010000 		.4byte	.LASF110
 1179 07ef 0E       		.byte	0xe
 1180 07f0 3302     		.2byte	0x233
 1181 07f2 46070000 		.4byte	0x746
 1182 07f6 24       		.byte	0x24
 1183 07f7 12       		.uleb128 0x12
 1184 07f8 51010000 		.4byte	.LASF111
 1185 07fc 0E       		.byte	0xe
 1186 07fd 3702     		.2byte	0x237
 1187 07ff C3000000 		.4byte	0xc3
 1188 0803 28       		.byte	0x28
 1189 0804 12       		.uleb128 0x12
 1190 0805 D4020000 		.4byte	.LASF112
 1191 0809 0E       		.byte	0xe
 1192 080a 3B02     		.2byte	0x23b
 1193 080c C3000000 		.4byte	0xc3
 1194 0810 2C       		.byte	0x2c
 1195 0811 00       		.byte	0
 1196 0812 13       		.uleb128 0x13
 1197 0813 1C010000 		.4byte	.LASF113
ARM GAS  /var/folders/zv/18v39shs5gqc3xhz55t6cxb00000gn/T//ccTTNNk6.s 			page 22


 1198 0817 0E       		.byte	0xe
 1199 0818 EF01     		.2byte	0x1ef
 1200 081a 1E080000 		.4byte	0x81e
 1201 081e 09       		.uleb128 0x9
 1202 081f 04       		.byte	0x4
 1203 0820 24080000 		.4byte	0x824
 1204 0824 17       		.uleb128 0x17
 1205 0825 2F080000 		.4byte	0x82f
 1206 0829 18       		.uleb128 0x18
 1207 082a 2F080000 		.4byte	0x82f
 1208 082e 00       		.byte	0
 1209 082f 09       		.uleb128 0x9
 1210 0830 04       		.byte	0x4
 1211 0831 83070000 		.4byte	0x783
 1212 0835 11       		.uleb128 0x11
 1213 0836 0C       		.byte	0xc
 1214 0837 0E       		.byte	0xe
 1215 0838 F401     		.2byte	0x1f4
 1216 083a 73080000 		.4byte	0x873
 1217 083e 12       		.uleb128 0x12
 1218 083f 4A010000 		.4byte	.LASF114
 1219 0843 0E       		.byte	0xe
 1220 0844 F801     		.2byte	0x1f8
 1221 0846 12080000 		.4byte	0x812
 1222 084a 00       		.byte	0
 1223 084b 12       		.uleb128 0x12
 1224 084c A1000000 		.4byte	.LASF115
 1225 0850 0E       		.byte	0xe
 1226 0851 FD01     		.2byte	0x1fd
 1227 0853 35070000 		.4byte	0x735
 1228 0857 04       		.byte	0x4
 1229 0858 12       		.uleb128 0x12
 1230 0859 C2000000 		.4byte	.LASF116
 1231 085d 0E       		.byte	0xe
 1232 085e 0102     		.2byte	0x201
 1233 0860 AD000000 		.4byte	0xad
 1234 0864 08       		.byte	0x8
 1235 0865 0C       		.uleb128 0xc
 1236 0866 63723100 		.ascii	"cr1\000"
 1237 086a 0E       		.byte	0xe
 1238 086b 0502     		.2byte	0x205
 1239 086d AD000000 		.4byte	0xad
 1240 0871 0A       		.byte	0xa
 1241 0872 00       		.byte	0
 1242 0873 13       		.uleb128 0x13
 1243 0874 02060000 		.4byte	.LASF117
 1244 0878 0E       		.byte	0xe
 1245 0879 0602     		.2byte	0x206
 1246 087b 35080000 		.4byte	0x835
 1247 087f 09       		.uleb128 0x9
 1248 0880 04       		.byte	0x4
 1249 0881 85080000 		.4byte	0x885
 1250 0885 10       		.uleb128 0x10
 1251 0886 73080000 		.4byte	0x873
 1252 088a 09       		.uleb128 0x9
 1253 088b 04       		.byte	0x4
 1254 088c 00060000 		.4byte	0x600
ARM GAS  /var/folders/zv/18v39shs5gqc3xhz55t6cxb00000gn/T//ccTTNNk6.s 			page 23


 1255 0890 19       		.uleb128 0x19
 1256 0891 BC050000 		.4byte	.LASF128
 1257 0895 01       		.byte	0x1
 1258 0896 3C       		.byte	0x3c
 1259 0897 A2000000 		.4byte	0xa2
 1260 089b 00000000 		.4byte	.LFB118
 1261 089f 3C000000 		.4byte	.LFE118-.LFB118
 1262 08a3 01       		.uleb128 0x1
 1263 08a4 9C       		.byte	0x9c
 1264 08a5 11090000 		.4byte	0x911
 1265 08a9 1A       		.uleb128 0x1a
 1266 08aa E7050000 		.4byte	.LASF118
 1267 08ae 01       		.byte	0x1
 1268 08af 3C       		.byte	0x3c
 1269 08b0 2F080000 		.4byte	0x82f
 1270 08b4 00000000 		.4byte	.LLST0
 1271 08b8 1B       		.uleb128 0x1b
 1272 08b9 72656700 		.ascii	"reg\000"
 1273 08bd 01       		.byte	0x1
 1274 08be 3C       		.byte	0x3c
 1275 08bf A2000000 		.4byte	0xa2
 1276 08c3 2C000000 		.4byte	.LLST1
 1277 08c7 1C       		.uleb128 0x1c
 1278 08c8 12000000 		.4byte	.LVL1
 1279 08cc D9090000 		.4byte	0x9d9
 1280 08d0 DB080000 		.4byte	0x8db
 1281 08d4 1D       		.uleb128 0x1d
 1282 08d5 01       		.uleb128 0x1
 1283 08d6 50       		.byte	0x50
 1284 08d7 02       		.uleb128 0x2
 1285 08d8 77       		.byte	0x77
 1286 08d9 00       		.sleb128 0
 1287 08da 00       		.byte	0
 1288 08db 1C       		.uleb128 0x1c
 1289 08dc 28000000 		.4byte	.LVL2
 1290 08e0 EB090000 		.4byte	0x9eb
 1291 08e4 00090000 		.4byte	0x900
 1292 08e8 1D       		.uleb128 0x1d
 1293 08e9 01       		.uleb128 0x1
 1294 08ea 53       		.byte	0x53
 1295 08eb 02       		.uleb128 0x2
 1296 08ec 76       		.byte	0x76
 1297 08ed 00       		.sleb128 0
 1298 08ee 1D       		.uleb128 0x1d
 1299 08ef 01       		.uleb128 0x1
 1300 08f0 52       		.byte	0x52
 1301 08f1 02       		.uleb128 0x2
 1302 08f2 74       		.byte	0x74
 1303 08f3 00       		.sleb128 0
 1304 08f4 1D       		.uleb128 0x1d
 1305 08f5 01       		.uleb128 0x1
 1306 08f6 51       		.byte	0x51
 1307 08f7 01       		.uleb128 0x1
 1308 08f8 32       		.byte	0x32
 1309 08f9 1D       		.uleb128 0x1d
 1310 08fa 01       		.uleb128 0x1
 1311 08fb 50       		.byte	0x50
ARM GAS  /var/folders/zv/18v39shs5gqc3xhz55t6cxb00000gn/T//ccTTNNk6.s 			page 24


 1312 08fc 02       		.uleb128 0x2
 1313 08fd 77       		.byte	0x77
 1314 08fe 00       		.sleb128 0
 1315 08ff 00       		.byte	0
 1316 0900 1E       		.uleb128 0x1e
 1317 0901 2E000000 		.4byte	.LVL3
 1318 0905 130A0000 		.4byte	0xa13
 1319 0909 1D       		.uleb128 0x1d
 1320 090a 01       		.uleb128 0x1
 1321 090b 50       		.byte	0x50
 1322 090c 02       		.uleb128 0x2
 1323 090d 77       		.byte	0x77
 1324 090e 00       		.sleb128 0
 1325 090f 00       		.byte	0
 1326 0910 00       		.byte	0
 1327 0911 1F       		.uleb128 0x1f
 1328 0912 81000000 		.4byte	.LASF129
 1329 0916 01       		.byte	0x1
 1330 0917 4E       		.byte	0x4e
 1331 0918 00000000 		.4byte	.LFB119
 1332 091c 48000000 		.4byte	.LFE119-.LFB119
 1333 0920 01       		.uleb128 0x1
 1334 0921 9C       		.byte	0x9c
 1335 0922 9B090000 		.4byte	0x99b
 1336 0926 1A       		.uleb128 0x1a
 1337 0927 E7050000 		.4byte	.LASF118
 1338 092b 01       		.byte	0x1
 1339 092c 4E       		.byte	0x4e
 1340 092d 2F080000 		.4byte	0x82f
 1341 0931 4D000000 		.4byte	.LLST2
 1342 0935 1B       		.uleb128 0x1b
 1343 0936 72656700 		.ascii	"reg\000"
 1344 093a 01       		.byte	0x1
 1345 093b 4E       		.byte	0x4e
 1346 093c A2000000 		.4byte	0xa2
 1347 0940 84000000 		.4byte	.LLST3
 1348 0944 1A       		.uleb128 0x1a
 1349 0945 A8010000 		.4byte	.LASF119
 1350 0949 01       		.byte	0x1
 1351 094a 4E       		.byte	0x4e
 1352 094b A2000000 		.4byte	0xa2
 1353 094f A5000000 		.4byte	.LLST4
 1354 0953 1C       		.uleb128 0x1c
 1355 0954 24000000 		.4byte	.LVL8
 1356 0958 D9090000 		.4byte	0x9d9
 1357 095c 67090000 		.4byte	0x967
 1358 0960 1D       		.uleb128 0x1d
 1359 0961 01       		.uleb128 0x1
 1360 0962 50       		.byte	0x50
 1361 0963 02       		.uleb128 0x2
 1362 0964 75       		.byte	0x75
 1363 0965 00       		.sleb128 0
 1364 0966 00       		.byte	0
 1365 0967 1C       		.uleb128 0x1c
 1366 0968 34000000 		.4byte	.LVL9
 1367 096c 250A0000 		.4byte	0xa25
 1368 0970 89090000 		.4byte	0x989
ARM GAS  /var/folders/zv/18v39shs5gqc3xhz55t6cxb00000gn/T//ccTTNNk6.s 			page 25


 1369 0974 1D       		.uleb128 0x1d
 1370 0975 01       		.uleb128 0x1
 1371 0976 52       		.byte	0x52
 1372 0977 05       		.uleb128 0x5
 1373 0978 03       		.byte	0x3
 1374 0979 00000000 		.4byte	.LANCHOR0
 1375 097d 1D       		.uleb128 0x1d
 1376 097e 01       		.uleb128 0x1
 1377 097f 51       		.byte	0x51
 1378 0980 01       		.uleb128 0x1
 1379 0981 32       		.byte	0x32
 1380 0982 1D       		.uleb128 0x1d
 1381 0983 01       		.uleb128 0x1
 1382 0984 50       		.byte	0x50
 1383 0985 02       		.uleb128 0x2
 1384 0986 75       		.byte	0x75
 1385 0987 00       		.sleb128 0
 1386 0988 00       		.byte	0
 1387 0989 20       		.uleb128 0x20
 1388 098a 3E000000 		.4byte	.LVL11
 1389 098e 130A0000 		.4byte	0xa13
 1390 0992 1D       		.uleb128 0x1d
 1391 0993 01       		.uleb128 0x1
 1392 0994 50       		.byte	0x50
 1393 0995 03       		.uleb128 0x3
 1394 0996 F3       		.byte	0xf3
 1395 0997 01       		.uleb128 0x1
 1396 0998 50       		.byte	0x50
 1397 0999 00       		.byte	0
 1398 099a 00       		.byte	0
 1399 099b 21       		.uleb128 0x21
 1400 099c A2000000 		.4byte	0xa2
 1401 09a0 AB090000 		.4byte	0x9ab
 1402 09a4 22       		.uleb128 0x22
 1403 09a5 06040000 		.4byte	0x406
 1404 09a9 01       		.byte	0x1
 1405 09aa 00       		.byte	0
 1406 09ab 23       		.uleb128 0x23
 1407 09ac BB010000 		.4byte	.LASF120
 1408 09b0 01       		.byte	0x1
 1409 09b1 29       		.byte	0x29
 1410 09b2 9B090000 		.4byte	0x99b
 1411 09b6 05       		.uleb128 0x5
 1412 09b7 03       		.byte	0x3
 1413 09b8 00000000 		.4byte	txbuf
 1414 09bc 23       		.uleb128 0x23
 1415 09bd B5000000 		.4byte	.LASF121
 1416 09c1 01       		.byte	0x1
 1417 09c2 2A       		.byte	0x2a
 1418 09c3 9B090000 		.4byte	0x99b
 1419 09c7 05       		.uleb128 0x5
 1420 09c8 03       		.byte	0x3
 1421 09c9 00000000 		.4byte	rxbuf
 1422 09cd 24       		.uleb128 0x24
 1423 09ce A8000000 		.4byte	.LASF130
 1424 09d2 0F       		.byte	0xf
 1425 09d3 9806     		.2byte	0x698
ARM GAS  /var/folders/zv/18v39shs5gqc3xhz55t6cxb00000gn/T//ccTTNNk6.s 			page 26


 1426 09d5 A6040000 		.4byte	0x4a6
 1427 09d9 25       		.uleb128 0x25
 1428 09da 9B050000 		.4byte	.LASF122
 1429 09de 0D       		.byte	0xd
 1430 09df 3201     		.2byte	0x132
 1431 09e1 EB090000 		.4byte	0x9eb
 1432 09e5 18       		.uleb128 0x18
 1433 09e6 2F080000 		.4byte	0x82f
 1434 09ea 00       		.byte	0
 1435 09eb 25       		.uleb128 0x25
 1436 09ec 21020000 		.4byte	.LASF123
 1437 09f0 0D       		.byte	0xd
 1438 09f1 3B01     		.2byte	0x13b
 1439 09f3 0C0A0000 		.4byte	0xa0c
 1440 09f7 18       		.uleb128 0x18
 1441 09f8 2F080000 		.4byte	0x82f
 1442 09fc 18       		.uleb128 0x18
 1443 09fd 2C000000 		.4byte	0x2c
 1444 0a01 18       		.uleb128 0x18
 1445 0a02 0C0A0000 		.4byte	0xa0c
 1446 0a06 18       		.uleb128 0x18
 1447 0a07 92020000 		.4byte	0x292
 1448 0a0b 00       		.byte	0
 1449 0a0c 09       		.uleb128 0x9
 1450 0a0d 04       		.byte	0x4
 1451 0a0e 120A0000 		.4byte	0xa12
 1452 0a12 26       		.uleb128 0x26
 1453 0a13 25       		.uleb128 0x25
 1454 0a14 9C010000 		.4byte	.LASF124
 1455 0a18 0D       		.byte	0xd
 1456 0a19 3301     		.2byte	0x133
 1457 0a1b 250A0000 		.4byte	0xa25
 1458 0a1f 18       		.uleb128 0x18
 1459 0a20 2F080000 		.4byte	0x82f
 1460 0a24 00       		.byte	0
 1461 0a25 27       		.uleb128 0x27
 1462 0a26 FA050000 		.4byte	.LASF131
 1463 0a2a 0D       		.byte	0xd
 1464 0a2b 3C01     		.2byte	0x13c
 1465 0a2d 18       		.uleb128 0x18
 1466 0a2e 2F080000 		.4byte	0x82f
 1467 0a32 18       		.uleb128 0x18
 1468 0a33 2C000000 		.4byte	0x2c
 1469 0a37 18       		.uleb128 0x18
 1470 0a38 0C0A0000 		.4byte	0xa0c
 1471 0a3c 00       		.byte	0
 1472 0a3d 00       		.byte	0
 1473              		.section	.debug_abbrev,"",%progbits
 1474              	.Ldebug_abbrev0:
 1475 0000 01       		.uleb128 0x1
 1476 0001 11       		.uleb128 0x11
 1477 0002 01       		.byte	0x1
 1478 0003 25       		.uleb128 0x25
 1479 0004 0E       		.uleb128 0xe
 1480 0005 13       		.uleb128 0x13
 1481 0006 0B       		.uleb128 0xb
 1482 0007 03       		.uleb128 0x3
ARM GAS  /var/folders/zv/18v39shs5gqc3xhz55t6cxb00000gn/T//ccTTNNk6.s 			page 27


 1483 0008 0E       		.uleb128 0xe
 1484 0009 1B       		.uleb128 0x1b
 1485 000a 0E       		.uleb128 0xe
 1486 000b 55       		.uleb128 0x55
 1487 000c 17       		.uleb128 0x17
 1488 000d 11       		.uleb128 0x11
 1489 000e 01       		.uleb128 0x1
 1490 000f 10       		.uleb128 0x10
 1491 0010 17       		.uleb128 0x17
 1492 0011 00       		.byte	0
 1493 0012 00       		.byte	0
 1494 0013 02       		.uleb128 0x2
 1495 0014 24       		.uleb128 0x24
 1496 0015 00       		.byte	0
 1497 0016 0B       		.uleb128 0xb
 1498 0017 0B       		.uleb128 0xb
 1499 0018 3E       		.uleb128 0x3e
 1500 0019 0B       		.uleb128 0xb
 1501 001a 03       		.uleb128 0x3
 1502 001b 08       		.uleb128 0x8
 1503 001c 00       		.byte	0
 1504 001d 00       		.byte	0
 1505 001e 03       		.uleb128 0x3
 1506 001f 16       		.uleb128 0x16
 1507 0020 00       		.byte	0
 1508 0021 03       		.uleb128 0x3
 1509 0022 0E       		.uleb128 0xe
 1510 0023 3A       		.uleb128 0x3a
 1511 0024 0B       		.uleb128 0xb
 1512 0025 3B       		.uleb128 0x3b
 1513 0026 0B       		.uleb128 0xb
 1514 0027 49       		.uleb128 0x49
 1515 0028 13       		.uleb128 0x13
 1516 0029 00       		.byte	0
 1517 002a 00       		.byte	0
 1518 002b 04       		.uleb128 0x4
 1519 002c 24       		.uleb128 0x24
 1520 002d 00       		.byte	0
 1521 002e 0B       		.uleb128 0xb
 1522 002f 0B       		.uleb128 0xb
 1523 0030 3E       		.uleb128 0x3e
 1524 0031 0B       		.uleb128 0xb
 1525 0032 03       		.uleb128 0x3
 1526 0033 0E       		.uleb128 0xe
 1527 0034 00       		.byte	0
 1528 0035 00       		.byte	0
 1529 0036 05       		.uleb128 0x5
 1530 0037 13       		.uleb128 0x13
 1531 0038 01       		.byte	0x1
 1532 0039 03       		.uleb128 0x3
 1533 003a 0E       		.uleb128 0xe
 1534 003b 0B       		.uleb128 0xb
 1535 003c 0B       		.uleb128 0xb
 1536 003d 3A       		.uleb128 0x3a
 1537 003e 0B       		.uleb128 0xb
 1538 003f 3B       		.uleb128 0x3b
 1539 0040 0B       		.uleb128 0xb
ARM GAS  /var/folders/zv/18v39shs5gqc3xhz55t6cxb00000gn/T//ccTTNNk6.s 			page 28


 1540 0041 01       		.uleb128 0x1
 1541 0042 13       		.uleb128 0x13
 1542 0043 00       		.byte	0
 1543 0044 00       		.byte	0
 1544 0045 06       		.uleb128 0x6
 1545 0046 0D       		.uleb128 0xd
 1546 0047 00       		.byte	0
 1547 0048 03       		.uleb128 0x3
 1548 0049 0E       		.uleb128 0xe
 1549 004a 3A       		.uleb128 0x3a
 1550 004b 0B       		.uleb128 0xb
 1551 004c 3B       		.uleb128 0x3b
 1552 004d 0B       		.uleb128 0xb
 1553 004e 49       		.uleb128 0x49
 1554 004f 13       		.uleb128 0x13
 1555 0050 38       		.uleb128 0x38
 1556 0051 0B       		.uleb128 0xb
 1557 0052 00       		.byte	0
 1558 0053 00       		.byte	0
 1559 0054 07       		.uleb128 0x7
 1560 0055 0D       		.uleb128 0xd
 1561 0056 00       		.byte	0
 1562 0057 03       		.uleb128 0x3
 1563 0058 08       		.uleb128 0x8
 1564 0059 3A       		.uleb128 0x3a
 1565 005a 0B       		.uleb128 0xb
 1566 005b 3B       		.uleb128 0x3b
 1567 005c 0B       		.uleb128 0xb
 1568 005d 49       		.uleb128 0x49
 1569 005e 13       		.uleb128 0x13
 1570 005f 38       		.uleb128 0x38
 1571 0060 0B       		.uleb128 0xb
 1572 0061 00       		.byte	0
 1573 0062 00       		.byte	0
 1574 0063 08       		.uleb128 0x8
 1575 0064 13       		.uleb128 0x13
 1576 0065 01       		.byte	0x1
 1577 0066 0B       		.uleb128 0xb
 1578 0067 0B       		.uleb128 0xb
 1579 0068 3A       		.uleb128 0x3a
 1580 0069 0B       		.uleb128 0xb
 1581 006a 3B       		.uleb128 0x3b
 1582 006b 0B       		.uleb128 0xb
 1583 006c 01       		.uleb128 0x1
 1584 006d 13       		.uleb128 0x13
 1585 006e 00       		.byte	0
 1586 006f 00       		.byte	0
 1587 0070 09       		.uleb128 0x9
 1588 0071 0F       		.uleb128 0xf
 1589 0072 00       		.byte	0
 1590 0073 0B       		.uleb128 0xb
 1591 0074 0B       		.uleb128 0xb
 1592 0075 49       		.uleb128 0x49
 1593 0076 13       		.uleb128 0x13
 1594 0077 00       		.byte	0
 1595 0078 00       		.byte	0
 1596 0079 0A       		.uleb128 0xa
ARM GAS  /var/folders/zv/18v39shs5gqc3xhz55t6cxb00000gn/T//ccTTNNk6.s 			page 29


 1597 007a 0F       		.uleb128 0xf
 1598 007b 00       		.byte	0
 1599 007c 0B       		.uleb128 0xb
 1600 007d 0B       		.uleb128 0xb
 1601 007e 00       		.byte	0
 1602 007f 00       		.byte	0
 1603 0080 0B       		.uleb128 0xb
 1604 0081 13       		.uleb128 0x13
 1605 0082 01       		.byte	0x1
 1606 0083 03       		.uleb128 0x3
 1607 0084 0E       		.uleb128 0xe
 1608 0085 0B       		.uleb128 0xb
 1609 0086 0B       		.uleb128 0xb
 1610 0087 3A       		.uleb128 0x3a
 1611 0088 0B       		.uleb128 0xb
 1612 0089 3B       		.uleb128 0x3b
 1613 008a 05       		.uleb128 0x5
 1614 008b 01       		.uleb128 0x1
 1615 008c 13       		.uleb128 0x13
 1616 008d 00       		.byte	0
 1617 008e 00       		.byte	0
 1618 008f 0C       		.uleb128 0xc
 1619 0090 0D       		.uleb128 0xd
 1620 0091 00       		.byte	0
 1621 0092 03       		.uleb128 0x3
 1622 0093 08       		.uleb128 0x8
 1623 0094 3A       		.uleb128 0x3a
 1624 0095 0B       		.uleb128 0xb
 1625 0096 3B       		.uleb128 0x3b
 1626 0097 05       		.uleb128 0x5
 1627 0098 49       		.uleb128 0x49
 1628 0099 13       		.uleb128 0x13
 1629 009a 38       		.uleb128 0x38
 1630 009b 0B       		.uleb128 0xb
 1631 009c 00       		.byte	0
 1632 009d 00       		.byte	0
 1633 009e 0D       		.uleb128 0xd
 1634 009f 35       		.uleb128 0x35
 1635 00a0 00       		.byte	0
 1636 00a1 49       		.uleb128 0x49
 1637 00a2 13       		.uleb128 0x13
 1638 00a3 00       		.byte	0
 1639 00a4 00       		.byte	0
 1640 00a5 0E       		.uleb128 0xe
 1641 00a6 17       		.uleb128 0x17
 1642 00a7 01       		.byte	0x1
 1643 00a8 0B       		.uleb128 0xb
 1644 00a9 0B       		.uleb128 0xb
 1645 00aa 3A       		.uleb128 0x3a
 1646 00ab 0B       		.uleb128 0xb
 1647 00ac 3B       		.uleb128 0x3b
 1648 00ad 0B       		.uleb128 0xb
 1649 00ae 01       		.uleb128 0x1
 1650 00af 13       		.uleb128 0x13
 1651 00b0 00       		.byte	0
 1652 00b1 00       		.byte	0
 1653 00b2 0F       		.uleb128 0xf
ARM GAS  /var/folders/zv/18v39shs5gqc3xhz55t6cxb00000gn/T//ccTTNNk6.s 			page 30


 1654 00b3 0D       		.uleb128 0xd
 1655 00b4 00       		.byte	0
 1656 00b5 03       		.uleb128 0x3
 1657 00b6 0E       		.uleb128 0xe
 1658 00b7 3A       		.uleb128 0x3a
 1659 00b8 0B       		.uleb128 0xb
 1660 00b9 3B       		.uleb128 0x3b
 1661 00ba 0B       		.uleb128 0xb
 1662 00bb 49       		.uleb128 0x49
 1663 00bc 13       		.uleb128 0x13
 1664 00bd 00       		.byte	0
 1665 00be 00       		.byte	0
 1666 00bf 10       		.uleb128 0x10
 1667 00c0 26       		.uleb128 0x26
 1668 00c1 00       		.byte	0
 1669 00c2 49       		.uleb128 0x49
 1670 00c3 13       		.uleb128 0x13
 1671 00c4 00       		.byte	0
 1672 00c5 00       		.byte	0
 1673 00c6 11       		.uleb128 0x11
 1674 00c7 13       		.uleb128 0x13
 1675 00c8 01       		.byte	0x1
 1676 00c9 0B       		.uleb128 0xb
 1677 00ca 0B       		.uleb128 0xb
 1678 00cb 3A       		.uleb128 0x3a
 1679 00cc 0B       		.uleb128 0xb
 1680 00cd 3B       		.uleb128 0x3b
 1681 00ce 05       		.uleb128 0x5
 1682 00cf 01       		.uleb128 0x1
 1683 00d0 13       		.uleb128 0x13
 1684 00d1 00       		.byte	0
 1685 00d2 00       		.byte	0
 1686 00d3 12       		.uleb128 0x12
 1687 00d4 0D       		.uleb128 0xd
 1688 00d5 00       		.byte	0
 1689 00d6 03       		.uleb128 0x3
 1690 00d7 0E       		.uleb128 0xe
 1691 00d8 3A       		.uleb128 0x3a
 1692 00d9 0B       		.uleb128 0xb
 1693 00da 3B       		.uleb128 0x3b
 1694 00db 05       		.uleb128 0x5
 1695 00dc 49       		.uleb128 0x49
 1696 00dd 13       		.uleb128 0x13
 1697 00de 38       		.uleb128 0x38
 1698 00df 0B       		.uleb128 0xb
 1699 00e0 00       		.byte	0
 1700 00e1 00       		.byte	0
 1701 00e2 13       		.uleb128 0x13
 1702 00e3 16       		.uleb128 0x16
 1703 00e4 00       		.byte	0
 1704 00e5 03       		.uleb128 0x3
 1705 00e6 0E       		.uleb128 0xe
 1706 00e7 3A       		.uleb128 0x3a
 1707 00e8 0B       		.uleb128 0xb
 1708 00e9 3B       		.uleb128 0x3b
 1709 00ea 05       		.uleb128 0x5
 1710 00eb 49       		.uleb128 0x49
ARM GAS  /var/folders/zv/18v39shs5gqc3xhz55t6cxb00000gn/T//ccTTNNk6.s 			page 31


 1711 00ec 13       		.uleb128 0x13
 1712 00ed 00       		.byte	0
 1713 00ee 00       		.byte	0
 1714 00ef 14       		.uleb128 0x14
 1715 00f0 0D       		.uleb128 0xd
 1716 00f1 00       		.byte	0
 1717 00f2 03       		.uleb128 0x3
 1718 00f3 08       		.uleb128 0x8
 1719 00f4 3A       		.uleb128 0x3a
 1720 00f5 0B       		.uleb128 0xb
 1721 00f6 3B       		.uleb128 0x3b
 1722 00f7 0B       		.uleb128 0xb
 1723 00f8 49       		.uleb128 0x49
 1724 00f9 13       		.uleb128 0x13
 1725 00fa 00       		.byte	0
 1726 00fb 00       		.byte	0
 1727 00fc 15       		.uleb128 0x15
 1728 00fd 04       		.uleb128 0x4
 1729 00fe 01       		.byte	0x1
 1730 00ff 0B       		.uleb128 0xb
 1731 0100 0B       		.uleb128 0xb
 1732 0101 3A       		.uleb128 0x3a
 1733 0102 0B       		.uleb128 0xb
 1734 0103 3B       		.uleb128 0x3b
 1735 0104 0B       		.uleb128 0xb
 1736 0105 01       		.uleb128 0x1
 1737 0106 13       		.uleb128 0x13
 1738 0107 00       		.byte	0
 1739 0108 00       		.byte	0
 1740 0109 16       		.uleb128 0x16
 1741 010a 28       		.uleb128 0x28
 1742 010b 00       		.byte	0
 1743 010c 03       		.uleb128 0x3
 1744 010d 0E       		.uleb128 0xe
 1745 010e 1C       		.uleb128 0x1c
 1746 010f 0D       		.uleb128 0xd
 1747 0110 00       		.byte	0
 1748 0111 00       		.byte	0
 1749 0112 17       		.uleb128 0x17
 1750 0113 15       		.uleb128 0x15
 1751 0114 01       		.byte	0x1
 1752 0115 27       		.uleb128 0x27
 1753 0116 19       		.uleb128 0x19
 1754 0117 01       		.uleb128 0x1
 1755 0118 13       		.uleb128 0x13
 1756 0119 00       		.byte	0
 1757 011a 00       		.byte	0
 1758 011b 18       		.uleb128 0x18
 1759 011c 05       		.uleb128 0x5
 1760 011d 00       		.byte	0
 1761 011e 49       		.uleb128 0x49
 1762 011f 13       		.uleb128 0x13
 1763 0120 00       		.byte	0
 1764 0121 00       		.byte	0
 1765 0122 19       		.uleb128 0x19
 1766 0123 2E       		.uleb128 0x2e
 1767 0124 01       		.byte	0x1
ARM GAS  /var/folders/zv/18v39shs5gqc3xhz55t6cxb00000gn/T//ccTTNNk6.s 			page 32


 1768 0125 3F       		.uleb128 0x3f
 1769 0126 19       		.uleb128 0x19
 1770 0127 03       		.uleb128 0x3
 1771 0128 0E       		.uleb128 0xe
 1772 0129 3A       		.uleb128 0x3a
 1773 012a 0B       		.uleb128 0xb
 1774 012b 3B       		.uleb128 0x3b
 1775 012c 0B       		.uleb128 0xb
 1776 012d 27       		.uleb128 0x27
 1777 012e 19       		.uleb128 0x19
 1778 012f 49       		.uleb128 0x49
 1779 0130 13       		.uleb128 0x13
 1780 0131 11       		.uleb128 0x11
 1781 0132 01       		.uleb128 0x1
 1782 0133 12       		.uleb128 0x12
 1783 0134 06       		.uleb128 0x6
 1784 0135 40       		.uleb128 0x40
 1785 0136 18       		.uleb128 0x18
 1786 0137 9742     		.uleb128 0x2117
 1787 0139 19       		.uleb128 0x19
 1788 013a 01       		.uleb128 0x1
 1789 013b 13       		.uleb128 0x13
 1790 013c 00       		.byte	0
 1791 013d 00       		.byte	0
 1792 013e 1A       		.uleb128 0x1a
 1793 013f 05       		.uleb128 0x5
 1794 0140 00       		.byte	0
 1795 0141 03       		.uleb128 0x3
 1796 0142 0E       		.uleb128 0xe
 1797 0143 3A       		.uleb128 0x3a
 1798 0144 0B       		.uleb128 0xb
 1799 0145 3B       		.uleb128 0x3b
 1800 0146 0B       		.uleb128 0xb
 1801 0147 49       		.uleb128 0x49
 1802 0148 13       		.uleb128 0x13
 1803 0149 02       		.uleb128 0x2
 1804 014a 17       		.uleb128 0x17
 1805 014b 00       		.byte	0
 1806 014c 00       		.byte	0
 1807 014d 1B       		.uleb128 0x1b
 1808 014e 05       		.uleb128 0x5
 1809 014f 00       		.byte	0
 1810 0150 03       		.uleb128 0x3
 1811 0151 08       		.uleb128 0x8
 1812 0152 3A       		.uleb128 0x3a
 1813 0153 0B       		.uleb128 0xb
 1814 0154 3B       		.uleb128 0x3b
 1815 0155 0B       		.uleb128 0xb
 1816 0156 49       		.uleb128 0x49
 1817 0157 13       		.uleb128 0x13
 1818 0158 02       		.uleb128 0x2
 1819 0159 17       		.uleb128 0x17
 1820 015a 00       		.byte	0
 1821 015b 00       		.byte	0
 1822 015c 1C       		.uleb128 0x1c
 1823 015d 898201   		.uleb128 0x4109
 1824 0160 01       		.byte	0x1
ARM GAS  /var/folders/zv/18v39shs5gqc3xhz55t6cxb00000gn/T//ccTTNNk6.s 			page 33


 1825 0161 11       		.uleb128 0x11
 1826 0162 01       		.uleb128 0x1
 1827 0163 31       		.uleb128 0x31
 1828 0164 13       		.uleb128 0x13
 1829 0165 01       		.uleb128 0x1
 1830 0166 13       		.uleb128 0x13
 1831 0167 00       		.byte	0
 1832 0168 00       		.byte	0
 1833 0169 1D       		.uleb128 0x1d
 1834 016a 8A8201   		.uleb128 0x410a
 1835 016d 00       		.byte	0
 1836 016e 02       		.uleb128 0x2
 1837 016f 18       		.uleb128 0x18
 1838 0170 9142     		.uleb128 0x2111
 1839 0172 18       		.uleb128 0x18
 1840 0173 00       		.byte	0
 1841 0174 00       		.byte	0
 1842 0175 1E       		.uleb128 0x1e
 1843 0176 898201   		.uleb128 0x4109
 1844 0179 01       		.byte	0x1
 1845 017a 11       		.uleb128 0x11
 1846 017b 01       		.uleb128 0x1
 1847 017c 31       		.uleb128 0x31
 1848 017d 13       		.uleb128 0x13
 1849 017e 00       		.byte	0
 1850 017f 00       		.byte	0
 1851 0180 1F       		.uleb128 0x1f
 1852 0181 2E       		.uleb128 0x2e
 1853 0182 01       		.byte	0x1
 1854 0183 3F       		.uleb128 0x3f
 1855 0184 19       		.uleb128 0x19
 1856 0185 03       		.uleb128 0x3
 1857 0186 0E       		.uleb128 0xe
 1858 0187 3A       		.uleb128 0x3a
 1859 0188 0B       		.uleb128 0xb
 1860 0189 3B       		.uleb128 0x3b
 1861 018a 0B       		.uleb128 0xb
 1862 018b 27       		.uleb128 0x27
 1863 018c 19       		.uleb128 0x19
 1864 018d 11       		.uleb128 0x11
 1865 018e 01       		.uleb128 0x1
 1866 018f 12       		.uleb128 0x12
 1867 0190 06       		.uleb128 0x6
 1868 0191 40       		.uleb128 0x40
 1869 0192 18       		.uleb128 0x18
 1870 0193 9742     		.uleb128 0x2117
 1871 0195 19       		.uleb128 0x19
 1872 0196 01       		.uleb128 0x1
 1873 0197 13       		.uleb128 0x13
 1874 0198 00       		.byte	0
 1875 0199 00       		.byte	0
 1876 019a 20       		.uleb128 0x20
 1877 019b 898201   		.uleb128 0x4109
 1878 019e 01       		.byte	0x1
 1879 019f 11       		.uleb128 0x11
 1880 01a0 01       		.uleb128 0x1
 1881 01a1 9542     		.uleb128 0x2115
ARM GAS  /var/folders/zv/18v39shs5gqc3xhz55t6cxb00000gn/T//ccTTNNk6.s 			page 34


 1882 01a3 19       		.uleb128 0x19
 1883 01a4 31       		.uleb128 0x31
 1884 01a5 13       		.uleb128 0x13
 1885 01a6 00       		.byte	0
 1886 01a7 00       		.byte	0
 1887 01a8 21       		.uleb128 0x21
 1888 01a9 01       		.uleb128 0x1
 1889 01aa 01       		.byte	0x1
 1890 01ab 49       		.uleb128 0x49
 1891 01ac 13       		.uleb128 0x13
 1892 01ad 01       		.uleb128 0x1
 1893 01ae 13       		.uleb128 0x13
 1894 01af 00       		.byte	0
 1895 01b0 00       		.byte	0
 1896 01b1 22       		.uleb128 0x22
 1897 01b2 21       		.uleb128 0x21
 1898 01b3 00       		.byte	0
 1899 01b4 49       		.uleb128 0x49
 1900 01b5 13       		.uleb128 0x13
 1901 01b6 2F       		.uleb128 0x2f
 1902 01b7 0B       		.uleb128 0xb
 1903 01b8 00       		.byte	0
 1904 01b9 00       		.byte	0
 1905 01ba 23       		.uleb128 0x23
 1906 01bb 34       		.uleb128 0x34
 1907 01bc 00       		.byte	0
 1908 01bd 03       		.uleb128 0x3
 1909 01be 0E       		.uleb128 0xe
 1910 01bf 3A       		.uleb128 0x3a
 1911 01c0 0B       		.uleb128 0xb
 1912 01c1 3B       		.uleb128 0x3b
 1913 01c2 0B       		.uleb128 0xb
 1914 01c3 49       		.uleb128 0x49
 1915 01c4 13       		.uleb128 0x13
 1916 01c5 02       		.uleb128 0x2
 1917 01c6 18       		.uleb128 0x18
 1918 01c7 00       		.byte	0
 1919 01c8 00       		.byte	0
 1920 01c9 24       		.uleb128 0x24
 1921 01ca 34       		.uleb128 0x34
 1922 01cb 00       		.byte	0
 1923 01cc 03       		.uleb128 0x3
 1924 01cd 0E       		.uleb128 0xe
 1925 01ce 3A       		.uleb128 0x3a
 1926 01cf 0B       		.uleb128 0xb
 1927 01d0 3B       		.uleb128 0x3b
 1928 01d1 05       		.uleb128 0x5
 1929 01d2 49       		.uleb128 0x49
 1930 01d3 13       		.uleb128 0x13
 1931 01d4 3F       		.uleb128 0x3f
 1932 01d5 19       		.uleb128 0x19
 1933 01d6 3C       		.uleb128 0x3c
 1934 01d7 19       		.uleb128 0x19
 1935 01d8 00       		.byte	0
 1936 01d9 00       		.byte	0
 1937 01da 25       		.uleb128 0x25
 1938 01db 2E       		.uleb128 0x2e
ARM GAS  /var/folders/zv/18v39shs5gqc3xhz55t6cxb00000gn/T//ccTTNNk6.s 			page 35


 1939 01dc 01       		.byte	0x1
 1940 01dd 3F       		.uleb128 0x3f
 1941 01de 19       		.uleb128 0x19
 1942 01df 03       		.uleb128 0x3
 1943 01e0 0E       		.uleb128 0xe
 1944 01e1 3A       		.uleb128 0x3a
 1945 01e2 0B       		.uleb128 0xb
 1946 01e3 3B       		.uleb128 0x3b
 1947 01e4 05       		.uleb128 0x5
 1948 01e5 27       		.uleb128 0x27
 1949 01e6 19       		.uleb128 0x19
 1950 01e7 3C       		.uleb128 0x3c
 1951 01e8 19       		.uleb128 0x19
 1952 01e9 01       		.uleb128 0x1
 1953 01ea 13       		.uleb128 0x13
 1954 01eb 00       		.byte	0
 1955 01ec 00       		.byte	0
 1956 01ed 26       		.uleb128 0x26
 1957 01ee 26       		.uleb128 0x26
 1958 01ef 00       		.byte	0
 1959 01f0 00       		.byte	0
 1960 01f1 00       		.byte	0
 1961 01f2 27       		.uleb128 0x27
 1962 01f3 2E       		.uleb128 0x2e
 1963 01f4 01       		.byte	0x1
 1964 01f5 3F       		.uleb128 0x3f
 1965 01f6 19       		.uleb128 0x19
 1966 01f7 03       		.uleb128 0x3
 1967 01f8 0E       		.uleb128 0xe
 1968 01f9 3A       		.uleb128 0x3a
 1969 01fa 0B       		.uleb128 0xb
 1970 01fb 3B       		.uleb128 0x3b
 1971 01fc 05       		.uleb128 0x5
 1972 01fd 27       		.uleb128 0x27
 1973 01fe 19       		.uleb128 0x19
 1974 01ff 3C       		.uleb128 0x3c
 1975 0200 19       		.uleb128 0x19
 1976 0201 00       		.byte	0
 1977 0202 00       		.byte	0
 1978 0203 00       		.byte	0
 1979              		.section	.debug_loc,"",%progbits
 1980              	.Ldebug_loc0:
 1981              	.LLST0:
 1982 0000 00000000 		.4byte	.LVL0
 1983 0004 11000000 		.4byte	.LVL1-1
 1984 0008 0100     		.2byte	0x1
 1985 000a 50       		.byte	0x50
 1986 000b 11000000 		.4byte	.LVL1-1
 1987 000f 32000000 		.4byte	.LVL4
 1988 0013 0100     		.2byte	0x1
 1989 0015 57       		.byte	0x57
 1990 0016 32000000 		.4byte	.LVL4
 1991 001a 3C000000 		.4byte	.LFE118
 1992 001e 0400     		.2byte	0x4
 1993 0020 F3       		.byte	0xf3
 1994 0021 01       		.uleb128 0x1
 1995 0022 50       		.byte	0x50
ARM GAS  /var/folders/zv/18v39shs5gqc3xhz55t6cxb00000gn/T//ccTTNNk6.s 			page 36


 1996 0023 9F       		.byte	0x9f
 1997 0024 00000000 		.4byte	0
 1998 0028 00000000 		.4byte	0
 1999              	.LLST1:
 2000 002c 00000000 		.4byte	.LVL0
 2001 0030 11000000 		.4byte	.LVL1-1
 2002 0034 0100     		.2byte	0x1
 2003 0036 51       		.byte	0x51
 2004 0037 11000000 		.4byte	.LVL1-1
 2005 003b 3C000000 		.4byte	.LFE118
 2006 003f 0400     		.2byte	0x4
 2007 0041 F3       		.byte	0xf3
 2008 0042 01       		.uleb128 0x1
 2009 0043 51       		.byte	0x51
 2010 0044 9F       		.byte	0x9f
 2011 0045 00000000 		.4byte	0
 2012 0049 00000000 		.4byte	0
 2013              	.LLST2:
 2014 004d 00000000 		.4byte	.LVL5
 2015 0051 23000000 		.4byte	.LVL8-1
 2016 0055 0100     		.2byte	0x1
 2017 0057 50       		.byte	0x50
 2018 0058 23000000 		.4byte	.LVL8-1
 2019 005c 3A000000 		.4byte	.LVL10
 2020 0060 0100     		.2byte	0x1
 2021 0062 55       		.byte	0x55
 2022 0063 3A000000 		.4byte	.LVL10
 2023 0067 3D000000 		.4byte	.LVL11-1
 2024 006b 0100     		.2byte	0x1
 2025 006d 50       		.byte	0x50
 2026 006e 3D000000 		.4byte	.LVL11-1
 2027 0072 48000000 		.4byte	.LFE119
 2028 0076 0400     		.2byte	0x4
 2029 0078 F3       		.byte	0xf3
 2030 0079 01       		.uleb128 0x1
 2031 007a 50       		.byte	0x50
 2032 007b 9F       		.byte	0x9f
 2033 007c 00000000 		.4byte	0
 2034 0080 00000000 		.4byte	0
 2035              	.LLST3:
 2036 0084 00000000 		.4byte	.LVL5
 2037 0088 12000000 		.4byte	.LVL6
 2038 008c 0100     		.2byte	0x1
 2039 008e 51       		.byte	0x51
 2040 008f 12000000 		.4byte	.LVL6
 2041 0093 48000000 		.4byte	.LFE119
 2042 0097 0400     		.2byte	0x4
 2043 0099 F3       		.byte	0xf3
 2044 009a 01       		.uleb128 0x1
 2045 009b 51       		.byte	0x51
 2046 009c 9F       		.byte	0x9f
 2047 009d 00000000 		.4byte	0
 2048 00a1 00000000 		.4byte	0
 2049              	.LLST4:
 2050 00a5 00000000 		.4byte	.LVL5
 2051 00a9 14000000 		.4byte	.LVL7
 2052 00ad 0100     		.2byte	0x1
ARM GAS  /var/folders/zv/18v39shs5gqc3xhz55t6cxb00000gn/T//ccTTNNk6.s 			page 37


 2053 00af 52       		.byte	0x52
 2054 00b0 14000000 		.4byte	.LVL7
 2055 00b4 48000000 		.4byte	.LFE119
 2056 00b8 0400     		.2byte	0x4
 2057 00ba F3       		.byte	0xf3
 2058 00bb 01       		.uleb128 0x1
 2059 00bc 52       		.byte	0x52
 2060 00bd 9F       		.byte	0x9f
 2061 00be 00000000 		.4byte	0
 2062 00c2 00000000 		.4byte	0
 2063              		.section	.debug_aranges,"",%progbits
 2064 0000 24000000 		.4byte	0x24
 2065 0004 0200     		.2byte	0x2
 2066 0006 00000000 		.4byte	.Ldebug_info0
 2067 000a 04       		.byte	0x4
 2068 000b 00       		.byte	0
 2069 000c 0000     		.2byte	0
 2070 000e 0000     		.2byte	0
 2071 0010 00000000 		.4byte	.LFB118
 2072 0014 3C000000 		.4byte	.LFE118-.LFB118
 2073 0018 00000000 		.4byte	.LFB119
 2074 001c 48000000 		.4byte	.LFE119-.LFB119
 2075 0020 00000000 		.4byte	0
 2076 0024 00000000 		.4byte	0
 2077              		.section	.debug_ranges,"",%progbits
 2078              	.Ldebug_ranges0:
 2079 0000 00000000 		.4byte	.LFB118
 2080 0004 3C000000 		.4byte	.LFE118
 2081 0008 00000000 		.4byte	.LFB119
 2082 000c 48000000 		.4byte	.LFE119
 2083 0010 00000000 		.4byte	0
 2084 0014 00000000 		.4byte	0
 2085              		.section	.debug_line,"",%progbits
 2086              	.Ldebug_line0:
 2087 0000 40030000 		.section	.debug_str,"MS",%progbits,1
 2087      02000303 
 2087      00000201 
 2087      FB0E0D00 
 2087      01010101 
 2088              	.LASF109:
 2089 0000 646D6172 		.ascii	"dmarx\000"
 2089      7800
 2090              	.LASF21:
 2091 0006 74726566 		.ascii	"trefs_t\000"
 2091      735F7400 
 2092              	.LASF63:
 2093 000e 4D304152 		.ascii	"M0AR\000"
 2093      00
 2094              	.LASF2:
 2095 0013 73697A65 		.ascii	"size_t\000"
 2095      5F7400
 2096              	.LASF57:
 2097 001a 7264796D 		.ascii	"rdymsg\000"
 2097      736700
 2098              	.LASF85:
 2099 0021 76656374 		.ascii	"vector\000"
 2099      6F7200
ARM GAS  /var/folders/zv/18v39shs5gqc3xhz55t6cxb00000gn/T//ccTTNNk6.s 			page 38


 2100              	.LASF89:
 2101 0028 4F545950 		.ascii	"OTYPER\000"
 2101      455200
 2102              	.LASF3:
 2103 002f 5F5F7569 		.ascii	"__uint8_t\000"
 2103      6E74385F 
 2103      7400
 2104              	.LASF101:
 2105 0039 5350495F 		.ascii	"SPI_ACTIVE\000"
 2105      41435449 
 2105      564500
 2106              	.LASF81:
 2107 0044 73747265 		.ascii	"stream\000"
 2107      616D00
 2108              	.LASF88:
 2109 004b 4D4F4445 		.ascii	"MODER\000"
 2109      5200
 2110              	.LASF13:
 2111 0051 6C6F6E67 		.ascii	"long long unsigned int\000"
 2111      206C6F6E 
 2111      6720756E 
 2111      7369676E 
 2111      65642069 
 2112              	.LASF100:
 2113 0068 5350495F 		.ascii	"SPI_READY\000"
 2113      52454144 
 2113      5900
 2114              	.LASF91:
 2115 0072 50555044 		.ascii	"PUPDR\000"
 2115      5200
 2116              	.LASF58:
 2117 0078 65786974 		.ascii	"exitcode\000"
 2117      636F6465 
 2117      00
 2118              	.LASF129:
 2119 0081 6C697333 		.ascii	"lis302dlWriteRegister\000"
 2119      3032646C 
 2119      57726974 
 2119      65526567 
 2119      69737465 
 2120              	.LASF104:
 2121 0097 53504944 		.ascii	"SPIDriver\000"
 2121      72697665 
 2121      7200
 2122              	.LASF115:
 2123 00a1 7373706F 		.ascii	"ssport\000"
 2123      727400
 2124              	.LASF130:
 2125 00a8 49544D5F 		.ascii	"ITM_RxBuffer\000"
 2125      52784275 
 2125      66666572 
 2125      00
 2126              	.LASF121:
 2127 00b5 72786275 		.ascii	"rxbuf\000"
 2127      6600
 2128              	.LASF30:
 2129 00bb 705F7072 		.ascii	"p_prio\000"
ARM GAS  /var/folders/zv/18v39shs5gqc3xhz55t6cxb00000gn/T//ccTTNNk6.s 			page 39


 2129      696F00
 2130              	.LASF116:
 2131 00c2 73737061 		.ascii	"sspad\000"
 2131      6400
 2132              	.LASF12:
 2133 00c8 6C6F6E67 		.ascii	"long long int\000"
 2133      206C6F6E 
 2133      6720696E 
 2133      7400
 2134              	.LASF1:
 2135 00d6 7369676E 		.ascii	"signed char\000"
 2135      65642063 
 2135      68617200 
 2136              	.LASF92:
 2137 00e2 42535252 		.ascii	"BSRR\000"
 2137      00
 2138              	.LASF99:
 2139 00e7 5350495F 		.ascii	"SPI_STOP\000"
 2139      53544F50 
 2139      00
 2140              	.LASF11:
 2141 00f0 6C6F6E67 		.ascii	"long unsigned int\000"
 2141      20756E73 
 2141      69676E65 
 2141      6420696E 
 2141      7400
 2142              	.LASF76:
 2143 0102 49325343 		.ascii	"I2SCFGR\000"
 2143      46475200 
 2144              	.LASF54:
 2145 010a 6D5F7175 		.ascii	"m_queue\000"
 2145      65756500 
 2146              	.LASF22:
 2147 0112 74736C69 		.ascii	"tslices_t\000"
 2147      6365735F 
 2147      7400
 2148              	.LASF113:
 2149 011c 73706963 		.ascii	"spicallback_t\000"
 2149      616C6C62 
 2149      61636B5F 
 2149      7400
 2150              	.LASF105:
 2151 012a 73746174 		.ascii	"state\000"
 2151      6500
 2152              	.LASF9:
 2153 0130 6C6F6E67 		.ascii	"long int\000"
 2153      20696E74 
 2153      00
 2154              	.LASF20:
 2155 0139 74737461 		.ascii	"tstate_t\000"
 2155      74655F74 
 2155      00
 2156              	.LASF32:
 2157 0142 705F6E65 		.ascii	"p_newer\000"
 2157      77657200 
 2158              	.LASF114:
 2159 014a 656E645F 		.ascii	"end_cb\000"
ARM GAS  /var/folders/zv/18v39shs5gqc3xhz55t6cxb00000gn/T//ccTTNNk6.s 			page 40


 2159      636200
 2160              	.LASF111:
 2161 0151 7278646D 		.ascii	"rxdmamode\000"
 2161      616D6F64 
 2161      6500
 2162              	.LASF96:
 2163 015b 4750494F 		.ascii	"GPIO_TypeDef\000"
 2163      5F547970 
 2163      65446566 
 2163      00
 2164              	.LASF110:
 2165 0168 646D6174 		.ascii	"dmatx\000"
 2165      7800
 2166              	.LASF90:
 2167 016e 4F535045 		.ascii	"OSPEEDR\000"
 2167      45445200 
 2168              	.LASF10:
 2169 0176 5F5F7569 		.ascii	"__uint32_t\000"
 2169      6E743332 
 2169      5F7400
 2170              	.LASF46:
 2171 0181 705F6D70 		.ascii	"p_mpool\000"
 2171      6F6F6C00 
 2172              	.LASF49:
 2173 0189 72656761 		.ascii	"regarm_t\000"
 2173      726D5F74 
 2173      00
 2174              	.LASF84:
 2175 0192 73656C66 		.ascii	"selfindex\000"
 2175      696E6465 
 2175      7800
 2176              	.LASF124:
 2177 019c 73706955 		.ascii	"spiUnselect\000"
 2177      6E73656C 
 2177      65637400 
 2178              	.LASF119:
 2179 01a8 76616C75 		.ascii	"value\000"
 2179      6500
 2180              	.LASF0:
 2181 01ae 756E7369 		.ascii	"unsigned int\000"
 2181      676E6564 
 2181      20696E74 
 2181      00
 2182              	.LASF120:
 2183 01bb 74786275 		.ascii	"txbuf\000"
 2183      6600
 2184              	.LASF39:
 2185 01c1 705F7469 		.ascii	"p_time\000"
 2185      6D6500
 2186              	.LASF41:
 2187 01c8 705F6D73 		.ascii	"p_msgqueue\000"
 2187      67717565 
 2187      756500
 2188              	.LASF93:
 2189 01d3 4C434B52 		.ascii	"LCKR\000"
 2189      00
 2190              	.LASF83:
ARM GAS  /var/folders/zv/18v39shs5gqc3xhz55t6cxb00000gn/T//ccTTNNk6.s 			page 41


 2191 01d8 69736869 		.ascii	"ishift\000"
 2191      667400
 2192              	.LASF7:
 2193 01df 73686F72 		.ascii	"short unsigned int\000"
 2193      7420756E 
 2193      7369676E 
 2193      65642069 
 2193      6E7400
 2194              	.LASF24:
 2195 01f2 6D73675F 		.ascii	"msg_t\000"
 2195      7400
 2196              	.LASF19:
 2197 01f8 746D6F64 		.ascii	"tmode_t\000"
 2197      655F7400 
 2198              	.LASF15:
 2199 0200 75696E74 		.ascii	"uint16_t\000"
 2199      31365F74 
 2199      00
 2200              	.LASF48:
 2201 0209 54687265 		.ascii	"ThreadsList\000"
 2201      6164734C 
 2201      69737400 
 2202              	.LASF25:
 2203 0215 6576656E 		.ascii	"eventmask_t\000"
 2203      746D6173 
 2203      6B5F7400 
 2204              	.LASF123:
 2205 0221 73706945 		.ascii	"spiExchange\000"
 2205      78636861 
 2205      6E676500 
 2206              	.LASF78:
 2207 022d 49325350 		.ascii	"I2SPR\000"
 2207      5200
 2208              	.LASF52:
 2209 0233 73697A65 		.ascii	"sizetype\000"
 2209      74797065 
 2209      00
 2210              	.LASF87:
 2211 023c 636C6561 		.ascii	"clear\000"
 2211      7200
 2212              	.LASF127:
 2213 0242 2F557365 		.ascii	"/Users/Daniel/Documents/Bachelor/Kode/rov-subside20"
 2213      72732F44 
 2213      616E6965 
 2213      6C2F446F 
 2213      63756D65 
 2214 0275 31352F54 		.ascii	"15/ThrusterModule\000"
 2214      68727573 
 2214      7465724D 
 2214      6F64756C 
 2214      6500
 2215              	.LASF53:
 2216 0287 4D757465 		.ascii	"Mutex\000"
 2216      7800
 2217              	.LASF126:
 2218 028d 2E2F6368 		.ascii	"./chibios/os/various/devices_lib/accel/lis302dl.c\000"
 2218      6962696F 
ARM GAS  /var/folders/zv/18v39shs5gqc3xhz55t6cxb00000gn/T//ccTTNNk6.s 			page 42


 2218      732F6F73 
 2218      2F766172 
 2218      696F7573 
 2219              	.LASF33:
 2220 02bf 705F6F6C 		.ascii	"p_older\000"
 2220      64657200 
 2221              	.LASF47:
 2222 02c7 54687265 		.ascii	"ThreadsQueue\000"
 2222      61647351 
 2222      75657565 
 2222      00
 2223              	.LASF112:
 2224 02d4 7478646D 		.ascii	"txdmamode\000"
 2224      616D6F64 
 2224      6500
 2225              	.LASF95:
 2226 02de 41465248 		.ascii	"AFRH\000"
 2226      00
 2227              	.LASF70:
 2228 02e3 43524350 		.ascii	"CRCPR\000"
 2228      5200
 2229              	.LASF94:
 2230 02e9 4146524C 		.ascii	"AFRL\000"
 2230      00
 2231              	.LASF74:
 2232 02ee 54584352 		.ascii	"TXCRCR\000"
 2232      435200
 2233              	.LASF66:
 2234 02f5 52455345 		.ascii	"RESERVED0\000"
 2234      52564544 
 2234      3000
 2235              	.LASF67:
 2236 02ff 52455345 		.ascii	"RESERVED1\000"
 2236      52564544 
 2236      3100
 2237              	.LASF68:
 2238 0309 52455345 		.ascii	"RESERVED2\000"
 2238      52564544 
 2238      3200
 2239              	.LASF69:
 2240 0313 52455345 		.ascii	"RESERVED3\000"
 2240      52564544 
 2240      3300
 2241              	.LASF71:
 2242 031d 52455345 		.ascii	"RESERVED4\000"
 2242      52564544 
 2242      3400
 2243              	.LASF29:
 2244 0327 705F7072 		.ascii	"p_prev\000"
 2244      657600
 2245              	.LASF75:
 2246 032e 52455345 		.ascii	"RESERVED6\000"
 2246      52564544 
 2246      3600
 2247              	.LASF77:
 2248 0338 52455345 		.ascii	"RESERVED7\000"
 2248      52564544 
ARM GAS  /var/folders/zv/18v39shs5gqc3xhz55t6cxb00000gn/T//ccTTNNk6.s 			page 43


 2248      3700
 2249              	.LASF79:
 2250 0342 52455345 		.ascii	"RESERVED8\000"
 2250      52564544 
 2250      3800
 2251              	.LASF23:
 2252 034c 74707269 		.ascii	"tprio_t\000"
 2252      6F5F7400 
 2253              	.LASF108:
 2254 0354 6D757465 		.ascii	"mutex\000"
 2254      7800
 2255              	.LASF18:
 2256 035a 5F426F6F 		.ascii	"_Bool\000"
 2256      6C00
 2257              	.LASF16:
 2258 0360 696E7433 		.ascii	"int32_t\000"
 2258      325F7400 
 2259              	.LASF4:
 2260 0368 756E7369 		.ascii	"unsigned char\000"
 2260      676E6564 
 2260      20636861 
 2260      7200
 2261              	.LASF86:
 2262 0376 73746D33 		.ascii	"stm32_dma_stream_t\000"
 2262      325F646D 
 2262      615F7374 
 2262      7265616D 
 2262      5F7400
 2263              	.LASF44:
 2264 0389 705F6D74 		.ascii	"p_mtxlist\000"
 2264      786C6973 
 2264      7400
 2265              	.LASF5:
 2266 0393 73686F72 		.ascii	"short int\000"
 2266      7420696E 
 2266      7400
 2267              	.LASF35:
 2268 039d 705F7374 		.ascii	"p_state\000"
 2268      61746500 
 2269              	.LASF38:
 2270 03a5 705F7072 		.ascii	"p_preempt\000"
 2270      65656D70 
 2270      7400
 2271              	.LASF60:
 2272 03af 65776D61 		.ascii	"ewmask\000"
 2272      736B00
 2273              	.LASF28:
 2274 03b6 705F6E65 		.ascii	"p_next\000"
 2274      787400
 2275              	.LASF36:
 2276 03bd 705F666C 		.ascii	"p_flags\000"
 2276      61677300 
 2277              	.LASF27:
 2278 03c5 54687265 		.ascii	"Thread\000"
 2278      616400
 2279              	.LASF43:
 2280 03cc 705F6570 		.ascii	"p_epending\000"
ARM GAS  /var/folders/zv/18v39shs5gqc3xhz55t6cxb00000gn/T//ccTTNNk6.s 			page 44


 2280      656E6469 
 2280      6E6700
 2281              	.LASF82:
 2282 03d7 69666372 		.ascii	"ifcr\000"
 2282      00
 2283              	.LASF73:
 2284 03dc 52455345 		.ascii	"RESERVED5\000"
 2284      52564544 
 2284      3500
 2285              	.LASF17:
 2286 03e6 75696E74 		.ascii	"uint32_t\000"
 2286      33325F74 
 2286      00
 2287              	.LASF80:
 2288 03ef 5350495F 		.ascii	"SPI_TypeDef\000"
 2288      54797065 
 2288      44656600 
 2289              	.LASF61:
 2290 03fb 63686172 		.ascii	"char\000"
 2290      00
 2291              	.LASF102:
 2292 0400 5350495F 		.ascii	"SPI_COMPLETE\000"
 2292      434F4D50 
 2292      4C455445 
 2292      00
 2293              	.LASF106:
 2294 040d 636F6E66 		.ascii	"config\000"
 2294      696700
 2295              	.LASF6:
 2296 0414 5F5F7569 		.ascii	"__uint16_t\000"
 2296      6E743136 
 2296      5F7400
 2297              	.LASF103:
 2298 041f 73706973 		.ascii	"spistate_t\000"
 2298      74617465 
 2298      5F7400
 2299              	.LASF56:
 2300 042a 6D5F6E65 		.ascii	"m_next\000"
 2300      787400
 2301              	.LASF26:
 2302 0431 73797374 		.ascii	"systime_t\000"
 2302      696D655F 
 2302      7400
 2303              	.LASF45:
 2304 043b 705F7265 		.ascii	"p_realprio\000"
 2304      616C7072 
 2304      696F00
 2305              	.LASF8:
 2306 0446 5F5F696E 		.ascii	"__int32_t\000"
 2306      7433325F 
 2306      7400
 2307              	.LASF107:
 2308 0450 74687265 		.ascii	"thread\000"
 2308      616400
 2309              	.LASF62:
 2310 0457 4E445452 		.ascii	"NDTR\000"
 2310      00
ARM GAS  /var/folders/zv/18v39shs5gqc3xhz55t6cxb00000gn/T//ccTTNNk6.s 			page 45


 2311              	.LASF125:
 2312 045c 474E5520 		.ascii	"GNU C 4.9.3 20150303 (release) [ARM/embedded-4_9-br"
 2312      4320342E 
 2312      392E3320 
 2312      32303135 
 2312      30333033 
 2313 048f 616E6368 		.ascii	"anch revision 221220] -mcpu=cortex-m4 -mfloat-abi=h"
 2313      20726576 
 2313      6973696F 
 2313      6E203232 
 2313      31323230 
 2314 04c2 61726420 		.ascii	"ard -mfpu=fpv4-sp-d16 -mno-thumb-interwork -mthumb "
 2314      2D6D6670 
 2314      753D6670 
 2314      76342D73 
 2314      702D6431 
 2315 04f5 2D676764 		.ascii	"-ggdb -O2 -fomit-frame-pointer -falign-functions=16"
 2315      62202D4F 
 2315      32202D66 
 2315      6F6D6974 
 2315      2D667261 
 2316 0528 202D6666 		.ascii	" -ffunction-sections -fdata-sections -fno-common -f"
 2316      756E6374 
 2316      696F6E2D 
 2316      73656374 
 2316      696F6E73 
 2317 055b 73696E67 		.ascii	"single-precision-constant\000"
 2317      6C652D70 
 2317      72656369 
 2317      73696F6E 
 2317      2D636F6E 
 2318              	.LASF65:
 2319 0575 444D415F 		.ascii	"DMA_Stream_TypeDef\000"
 2319      53747265 
 2319      616D5F54 
 2319      79706544 
 2319      656600
 2320              	.LASF97:
 2321 0588 696F706F 		.ascii	"ioportid_t\000"
 2321      72746964 
 2321      5F7400
 2322              	.LASF51:
 2323 0593 636F6E74 		.ascii	"context\000"
 2323      65787400 
 2324              	.LASF122:
 2325 059b 73706953 		.ascii	"spiSelect\000"
 2325      656C6563 
 2325      7400
 2326              	.LASF50:
 2327 05a5 696E7463 		.ascii	"intctx\000"
 2327      747800
 2328              	.LASF64:
 2329 05ac 4D314152 		.ascii	"M1AR\000"
 2329      00
 2330              	.LASF98:
 2331 05b1 5350495F 		.ascii	"SPI_UNINIT\000"
 2331      554E494E 
ARM GAS  /var/folders/zv/18v39shs5gqc3xhz55t6cxb00000gn/T//ccTTNNk6.s 			page 46


 2331      495400
 2332              	.LASF128:
 2333 05bc 6C697333 		.ascii	"lis302dlReadRegister\000"
 2333      3032646C 
 2333      52656164 
 2333      52656769 
 2333      73746572 
 2334              	.LASF37:
 2335 05d1 705F7265 		.ascii	"p_refs\000"
 2335      667300
 2336              	.LASF72:
 2337 05d8 52584352 		.ascii	"RXCRCR\000"
 2337      435200
 2338              	.LASF14:
 2339 05df 75696E74 		.ascii	"uint8_t\000"
 2339      385F7400 
 2340              	.LASF118:
 2341 05e7 73706970 		.ascii	"spip\000"
 2341      00
 2342              	.LASF59:
 2343 05ec 77746F62 		.ascii	"wtobjp\000"
 2343      6A7000
 2344              	.LASF34:
 2345 05f3 705F6E61 		.ascii	"p_name\000"
 2345      6D6500
 2346              	.LASF131:
 2347 05fa 73706953 		.ascii	"spiSend\000"
 2347      656E6400 
 2348              	.LASF117:
 2349 0602 53504943 		.ascii	"SPIConfig\000"
 2349      6F6E6669 
 2349      6700
 2350              	.LASF42:
 2351 060c 705F6D73 		.ascii	"p_msg\000"
 2351      6700
 2352              	.LASF55:
 2353 0612 6D5F6F77 		.ascii	"m_owner\000"
 2353      6E657200 
 2354              	.LASF31:
 2355 061a 705F6374 		.ascii	"p_ctx\000"
 2355      7800
 2356              	.LASF40:
 2357 0620 705F7761 		.ascii	"p_waiting\000"
 2357      6974696E 
 2357      6700
 2358              		.ident	"GCC: (GNU Tools for ARM Embedded Processors) 4.9.3 20150303 (release) [ARM/embedded-4_9-br
ARM GAS  /var/folders/zv/18v39shs5gqc3xhz55t6cxb00000gn/T//ccTTNNk6.s 			page 47


DEFINED SYMBOLS
                            *ABS*:0000000000000000 lis302dl.c
/var/folders/zv/18v39shs5gqc3xhz55t6cxb00000gn/T//ccTTNNk6.s:21     .text.lis302dlReadRegister:0000000000000000 $t
/var/folders/zv/18v39shs5gqc3xhz55t6cxb00000gn/T//ccTTNNk6.s:27     .text.lis302dlReadRegister:0000000000000000 lis302dlReadRegister
/var/folders/zv/18v39shs5gqc3xhz55t6cxb00000gn/T//ccTTNNk6.s:80     .text.lis302dlReadRegister:0000000000000034 $d
/var/folders/zv/18v39shs5gqc3xhz55t6cxb00000gn/T//ccTTNNk6.s:86     .text.lis302dlWriteRegister:0000000000000000 $t
/var/folders/zv/18v39shs5gqc3xhz55t6cxb00000gn/T//ccTTNNk6.s:92     .text.lis302dlWriteRegister:0000000000000000 lis302dlWriteRegister
/var/folders/zv/18v39shs5gqc3xhz55t6cxb00000gn/T//ccTTNNk6.s:155    .text.lis302dlWriteRegister:0000000000000040 $d
/var/folders/zv/18v39shs5gqc3xhz55t6cxb00000gn/T//ccTTNNk6.s:161    .bss.rxbuf:0000000000000000 $d
/var/folders/zv/18v39shs5gqc3xhz55t6cxb00000gn/T//ccTTNNk6.s:165    .bss.rxbuf:0000000000000000 rxbuf
/var/folders/zv/18v39shs5gqc3xhz55t6cxb00000gn/T//ccTTNNk6.s:168    .bss.txbuf:0000000000000000 $d
/var/folders/zv/18v39shs5gqc3xhz55t6cxb00000gn/T//ccTTNNk6.s:172    .bss.txbuf:0000000000000000 txbuf
                     .debug_frame:0000000000000010 $d
/var/folders/zv/18v39shs5gqc3xhz55t6cxb00000gn/T//ccTTNNk6.s:85     .text.lis302dlReadRegister:000000000000003c $t
/var/folders/zv/18v39shs5gqc3xhz55t6cxb00000gn/T//ccTTNNk6.s:2358   .text.lis302dlWriteRegister:0000000000000048 $t

UNDEFINED SYMBOLS
spiSelect
spiExchange
spiUnselect
spiSend
