ARM GAS  /tmp/ccPVCGgl.s 			page 1


   1              		.syntax unified
   2              		.cpu cortex-m4
   3              		.fpu softvfp
   4              		.eabi_attribute 20, 1
   5              		.eabi_attribute 21, 1
   6              		.eabi_attribute 23, 3
   7              		.eabi_attribute 24, 1
   8              		.eabi_attribute 25, 1
   9              		.eabi_attribute 26, 1
  10              		.eabi_attribute 30, 2
  11              		.eabi_attribute 34, 1
  12              		.eabi_attribute 18, 4
  13              		.thumb
  14              		.file	"mmc_spi.c"
  15              		.text
  16              	.Ltext0:
  17              		.cfi_sections	.debug_frame
  18              	.Letext0:
  19              		.file 1 "/usr/arm-none-eabi/include/stdint.h"
  20              		.file 2 "./chibios/os/ports/common/ARMCMx/CMSIS/include/core_cm4.h"
  21              		.section	.debug_info,"",%progbits
  22              	.Ldebug_info0:
  23 0000 91000000 		.4byte	0x91
  24 0004 0400     		.2byte	0x4
  25 0006 00000000 		.4byte	.Ldebug_abbrev0
  26 000a 04       		.byte	0x4
  27 000b 01       		.uleb128 0x1
  28 000c 21000000 		.4byte	.LASF12
  29 0010 01       		.byte	0x1
  30 0011 5D010000 		.4byte	.LASF13
  31 0015 CB000000 		.4byte	.LASF14
  32 0019 00000000 		.4byte	.Ldebug_line0
  33 001d 02       		.uleb128 0x2
  34 001e 01       		.byte	0x1
  35 001f 06       		.byte	0x6
  36 0020 51010000 		.4byte	.LASF0
  37 0024 02       		.uleb128 0x2
  38 0025 01       		.byte	0x1
  39 0026 08       		.byte	0x8
  40 0027 22010000 		.4byte	.LASF1
  41 002b 02       		.uleb128 0x2
  42 002c 02       		.byte	0x2
  43 002d 05       		.byte	0x5
  44 002e 7C010000 		.4byte	.LASF2
  45 0032 02       		.uleb128 0x2
  46 0033 02       		.byte	0x2
  47 0034 07       		.byte	0x7
  48 0035 0E000000 		.4byte	.LASF3
  49 0039 03       		.uleb128 0x3
  50 003a 04       		.byte	0x4
  51 003b 05       		.byte	0x5
  52 003c 696E7400 		.ascii	"int\000"
  53 0040 02       		.uleb128 0x2
  54 0041 04       		.byte	0x4
  55 0042 07       		.byte	0x7
  56 0043 BE000000 		.4byte	.LASF4
  57 0047 02       		.uleb128 0x2
ARM GAS  /tmp/ccPVCGgl.s 			page 2


  58 0048 08       		.byte	0x8
  59 0049 05       		.byte	0x5
  60 004a 00000000 		.4byte	.LASF5
  61 004e 02       		.uleb128 0x2
  62 004f 08       		.byte	0x8
  63 0050 07       		.byte	0x7
  64 0051 0B010000 		.4byte	.LASF6
  65 0055 02       		.uleb128 0x2
  66 0056 04       		.byte	0x4
  67 0057 05       		.byte	0x5
  68 0058 35010000 		.4byte	.LASF7
  69 005c 02       		.uleb128 0x2
  70 005d 04       		.byte	0x4
  71 005e 07       		.byte	0x7
  72 005f 8E010000 		.4byte	.LASF8
  73 0063 02       		.uleb128 0x2
  74 0064 04       		.byte	0x4
  75 0065 07       		.byte	0x7
  76 0066 F9000000 		.4byte	.LASF9
  77 006a 02       		.uleb128 0x2
  78 006b 01       		.byte	0x1
  79 006c 08       		.byte	0x8
  80 006d 30010000 		.4byte	.LASF10
  81 0071 04       		.uleb128 0x4
  82 0072 86010000 		.4byte	.LASF15
  83 0076 01       		.byte	0x1
  84 0077 4F       		.byte	0x4f
  85 0078 55000000 		.4byte	0x55
  86 007c 02       		.uleb128 0x2
  87 007d 01       		.byte	0x1
  88 007e 02       		.byte	0x2
  89 007f 3E010000 		.4byte	.LASF11
  90 0083 05       		.uleb128 0x5
  91 0084 71000000 		.4byte	0x71
  92 0088 06       		.uleb128 0x6
  93 0089 44010000 		.4byte	.LASF16
  94 008d 02       		.byte	0x2
  95 008e 9806     		.2byte	0x698
  96 0090 83000000 		.4byte	0x83
  97 0094 00       		.byte	0
  98              		.section	.debug_abbrev,"",%progbits
  99              	.Ldebug_abbrev0:
 100 0000 01       		.uleb128 0x1
 101 0001 11       		.uleb128 0x11
 102 0002 01       		.byte	0x1
 103 0003 25       		.uleb128 0x25
 104 0004 0E       		.uleb128 0xe
 105 0005 13       		.uleb128 0x13
 106 0006 0B       		.uleb128 0xb
 107 0007 03       		.uleb128 0x3
 108 0008 0E       		.uleb128 0xe
 109 0009 1B       		.uleb128 0x1b
 110 000a 0E       		.uleb128 0xe
 111 000b 10       		.uleb128 0x10
 112 000c 17       		.uleb128 0x17
 113 000d 00       		.byte	0
 114 000e 00       		.byte	0
ARM GAS  /tmp/ccPVCGgl.s 			page 3


 115 000f 02       		.uleb128 0x2
 116 0010 24       		.uleb128 0x24
 117 0011 00       		.byte	0
 118 0012 0B       		.uleb128 0xb
 119 0013 0B       		.uleb128 0xb
 120 0014 3E       		.uleb128 0x3e
 121 0015 0B       		.uleb128 0xb
 122 0016 03       		.uleb128 0x3
 123 0017 0E       		.uleb128 0xe
 124 0018 00       		.byte	0
 125 0019 00       		.byte	0
 126 001a 03       		.uleb128 0x3
 127 001b 24       		.uleb128 0x24
 128 001c 00       		.byte	0
 129 001d 0B       		.uleb128 0xb
 130 001e 0B       		.uleb128 0xb
 131 001f 3E       		.uleb128 0x3e
 132 0020 0B       		.uleb128 0xb
 133 0021 03       		.uleb128 0x3
 134 0022 08       		.uleb128 0x8
 135 0023 00       		.byte	0
 136 0024 00       		.byte	0
 137 0025 04       		.uleb128 0x4
 138 0026 16       		.uleb128 0x16
 139 0027 00       		.byte	0
 140 0028 03       		.uleb128 0x3
 141 0029 0E       		.uleb128 0xe
 142 002a 3A       		.uleb128 0x3a
 143 002b 0B       		.uleb128 0xb
 144 002c 3B       		.uleb128 0x3b
 145 002d 0B       		.uleb128 0xb
 146 002e 49       		.uleb128 0x49
 147 002f 13       		.uleb128 0x13
 148 0030 00       		.byte	0
 149 0031 00       		.byte	0
 150 0032 05       		.uleb128 0x5
 151 0033 35       		.uleb128 0x35
 152 0034 00       		.byte	0
 153 0035 49       		.uleb128 0x49
 154 0036 13       		.uleb128 0x13
 155 0037 00       		.byte	0
 156 0038 00       		.byte	0
 157 0039 06       		.uleb128 0x6
 158 003a 34       		.uleb128 0x34
 159 003b 00       		.byte	0
 160 003c 03       		.uleb128 0x3
 161 003d 0E       		.uleb128 0xe
 162 003e 3A       		.uleb128 0x3a
 163 003f 0B       		.uleb128 0xb
 164 0040 3B       		.uleb128 0x3b
 165 0041 05       		.uleb128 0x5
 166 0042 49       		.uleb128 0x49
 167 0043 13       		.uleb128 0x13
 168 0044 3F       		.uleb128 0x3f
 169 0045 19       		.uleb128 0x19
 170 0046 3C       		.uleb128 0x3c
 171 0047 19       		.uleb128 0x19
ARM GAS  /tmp/ccPVCGgl.s 			page 4


 172 0048 00       		.byte	0
 173 0049 00       		.byte	0
 174 004a 00       		.byte	0
 175              		.section	.debug_aranges,"",%progbits
 176 0000 14000000 		.4byte	0x14
 177 0004 0200     		.2byte	0x2
 178 0006 00000000 		.4byte	.Ldebug_info0
 179 000a 04       		.byte	0x4
 180 000b 00       		.byte	0
 181 000c 0000     		.2byte	0
 182 000e 0000     		.2byte	0
 183 0010 00000000 		.4byte	0
 184 0014 00000000 		.4byte	0
 185              		.section	.debug_line,"",%progbits
 186              	.Ldebug_line0:
 187 0000 7D000000 		.section	.debug_str,"MS",%progbits,1
 187      02007700 
 187      00000201 
 187      FB0E0D00 
 187      01010101 
 188              	.LASF5:
 189 0000 6C6F6E67 		.ascii	"long long int\000"
 189      206C6F6E 
 189      6720696E 
 189      7400
 190              	.LASF3:
 191 000e 73686F72 		.ascii	"short unsigned int\000"
 191      7420756E 
 191      7369676E 
 191      65642069 
 191      6E7400
 192              	.LASF12:
 193 0021 474E5520 		.ascii	"GNU C 4.8.1 -mcpu=cortex-m4 -mno-thumb-interwork -m"
 193      4320342E 
 193      382E3120 
 193      2D6D6370 
 193      753D636F 
 194 0054 7468756D 		.ascii	"thumb -ggdb -O2 -fomit-frame-pointer -falign-functi"
 194      62202D67 
 194      67646220 
 194      2D4F3220 
 194      2D666F6D 
 195 0087 6F6E733D 		.ascii	"ons=16 -ffunction-sections -fdata-sections -fno-com"
 195      3136202D 
 195      6666756E 
 195      6374696F 
 195      6E2D7365 
 196 00ba 6D6F6E00 		.ascii	"mon\000"
 197              	.LASF4:
 198 00be 756E7369 		.ascii	"unsigned int\000"
 198      676E6564 
 198      20696E74 
 198      00
 199              	.LASF14:
 200 00cb 2F686F6D 		.ascii	"/home/arch/git/rov-subside2015/ThrusterModule\000"
 200      652F6172 
 200      63682F67 
ARM GAS  /tmp/ccPVCGgl.s 			page 5


 200      69742F72 
 200      6F762D73 
 201              	.LASF9:
 202 00f9 6C6F6E67 		.ascii	"long unsigned int\000"
 202      20756E73 
 202      69676E65 
 202      6420696E 
 202      7400
 203              	.LASF6:
 204 010b 6C6F6E67 		.ascii	"long long unsigned int\000"
 204      206C6F6E 
 204      6720756E 
 204      7369676E 
 204      65642069 
 205              	.LASF1:
 206 0122 756E7369 		.ascii	"unsigned char\000"
 206      676E6564 
 206      20636861 
 206      7200
 207              	.LASF10:
 208 0130 63686172 		.ascii	"char\000"
 208      00
 209              	.LASF7:
 210 0135 6C6F6E67 		.ascii	"long int\000"
 210      20696E74 
 210      00
 211              	.LASF11:
 212 013e 5F426F6F 		.ascii	"_Bool\000"
 212      6C00
 213              	.LASF16:
 214 0144 49544D5F 		.ascii	"ITM_RxBuffer\000"
 214      52784275 
 214      66666572 
 214      00
 215              	.LASF0:
 216 0151 7369676E 		.ascii	"signed char\000"
 216      65642063 
 216      68617200 
 217              	.LASF13:
 218 015d 2E2F6368 		.ascii	"./chibios/os/hal/src/mmc_spi.c\000"
 218      6962696F 
 218      732F6F73 
 218      2F68616C 
 218      2F737263 
 219              	.LASF2:
 220 017c 73686F72 		.ascii	"short int\000"
 220      7420696E 
 220      7400
 221              	.LASF15:
 222 0186 696E7433 		.ascii	"int32_t\000"
 222      325F7400 
 223              	.LASF8:
 224 018e 73697A65 		.ascii	"sizetype\000"
 224      74797065 
 224      00
 225              		.ident	"GCC: (Sourcery CodeBench Lite 2013.11-24) 4.8.1"
ARM GAS  /tmp/ccPVCGgl.s 			page 6


DEFINED SYMBOLS
                            *ABS*:00000000 mmc_spi.c

NO UNDEFINED SYMBOLS
