ARM GAS  /tmp/ccZqQ1yD.s 			page 1


   1              		.syntax unified
   2              		.cpu cortex-m4
   3              		.fpu softvfp
   4              		.eabi_attribute 20, 1
   5              		.eabi_attribute 21, 1
   6              		.eabi_attribute 23, 3
   7              		.eabi_attribute 24, 1
   8              		.eabi_attribute 25, 1
   9              		.eabi_attribute 26, 1
  10              		.eabi_attribute 30, 2
  11              		.eabi_attribute 34, 1
  12              		.eabi_attribute 18, 4
  13              		.thumb
  14              		.file	"pal.c"
  15              		.text
  16              	.Ltext0:
  17              		.cfi_sections	.debug_frame
  18              		.section	.text.palReadBus,"ax",%progbits
  19              		.align	2
  20              		.p2align 4,,15
  21              		.global	palReadBus
  22              		.thumb
  23              		.thumb_func
  24              		.type	palReadBus, %function
  25              	palReadBus:
  26              	.LFB118:
  27              		.file 1 "./chibios/os/hal/src/pal.c"
  28              		.loc 1 77 0
  29              		.cfi_startproc
  30              		@ args = 0, pretend = 0, frame = 0
  31              		@ frame_needed = 0, uses_anonymous_args = 0
  32              		@ link register save eliminated.
  33              	.LVL0:
  34              		.loc 1 82 0
  35 0000 0368     		ldr	r3, [r0]
  36 0002 8268     		ldr	r2, [r0, #8]
  37 0004 1969     		ldr	r1, [r3, #16]
  38 0006 4368     		ldr	r3, [r0, #4]
  39 0008 21FA02F0 		lsr	r0, r1, r2
  40              	.LVL1:
  41              		.loc 1 83 0
  42 000c 1840     		ands	r0, r0, r3
  43 000e 7047     		bx	lr
  44              		.cfi_endproc
  45              	.LFE118:
  46              		.size	palReadBus, .-palReadBus
  47              		.section	.text.palWriteBus,"ax",%progbits
  48              		.align	2
  49              		.p2align 4,,15
  50              		.global	palWriteBus
  51              		.thumb
  52              		.thumb_func
  53              		.type	palWriteBus, %function
  54              	palWriteBus:
  55              	.LFB119:
  56              		.loc 1 103 0
  57              		.cfi_startproc
ARM GAS  /tmp/ccZqQ1yD.s 			page 2


  58              		@ args = 0, pretend = 0, frame = 0
  59              		@ frame_needed = 0, uses_anonymous_args = 0
  60              		@ link register save eliminated.
  61              	.LVL2:
  62              		.loc 1 108 0
  63 0000 0DC8     		ldmia	r0, {r0, r2, r3}
  64              	.LVL3:
  65              		.loc 1 103 0
  66 0002 30B4     		push	{r4, r5}
  67              		.cfi_def_cfa_offset 8
  68              		.cfi_offset 4, -8
  69              		.cfi_offset 5, -4
  70              		.loc 1 108 0
  71 0004 22EA0105 		bic	r5, r2, r1
  72 0008 03F11004 		add	r4, r3, #16
  73 000c 0A40     		ands	r2, r2, r1
  74 000e 02FA03F3 		lsl	r3, r2, r3
  75 0012 05FA04F2 		lsl	r2, r5, r4
  76 0016 1343     		orrs	r3, r3, r2
  77 0018 8361     		str	r3, [r0, #24]
  78              		.loc 1 109 0
  79 001a 30BC     		pop	{r4, r5}
  80 001c 7047     		bx	lr
  81              		.cfi_endproc
  82              	.LFE119:
  83              		.size	palWriteBus, .-palWriteBus
  84 001e 00BF     		.section	.text.palSetBusMode,"ax",%progbits
  85              		.align	2
  86              		.p2align 4,,15
  87              		.global	palSetBusMode
  88              		.thumb
  89              		.thumb_func
  90              		.type	palSetBusMode, %function
  91              	palSetBusMode:
  92              	.LFB120:
  93              		.loc 1 127 0
  94              		.cfi_startproc
  95              		@ args = 0, pretend = 0, frame = 0
  96              		@ frame_needed = 0, uses_anonymous_args = 0
  97              		@ link register save eliminated.
  98              	.LVL4:
  99 0000 10B4     		push	{r4}
 100              		.cfi_def_cfa_offset 4
 101              		.cfi_offset 4, -4
 102              		.loc 1 127 0
 103 0002 0A46     		mov	r2, r1
 104              		.loc 1 132 0
 105 0004 4468     		ldr	r4, [r0, #4]
 106 0006 8168     		ldr	r1, [r0, #8]
 107              	.LVL5:
 108 0008 0068     		ldr	r0, [r0]
 109              	.LVL6:
 110 000a 04FA01F1 		lsl	r1, r4, r1
 111              		.loc 1 133 0
 112 000e 5DF8044B 		ldr	r4, [sp], #4
 113              		.loc 1 132 0
 114 0012 FFF7FEBF 		b	_pal_lld_setgroupmode
ARM GAS  /tmp/ccZqQ1yD.s 			page 3


 115              	.LVL7:
 116              		.cfi_endproc
 117              	.LFE120:
 118              		.size	palSetBusMode, .-palSetBusMode
 119 0016 00BFAFF3 		.text
 119      0080AFF3 
 119      0080
 120              	.Letext0:
 121              		.file 2 "/usr/arm-none-eabi/include/stdint.h"
 122              		.file 3 "./chibios/os/hal/platforms/STM32/GPIOv2/pal_lld.h"
 123              		.file 4 "./chibios/os/hal/include/pal.h"
 124              		.file 5 "./chibios/os/ports/common/ARMCMx/CMSIS/include/core_cm4.h"
 125              		.section	.debug_info,"",%progbits
 126              	.Ldebug_info0:
 127 0000 A9020000 		.4byte	0x2a9
 128 0004 0400     		.2byte	0x4
 129 0006 00000000 		.4byte	.Ldebug_abbrev0
 130 000a 04       		.byte	0x4
 131 000b 01       		.uleb128 0x1
 132 000c 81010000 		.4byte	.LASF37
 133 0010 01       		.byte	0x1
 134 0011 91000000 		.4byte	.LASF38
 135 0015 56000000 		.4byte	.LASF39
 136 0019 00000000 		.4byte	.Ldebug_ranges0+0
 137 001d 00000000 		.4byte	0
 138 0021 00000000 		.4byte	.Ldebug_line0
 139 0025 02       		.uleb128 0x2
 140 0026 04       		.byte	0x4
 141 0027 05       		.byte	0x5
 142 0028 696E7400 		.ascii	"int\000"
 143 002c 03       		.uleb128 0x3
 144 002d 04       		.byte	0x4
 145 002e 07       		.byte	0x7
 146 002f 27010000 		.4byte	.LASF0
 147 0033 03       		.uleb128 0x3
 148 0034 01       		.byte	0x1
 149 0035 06       		.byte	0x6
 150 0036 44020000 		.4byte	.LASF1
 151 003a 03       		.uleb128 0x3
 152 003b 01       		.byte	0x1
 153 003c 08       		.byte	0x8
 154 003d B5000000 		.4byte	.LASF2
 155 0041 03       		.uleb128 0x3
 156 0042 02       		.byte	0x2
 157 0043 05       		.byte	0x5
 158 0044 FF000000 		.4byte	.LASF3
 159 0048 04       		.uleb128 0x4
 160 0049 29020000 		.4byte	.LASF5
 161 004d 02       		.byte	0x2
 162 004e 36       		.byte	0x36
 163 004f 53000000 		.4byte	0x53
 164 0053 03       		.uleb128 0x3
 165 0054 02       		.byte	0x2
 166 0055 07       		.byte	0x7
 167 0056 DA000000 		.4byte	.LASF4
 168 005a 04       		.uleb128 0x4
 169 005b 4B010000 		.4byte	.LASF6
ARM GAS  /tmp/ccZqQ1yD.s 			page 4


 170 005f 02       		.byte	0x2
 171 0060 4F       		.byte	0x4f
 172 0061 65000000 		.4byte	0x65
 173 0065 03       		.uleb128 0x3
 174 0066 04       		.byte	0x4
 175 0067 05       		.byte	0x5
 176 0068 3B020000 		.4byte	.LASF7
 177 006c 04       		.uleb128 0x4
 178 006d 32020000 		.4byte	.LASF8
 179 0071 02       		.byte	0x2
 180 0072 50       		.byte	0x50
 181 0073 77000000 		.4byte	0x77
 182 0077 03       		.uleb128 0x3
 183 0078 04       		.byte	0x4
 184 0079 07       		.byte	0x7
 185 007a C8000000 		.4byte	.LASF9
 186 007e 03       		.uleb128 0x3
 187 007f 08       		.byte	0x8
 188 0080 05       		.byte	0x5
 189 0081 62010000 		.4byte	.LASF10
 190 0085 03       		.uleb128 0x3
 191 0086 08       		.byte	0x8
 192 0087 07       		.byte	0x7
 193 0088 56020000 		.4byte	.LASF11
 194 008c 04       		.uleb128 0x4
 195 008d 1C000000 		.4byte	.LASF12
 196 0091 02       		.byte	0x2
 197 0092 A0       		.byte	0xa0
 198 0093 2C000000 		.4byte	0x2c
 199 0097 03       		.uleb128 0x3
 200 0098 01       		.byte	0x1
 201 0099 02       		.byte	0x2
 202 009a 50020000 		.4byte	.LASF13
 203 009e 05       		.uleb128 0x5
 204 009f 6C000000 		.4byte	0x6c
 205 00a3 03       		.uleb128 0x3
 206 00a4 04       		.byte	0x4
 207 00a5 07       		.byte	0x7
 208 00a6 53010000 		.4byte	.LASF14
 209 00aa 03       		.uleb128 0x3
 210 00ab 01       		.byte	0x1
 211 00ac 08       		.byte	0x8
 212 00ad 41010000 		.4byte	.LASF15
 213 00b1 05       		.uleb128 0x5
 214 00b2 5A000000 		.4byte	0x5a
 215 00b6 06       		.uleb128 0x6
 216 00b7 04       		.byte	0x4
 217 00b8 03       		.byte	0x3
 218 00b9 96       		.byte	0x96
 219 00ba D7000000 		.4byte	0xd7
 220 00be 07       		.uleb128 0x7
 221 00bf 73657400 		.ascii	"set\000"
 222 00c3 03       		.byte	0x3
 223 00c4 97       		.byte	0x97
 224 00c5 48000000 		.4byte	0x48
 225 00c9 00       		.byte	0
 226 00ca 08       		.uleb128 0x8
ARM GAS  /tmp/ccZqQ1yD.s 			page 5


 227 00cb 05000000 		.4byte	.LASF16
 228 00cf 03       		.byte	0x3
 229 00d0 98       		.byte	0x98
 230 00d1 48000000 		.4byte	0x48
 231 00d5 02       		.byte	0x2
 232 00d6 00       		.byte	0
 233 00d7 09       		.uleb128 0x9
 234 00d8 04       		.byte	0x4
 235 00d9 03       		.byte	0x3
 236 00da 94       		.byte	0x94
 237 00db F2000000 		.4byte	0xf2
 238 00df 0A       		.uleb128 0xa
 239 00e0 5700     		.ascii	"W\000"
 240 00e2 03       		.byte	0x3
 241 00e3 95       		.byte	0x95
 242 00e4 6C000000 		.4byte	0x6c
 243 00e8 0A       		.uleb128 0xa
 244 00e9 4800     		.ascii	"H\000"
 245 00eb 03       		.byte	0x3
 246 00ec 99       		.byte	0x99
 247 00ed B6000000 		.4byte	0xb6
 248 00f1 00       		.byte	0
 249 00f2 06       		.uleb128 0x6
 250 00f3 28       		.byte	0x28
 251 00f4 03       		.byte	0x3
 252 00f5 8C       		.byte	0x8c
 253 00f6 73010000 		.4byte	0x173
 254 00fa 08       		.uleb128 0x8
 255 00fb 0B000000 		.4byte	.LASF17
 256 00ff 03       		.byte	0x3
 257 0100 8E       		.byte	0x8e
 258 0101 9E000000 		.4byte	0x9e
 259 0105 00       		.byte	0
 260 0106 08       		.uleb128 0x8
 261 0107 3A000000 		.4byte	.LASF18
 262 010b 03       		.byte	0x3
 263 010c 8F       		.byte	0x8f
 264 010d 9E000000 		.4byte	0x9e
 265 0111 04       		.byte	0x4
 266 0112 08       		.uleb128 0x8
 267 0113 09010000 		.4byte	.LASF19
 268 0117 03       		.byte	0x3
 269 0118 90       		.byte	0x90
 270 0119 9E000000 		.4byte	0x9e
 271 011d 08       		.byte	0x8
 272 011e 08       		.uleb128 0x8
 273 011f 5C010000 		.4byte	.LASF20
 274 0123 03       		.byte	0x3
 275 0124 91       		.byte	0x91
 276 0125 9E000000 		.4byte	0x9e
 277 0129 0C       		.byte	0xc
 278 012a 07       		.uleb128 0x7
 279 012b 49445200 		.ascii	"IDR\000"
 280 012f 03       		.byte	0x3
 281 0130 92       		.byte	0x92
 282 0131 9E000000 		.4byte	0x9e
 283 0135 10       		.byte	0x10
ARM GAS  /tmp/ccZqQ1yD.s 			page 6


 284 0136 07       		.uleb128 0x7
 285 0137 4F445200 		.ascii	"ODR\000"
 286 013b 03       		.byte	0x3
 287 013c 93       		.byte	0x93
 288 013d 9E000000 		.4byte	0x9e
 289 0141 14       		.byte	0x14
 290 0142 08       		.uleb128 0x8
 291 0143 29000000 		.4byte	.LASF21
 292 0147 03       		.byte	0x3
 293 0148 9A       		.byte	0x9a
 294 0149 73010000 		.4byte	0x173
 295 014d 18       		.byte	0x18
 296 014e 08       		.uleb128 0x8
 297 014f 00000000 		.4byte	.LASF22
 298 0153 03       		.byte	0x3
 299 0154 9B       		.byte	0x9b
 300 0155 9E000000 		.4byte	0x9e
 301 0159 1C       		.byte	0x1c
 302 015a 08       		.uleb128 0x8
 303 015b ED000000 		.4byte	.LASF23
 304 015f 03       		.byte	0x3
 305 0160 9C       		.byte	0x9c
 306 0161 9E000000 		.4byte	0x9e
 307 0165 20       		.byte	0x20
 308 0166 08       		.uleb128 0x8
 309 0167 C3000000 		.4byte	.LASF24
 310 016b 03       		.byte	0x3
 311 016c 9D       		.byte	0x9d
 312 016d 9E000000 		.4byte	0x9e
 313 0171 24       		.byte	0x24
 314 0172 00       		.byte	0
 315 0173 05       		.uleb128 0x5
 316 0174 D7000000 		.4byte	0xd7
 317 0178 04       		.uleb128 0x4
 318 0179 34010000 		.4byte	.LASF25
 319 017d 03       		.byte	0x3
 320 017e 9E       		.byte	0x9e
 321 017f F2000000 		.4byte	0xf2
 322 0183 04       		.uleb128 0x4
 323 0184 84000000 		.4byte	.LASF26
 324 0188 03       		.byte	0x3
 325 0189 F0       		.byte	0xf0
 326 018a 6C000000 		.4byte	0x6c
 327 018e 04       		.uleb128 0x4
 328 018f AC000000 		.4byte	.LASF27
 329 0193 03       		.byte	0x3
 330 0194 F5       		.byte	0xf5
 331 0195 6C000000 		.4byte	0x6c
 332 0199 04       		.uleb128 0x4
 333 019a 1E020000 		.4byte	.LASF28
 334 019e 03       		.byte	0x3
 335 019f FD       		.byte	0xfd
 336 01a0 A4010000 		.4byte	0x1a4
 337 01a4 0B       		.uleb128 0xb
 338 01a5 04       		.byte	0x4
 339 01a6 78010000 		.4byte	0x178
 340 01aa 06       		.uleb128 0x6
ARM GAS  /tmp/ccZqQ1yD.s 			page 7


 341 01ab 0C       		.byte	0xc
 342 01ac 04       		.byte	0x4
 343 01ad 85       		.byte	0x85
 344 01ae D7010000 		.4byte	0x1d7
 345 01b2 08       		.uleb128 0x8
 346 01b3 4F000000 		.4byte	.LASF29
 347 01b7 04       		.byte	0x4
 348 01b8 89       		.byte	0x89
 349 01b9 99010000 		.4byte	0x199
 350 01bd 00       		.byte	0
 351 01be 08       		.uleb128 0x8
 352 01bf 70010000 		.4byte	.LASF30
 353 01c3 04       		.byte	0x4
 354 01c4 8F       		.byte	0x8f
 355 01c5 83010000 		.4byte	0x183
 356 01c9 04       		.byte	0x4
 357 01ca 08       		.uleb128 0x8
 358 01cb 7A010000 		.4byte	.LASF31
 359 01cf 04       		.byte	0x4
 360 01d0 93       		.byte	0x93
 361 01d1 8C000000 		.4byte	0x8c
 362 01d5 08       		.byte	0x8
 363 01d6 00       		.byte	0
 364 01d7 04       		.uleb128 0x4
 365 01d8 6D020000 		.4byte	.LASF32
 366 01dc 04       		.byte	0x4
 367 01dd 94       		.byte	0x94
 368 01de AA010000 		.4byte	0x1aa
 369 01e2 0C       		.uleb128 0xc
 370 01e3 11000000 		.4byte	.LASF40
 371 01e7 01       		.byte	0x1
 372 01e8 4D       		.byte	0x4d
 373 01e9 83010000 		.4byte	0x183
 374 01ed 00000000 		.4byte	.LFB118
 375 01f1 10000000 		.4byte	.LFE118-.LFB118
 376 01f5 01       		.uleb128 0x1
 377 01f6 9C       		.byte	0x9c
 378 01f7 0B020000 		.4byte	0x20b
 379 01fb 0D       		.uleb128 0xd
 380 01fc 62757300 		.ascii	"bus\000"
 381 0200 01       		.byte	0x1
 382 0201 4D       		.byte	0x4d
 383 0202 0B020000 		.4byte	0x20b
 384 0206 00000000 		.4byte	.LLST0
 385 020a 00       		.byte	0
 386 020b 0B       		.uleb128 0xb
 387 020c 04       		.byte	0x4
 388 020d D7010000 		.4byte	0x1d7
 389 0211 0E       		.uleb128 0xe
 390 0212 2E000000 		.4byte	.LASF34
 391 0216 01       		.byte	0x1
 392 0217 67       		.byte	0x67
 393 0218 00000000 		.4byte	.LFB119
 394 021c 1E000000 		.4byte	.LFE119-.LFB119
 395 0220 01       		.uleb128 0x1
 396 0221 9C       		.byte	0x9c
 397 0222 43020000 		.4byte	0x243
ARM GAS  /tmp/ccZqQ1yD.s 			page 8


 398 0226 0D       		.uleb128 0xd
 399 0227 62757300 		.ascii	"bus\000"
 400 022b 01       		.byte	0x1
 401 022c 67       		.byte	0x67
 402 022d 0B020000 		.4byte	0x20b
 403 0231 21000000 		.4byte	.LLST1
 404 0235 0F       		.uleb128 0xf
 405 0236 75010000 		.4byte	.LASF33
 406 023a 01       		.byte	0x1
 407 023b 67       		.byte	0x67
 408 023c 83010000 		.4byte	0x183
 409 0240 01       		.uleb128 0x1
 410 0241 51       		.byte	0x51
 411 0242 00       		.byte	0
 412 0243 0E       		.uleb128 0xe
 413 0244 41000000 		.4byte	.LASF35
 414 0248 01       		.byte	0x1
 415 0249 7F       		.byte	0x7f
 416 024a 00000000 		.4byte	.LFB120
 417 024e 16000000 		.4byte	.LFE120-.LFB120
 418 0252 01       		.uleb128 0x1
 419 0253 9C       		.byte	0x9c
 420 0254 88020000 		.4byte	0x288
 421 0258 0D       		.uleb128 0xd
 422 0259 62757300 		.ascii	"bus\000"
 423 025d 01       		.byte	0x1
 424 025e 7F       		.byte	0x7f
 425 025f 0B020000 		.4byte	0x20b
 426 0263 42000000 		.4byte	.LLST2
 427 0267 10       		.uleb128 0x10
 428 0268 46010000 		.4byte	.LASF36
 429 026c 01       		.byte	0x1
 430 026d 7F       		.byte	0x7f
 431 026e 8E010000 		.4byte	0x18e
 432 0272 63000000 		.4byte	.LLST3
 433 0276 11       		.uleb128 0x11
 434 0277 16000000 		.4byte	.LVL7
 435 027b 94020000 		.4byte	0x294
 436 027f 12       		.uleb128 0x12
 437 0280 01       		.uleb128 0x1
 438 0281 52       		.byte	0x52
 439 0282 03       		.uleb128 0x3
 440 0283 F3       		.byte	0xf3
 441 0284 01       		.uleb128 0x1
 442 0285 51       		.byte	0x51
 443 0286 00       		.byte	0
 444 0287 00       		.byte	0
 445 0288 13       		.uleb128 0x13
 446 0289 F2000000 		.4byte	.LASF41
 447 028d 05       		.byte	0x5
 448 028e 9806     		.2byte	0x698
 449 0290 B1000000 		.4byte	0xb1
 450 0294 14       		.uleb128 0x14
 451 0295 11010000 		.4byte	.LASF42
 452 0299 03       		.byte	0x3
 453 029a C201     		.2byte	0x1c2
 454 029c 15       		.uleb128 0x15
ARM GAS  /tmp/ccZqQ1yD.s 			page 9


 455 029d 99010000 		.4byte	0x199
 456 02a1 15       		.uleb128 0x15
 457 02a2 83010000 		.4byte	0x183
 458 02a6 15       		.uleb128 0x15
 459 02a7 8E010000 		.4byte	0x18e
 460 02ab 00       		.byte	0
 461 02ac 00       		.byte	0
 462              		.section	.debug_abbrev,"",%progbits
 463              	.Ldebug_abbrev0:
 464 0000 01       		.uleb128 0x1
 465 0001 11       		.uleb128 0x11
 466 0002 01       		.byte	0x1
 467 0003 25       		.uleb128 0x25
 468 0004 0E       		.uleb128 0xe
 469 0005 13       		.uleb128 0x13
 470 0006 0B       		.uleb128 0xb
 471 0007 03       		.uleb128 0x3
 472 0008 0E       		.uleb128 0xe
 473 0009 1B       		.uleb128 0x1b
 474 000a 0E       		.uleb128 0xe
 475 000b 55       		.uleb128 0x55
 476 000c 17       		.uleb128 0x17
 477 000d 11       		.uleb128 0x11
 478 000e 01       		.uleb128 0x1
 479 000f 10       		.uleb128 0x10
 480 0010 17       		.uleb128 0x17
 481 0011 00       		.byte	0
 482 0012 00       		.byte	0
 483 0013 02       		.uleb128 0x2
 484 0014 24       		.uleb128 0x24
 485 0015 00       		.byte	0
 486 0016 0B       		.uleb128 0xb
 487 0017 0B       		.uleb128 0xb
 488 0018 3E       		.uleb128 0x3e
 489 0019 0B       		.uleb128 0xb
 490 001a 03       		.uleb128 0x3
 491 001b 08       		.uleb128 0x8
 492 001c 00       		.byte	0
 493 001d 00       		.byte	0
 494 001e 03       		.uleb128 0x3
 495 001f 24       		.uleb128 0x24
 496 0020 00       		.byte	0
 497 0021 0B       		.uleb128 0xb
 498 0022 0B       		.uleb128 0xb
 499 0023 3E       		.uleb128 0x3e
 500 0024 0B       		.uleb128 0xb
 501 0025 03       		.uleb128 0x3
 502 0026 0E       		.uleb128 0xe
 503 0027 00       		.byte	0
 504 0028 00       		.byte	0
 505 0029 04       		.uleb128 0x4
 506 002a 16       		.uleb128 0x16
 507 002b 00       		.byte	0
 508 002c 03       		.uleb128 0x3
 509 002d 0E       		.uleb128 0xe
 510 002e 3A       		.uleb128 0x3a
 511 002f 0B       		.uleb128 0xb
ARM GAS  /tmp/ccZqQ1yD.s 			page 10


 512 0030 3B       		.uleb128 0x3b
 513 0031 0B       		.uleb128 0xb
 514 0032 49       		.uleb128 0x49
 515 0033 13       		.uleb128 0x13
 516 0034 00       		.byte	0
 517 0035 00       		.byte	0
 518 0036 05       		.uleb128 0x5
 519 0037 35       		.uleb128 0x35
 520 0038 00       		.byte	0
 521 0039 49       		.uleb128 0x49
 522 003a 13       		.uleb128 0x13
 523 003b 00       		.byte	0
 524 003c 00       		.byte	0
 525 003d 06       		.uleb128 0x6
 526 003e 13       		.uleb128 0x13
 527 003f 01       		.byte	0x1
 528 0040 0B       		.uleb128 0xb
 529 0041 0B       		.uleb128 0xb
 530 0042 3A       		.uleb128 0x3a
 531 0043 0B       		.uleb128 0xb
 532 0044 3B       		.uleb128 0x3b
 533 0045 0B       		.uleb128 0xb
 534 0046 01       		.uleb128 0x1
 535 0047 13       		.uleb128 0x13
 536 0048 00       		.byte	0
 537 0049 00       		.byte	0
 538 004a 07       		.uleb128 0x7
 539 004b 0D       		.uleb128 0xd
 540 004c 00       		.byte	0
 541 004d 03       		.uleb128 0x3
 542 004e 08       		.uleb128 0x8
 543 004f 3A       		.uleb128 0x3a
 544 0050 0B       		.uleb128 0xb
 545 0051 3B       		.uleb128 0x3b
 546 0052 0B       		.uleb128 0xb
 547 0053 49       		.uleb128 0x49
 548 0054 13       		.uleb128 0x13
 549 0055 38       		.uleb128 0x38
 550 0056 0B       		.uleb128 0xb
 551 0057 00       		.byte	0
 552 0058 00       		.byte	0
 553 0059 08       		.uleb128 0x8
 554 005a 0D       		.uleb128 0xd
 555 005b 00       		.byte	0
 556 005c 03       		.uleb128 0x3
 557 005d 0E       		.uleb128 0xe
 558 005e 3A       		.uleb128 0x3a
 559 005f 0B       		.uleb128 0xb
 560 0060 3B       		.uleb128 0x3b
 561 0061 0B       		.uleb128 0xb
 562 0062 49       		.uleb128 0x49
 563 0063 13       		.uleb128 0x13
 564 0064 38       		.uleb128 0x38
 565 0065 0B       		.uleb128 0xb
 566 0066 00       		.byte	0
 567 0067 00       		.byte	0
 568 0068 09       		.uleb128 0x9
ARM GAS  /tmp/ccZqQ1yD.s 			page 11


 569 0069 17       		.uleb128 0x17
 570 006a 01       		.byte	0x1
 571 006b 0B       		.uleb128 0xb
 572 006c 0B       		.uleb128 0xb
 573 006d 3A       		.uleb128 0x3a
 574 006e 0B       		.uleb128 0xb
 575 006f 3B       		.uleb128 0x3b
 576 0070 0B       		.uleb128 0xb
 577 0071 01       		.uleb128 0x1
 578 0072 13       		.uleb128 0x13
 579 0073 00       		.byte	0
 580 0074 00       		.byte	0
 581 0075 0A       		.uleb128 0xa
 582 0076 0D       		.uleb128 0xd
 583 0077 00       		.byte	0
 584 0078 03       		.uleb128 0x3
 585 0079 08       		.uleb128 0x8
 586 007a 3A       		.uleb128 0x3a
 587 007b 0B       		.uleb128 0xb
 588 007c 3B       		.uleb128 0x3b
 589 007d 0B       		.uleb128 0xb
 590 007e 49       		.uleb128 0x49
 591 007f 13       		.uleb128 0x13
 592 0080 00       		.byte	0
 593 0081 00       		.byte	0
 594 0082 0B       		.uleb128 0xb
 595 0083 0F       		.uleb128 0xf
 596 0084 00       		.byte	0
 597 0085 0B       		.uleb128 0xb
 598 0086 0B       		.uleb128 0xb
 599 0087 49       		.uleb128 0x49
 600 0088 13       		.uleb128 0x13
 601 0089 00       		.byte	0
 602 008a 00       		.byte	0
 603 008b 0C       		.uleb128 0xc
 604 008c 2E       		.uleb128 0x2e
 605 008d 01       		.byte	0x1
 606 008e 3F       		.uleb128 0x3f
 607 008f 19       		.uleb128 0x19
 608 0090 03       		.uleb128 0x3
 609 0091 0E       		.uleb128 0xe
 610 0092 3A       		.uleb128 0x3a
 611 0093 0B       		.uleb128 0xb
 612 0094 3B       		.uleb128 0x3b
 613 0095 0B       		.uleb128 0xb
 614 0096 27       		.uleb128 0x27
 615 0097 19       		.uleb128 0x19
 616 0098 49       		.uleb128 0x49
 617 0099 13       		.uleb128 0x13
 618 009a 11       		.uleb128 0x11
 619 009b 01       		.uleb128 0x1
 620 009c 12       		.uleb128 0x12
 621 009d 06       		.uleb128 0x6
 622 009e 40       		.uleb128 0x40
 623 009f 18       		.uleb128 0x18
 624 00a0 9742     		.uleb128 0x2117
 625 00a2 19       		.uleb128 0x19
ARM GAS  /tmp/ccZqQ1yD.s 			page 12


 626 00a3 01       		.uleb128 0x1
 627 00a4 13       		.uleb128 0x13
 628 00a5 00       		.byte	0
 629 00a6 00       		.byte	0
 630 00a7 0D       		.uleb128 0xd
 631 00a8 05       		.uleb128 0x5
 632 00a9 00       		.byte	0
 633 00aa 03       		.uleb128 0x3
 634 00ab 08       		.uleb128 0x8
 635 00ac 3A       		.uleb128 0x3a
 636 00ad 0B       		.uleb128 0xb
 637 00ae 3B       		.uleb128 0x3b
 638 00af 0B       		.uleb128 0xb
 639 00b0 49       		.uleb128 0x49
 640 00b1 13       		.uleb128 0x13
 641 00b2 02       		.uleb128 0x2
 642 00b3 17       		.uleb128 0x17
 643 00b4 00       		.byte	0
 644 00b5 00       		.byte	0
 645 00b6 0E       		.uleb128 0xe
 646 00b7 2E       		.uleb128 0x2e
 647 00b8 01       		.byte	0x1
 648 00b9 3F       		.uleb128 0x3f
 649 00ba 19       		.uleb128 0x19
 650 00bb 03       		.uleb128 0x3
 651 00bc 0E       		.uleb128 0xe
 652 00bd 3A       		.uleb128 0x3a
 653 00be 0B       		.uleb128 0xb
 654 00bf 3B       		.uleb128 0x3b
 655 00c0 0B       		.uleb128 0xb
 656 00c1 27       		.uleb128 0x27
 657 00c2 19       		.uleb128 0x19
 658 00c3 11       		.uleb128 0x11
 659 00c4 01       		.uleb128 0x1
 660 00c5 12       		.uleb128 0x12
 661 00c6 06       		.uleb128 0x6
 662 00c7 40       		.uleb128 0x40
 663 00c8 18       		.uleb128 0x18
 664 00c9 9742     		.uleb128 0x2117
 665 00cb 19       		.uleb128 0x19
 666 00cc 01       		.uleb128 0x1
 667 00cd 13       		.uleb128 0x13
 668 00ce 00       		.byte	0
 669 00cf 00       		.byte	0
 670 00d0 0F       		.uleb128 0xf
 671 00d1 05       		.uleb128 0x5
 672 00d2 00       		.byte	0
 673 00d3 03       		.uleb128 0x3
 674 00d4 0E       		.uleb128 0xe
 675 00d5 3A       		.uleb128 0x3a
 676 00d6 0B       		.uleb128 0xb
 677 00d7 3B       		.uleb128 0x3b
 678 00d8 0B       		.uleb128 0xb
 679 00d9 49       		.uleb128 0x49
 680 00da 13       		.uleb128 0x13
 681 00db 02       		.uleb128 0x2
 682 00dc 18       		.uleb128 0x18
ARM GAS  /tmp/ccZqQ1yD.s 			page 13


 683 00dd 00       		.byte	0
 684 00de 00       		.byte	0
 685 00df 10       		.uleb128 0x10
 686 00e0 05       		.uleb128 0x5
 687 00e1 00       		.byte	0
 688 00e2 03       		.uleb128 0x3
 689 00e3 0E       		.uleb128 0xe
 690 00e4 3A       		.uleb128 0x3a
 691 00e5 0B       		.uleb128 0xb
 692 00e6 3B       		.uleb128 0x3b
 693 00e7 0B       		.uleb128 0xb
 694 00e8 49       		.uleb128 0x49
 695 00e9 13       		.uleb128 0x13
 696 00ea 02       		.uleb128 0x2
 697 00eb 17       		.uleb128 0x17
 698 00ec 00       		.byte	0
 699 00ed 00       		.byte	0
 700 00ee 11       		.uleb128 0x11
 701 00ef 898201   		.uleb128 0x4109
 702 00f2 01       		.byte	0x1
 703 00f3 11       		.uleb128 0x11
 704 00f4 01       		.uleb128 0x1
 705 00f5 9542     		.uleb128 0x2115
 706 00f7 19       		.uleb128 0x19
 707 00f8 31       		.uleb128 0x31
 708 00f9 13       		.uleb128 0x13
 709 00fa 00       		.byte	0
 710 00fb 00       		.byte	0
 711 00fc 12       		.uleb128 0x12
 712 00fd 8A8201   		.uleb128 0x410a
 713 0100 00       		.byte	0
 714 0101 02       		.uleb128 0x2
 715 0102 18       		.uleb128 0x18
 716 0103 9142     		.uleb128 0x2111
 717 0105 18       		.uleb128 0x18
 718 0106 00       		.byte	0
 719 0107 00       		.byte	0
 720 0108 13       		.uleb128 0x13
 721 0109 34       		.uleb128 0x34
 722 010a 00       		.byte	0
 723 010b 03       		.uleb128 0x3
 724 010c 0E       		.uleb128 0xe
 725 010d 3A       		.uleb128 0x3a
 726 010e 0B       		.uleb128 0xb
 727 010f 3B       		.uleb128 0x3b
 728 0110 05       		.uleb128 0x5
 729 0111 49       		.uleb128 0x49
 730 0112 13       		.uleb128 0x13
 731 0113 3F       		.uleb128 0x3f
 732 0114 19       		.uleb128 0x19
 733 0115 3C       		.uleb128 0x3c
 734 0116 19       		.uleb128 0x19
 735 0117 00       		.byte	0
 736 0118 00       		.byte	0
 737 0119 14       		.uleb128 0x14
 738 011a 2E       		.uleb128 0x2e
 739 011b 01       		.byte	0x1
ARM GAS  /tmp/ccZqQ1yD.s 			page 14


 740 011c 3F       		.uleb128 0x3f
 741 011d 19       		.uleb128 0x19
 742 011e 03       		.uleb128 0x3
 743 011f 0E       		.uleb128 0xe
 744 0120 3A       		.uleb128 0x3a
 745 0121 0B       		.uleb128 0xb
 746 0122 3B       		.uleb128 0x3b
 747 0123 05       		.uleb128 0x5
 748 0124 27       		.uleb128 0x27
 749 0125 19       		.uleb128 0x19
 750 0126 3C       		.uleb128 0x3c
 751 0127 19       		.uleb128 0x19
 752 0128 00       		.byte	0
 753 0129 00       		.byte	0
 754 012a 15       		.uleb128 0x15
 755 012b 05       		.uleb128 0x5
 756 012c 00       		.byte	0
 757 012d 49       		.uleb128 0x49
 758 012e 13       		.uleb128 0x13
 759 012f 00       		.byte	0
 760 0130 00       		.byte	0
 761 0131 00       		.byte	0
 762              		.section	.debug_loc,"",%progbits
 763              	.Ldebug_loc0:
 764              	.LLST0:
 765 0000 00000000 		.4byte	.LVL0
 766 0004 0C000000 		.4byte	.LVL1
 767 0008 0100     		.2byte	0x1
 768 000a 50       		.byte	0x50
 769 000b 0C000000 		.4byte	.LVL1
 770 000f 10000000 		.4byte	.LFE118
 771 0013 0400     		.2byte	0x4
 772 0015 F3       		.byte	0xf3
 773 0016 01       		.uleb128 0x1
 774 0017 50       		.byte	0x50
 775 0018 9F       		.byte	0x9f
 776 0019 00000000 		.4byte	0
 777 001d 00000000 		.4byte	0
 778              	.LLST1:
 779 0021 00000000 		.4byte	.LVL2
 780 0025 02000000 		.4byte	.LVL3
 781 0029 0100     		.2byte	0x1
 782 002b 50       		.byte	0x50
 783 002c 02000000 		.4byte	.LVL3
 784 0030 1E000000 		.4byte	.LFE119
 785 0034 0400     		.2byte	0x4
 786 0036 F3       		.byte	0xf3
 787 0037 01       		.uleb128 0x1
 788 0038 50       		.byte	0x50
 789 0039 9F       		.byte	0x9f
 790 003a 00000000 		.4byte	0
 791 003e 00000000 		.4byte	0
 792              	.LLST2:
 793 0042 00000000 		.4byte	.LVL4
 794 0046 0A000000 		.4byte	.LVL6
 795 004a 0100     		.2byte	0x1
 796 004c 50       		.byte	0x50
ARM GAS  /tmp/ccZqQ1yD.s 			page 15


 797 004d 0A000000 		.4byte	.LVL6
 798 0051 16000000 		.4byte	.LFE120
 799 0055 0400     		.2byte	0x4
 800 0057 F3       		.byte	0xf3
 801 0058 01       		.uleb128 0x1
 802 0059 50       		.byte	0x50
 803 005a 9F       		.byte	0x9f
 804 005b 00000000 		.4byte	0
 805 005f 00000000 		.4byte	0
 806              	.LLST3:
 807 0063 00000000 		.4byte	.LVL4
 808 0067 08000000 		.4byte	.LVL5
 809 006b 0100     		.2byte	0x1
 810 006d 51       		.byte	0x51
 811 006e 08000000 		.4byte	.LVL5
 812 0072 15000000 		.4byte	.LVL7-1
 813 0076 0100     		.2byte	0x1
 814 0078 52       		.byte	0x52
 815 0079 15000000 		.4byte	.LVL7-1
 816 007d 16000000 		.4byte	.LFE120
 817 0081 0400     		.2byte	0x4
 818 0083 F3       		.byte	0xf3
 819 0084 01       		.uleb128 0x1
 820 0085 51       		.byte	0x51
 821 0086 9F       		.byte	0x9f
 822 0087 00000000 		.4byte	0
 823 008b 00000000 		.4byte	0
 824              		.section	.debug_aranges,"",%progbits
 825 0000 2C000000 		.4byte	0x2c
 826 0004 0200     		.2byte	0x2
 827 0006 00000000 		.4byte	.Ldebug_info0
 828 000a 04       		.byte	0x4
 829 000b 00       		.byte	0
 830 000c 0000     		.2byte	0
 831 000e 0000     		.2byte	0
 832 0010 00000000 		.4byte	.LFB118
 833 0014 10000000 		.4byte	.LFE118-.LFB118
 834 0018 00000000 		.4byte	.LFB119
 835 001c 1E000000 		.4byte	.LFE119-.LFB119
 836 0020 00000000 		.4byte	.LFB120
 837 0024 16000000 		.4byte	.LFE120-.LFB120
 838 0028 00000000 		.4byte	0
 839 002c 00000000 		.4byte	0
 840              		.section	.debug_ranges,"",%progbits
 841              	.Ldebug_ranges0:
 842 0000 00000000 		.4byte	.LFB118
 843 0004 10000000 		.4byte	.LFE118
 844 0008 00000000 		.4byte	.LFB119
 845 000c 1E000000 		.4byte	.LFE119
 846 0010 00000000 		.4byte	.LFB120
 847 0014 16000000 		.4byte	.LFE120
 848 0018 00000000 		.4byte	0
 849 001c 00000000 		.4byte	0
 850              		.section	.debug_line,"",%progbits
 851              	.Ldebug_line0:
 852 0000 2C010000 		.section	.debug_str,"MS",%progbits,1
 852      0200EC00 
ARM GAS  /tmp/ccZqQ1yD.s 			page 16


 852      00000201 
 852      FB0E0D00 
 852      01010101 
 853              	.LASF22:
 854 0000 4C434B52 		.ascii	"LCKR\000"
 854      00
 855              	.LASF16:
 856 0005 636C6561 		.ascii	"clear\000"
 856      7200
 857              	.LASF17:
 858 000b 4D4F4445 		.ascii	"MODER\000"
 858      5200
 859              	.LASF40:
 860 0011 70616C52 		.ascii	"palReadBus\000"
 860      65616442 
 860      757300
 861              	.LASF12:
 862 001c 75696E74 		.ascii	"uint_fast8_t\000"
 862      5F666173 
 862      74385F74 
 862      00
 863              	.LASF21:
 864 0029 42535252 		.ascii	"BSRR\000"
 864      00
 865              	.LASF34:
 866 002e 70616C57 		.ascii	"palWriteBus\000"
 866      72697465 
 866      42757300 
 867              	.LASF18:
 868 003a 4F545950 		.ascii	"OTYPER\000"
 868      455200
 869              	.LASF35:
 870 0041 70616C53 		.ascii	"palSetBusMode\000"
 870      65744275 
 870      734D6F64 
 870      6500
 871              	.LASF29:
 872 004f 706F7274 		.ascii	"portid\000"
 872      696400
 873              	.LASF39:
 874 0056 2F686F6D 		.ascii	"/home/arch/git/rov-subside2015/ThrusterModule\000"
 874      652F6172 
 874      63682F67 
 874      69742F72 
 874      6F762D73 
 875              	.LASF26:
 876 0084 696F706F 		.ascii	"ioportmask_t\000"
 876      72746D61 
 876      736B5F74 
 876      00
 877              	.LASF38:
 878 0091 2E2F6368 		.ascii	"./chibios/os/hal/src/pal.c\000"
 878      6962696F 
 878      732F6F73 
 878      2F68616C 
 878      2F737263 
 879              	.LASF27:
ARM GAS  /tmp/ccZqQ1yD.s 			page 17


 880 00ac 696F6D6F 		.ascii	"iomode_t\000"
 880      64655F74 
 880      00
 881              	.LASF2:
 882 00b5 756E7369 		.ascii	"unsigned char\000"
 882      676E6564 
 882      20636861 
 882      7200
 883              	.LASF24:
 884 00c3 41465248 		.ascii	"AFRH\000"
 884      00
 885              	.LASF9:
 886 00c8 6C6F6E67 		.ascii	"long unsigned int\000"
 886      20756E73 
 886      69676E65 
 886      6420696E 
 886      7400
 887              	.LASF4:
 888 00da 73686F72 		.ascii	"short unsigned int\000"
 888      7420756E 
 888      7369676E 
 888      65642069 
 888      6E7400
 889              	.LASF23:
 890 00ed 4146524C 		.ascii	"AFRL\000"
 890      00
 891              	.LASF41:
 892 00f2 49544D5F 		.ascii	"ITM_RxBuffer\000"
 892      52784275 
 892      66666572 
 892      00
 893              	.LASF3:
 894 00ff 73686F72 		.ascii	"short int\000"
 894      7420696E 
 894      7400
 895              	.LASF19:
 896 0109 4F535045 		.ascii	"OSPEEDR\000"
 896      45445200 
 897              	.LASF42:
 898 0111 5F70616C 		.ascii	"_pal_lld_setgroupmode\000"
 898      5F6C6C64 
 898      5F736574 
 898      67726F75 
 898      706D6F64 
 899              	.LASF0:
 900 0127 756E7369 		.ascii	"unsigned int\000"
 900      676E6564 
 900      20696E74 
 900      00
 901              	.LASF25:
 902 0134 4750494F 		.ascii	"GPIO_TypeDef\000"
 902      5F547970 
 902      65446566 
 902      00
 903              	.LASF15:
 904 0141 63686172 		.ascii	"char\000"
 904      00
ARM GAS  /tmp/ccZqQ1yD.s 			page 18


 905              	.LASF36:
 906 0146 6D6F6465 		.ascii	"mode\000"
 906      00
 907              	.LASF6:
 908 014b 696E7433 		.ascii	"int32_t\000"
 908      325F7400 
 909              	.LASF14:
 910 0153 73697A65 		.ascii	"sizetype\000"
 910      74797065 
 910      00
 911              	.LASF20:
 912 015c 50555044 		.ascii	"PUPDR\000"
 912      5200
 913              	.LASF10:
 914 0162 6C6F6E67 		.ascii	"long long int\000"
 914      206C6F6E 
 914      6720696E 
 914      7400
 915              	.LASF30:
 916 0170 6D61736B 		.ascii	"mask\000"
 916      00
 917              	.LASF33:
 918 0175 62697473 		.ascii	"bits\000"
 918      00
 919              	.LASF31:
 920 017a 6F666673 		.ascii	"offset\000"
 920      657400
 921              	.LASF37:
 922 0181 474E5520 		.ascii	"GNU C 4.8.1 -mcpu=cortex-m4 -mno-thumb-interwork -m"
 922      4320342E 
 922      382E3120 
 922      2D6D6370 
 922      753D636F 
 923 01b4 7468756D 		.ascii	"thumb -ggdb -O2 -fomit-frame-pointer -falign-functi"
 923      62202D67 
 923      67646220 
 923      2D4F3220 
 923      2D666F6D 
 924 01e7 6F6E733D 		.ascii	"ons=16 -ffunction-sections -fdata-sections -fno-com"
 924      3136202D 
 924      6666756E 
 924      6374696F 
 924      6E2D7365 
 925 021a 6D6F6E00 		.ascii	"mon\000"
 926              	.LASF28:
 927 021e 696F706F 		.ascii	"ioportid_t\000"
 927      72746964 
 927      5F7400
 928              	.LASF5:
 929 0229 75696E74 		.ascii	"uint16_t\000"
 929      31365F74 
 929      00
 930              	.LASF8:
 931 0232 75696E74 		.ascii	"uint32_t\000"
 931      33325F74 
 931      00
 932              	.LASF7:
ARM GAS  /tmp/ccZqQ1yD.s 			page 19


 933 023b 6C6F6E67 		.ascii	"long int\000"
 933      20696E74 
 933      00
 934              	.LASF1:
 935 0244 7369676E 		.ascii	"signed char\000"
 935      65642063 
 935      68617200 
 936              	.LASF13:
 937 0250 5F426F6F 		.ascii	"_Bool\000"
 937      6C00
 938              	.LASF11:
 939 0256 6C6F6E67 		.ascii	"long long unsigned int\000"
 939      206C6F6E 
 939      6720756E 
 939      7369676E 
 939      65642069 
 940              	.LASF32:
 941 026d 494F4275 		.ascii	"IOBus\000"
 941      7300
 942              		.ident	"GCC: (Sourcery CodeBench Lite 2013.11-24) 4.8.1"
ARM GAS  /tmp/ccZqQ1yD.s 			page 20


DEFINED SYMBOLS
                            *ABS*:00000000 pal.c
     /tmp/ccZqQ1yD.s:19     .text.palReadBus:00000000 $t
     /tmp/ccZqQ1yD.s:25     .text.palReadBus:00000000 palReadBus
     /tmp/ccZqQ1yD.s:48     .text.palWriteBus:00000000 $t
     /tmp/ccZqQ1yD.s:54     .text.palWriteBus:00000000 palWriteBus
     /tmp/ccZqQ1yD.s:85     .text.palSetBusMode:00000000 $t
     /tmp/ccZqQ1yD.s:91     .text.palSetBusMode:00000000 palSetBusMode
                     .debug_frame:00000010 $d

UNDEFINED SYMBOLS
_pal_lld_setgroupmode
