ARM GAS  /tmp/ccDevKkY.s 			page 1


   1              		.syntax unified
   2              		.cpu cortex-m4
   3              		.fpu softvfp
   4              		.eabi_attribute 20, 1
   5              		.eabi_attribute 21, 1
   6              		.eabi_attribute 23, 3
   7              		.eabi_attribute 24, 1
   8              		.eabi_attribute 25, 1
   9              		.eabi_attribute 26, 1
  10              		.eabi_attribute 30, 2
  11              		.eabi_attribute 34, 1
  12              		.eabi_attribute 18, 4
  13              		.thumb
  14              		.file	"pal_lld.c"
  15              		.text
  16              	.Ltext0:
  17              		.cfi_sections	.debug_frame
  18              		.section	.text._pal_lld_init,"ax",%progbits
  19              		.align	2
  20              		.p2align 4,,15
  21              		.global	_pal_lld_init
  22              		.thumb
  23              		.thumb_func
  24              		.type	_pal_lld_init, %function
  25              	_pal_lld_init:
  26              	.LFB119:
  27              		.file 1 "./chibios/os/hal/platforms/STM32/GPIOv2/pal_lld.c"
  28              		.loc 1 119 0
  29              		.cfi_startproc
  30              		@ args = 0, pretend = 0, frame = 0
  31              		@ frame_needed = 0, uses_anonymous_args = 0
  32              		@ link register save eliminated.
  33              	.LVL0:
  34              		.loc 1 132 0
  35 0000 4FF46053 		mov	r3, #14336
  36 0004 C4F20203 		movt	r3, 16386
  37 0008 1A6B     		ldr	r2, [r3, #48]
  38 000a 6FEA5222 		mvn	r2, r2, lsr #9
  39 000e 6FEA4222 		mvn	r2, r2, lsl #9
  40 0012 1A63     		str	r2, [r3, #48]
  41              		.loc 1 133 0
  42 0014 1A6D     		ldr	r2, [r3, #80]
  43 0016 6FEA5222 		mvn	r2, r2, lsr #9
  44 001a 6FEA4222 		mvn	r2, r2, lsl #9
  45 001e 1A65     		str	r2, [r3, #80]
  46              	.LVL1:
  47              	.LBB20:
  48              	.LBB21:
  49              		.loc 1 94 0
  50 0020 0023     		movs	r3, #0
  51 0022 4168     		ldr	r1, [r0, #4]
  52 0024 C4F20203 		movt	r3, 16386
  53              	.LBE21:
  54              	.LBE20:
  55              	.LBB23:
  56              	.LBB24:
  57 0028 4FF48062 		mov	r2, #1024
ARM GAS  /tmp/ccDevKkY.s 			page 2


  58              	.LBE24:
  59              	.LBE23:
  60              	.LBB27:
  61              	.LBB22:
  62 002c 5960     		str	r1, [r3, #4]
  63              		.loc 1 95 0
  64 002e 8168     		ldr	r1, [r0, #8]
  65 0030 9960     		str	r1, [r3, #8]
  66              		.loc 1 96 0
  67 0032 C168     		ldr	r1, [r0, #12]
  68 0034 D960     		str	r1, [r3, #12]
  69              		.loc 1 97 0
  70 0036 0169     		ldr	r1, [r0, #16]
  71 0038 5961     		str	r1, [r3, #20]
  72              		.loc 1 98 0
  73 003a 4169     		ldr	r1, [r0, #20]
  74 003c 1962     		str	r1, [r3, #32]
  75              		.loc 1 99 0
  76 003e 8169     		ldr	r1, [r0, #24]
  77 0040 5962     		str	r1, [r3, #36]
  78              		.loc 1 100 0
  79 0042 0168     		ldr	r1, [r0]
  80 0044 1960     		str	r1, [r3]
  81              	.LVL2:
  82              	.LBE22:
  83              	.LBE27:
  84              	.LBB28:
  85              	.LBB25:
  86              		.loc 1 94 0
  87 0046 016A     		ldr	r1, [r0, #32]
  88 0048 C4F20202 		movt	r2, 16386
  89              	.LBE25:
  90              	.LBE28:
  91              	.LBB29:
  92              	.LBB30:
  93 004c 4FF40063 		mov	r3, #2048
  94              	.LBE30:
  95              	.LBE29:
  96              	.LBB33:
  97              	.LBB26:
  98 0050 5160     		str	r1, [r2, #4]
  99              		.loc 1 95 0
 100 0052 416A     		ldr	r1, [r0, #36]
 101 0054 9160     		str	r1, [r2, #8]
 102              		.loc 1 96 0
 103 0056 816A     		ldr	r1, [r0, #40]
 104 0058 D160     		str	r1, [r2, #12]
 105              		.loc 1 97 0
 106 005a C16A     		ldr	r1, [r0, #44]
 107 005c 5161     		str	r1, [r2, #20]
 108              		.loc 1 98 0
 109 005e 016B     		ldr	r1, [r0, #48]
 110 0060 1162     		str	r1, [r2, #32]
 111              		.loc 1 99 0
 112 0062 416B     		ldr	r1, [r0, #52]
 113 0064 5162     		str	r1, [r2, #36]
 114              		.loc 1 100 0
ARM GAS  /tmp/ccDevKkY.s 			page 3


 115 0066 C169     		ldr	r1, [r0, #28]
 116 0068 1160     		str	r1, [r2]
 117              	.LVL3:
 118              	.LBE26:
 119              	.LBE33:
 120              	.LBB34:
 121              	.LBB31:
 122              		.loc 1 94 0
 123 006a C4F20203 		movt	r3, 16386
 124 006e C16B     		ldr	r1, [r0, #60]
 125 0070 5960     		str	r1, [r3, #4]
 126              		.loc 1 95 0
 127 0072 016C     		ldr	r1, [r0, #64]
 128 0074 9960     		str	r1, [r3, #8]
 129              		.loc 1 96 0
 130 0076 416C     		ldr	r1, [r0, #68]
 131 0078 D960     		str	r1, [r3, #12]
 132              		.loc 1 97 0
 133 007a 816C     		ldr	r1, [r0, #72]
 134 007c 5961     		str	r1, [r3, #20]
 135              		.loc 1 98 0
 136 007e C16C     		ldr	r1, [r0, #76]
 137 0080 1962     		str	r1, [r3, #32]
 138              		.loc 1 99 0
 139 0082 016D     		ldr	r1, [r0, #80]
 140 0084 5962     		str	r1, [r3, #36]
 141              		.loc 1 100 0
 142 0086 816B     		ldr	r1, [r0, #56]
 143              	.LBE31:
 144              	.LBE34:
 145              	.LBB35:
 146              	.LBB36:
 147              		.loc 1 94 0
 148 0088 4FF44062 		mov	r2, #3072
 149              	.LBE36:
 150              	.LBE35:
 151              	.LBB39:
 152              	.LBB32:
 153              		.loc 1 100 0
 154 008c 1960     		str	r1, [r3]
 155              	.LVL4:
 156              	.LBE32:
 157              	.LBE39:
 158              	.LBB40:
 159              	.LBB37:
 160              		.loc 1 94 0
 161 008e 816D     		ldr	r1, [r0, #88]
 162 0090 C4F20202 		movt	r2, 16386
 163              	.LBE37:
 164              	.LBE40:
 165              	.LBB41:
 166              	.LBB42:
 167 0094 4FF48053 		mov	r3, #4096
 168              	.LBE42:
 169              	.LBE41:
 170              	.LBB45:
 171              	.LBB38:
ARM GAS  /tmp/ccDevKkY.s 			page 4


 172 0098 5160     		str	r1, [r2, #4]
 173              		.loc 1 95 0
 174 009a C16D     		ldr	r1, [r0, #92]
 175 009c 9160     		str	r1, [r2, #8]
 176              		.loc 1 96 0
 177 009e 016E     		ldr	r1, [r0, #96]
 178 00a0 D160     		str	r1, [r2, #12]
 179              		.loc 1 97 0
 180 00a2 416E     		ldr	r1, [r0, #100]
 181 00a4 5161     		str	r1, [r2, #20]
 182              		.loc 1 98 0
 183 00a6 816E     		ldr	r1, [r0, #104]
 184 00a8 1162     		str	r1, [r2, #32]
 185              		.loc 1 99 0
 186 00aa C16E     		ldr	r1, [r0, #108]
 187 00ac 5162     		str	r1, [r2, #36]
 188              		.loc 1 100 0
 189 00ae 416D     		ldr	r1, [r0, #84]
 190 00b0 1160     		str	r1, [r2]
 191              	.LVL5:
 192              	.LBE38:
 193              	.LBE45:
 194              	.LBB46:
 195              	.LBB43:
 196              		.loc 1 94 0
 197 00b2 C4F20203 		movt	r3, 16386
 198 00b6 416F     		ldr	r1, [r0, #116]
 199 00b8 5960     		str	r1, [r3, #4]
 200              		.loc 1 95 0
 201 00ba 816F     		ldr	r1, [r0, #120]
 202 00bc 9960     		str	r1, [r3, #8]
 203              		.loc 1 96 0
 204 00be C16F     		ldr	r1, [r0, #124]
 205 00c0 D960     		str	r1, [r3, #12]
 206              		.loc 1 97 0
 207 00c2 D0F88010 		ldr	r1, [r0, #128]
 208 00c6 5961     		str	r1, [r3, #20]
 209              		.loc 1 98 0
 210 00c8 D0F88410 		ldr	r1, [r0, #132]
 211 00cc 1962     		str	r1, [r3, #32]
 212              		.loc 1 99 0
 213 00ce D0F88810 		ldr	r1, [r0, #136]
 214 00d2 5962     		str	r1, [r3, #36]
 215              		.loc 1 100 0
 216 00d4 016F     		ldr	r1, [r0, #112]
 217              	.LBE43:
 218              	.LBE46:
 219              	.LBB47:
 220              	.LBB48:
 221              		.loc 1 94 0
 222 00d6 4FF4A052 		mov	r2, #5120
 223              	.LBE48:
 224              	.LBE47:
 225              	.LBB51:
 226              	.LBB44:
 227              		.loc 1 100 0
 228 00da 1960     		str	r1, [r3]
ARM GAS  /tmp/ccDevKkY.s 			page 5


 229              	.LVL6:
 230              	.LBE44:
 231              	.LBE51:
 232              	.LBB52:
 233              	.LBB49:
 234              		.loc 1 94 0
 235 00dc D0F89010 		ldr	r1, [r0, #144]
 236 00e0 C4F20202 		movt	r2, 16386
 237              	.LBE49:
 238              	.LBE52:
 239              	.LBB53:
 240              	.LBB54:
 241 00e4 4FF4C053 		mov	r3, #6144
 242              	.LBE54:
 243              	.LBE53:
 244              	.LBB58:
 245              	.LBB50:
 246 00e8 5160     		str	r1, [r2, #4]
 247              		.loc 1 95 0
 248 00ea D0F89410 		ldr	r1, [r0, #148]
 249 00ee 9160     		str	r1, [r2, #8]
 250              		.loc 1 96 0
 251 00f0 D0F89810 		ldr	r1, [r0, #152]
 252 00f4 D160     		str	r1, [r2, #12]
 253              		.loc 1 97 0
 254 00f6 D0F89C10 		ldr	r1, [r0, #156]
 255 00fa 5161     		str	r1, [r2, #20]
 256              		.loc 1 98 0
 257 00fc D0F8A010 		ldr	r1, [r0, #160]
 258 0100 1162     		str	r1, [r2, #32]
 259              		.loc 1 99 0
 260 0102 D0F8A410 		ldr	r1, [r0, #164]
 261 0106 5162     		str	r1, [r2, #36]
 262              		.loc 1 100 0
 263 0108 D0F88C10 		ldr	r1, [r0, #140]
 264 010c 1160     		str	r1, [r2]
 265              	.LVL7:
 266              	.LBE50:
 267              	.LBE58:
 268              	.LBB59:
 269              	.LBB55:
 270              		.loc 1 94 0
 271 010e D0F8AC10 		ldr	r1, [r0, #172]
 272 0112 C4F20203 		movt	r3, 16386
 273              	.LBE55:
 274              	.LBE59:
 275              	.LBB60:
 276              	.LBB61:
 277 0116 4FF4E052 		mov	r2, #7168
 278              	.LBE61:
 279              	.LBE60:
 280              	.LBB65:
 281              	.LBB56:
 282 011a 5960     		str	r1, [r3, #4]
 283              		.loc 1 95 0
 284 011c D0F8B010 		ldr	r1, [r0, #176]
 285 0120 9960     		str	r1, [r3, #8]
ARM GAS  /tmp/ccDevKkY.s 			page 6


 286              		.loc 1 96 0
 287 0122 D0F8B410 		ldr	r1, [r0, #180]
 288 0126 D960     		str	r1, [r3, #12]
 289              		.loc 1 97 0
 290 0128 D0F8B810 		ldr	r1, [r0, #184]
 291 012c 5961     		str	r1, [r3, #20]
 292              		.loc 1 98 0
 293 012e D0F8BC10 		ldr	r1, [r0, #188]
 294 0132 1962     		str	r1, [r3, #32]
 295              		.loc 1 99 0
 296 0134 D0F8C010 		ldr	r1, [r0, #192]
 297 0138 5962     		str	r1, [r3, #36]
 298              		.loc 1 100 0
 299 013a D0F8A810 		ldr	r1, [r0, #168]
 300              	.LBE56:
 301              	.LBE65:
 302              	.LBB66:
 303              	.LBB62:
 304              		.loc 1 94 0
 305 013e C4F20202 		movt	r2, 16386
 306              	.LBE62:
 307              	.LBE66:
 308              	.LBB67:
 309              	.LBB57:
 310              		.loc 1 100 0
 311 0142 1960     		str	r1, [r3]
 312              	.LVL8:
 313              	.LBE57:
 314              	.LBE67:
 315              	.LBB68:
 316              	.LBB63:
 317              		.loc 1 94 0
 318 0144 D0F8C830 		ldr	r3, [r0, #200]
 319 0148 5360     		str	r3, [r2, #4]
 320              		.loc 1 95 0
 321 014a D0F8CC30 		ldr	r3, [r0, #204]
 322 014e 9360     		str	r3, [r2, #8]
 323              		.loc 1 96 0
 324 0150 D0F8D030 		ldr	r3, [r0, #208]
 325 0154 D360     		str	r3, [r2, #12]
 326              		.loc 1 97 0
 327 0156 D0F8D430 		ldr	r3, [r0, #212]
 328 015a 5361     		str	r3, [r2, #20]
 329              		.loc 1 98 0
 330 015c D0F8D830 		ldr	r3, [r0, #216]
 331 0160 1362     		str	r3, [r2, #32]
 332              		.loc 1 99 0
 333 0162 D0F8DC30 		ldr	r3, [r0, #220]
 334 0166 5362     		str	r3, [r2, #36]
 335              		.loc 1 100 0
 336 0168 D0F8C410 		ldr	r1, [r0, #196]
 337              	.LBE63:
 338              	.LBE68:
 339              	.LBB69:
 340              	.LBB70:
 341              		.loc 1 94 0
 342 016c 4FF40053 		mov	r3, #8192
ARM GAS  /tmp/ccDevKkY.s 			page 7


 343              	.LBE70:
 344              	.LBE69:
 345              	.LBB72:
 346              	.LBB64:
 347              		.loc 1 100 0
 348 0170 1160     		str	r1, [r2]
 349              	.LVL9:
 350              	.LBE64:
 351              	.LBE72:
 352              	.LBB73:
 353              	.LBB71:
 354              		.loc 1 94 0
 355 0172 D0F8E420 		ldr	r2, [r0, #228]
 356 0176 C4F20203 		movt	r3, 16386
 357 017a 5A60     		str	r2, [r3, #4]
 358              		.loc 1 95 0
 359 017c D0F8E820 		ldr	r2, [r0, #232]
 360 0180 9A60     		str	r2, [r3, #8]
 361              		.loc 1 96 0
 362 0182 D0F8EC20 		ldr	r2, [r0, #236]
 363 0186 DA60     		str	r2, [r3, #12]
 364              		.loc 1 97 0
 365 0188 D0F8F020 		ldr	r2, [r0, #240]
 366 018c 5A61     		str	r2, [r3, #20]
 367              		.loc 1 98 0
 368 018e D0F8F420 		ldr	r2, [r0, #244]
 369 0192 1A62     		str	r2, [r3, #32]
 370              		.loc 1 99 0
 371 0194 D0F8F820 		ldr	r2, [r0, #248]
 372 0198 5A62     		str	r2, [r3, #36]
 373              		.loc 1 100 0
 374 019a D0F8E020 		ldr	r2, [r0, #224]
 375 019e 1A60     		str	r2, [r3]
 376 01a0 7047     		bx	lr
 377              	.LBE71:
 378              	.LBE73:
 379              		.cfi_endproc
 380              	.LFE119:
 381              		.size	_pal_lld_init, .-_pal_lld_init
 382 01a2 00BFAFF3 		.section	.text._pal_lld_setgroupmode,"ax",%progbits
 382      0080AFF3 
 382      0080AFF3 
 382      0080
 383              		.align	2
 384              		.p2align 4,,15
 385              		.global	_pal_lld_setgroupmode
 386              		.thumb
 387              		.thumb_func
 388              		.type	_pal_lld_setgroupmode, %function
 389              	_pal_lld_setgroupmode:
 390              	.LFB120:
 391              		.loc 1 184 0
 392              		.cfi_startproc
 393              		@ args = 0, pretend = 0, frame = 0
 394              		@ frame_needed = 0, uses_anonymous_args = 0
 395              		@ link register save eliminated.
 396              	.LVL10:
ARM GAS  /tmp/ccDevKkY.s 			page 8


 397 0000 2DE9F00F 		push	{r4, r5, r6, r7, r8, r9, r10, fp}
 398              		.cfi_def_cfa_offset 32
 399              		.cfi_offset 4, -32
 400              		.cfi_offset 5, -28
 401              		.cfi_offset 6, -24
 402              		.cfi_offset 7, -20
 403              		.cfi_offset 8, -16
 404              		.cfi_offset 9, -12
 405              		.cfi_offset 10, -8
 406              		.cfi_offset 11, -4
 407              		.loc 1 191 0
 408 0004 0023     		movs	r3, #0
 409              		.loc 1 186 0
 410 0006 02F00307 		and	r7, r2, #3
 411              	.LVL11:
 412              		.loc 1 187 0
 413 000a C2F38006 		ubfx	r6, r2, #2, #1
 414              	.LVL12:
 415              		.loc 1 188 0
 416 000e C2F3C105 		ubfx	r5, r2, #3, #2
 417              	.LVL13:
 418              		.loc 1 189 0
 419 0012 C2F34114 		ubfx	r4, r2, #5, #2
 420              	.LVL14:
 421              	.LBB74:
 422              		.loc 1 197 0
 423 0016 4FF00F09 		mov	r9, #15
 424              	.LBE74:
 425              		.loc 1 190 0
 426 001a C2F3C312 		ubfx	r2, r2, #7, #4
 427              	.LVL15:
 428              	.LBB75:
 429              		.loc 1 202 0
 430 001e 4FF0010A 		mov	r10, #1
 431 0022 04E0     		b	.L7
 432              	.LVL16:
 433              	.L12:
 434              	.LBE75:
 435              		.loc 1 212 0
 436 0024 7600     		lsls	r6, r6, #1
 437              	.LVL17:
 438              		.loc 1 213 0
 439 0026 AD00     		lsls	r5, r5, #2
 440              	.LVL18:
 441              		.loc 1 214 0
 442 0028 A400     		lsls	r4, r4, #2
 443              	.LVL19:
 444              		.loc 1 215 0
 445 002a BF00     		lsls	r7, r7, #2
 446              	.LVL20:
 447              		.loc 1 216 0
 448 002c 0133     		adds	r3, r3, #1
 449              	.LVL21:
 450              	.L7:
 451              	.LBB76:
 452              		.loc 1 196 0
 453 002e 03F0070C 		and	ip, r3, #7
ARM GAS  /tmp/ccDevKkY.s 			page 9


 454 0032 4FEA8C0C 		lsl	ip, ip, #2
 455              	.LBE76:
 456              		.loc 1 193 0
 457 0036 11F0010F 		tst	r1, #1
 458              	.LBB77:
 459              		.loc 1 196 0
 460 003a 02FA0CF8 		lsl	r8, r2, ip
 461              	.LVL22:
 462              		.loc 1 197 0
 463 003e 09FA0CFC 		lsl	ip, r9, ip
 464              	.LVL23:
 465              	.LBE77:
 466              		.loc 1 193 0
 467 0042 3CD0     		beq	.L3
 468              	.LVL24:
 469              	.LBB78:
 470              		.loc 1 198 0
 471 0044 072B     		cmp	r3, #7
 472              		.loc 1 199 0
 473 0046 95BF     		itete	ls
 474 0048 D0F820B0 		ldrls	fp, [r0, #32]
 475              		.loc 1 201 0
 476 004c D0F824B0 		ldrhi	fp, [r0, #36]
 477              		.loc 1 199 0
 478 0050 2BEA0C0C 		bicls	ip, fp, ip
 479              	.LVL25:
 480              		.loc 1 201 0
 481 0054 2BEA0C0C 		bichi	ip, fp, ip
 482              		.loc 1 199 0
 483 0058 95BF     		itete	ls
 484 005a 4CEA0808 		orrls	r8, ip, r8
 485              	.LVL26:
 486              		.loc 1 201 0
 487 005e 4CEA0808 		orrhi	r8, ip, r8
 488              		.loc 1 199 0
 489 0062 C0F82080 		strls	r8, [r0, #32]
 490              		.loc 1 201 0
 491 0066 C0F82480 		strhi	r8, [r0, #36]
 492              		.loc 1 203 0
 493 006a D0F804C0 		ldr	ip, [r0, #4]
 494              		.loc 1 202 0
 495 006e 0AFA03F8 		lsl	r8, r10, r3
 496              		.loc 1 203 0
 497 0072 2CEA080C 		bic	ip, ip, r8
 498 0076 4CEA060C 		orr	ip, ip, r6
 499 007a C0F804C0 		str	ip, [r0, #4]
 500              	.LVL27:
 501              		.loc 1 204 0
 502 007e 4FF0030B 		mov	fp, #3
 503 0082 4FEA430C 		lsl	ip, r3, #1
 504              		.loc 1 205 0
 505 0086 D0F80880 		ldr	r8, [r0, #8]
 506              		.loc 1 204 0
 507 008a 0BFA0CFC 		lsl	ip, fp, ip
 508              	.LVL28:
 509              		.loc 1 205 0
 510 008e 6FEA0C0C 		mvn	ip, ip
ARM GAS  /tmp/ccDevKkY.s 			page 10


 511              	.LVL29:
 512 0092 0CEA0808 		and	r8, ip, r8
 513 0096 48EA0508 		orr	r8, r8, r5
 514 009a C0F80880 		str	r8, [r0, #8]
 515              		.loc 1 206 0
 516 009e D0F80C80 		ldr	r8, [r0, #12]
 517 00a2 0CEA0808 		and	r8, ip, r8
 518 00a6 48EA0408 		orr	r8, r8, r4
 519 00aa C0F80C80 		str	r8, [r0, #12]
 520              		.loc 1 207 0
 521 00ae D0F80080 		ldr	r8, [r0]
 522 00b2 0CEA080C 		and	ip, ip, r8
 523              	.LVL30:
 524 00b6 4CEA070C 		orr	ip, ip, r7
 525 00ba C0F800C0 		str	ip, [r0]
 526              	.LVL31:
 527              	.L3:
 528              	.LBE78:
 529              		.loc 1 210 0
 530 00be 4908     		lsrs	r1, r1, #1
 531              	.LVL32:
 532 00c0 B0D1     		bne	.L12
 533              		.loc 1 218 0
 534 00c2 BDE8F00F 		pop	{r4, r5, r6, r7, r8, r9, r10, fp}
 535              	.LVL33:
 536 00c6 7047     		bx	lr
 537              		.cfi_endproc
 538              	.LFE120:
 539              		.size	_pal_lld_setgroupmode, .-_pal_lld_setgroupmode
 540 00c8 AFF30080 		.text
 540      AFF30080 
 541              	.Letext0:
 542              		.file 2 "/usr/arm-none-eabi/include/stdint.h"
 543              		.file 3 "./chibios/os/hal/platforms/STM32F4xx/stm32f4xx.h"
 544              		.file 4 "./chibios/os/hal/platforms/STM32/GPIOv2/pal_lld.h"
 545              		.file 5 "./chibios/os/ports/common/ARMCMx/CMSIS/include/core_cm4.h"
 546              		.section	.debug_info,"",%progbits
 547              	.Ldebug_info0:
 548 0000 DF060000 		.4byte	0x6df
 549 0004 0400     		.2byte	0x4
 550 0006 00000000 		.4byte	.Ldebug_abbrev0
 551 000a 04       		.byte	0x4
 552 000b 01       		.uleb128 0x1
 553 000c 35010000 		.4byte	.LASF84
 554 0010 01       		.byte	0x1
 555 0011 AF000000 		.4byte	.LASF85
 556 0015 6A000000 		.4byte	.LASF86
 557 0019 50010000 		.4byte	.Ldebug_ranges0+0x150
 558 001d 00000000 		.4byte	0
 559 0021 00000000 		.4byte	.Ldebug_line0
 560 0025 02       		.uleb128 0x2
 561 0026 04       		.byte	0x4
 562 0027 05       		.byte	0x5
 563 0028 696E7400 		.ascii	"int\000"
 564 002c 03       		.uleb128 0x3
 565 002d 04       		.byte	0x4
 566 002e 07       		.byte	0x7
ARM GAS  /tmp/ccDevKkY.s 			page 11


 567 002f D5030000 		.4byte	.LASF0
 568 0033 03       		.uleb128 0x3
 569 0034 01       		.byte	0x1
 570 0035 06       		.byte	0x6
 571 0036 6D020000 		.4byte	.LASF1
 572 003a 03       		.uleb128 0x3
 573 003b 01       		.byte	0x1
 574 003c 08       		.byte	0x8
 575 003d 57020000 		.4byte	.LASF2
 576 0041 03       		.uleb128 0x3
 577 0042 02       		.byte	0x2
 578 0043 05       		.byte	0x5
 579 0044 60000000 		.4byte	.LASF3
 580 0048 04       		.uleb128 0x4
 581 0049 A9020000 		.4byte	.LASF5
 582 004d 02       		.byte	0x2
 583 004e 36       		.byte	0x36
 584 004f 53000000 		.4byte	0x53
 585 0053 03       		.uleb128 0x3
 586 0054 02       		.byte	0x2
 587 0055 07       		.byte	0x7
 588 0056 D6020000 		.4byte	.LASF4
 589 005a 04       		.uleb128 0x4
 590 005b F8020000 		.4byte	.LASF6
 591 005f 02       		.byte	0x2
 592 0060 4F       		.byte	0x4f
 593 0061 65000000 		.4byte	0x65
 594 0065 03       		.uleb128 0x3
 595 0066 04       		.byte	0x4
 596 0067 05       		.byte	0x5
 597 0068 0D020000 		.4byte	.LASF7
 598 006c 04       		.uleb128 0x4
 599 006d 90020000 		.4byte	.LASF8
 600 0071 02       		.byte	0x2
 601 0072 50       		.byte	0x50
 602 0073 77000000 		.4byte	0x77
 603 0077 03       		.uleb128 0x3
 604 0078 04       		.byte	0x4
 605 0079 07       		.byte	0x7
 606 007a B2020000 		.4byte	.LASF9
 607 007e 03       		.uleb128 0x3
 608 007f 08       		.byte	0x8
 609 0080 05       		.byte	0x5
 610 0081 F1010000 		.4byte	.LASF10
 611 0085 03       		.uleb128 0x3
 612 0086 08       		.byte	0x8
 613 0087 07       		.byte	0x7
 614 0088 79020000 		.4byte	.LASF11
 615 008c 03       		.uleb128 0x3
 616 008d 01       		.byte	0x1
 617 008e 02       		.byte	0x2
 618 008f 0A030000 		.4byte	.LASF12
 619 0093 05       		.uleb128 0x5
 620 0094 6C000000 		.4byte	0x6c
 621 0098 03       		.uleb128 0x3
 622 0099 04       		.byte	0x4
 623 009a 07       		.byte	0x7
ARM GAS  /tmp/ccDevKkY.s 			page 12


 624 009b A1000000 		.4byte	.LASF13
 625 009f 03       		.uleb128 0x3
 626 00a0 01       		.byte	0x1
 627 00a1 08       		.byte	0x8
 628 00a2 F3020000 		.4byte	.LASF14
 629 00a6 06       		.uleb128 0x6
 630 00a7 6C000000 		.4byte	0x6c
 631 00ab B6000000 		.4byte	0xb6
 632 00af 07       		.uleb128 0x7
 633 00b0 98000000 		.4byte	0x98
 634 00b4 01       		.byte	0x1
 635 00b5 00       		.byte	0
 636 00b6 05       		.uleb128 0x5
 637 00b7 5A000000 		.4byte	0x5a
 638 00bb 08       		.uleb128 0x8
 639 00bc 90       		.byte	0x90
 640 00bd 03       		.byte	0x3
 641 00be 5804     		.2byte	0x458
 642 00c0 64020000 		.4byte	0x264
 643 00c4 09       		.uleb128 0x9
 644 00c5 435200   		.ascii	"CR\000"
 645 00c8 03       		.byte	0x3
 646 00c9 5A04     		.2byte	0x45a
 647 00cb 93000000 		.4byte	0x93
 648 00cf 00       		.byte	0
 649 00d0 0A       		.uleb128 0xa
 650 00d1 C9020000 		.4byte	.LASF15
 651 00d5 03       		.byte	0x3
 652 00d6 5B04     		.2byte	0x45b
 653 00d8 93000000 		.4byte	0x93
 654 00dc 04       		.byte	0x4
 655 00dd 0A       		.uleb128 0xa
 656 00de E2030000 		.4byte	.LASF16
 657 00e2 03       		.byte	0x3
 658 00e3 5C04     		.2byte	0x45c
 659 00e5 93000000 		.4byte	0x93
 660 00e9 08       		.byte	0x8
 661 00ea 09       		.uleb128 0x9
 662 00eb 43495200 		.ascii	"CIR\000"
 663 00ef 03       		.byte	0x3
 664 00f0 5D04     		.2byte	0x45d
 665 00f2 93000000 		.4byte	0x93
 666 00f6 0C       		.byte	0xc
 667 00f7 0A       		.uleb128 0xa
 668 00f8 9B030000 		.4byte	.LASF17
 669 00fc 03       		.byte	0x3
 670 00fd 5E04     		.2byte	0x45e
 671 00ff 93000000 		.4byte	0x93
 672 0103 10       		.byte	0x10
 673 0104 0A       		.uleb128 0xa
 674 0105 A0020000 		.4byte	.LASF18
 675 0109 03       		.byte	0x3
 676 010a 5F04     		.2byte	0x45f
 677 010c 93000000 		.4byte	0x93
 678 0110 14       		.byte	0x14
 679 0111 0A       		.uleb128 0xa
 680 0112 B1030000 		.4byte	.LASF19
ARM GAS  /tmp/ccDevKkY.s 			page 13


 681 0116 03       		.byte	0x3
 682 0117 6004     		.2byte	0x460
 683 0119 93000000 		.4byte	0x93
 684 011d 18       		.byte	0x18
 685 011e 0A       		.uleb128 0xa
 686 011f 2B030000 		.4byte	.LASF20
 687 0123 03       		.byte	0x3
 688 0124 6104     		.2byte	0x461
 689 0126 6C000000 		.4byte	0x6c
 690 012a 1C       		.byte	0x1c
 691 012b 0A       		.uleb128 0xa
 692 012c 27000000 		.4byte	.LASF21
 693 0130 03       		.byte	0x3
 694 0131 6204     		.2byte	0x462
 695 0133 93000000 		.4byte	0x93
 696 0137 20       		.byte	0x20
 697 0138 0A       		.uleb128 0xa
 698 0139 2F020000 		.4byte	.LASF22
 699 013d 03       		.byte	0x3
 700 013e 6304     		.2byte	0x463
 701 0140 93000000 		.4byte	0x93
 702 0144 24       		.byte	0x24
 703 0145 0A       		.uleb128 0xa
 704 0146 35030000 		.4byte	.LASF23
 705 014a 03       		.byte	0x3
 706 014b 6404     		.2byte	0x464
 707 014d A6000000 		.4byte	0xa6
 708 0151 28       		.byte	0x28
 709 0152 0A       		.uleb128 0xa
 710 0153 78030000 		.4byte	.LASF24
 711 0157 03       		.byte	0x3
 712 0158 6504     		.2byte	0x465
 713 015a 93000000 		.4byte	0x93
 714 015e 30       		.byte	0x30
 715 015f 0A       		.uleb128 0xa
 716 0160 30000000 		.4byte	.LASF25
 717 0164 03       		.byte	0x3
 718 0165 6604     		.2byte	0x466
 719 0167 93000000 		.4byte	0x93
 720 016b 34       		.byte	0x34
 721 016c 0A       		.uleb128 0xa
 722 016d E1010000 		.4byte	.LASF26
 723 0171 03       		.byte	0x3
 724 0172 6704     		.2byte	0x467
 725 0174 93000000 		.4byte	0x93
 726 0178 38       		.byte	0x38
 727 0179 0A       		.uleb128 0xa
 728 017a 3F030000 		.4byte	.LASF27
 729 017e 03       		.byte	0x3
 730 017f 6804     		.2byte	0x468
 731 0181 6C000000 		.4byte	0x6c
 732 0185 3C       		.byte	0x3c
 733 0186 0A       		.uleb128 0xa
 734 0187 20010000 		.4byte	.LASF28
 735 018b 03       		.byte	0x3
 736 018c 6904     		.2byte	0x469
 737 018e 93000000 		.4byte	0x93
ARM GAS  /tmp/ccDevKkY.s 			page 14


 738 0192 40       		.byte	0x40
 739 0193 0A       		.uleb128 0xa
 740 0194 65020000 		.4byte	.LASF29
 741 0198 03       		.byte	0x3
 742 0199 6A04     		.2byte	0x46a
 743 019b 93000000 		.4byte	0x93
 744 019f 44       		.byte	0x44
 745 01a0 0A       		.uleb128 0xa
 746 01a1 49030000 		.4byte	.LASF30
 747 01a5 03       		.byte	0x3
 748 01a6 6B04     		.2byte	0x46b
 749 01a8 A6000000 		.4byte	0xa6
 750 01ac 48       		.byte	0x48
 751 01ad 0A       		.uleb128 0xa
 752 01ae 00000000 		.4byte	.LASF31
 753 01b2 03       		.byte	0x3
 754 01b3 6C04     		.2byte	0x46c
 755 01b5 93000000 		.4byte	0x93
 756 01b9 50       		.byte	0x50
 757 01ba 0A       		.uleb128 0xa
 758 01bb 15030000 		.4byte	.LASF32
 759 01bf 03       		.byte	0x3
 760 01c0 6D04     		.2byte	0x46d
 761 01c2 93000000 		.4byte	0x93
 762 01c6 54       		.byte	0x54
 763 01c7 0A       		.uleb128 0xa
 764 01c8 06010000 		.4byte	.LASF33
 765 01cc 03       		.byte	0x3
 766 01cd 6E04     		.2byte	0x46e
 767 01cf 93000000 		.4byte	0x93
 768 01d3 58       		.byte	0x58
 769 01d4 0A       		.uleb128 0xa
 770 01d5 53030000 		.4byte	.LASF34
 771 01d9 03       		.byte	0x3
 772 01da 6F04     		.2byte	0x46f
 773 01dc 6C000000 		.4byte	0x6c
 774 01e0 5C       		.byte	0x5c
 775 01e1 0A       		.uleb128 0xa
 776 01e2 E9020000 		.4byte	.LASF35
 777 01e6 03       		.byte	0x3
 778 01e7 7004     		.2byte	0x470
 779 01e9 93000000 		.4byte	0x93
 780 01ed 60       		.byte	0x60
 781 01ee 0A       		.uleb128 0xa
 782 01ef F7030000 		.4byte	.LASF36
 783 01f3 03       		.byte	0x3
 784 01f4 7104     		.2byte	0x471
 785 01f6 93000000 		.4byte	0x93
 786 01fa 64       		.byte	0x64
 787 01fb 0A       		.uleb128 0xa
 788 01fc 5D030000 		.4byte	.LASF37
 789 0200 03       		.byte	0x3
 790 0201 7204     		.2byte	0x472
 791 0203 A6000000 		.4byte	0xa6
 792 0207 68       		.byte	0x68
 793 0208 0A       		.uleb128 0xa
 794 0209 AA000000 		.4byte	.LASF38
ARM GAS  /tmp/ccDevKkY.s 			page 15


 795 020d 03       		.byte	0x3
 796 020e 7304     		.2byte	0x473
 797 0210 93000000 		.4byte	0x93
 798 0214 70       		.byte	0x70
 799 0215 09       		.uleb128 0x9
 800 0216 43535200 		.ascii	"CSR\000"
 801 021a 03       		.byte	0x3
 802 021b 7404     		.2byte	0x474
 803 021d 93000000 		.4byte	0x93
 804 0221 74       		.byte	0x74
 805 0222 0A       		.uleb128 0xa
 806 0223 67030000 		.4byte	.LASF39
 807 0227 03       		.byte	0x3
 808 0228 7504     		.2byte	0x475
 809 022a A6000000 		.4byte	0xa6
 810 022e 78       		.byte	0x78
 811 022f 0A       		.uleb128 0xa
 812 0230 F9000000 		.4byte	.LASF40
 813 0234 03       		.byte	0x3
 814 0235 7604     		.2byte	0x476
 815 0237 93000000 		.4byte	0x93
 816 023b 80       		.byte	0x80
 817 023c 0A       		.uleb128 0xa
 818 023d E8000000 		.4byte	.LASF41
 819 0241 03       		.byte	0x3
 820 0242 7704     		.2byte	0x477
 821 0244 93000000 		.4byte	0x93
 822 0248 84       		.byte	0x84
 823 0249 0A       		.uleb128 0xa
 824 024a E7030000 		.4byte	.LASF42
 825 024e 03       		.byte	0x3
 826 024f 7804     		.2byte	0x478
 827 0251 93000000 		.4byte	0x93
 828 0255 88       		.byte	0x88
 829 0256 0A       		.uleb128 0xa
 830 0257 D9010000 		.4byte	.LASF43
 831 025b 03       		.byte	0x3
 832 025c 7904     		.2byte	0x479
 833 025e 93000000 		.4byte	0x93
 834 0262 8C       		.byte	0x8c
 835 0263 00       		.byte	0
 836 0264 0B       		.uleb128 0xb
 837 0265 1D020000 		.4byte	.LASF44
 838 0269 03       		.byte	0x3
 839 026a 7B04     		.2byte	0x47b
 840 026c BB000000 		.4byte	0xbb
 841 0270 0C       		.uleb128 0xc
 842 0271 04       		.byte	0x4
 843 0272 04       		.byte	0x4
 844 0273 96       		.byte	0x96
 845 0274 91020000 		.4byte	0x291
 846 0278 0D       		.uleb128 0xd
 847 0279 73657400 		.ascii	"set\000"
 848 027d 04       		.byte	0x4
 849 027e 97       		.byte	0x97
 850 027f 48000000 		.4byte	0x48
 851 0283 00       		.byte	0
ARM GAS  /tmp/ccDevKkY.s 			page 16


 852 0284 0E       		.uleb128 0xe
 853 0285 38020000 		.4byte	.LASF45
 854 0289 04       		.byte	0x4
 855 028a 98       		.byte	0x98
 856 028b 48000000 		.4byte	0x48
 857 028f 02       		.byte	0x2
 858 0290 00       		.byte	0
 859 0291 0F       		.uleb128 0xf
 860 0292 04       		.byte	0x4
 861 0293 04       		.byte	0x4
 862 0294 94       		.byte	0x94
 863 0295 AC020000 		.4byte	0x2ac
 864 0299 10       		.uleb128 0x10
 865 029a 5700     		.ascii	"W\000"
 866 029c 04       		.byte	0x4
 867 029d 95       		.byte	0x95
 868 029e 6C000000 		.4byte	0x6c
 869 02a2 10       		.uleb128 0x10
 870 02a3 4800     		.ascii	"H\000"
 871 02a5 04       		.byte	0x4
 872 02a6 99       		.byte	0x99
 873 02a7 70020000 		.4byte	0x270
 874 02ab 00       		.byte	0
 875 02ac 0C       		.uleb128 0xc
 876 02ad 28       		.byte	0x28
 877 02ae 04       		.byte	0x4
 878 02af 8C       		.byte	0x8c
 879 02b0 2D030000 		.4byte	0x32d
 880 02b4 0E       		.uleb128 0xe
 881 02b5 29020000 		.4byte	.LASF46
 882 02b9 04       		.byte	0x4
 883 02ba 8E       		.byte	0x8e
 884 02bb 93000000 		.4byte	0x93
 885 02bf 00       		.byte	0
 886 02c0 0E       		.uleb128 0xe
 887 02c1 D2010000 		.4byte	.LASF47
 888 02c5 04       		.byte	0x4
 889 02c6 8F       		.byte	0x8f
 890 02c7 93000000 		.4byte	0x93
 891 02cb 04       		.byte	0x4
 892 02cc 0E       		.uleb128 0xe
 893 02cd E9010000 		.4byte	.LASF48
 894 02d1 04       		.byte	0x4
 895 02d2 90       		.byte	0x90
 896 02d3 93000000 		.4byte	0x93
 897 02d7 08       		.byte	0x8
 898 02d8 0E       		.uleb128 0xe
 899 02d9 FF010000 		.4byte	.LASF49
 900 02dd 04       		.byte	0x4
 901 02de 91       		.byte	0x91
 902 02df 93000000 		.4byte	0x93
 903 02e3 0C       		.byte	0xc
 904 02e4 0D       		.uleb128 0xd
 905 02e5 49445200 		.ascii	"IDR\000"
 906 02e9 04       		.byte	0x4
 907 02ea 92       		.byte	0x92
 908 02eb 93000000 		.4byte	0x93
ARM GAS  /tmp/ccDevKkY.s 			page 17


 909 02ef 10       		.byte	0x10
 910 02f0 0D       		.uleb128 0xd
 911 02f1 4F445200 		.ascii	"ODR\000"
 912 02f5 04       		.byte	0x4
 913 02f6 93       		.byte	0x93
 914 02f7 93000000 		.4byte	0x93
 915 02fb 14       		.byte	0x14
 916 02fc 0E       		.uleb128 0xe
 917 02fd 01040000 		.4byte	.LASF50
 918 0301 04       		.byte	0x4
 919 0302 9A       		.byte	0x9a
 920 0303 2D030000 		.4byte	0x32d
 921 0307 18       		.byte	0x18
 922 0308 0E       		.uleb128 0xe
 923 0309 F2030000 		.4byte	.LASF51
 924 030d 04       		.byte	0x4
 925 030e 9B       		.byte	0x9b
 926 030f 93000000 		.4byte	0x93
 927 0313 1C       		.byte	0x1c
 928 0314 0E       		.uleb128 0xe
 929 0315 D1020000 		.4byte	.LASF52
 930 0319 04       		.byte	0x4
 931 031a 9C       		.byte	0x9c
 932 031b 93000000 		.4byte	0x93
 933 031f 20       		.byte	0x20
 934 0320 0E       		.uleb128 0xe
 935 0321 C4020000 		.4byte	.LASF53
 936 0325 04       		.byte	0x4
 937 0326 9D       		.byte	0x9d
 938 0327 93000000 		.4byte	0x93
 939 032b 24       		.byte	0x24
 940 032c 00       		.byte	0
 941 032d 05       		.uleb128 0x5
 942 032e 91020000 		.4byte	0x291
 943 0332 04       		.uleb128 0x4
 944 0333 A4030000 		.4byte	.LASF54
 945 0337 04       		.byte	0x4
 946 0338 9E       		.byte	0x9e
 947 0339 AC020000 		.4byte	0x2ac
 948 033d 0C       		.uleb128 0xc
 949 033e 1C       		.byte	0x1c
 950 033f 04       		.byte	0x4
 951 0340 A3       		.byte	0xa3
 952 0341 9A030000 		.4byte	0x39a
 953 0345 0E       		.uleb128 0xe
 954 0346 95030000 		.4byte	.LASF55
 955 034a 04       		.byte	0x4
 956 034b A5       		.byte	0xa5
 957 034c 6C000000 		.4byte	0x6c
 958 0350 00       		.byte	0
 959 0351 0E       		.uleb128 0xe
 960 0352 99020000 		.4byte	.LASF56
 961 0356 04       		.byte	0x4
 962 0357 A7       		.byte	0xa7
 963 0358 6C000000 		.4byte	0x6c
 964 035c 04       		.byte	0x4
 965 035d 0E       		.uleb128 0xe
ARM GAS  /tmp/ccDevKkY.s 			page 18


 966 035e 05020000 		.4byte	.LASF57
 967 0362 04       		.byte	0x4
 968 0363 A9       		.byte	0xa9
 969 0364 6C000000 		.4byte	0x6c
 970 0368 08       		.byte	0x8
 971 0369 0E       		.uleb128 0xe
 972 036a 85030000 		.4byte	.LASF58
 973 036e 04       		.byte	0x4
 974 036f AB       		.byte	0xab
 975 0370 6C000000 		.4byte	0x6c
 976 0374 0C       		.byte	0xc
 977 0375 0D       		.uleb128 0xd
 978 0376 6F647200 		.ascii	"odr\000"
 979 037a 04       		.byte	0x4
 980 037b AD       		.byte	0xad
 981 037c 6C000000 		.4byte	0x6c
 982 0380 10       		.byte	0x10
 983 0381 0E       		.uleb128 0xe
 984 0382 90030000 		.4byte	.LASF59
 985 0386 04       		.byte	0x4
 986 0387 AF       		.byte	0xaf
 987 0388 6C000000 		.4byte	0x6c
 988 038c 14       		.byte	0x14
 989 038d 0E       		.uleb128 0xe
 990 038e 8B030000 		.4byte	.LASF60
 991 0392 04       		.byte	0x4
 992 0393 B1       		.byte	0xb1
 993 0394 6C000000 		.4byte	0x6c
 994 0398 18       		.byte	0x18
 995 0399 00       		.byte	0
 996 039a 04       		.uleb128 0x4
 997 039b 38000000 		.4byte	.LASF61
 998 039f 04       		.byte	0x4
 999 03a0 B2       		.byte	0xb2
 1000 03a1 3D030000 		.4byte	0x33d
 1001 03a5 0C       		.uleb128 0xc
 1002 03a6 FC       		.byte	0xfc
 1003 03a7 04       		.byte	0x4
 1004 03a8 BB       		.byte	0xbb
 1005 03a9 1A040000 		.4byte	0x41a
 1006 03ad 0E       		.uleb128 0xe
 1007 03ae 45020000 		.4byte	.LASF62
 1008 03b2 04       		.byte	0x4
 1009 03b3 BE       		.byte	0xbe
 1010 03b4 9A030000 		.4byte	0x39a
 1011 03b8 00       		.byte	0
 1012 03b9 0E       		.uleb128 0xe
 1013 03ba FF000000 		.4byte	.LASF63
 1014 03be 04       		.byte	0x4
 1015 03bf C2       		.byte	0xc2
 1016 03c0 9A030000 		.4byte	0x39a
 1017 03c4 1C       		.byte	0x1c
 1018 03c5 0E       		.uleb128 0xe
 1019 03c6 0A000000 		.4byte	.LASF64
 1020 03ca 04       		.byte	0x4
 1021 03cb C6       		.byte	0xc6
 1022 03cc 9A030000 		.4byte	0x39a
ARM GAS  /tmp/ccDevKkY.s 			page 19


 1023 03d0 38       		.byte	0x38
 1024 03d1 0E       		.uleb128 0xe
 1025 03d2 16020000 		.4byte	.LASF65
 1026 03d6 04       		.byte	0x4
 1027 03d7 CA       		.byte	0xca
 1028 03d8 9A030000 		.4byte	0x39a
 1029 03dc 54       		.byte	0x54
 1030 03dd 0E       		.uleb128 0xe
 1031 03de 24030000 		.4byte	.LASF66
 1032 03e2 04       		.byte	0x4
 1033 03e3 CE       		.byte	0xce
 1034 03e4 9A030000 		.4byte	0x39a
 1035 03e8 70       		.byte	0x70
 1036 03e9 0E       		.uleb128 0xe
 1037 03ea 4B000000 		.4byte	.LASF67
 1038 03ee 04       		.byte	0x4
 1039 03ef D2       		.byte	0xd2
 1040 03f0 9A030000 		.4byte	0x39a
 1041 03f4 8C       		.byte	0x8c
 1042 03f5 0E       		.uleb128 0xe
 1043 03f6 3E020000 		.4byte	.LASF68
 1044 03fa 04       		.byte	0x4
 1045 03fb D6       		.byte	0xd6
 1046 03fc 9A030000 		.4byte	0x39a
 1047 0400 A8       		.byte	0xa8
 1048 0401 0E       		.uleb128 0xe
 1049 0402 71030000 		.4byte	.LASF69
 1050 0406 04       		.byte	0x4
 1051 0407 DA       		.byte	0xda
 1052 0408 9A030000 		.4byte	0x39a
 1053 040c C4       		.byte	0xc4
 1054 040d 0E       		.uleb128 0xe
 1055 040e E1000000 		.4byte	.LASF70
 1056 0412 04       		.byte	0x4
 1057 0413 DE       		.byte	0xde
 1058 0414 9A030000 		.4byte	0x39a
 1059 0418 E0       		.byte	0xe0
 1060 0419 00       		.byte	0
 1061 041a 04       		.uleb128 0x4
 1062 041b 00030000 		.4byte	.LASF71
 1063 041f 04       		.byte	0x4
 1064 0420 E0       		.byte	0xe0
 1065 0421 A5030000 		.4byte	0x3a5
 1066 0425 04       		.uleb128 0x4
 1067 0426 28010000 		.4byte	.LASF72
 1068 042a 04       		.byte	0x4
 1069 042b F0       		.byte	0xf0
 1070 042c 6C000000 		.4byte	0x6c
 1071 0430 04       		.uleb128 0x4
 1072 0431 17010000 		.4byte	.LASF73
 1073 0435 04       		.byte	0x4
 1074 0436 F5       		.byte	0xf5
 1075 0437 6C000000 		.4byte	0x6c
 1076 043b 04       		.uleb128 0x4
 1077 043c 4C020000 		.4byte	.LASF74
 1078 0440 04       		.byte	0x4
 1079 0441 FD       		.byte	0xfd
ARM GAS  /tmp/ccDevKkY.s 			page 20


 1080 0442 46040000 		.4byte	0x446
 1081 0446 11       		.uleb128 0x11
 1082 0447 04       		.byte	0x4
 1083 0448 32030000 		.4byte	0x332
 1084 044c 12       		.uleb128 0x12
 1085 044d 98000000 		.4byte	.LASF87
 1086 0451 01       		.byte	0x1
 1087 0452 5C       		.byte	0x5c
 1088 0453 01       		.byte	0x1
 1089 0454 6F040000 		.4byte	0x46f
 1090 0458 13       		.uleb128 0x13
 1091 0459 F3000000 		.4byte	.LASF75
 1092 045d 01       		.byte	0x1
 1093 045e 5C       		.byte	0x5c
 1094 045f 46040000 		.4byte	0x446
 1095 0463 13       		.uleb128 0x13
 1096 0464 10010000 		.4byte	.LASF76
 1097 0468 01       		.byte	0x1
 1098 0469 5C       		.byte	0x5c
 1099 046a 6F040000 		.4byte	0x46f
 1100 046e 00       		.byte	0
 1101 046f 11       		.uleb128 0x11
 1102 0470 04       		.byte	0x4
 1103 0471 75040000 		.4byte	0x475
 1104 0475 14       		.uleb128 0x14
 1105 0476 9A030000 		.4byte	0x39a
 1106 047a 15       		.uleb128 0x15
 1107 047b 52000000 		.4byte	.LASF77
 1108 047f 01       		.byte	0x1
 1109 0480 77       		.byte	0x77
 1110 0481 00000000 		.4byte	.LFB119
 1111 0485 A2010000 		.4byte	.LFE119-.LFB119
 1112 0489 01       		.uleb128 0x1
 1113 048a 9C       		.byte	0x9c
 1114 048b F3050000 		.4byte	0x5f3
 1115 048f 16       		.uleb128 0x16
 1116 0490 10010000 		.4byte	.LASF76
 1117 0494 01       		.byte	0x1
 1118 0495 77       		.byte	0x77
 1119 0496 F3050000 		.4byte	0x5f3
 1120 049a 01       		.uleb128 0x1
 1121 049b 50       		.byte	0x50
 1122 049c 17       		.uleb128 0x17
 1123 049d 4C040000 		.4byte	0x44c
 1124 04a1 20000000 		.4byte	.LBB20
 1125 04a5 00000000 		.4byte	.Ldebug_ranges0+0
 1126 04a9 01       		.byte	0x1
 1127 04aa 8C       		.byte	0x8c
 1128 04ab C0040000 		.4byte	0x4c0
 1129 04af 18       		.uleb128 0x18
 1130 04b0 63040000 		.4byte	0x463
 1131 04b4 01       		.uleb128 0x1
 1132 04b5 50       		.byte	0x50
 1133 04b6 19       		.uleb128 0x19
 1134 04b7 58040000 		.4byte	0x458
 1135 04bb 00000240 		.4byte	0x40020000
 1136 04bf 00       		.byte	0
ARM GAS  /tmp/ccDevKkY.s 			page 21


 1137 04c0 17       		.uleb128 0x17
 1138 04c1 4C040000 		.4byte	0x44c
 1139 04c5 28000000 		.4byte	.LBB23
 1140 04c9 18000000 		.4byte	.Ldebug_ranges0+0x18
 1141 04cd 01       		.byte	0x1
 1142 04ce 8F       		.byte	0x8f
 1143 04cf E6040000 		.4byte	0x4e6
 1144 04d3 18       		.uleb128 0x18
 1145 04d4 63040000 		.4byte	0x463
 1146 04d8 03       		.uleb128 0x3
 1147 04d9 70       		.byte	0x70
 1148 04da 1C       		.sleb128 28
 1149 04db 9F       		.byte	0x9f
 1150 04dc 19       		.uleb128 0x19
 1151 04dd 58040000 		.4byte	0x458
 1152 04e1 00040240 		.4byte	0x40020400
 1153 04e5 00       		.byte	0
 1154 04e6 17       		.uleb128 0x17
 1155 04e7 4C040000 		.4byte	0x44c
 1156 04eb 4C000000 		.4byte	.LBB29
 1157 04ef 38000000 		.4byte	.Ldebug_ranges0+0x38
 1158 04f3 01       		.byte	0x1
 1159 04f4 92       		.byte	0x92
 1160 04f5 0C050000 		.4byte	0x50c
 1161 04f9 18       		.uleb128 0x18
 1162 04fa 63040000 		.4byte	0x463
 1163 04fe 03       		.uleb128 0x3
 1164 04ff 70       		.byte	0x70
 1165 0500 38       		.sleb128 56
 1166 0501 9F       		.byte	0x9f
 1167 0502 19       		.uleb128 0x19
 1168 0503 58040000 		.4byte	0x458
 1169 0507 00080240 		.4byte	0x40020800
 1170 050b 00       		.byte	0
 1171 050c 17       		.uleb128 0x17
 1172 050d 4C040000 		.4byte	0x44c
 1173 0511 88000000 		.4byte	.LBB35
 1174 0515 58000000 		.4byte	.Ldebug_ranges0+0x58
 1175 0519 01       		.byte	0x1
 1176 051a 95       		.byte	0x95
 1177 051b 33050000 		.4byte	0x533
 1178 051f 18       		.uleb128 0x18
 1179 0520 63040000 		.4byte	0x463
 1180 0524 04       		.uleb128 0x4
 1181 0525 70       		.byte	0x70
 1182 0526 D400     		.sleb128 84
 1183 0528 9F       		.byte	0x9f
 1184 0529 19       		.uleb128 0x19
 1185 052a 58040000 		.4byte	0x458
 1186 052e 000C0240 		.4byte	0x40020c00
 1187 0532 00       		.byte	0
 1188 0533 17       		.uleb128 0x17
 1189 0534 4C040000 		.4byte	0x44c
 1190 0538 94000000 		.4byte	.LBB41
 1191 053c 78000000 		.4byte	.Ldebug_ranges0+0x78
 1192 0540 01       		.byte	0x1
 1193 0541 98       		.byte	0x98
ARM GAS  /tmp/ccDevKkY.s 			page 22


 1194 0542 5A050000 		.4byte	0x55a
 1195 0546 18       		.uleb128 0x18
 1196 0547 63040000 		.4byte	0x463
 1197 054b 04       		.uleb128 0x4
 1198 054c 70       		.byte	0x70
 1199 054d F000     		.sleb128 112
 1200 054f 9F       		.byte	0x9f
 1201 0550 19       		.uleb128 0x19
 1202 0551 58040000 		.4byte	0x458
 1203 0555 00100240 		.4byte	0x40021000
 1204 0559 00       		.byte	0
 1205 055a 17       		.uleb128 0x17
 1206 055b 4C040000 		.4byte	0x44c
 1207 055f D6000000 		.4byte	.LBB47
 1208 0563 98000000 		.4byte	.Ldebug_ranges0+0x98
 1209 0567 01       		.byte	0x1
 1210 0568 9B       		.byte	0x9b
 1211 0569 81050000 		.4byte	0x581
 1212 056d 18       		.uleb128 0x18
 1213 056e 63040000 		.4byte	0x463
 1214 0572 04       		.uleb128 0x4
 1215 0573 70       		.byte	0x70
 1216 0574 8C01     		.sleb128 140
 1217 0576 9F       		.byte	0x9f
 1218 0577 19       		.uleb128 0x19
 1219 0578 58040000 		.4byte	0x458
 1220 057c 00140240 		.4byte	0x40021400
 1221 0580 00       		.byte	0
 1222 0581 17       		.uleb128 0x17
 1223 0582 4C040000 		.4byte	0x44c
 1224 0586 E4000000 		.4byte	.LBB53
 1225 058a B8000000 		.4byte	.Ldebug_ranges0+0xb8
 1226 058e 01       		.byte	0x1
 1227 058f 9E       		.byte	0x9e
 1228 0590 A8050000 		.4byte	0x5a8
 1229 0594 18       		.uleb128 0x18
 1230 0595 63040000 		.4byte	0x463
 1231 0599 04       		.uleb128 0x4
 1232 059a 70       		.byte	0x70
 1233 059b A801     		.sleb128 168
 1234 059d 9F       		.byte	0x9f
 1235 059e 19       		.uleb128 0x19
 1236 059f 58040000 		.4byte	0x458
 1237 05a3 00180240 		.4byte	0x40021800
 1238 05a7 00       		.byte	0
 1239 05a8 17       		.uleb128 0x17
 1240 05a9 4C040000 		.4byte	0x44c
 1241 05ad 16010000 		.4byte	.LBB60
 1242 05b1 E0000000 		.4byte	.Ldebug_ranges0+0xe0
 1243 05b5 01       		.byte	0x1
 1244 05b6 A1       		.byte	0xa1
 1245 05b7 CF050000 		.4byte	0x5cf
 1246 05bb 18       		.uleb128 0x18
 1247 05bc 63040000 		.4byte	0x463
 1248 05c0 04       		.uleb128 0x4
 1249 05c1 70       		.byte	0x70
 1250 05c2 C401     		.sleb128 196
ARM GAS  /tmp/ccDevKkY.s 			page 23


 1251 05c4 9F       		.byte	0x9f
 1252 05c5 19       		.uleb128 0x19
 1253 05c6 58040000 		.4byte	0x458
 1254 05ca 001C0240 		.4byte	0x40021c00
 1255 05ce 00       		.byte	0
 1256 05cf 1A       		.uleb128 0x1a
 1257 05d0 4C040000 		.4byte	0x44c
 1258 05d4 6C010000 		.4byte	.LBB69
 1259 05d8 08010000 		.4byte	.Ldebug_ranges0+0x108
 1260 05dc 01       		.byte	0x1
 1261 05dd A4       		.byte	0xa4
 1262 05de 18       		.uleb128 0x18
 1263 05df 63040000 		.4byte	0x463
 1264 05e3 04       		.uleb128 0x4
 1265 05e4 70       		.byte	0x70
 1266 05e5 E001     		.sleb128 224
 1267 05e7 9F       		.byte	0x9f
 1268 05e8 19       		.uleb128 0x19
 1269 05e9 58040000 		.4byte	0x458
 1270 05ed 00200240 		.4byte	0x40022000
 1271 05f1 00       		.byte	0
 1272 05f2 00       		.byte	0
 1273 05f3 11       		.uleb128 0x11
 1274 05f4 04       		.byte	0x4
 1275 05f5 F9050000 		.4byte	0x5f9
 1276 05f9 14       		.uleb128 0x14
 1277 05fa 1A040000 		.4byte	0x41a
 1278 05fe 15       		.uleb128 0x15
 1279 05ff 11000000 		.4byte	.LASF78
 1280 0603 01       		.byte	0x1
 1281 0604 B6       		.byte	0xb6
 1282 0605 00000000 		.4byte	.LFB120
 1283 0609 C8000000 		.4byte	.LFE120-.LFB120
 1284 060d 01       		.uleb128 0x1
 1285 060e 9C       		.byte	0x9c
 1286 060f D6060000 		.4byte	0x6d6
 1287 0613 16       		.uleb128 0x16
 1288 0614 1F030000 		.4byte	.LASF79
 1289 0618 01       		.byte	0x1
 1290 0619 B6       		.byte	0xb6
 1291 061a 3B040000 		.4byte	0x43b
 1292 061e 01       		.uleb128 0x1
 1293 061f 50       		.byte	0x50
 1294 0620 1B       		.uleb128 0x1b
 1295 0621 80030000 		.4byte	.LASF80
 1296 0625 01       		.byte	0x1
 1297 0626 B7       		.byte	0xb7
 1298 0627 25040000 		.4byte	0x425
 1299 062b 00000000 		.4byte	.LLST0
 1300 062f 1B       		.uleb128 0x1b
 1301 0630 10030000 		.4byte	.LASF81
 1302 0634 01       		.byte	0x1
 1303 0635 B8       		.byte	0xb8
 1304 0636 30040000 		.4byte	0x430
 1305 063a 2D000000 		.4byte	.LLST1
 1306 063e 1C       		.uleb128 0x1c
 1307 063f 95030000 		.4byte	.LASF55
ARM GAS  /tmp/ccDevKkY.s 			page 24


 1308 0643 01       		.byte	0x1
 1309 0644 BA       		.byte	0xba
 1310 0645 6C000000 		.4byte	0x6c
 1311 0649 4E000000 		.4byte	.LLST2
 1312 064d 1C       		.uleb128 0x1c
 1313 064e 99020000 		.4byte	.LASF56
 1314 0652 01       		.byte	0x1
 1315 0653 BB       		.byte	0xbb
 1316 0654 6C000000 		.4byte	0x6c
 1317 0658 61000000 		.4byte	.LLST3
 1318 065c 1C       		.uleb128 0x1c
 1319 065d 05020000 		.4byte	.LASF57
 1320 0661 01       		.byte	0x1
 1321 0662 BC       		.byte	0xbc
 1322 0663 6C000000 		.4byte	0x6c
 1323 0667 74000000 		.4byte	.LLST4
 1324 066b 1C       		.uleb128 0x1c
 1325 066c 85030000 		.4byte	.LASF58
 1326 0670 01       		.byte	0x1
 1327 0671 BD       		.byte	0xbd
 1328 0672 6C000000 		.4byte	0x6c
 1329 0676 87000000 		.4byte	.LLST5
 1330 067a 1D       		.uleb128 0x1d
 1331 067b BA030000 		.4byte	.LASF82
 1332 067f 01       		.byte	0x1
 1333 0680 BE       		.byte	0xbe
 1334 0681 6C000000 		.4byte	0x6c
 1335 0685 01       		.uleb128 0x1
 1336 0686 52       		.byte	0x52
 1337 0687 1E       		.uleb128 0x1e
 1338 0688 62697400 		.ascii	"bit\000"
 1339 068c 01       		.byte	0x1
 1340 068d BF       		.byte	0xbf
 1341 068e 6C000000 		.4byte	0x6c
 1342 0692 9A000000 		.4byte	.LLST6
 1343 0696 1F       		.uleb128 0x1f
 1344 0697 20010000 		.4byte	.Ldebug_ranges0+0x120
 1345 069b 1C       		.uleb128 0x1c
 1346 069c CC030000 		.4byte	.LASF83
 1347 06a0 01       		.byte	0x1
 1348 06a1 C2       		.byte	0xc2
 1349 06a2 6C000000 		.4byte	0x6c
 1350 06a6 B9000000 		.4byte	.LLST7
 1351 06aa 1E       		.uleb128 0x1e
 1352 06ab 6D3100   		.ascii	"m1\000"
 1353 06ae 01       		.byte	0x1
 1354 06af C2       		.byte	0xc2
 1355 06b0 6C000000 		.4byte	0x6c
 1356 06b4 F4000000 		.4byte	.LLST8
 1357 06b8 1E       		.uleb128 0x1e
 1358 06b9 6D3200   		.ascii	"m2\000"
 1359 06bc 01       		.byte	0x1
 1360 06bd C2       		.byte	0xc2
 1361 06be 6C000000 		.4byte	0x6c
 1362 06c2 0B010000 		.4byte	.LLST9
 1363 06c6 1E       		.uleb128 0x1e
 1364 06c7 6D3400   		.ascii	"m4\000"
ARM GAS  /tmp/ccDevKkY.s 			page 25


 1365 06ca 01       		.byte	0x1
 1366 06cb C2       		.byte	0xc2
 1367 06cc 6C000000 		.4byte	0x6c
 1368 06d0 4E010000 		.4byte	.LLST10
 1369 06d4 00       		.byte	0
 1370 06d5 00       		.byte	0
 1371 06d6 20       		.uleb128 0x20
 1372 06d7 BF030000 		.4byte	.LASF88
 1373 06db 05       		.byte	0x5
 1374 06dc 9806     		.2byte	0x698
 1375 06de B6000000 		.4byte	0xb6
 1376 06e2 00       		.byte	0
 1377              		.section	.debug_abbrev,"",%progbits
 1378              	.Ldebug_abbrev0:
 1379 0000 01       		.uleb128 0x1
 1380 0001 11       		.uleb128 0x11
 1381 0002 01       		.byte	0x1
 1382 0003 25       		.uleb128 0x25
 1383 0004 0E       		.uleb128 0xe
 1384 0005 13       		.uleb128 0x13
 1385 0006 0B       		.uleb128 0xb
 1386 0007 03       		.uleb128 0x3
 1387 0008 0E       		.uleb128 0xe
 1388 0009 1B       		.uleb128 0x1b
 1389 000a 0E       		.uleb128 0xe
 1390 000b 55       		.uleb128 0x55
 1391 000c 17       		.uleb128 0x17
 1392 000d 11       		.uleb128 0x11
 1393 000e 01       		.uleb128 0x1
 1394 000f 10       		.uleb128 0x10
 1395 0010 17       		.uleb128 0x17
 1396 0011 00       		.byte	0
 1397 0012 00       		.byte	0
 1398 0013 02       		.uleb128 0x2
 1399 0014 24       		.uleb128 0x24
 1400 0015 00       		.byte	0
 1401 0016 0B       		.uleb128 0xb
 1402 0017 0B       		.uleb128 0xb
 1403 0018 3E       		.uleb128 0x3e
 1404 0019 0B       		.uleb128 0xb
 1405 001a 03       		.uleb128 0x3
 1406 001b 08       		.uleb128 0x8
 1407 001c 00       		.byte	0
 1408 001d 00       		.byte	0
 1409 001e 03       		.uleb128 0x3
 1410 001f 24       		.uleb128 0x24
 1411 0020 00       		.byte	0
 1412 0021 0B       		.uleb128 0xb
 1413 0022 0B       		.uleb128 0xb
 1414 0023 3E       		.uleb128 0x3e
 1415 0024 0B       		.uleb128 0xb
 1416 0025 03       		.uleb128 0x3
 1417 0026 0E       		.uleb128 0xe
 1418 0027 00       		.byte	0
 1419 0028 00       		.byte	0
 1420 0029 04       		.uleb128 0x4
 1421 002a 16       		.uleb128 0x16
ARM GAS  /tmp/ccDevKkY.s 			page 26


 1422 002b 00       		.byte	0
 1423 002c 03       		.uleb128 0x3
 1424 002d 0E       		.uleb128 0xe
 1425 002e 3A       		.uleb128 0x3a
 1426 002f 0B       		.uleb128 0xb
 1427 0030 3B       		.uleb128 0x3b
 1428 0031 0B       		.uleb128 0xb
 1429 0032 49       		.uleb128 0x49
 1430 0033 13       		.uleb128 0x13
 1431 0034 00       		.byte	0
 1432 0035 00       		.byte	0
 1433 0036 05       		.uleb128 0x5
 1434 0037 35       		.uleb128 0x35
 1435 0038 00       		.byte	0
 1436 0039 49       		.uleb128 0x49
 1437 003a 13       		.uleb128 0x13
 1438 003b 00       		.byte	0
 1439 003c 00       		.byte	0
 1440 003d 06       		.uleb128 0x6
 1441 003e 01       		.uleb128 0x1
 1442 003f 01       		.byte	0x1
 1443 0040 49       		.uleb128 0x49
 1444 0041 13       		.uleb128 0x13
 1445 0042 01       		.uleb128 0x1
 1446 0043 13       		.uleb128 0x13
 1447 0044 00       		.byte	0
 1448 0045 00       		.byte	0
 1449 0046 07       		.uleb128 0x7
 1450 0047 21       		.uleb128 0x21
 1451 0048 00       		.byte	0
 1452 0049 49       		.uleb128 0x49
 1453 004a 13       		.uleb128 0x13
 1454 004b 2F       		.uleb128 0x2f
 1455 004c 0B       		.uleb128 0xb
 1456 004d 00       		.byte	0
 1457 004e 00       		.byte	0
 1458 004f 08       		.uleb128 0x8
 1459 0050 13       		.uleb128 0x13
 1460 0051 01       		.byte	0x1
 1461 0052 0B       		.uleb128 0xb
 1462 0053 0B       		.uleb128 0xb
 1463 0054 3A       		.uleb128 0x3a
 1464 0055 0B       		.uleb128 0xb
 1465 0056 3B       		.uleb128 0x3b
 1466 0057 05       		.uleb128 0x5
 1467 0058 01       		.uleb128 0x1
 1468 0059 13       		.uleb128 0x13
 1469 005a 00       		.byte	0
 1470 005b 00       		.byte	0
 1471 005c 09       		.uleb128 0x9
 1472 005d 0D       		.uleb128 0xd
 1473 005e 00       		.byte	0
 1474 005f 03       		.uleb128 0x3
 1475 0060 08       		.uleb128 0x8
 1476 0061 3A       		.uleb128 0x3a
 1477 0062 0B       		.uleb128 0xb
 1478 0063 3B       		.uleb128 0x3b
ARM GAS  /tmp/ccDevKkY.s 			page 27


 1479 0064 05       		.uleb128 0x5
 1480 0065 49       		.uleb128 0x49
 1481 0066 13       		.uleb128 0x13
 1482 0067 38       		.uleb128 0x38
 1483 0068 0B       		.uleb128 0xb
 1484 0069 00       		.byte	0
 1485 006a 00       		.byte	0
 1486 006b 0A       		.uleb128 0xa
 1487 006c 0D       		.uleb128 0xd
 1488 006d 00       		.byte	0
 1489 006e 03       		.uleb128 0x3
 1490 006f 0E       		.uleb128 0xe
 1491 0070 3A       		.uleb128 0x3a
 1492 0071 0B       		.uleb128 0xb
 1493 0072 3B       		.uleb128 0x3b
 1494 0073 05       		.uleb128 0x5
 1495 0074 49       		.uleb128 0x49
 1496 0075 13       		.uleb128 0x13
 1497 0076 38       		.uleb128 0x38
 1498 0077 0B       		.uleb128 0xb
 1499 0078 00       		.byte	0
 1500 0079 00       		.byte	0
 1501 007a 0B       		.uleb128 0xb
 1502 007b 16       		.uleb128 0x16
 1503 007c 00       		.byte	0
 1504 007d 03       		.uleb128 0x3
 1505 007e 0E       		.uleb128 0xe
 1506 007f 3A       		.uleb128 0x3a
 1507 0080 0B       		.uleb128 0xb
 1508 0081 3B       		.uleb128 0x3b
 1509 0082 05       		.uleb128 0x5
 1510 0083 49       		.uleb128 0x49
 1511 0084 13       		.uleb128 0x13
 1512 0085 00       		.byte	0
 1513 0086 00       		.byte	0
 1514 0087 0C       		.uleb128 0xc
 1515 0088 13       		.uleb128 0x13
 1516 0089 01       		.byte	0x1
 1517 008a 0B       		.uleb128 0xb
 1518 008b 0B       		.uleb128 0xb
 1519 008c 3A       		.uleb128 0x3a
 1520 008d 0B       		.uleb128 0xb
 1521 008e 3B       		.uleb128 0x3b
 1522 008f 0B       		.uleb128 0xb
 1523 0090 01       		.uleb128 0x1
 1524 0091 13       		.uleb128 0x13
 1525 0092 00       		.byte	0
 1526 0093 00       		.byte	0
 1527 0094 0D       		.uleb128 0xd
 1528 0095 0D       		.uleb128 0xd
 1529 0096 00       		.byte	0
 1530 0097 03       		.uleb128 0x3
 1531 0098 08       		.uleb128 0x8
 1532 0099 3A       		.uleb128 0x3a
 1533 009a 0B       		.uleb128 0xb
 1534 009b 3B       		.uleb128 0x3b
 1535 009c 0B       		.uleb128 0xb
ARM GAS  /tmp/ccDevKkY.s 			page 28


 1536 009d 49       		.uleb128 0x49
 1537 009e 13       		.uleb128 0x13
 1538 009f 38       		.uleb128 0x38
 1539 00a0 0B       		.uleb128 0xb
 1540 00a1 00       		.byte	0
 1541 00a2 00       		.byte	0
 1542 00a3 0E       		.uleb128 0xe
 1543 00a4 0D       		.uleb128 0xd
 1544 00a5 00       		.byte	0
 1545 00a6 03       		.uleb128 0x3
 1546 00a7 0E       		.uleb128 0xe
 1547 00a8 3A       		.uleb128 0x3a
 1548 00a9 0B       		.uleb128 0xb
 1549 00aa 3B       		.uleb128 0x3b
 1550 00ab 0B       		.uleb128 0xb
 1551 00ac 49       		.uleb128 0x49
 1552 00ad 13       		.uleb128 0x13
 1553 00ae 38       		.uleb128 0x38
 1554 00af 0B       		.uleb128 0xb
 1555 00b0 00       		.byte	0
 1556 00b1 00       		.byte	0
 1557 00b2 0F       		.uleb128 0xf
 1558 00b3 17       		.uleb128 0x17
 1559 00b4 01       		.byte	0x1
 1560 00b5 0B       		.uleb128 0xb
 1561 00b6 0B       		.uleb128 0xb
 1562 00b7 3A       		.uleb128 0x3a
 1563 00b8 0B       		.uleb128 0xb
 1564 00b9 3B       		.uleb128 0x3b
 1565 00ba 0B       		.uleb128 0xb
 1566 00bb 01       		.uleb128 0x1
 1567 00bc 13       		.uleb128 0x13
 1568 00bd 00       		.byte	0
 1569 00be 00       		.byte	0
 1570 00bf 10       		.uleb128 0x10
 1571 00c0 0D       		.uleb128 0xd
 1572 00c1 00       		.byte	0
 1573 00c2 03       		.uleb128 0x3
 1574 00c3 08       		.uleb128 0x8
 1575 00c4 3A       		.uleb128 0x3a
 1576 00c5 0B       		.uleb128 0xb
 1577 00c6 3B       		.uleb128 0x3b
 1578 00c7 0B       		.uleb128 0xb
 1579 00c8 49       		.uleb128 0x49
 1580 00c9 13       		.uleb128 0x13
 1581 00ca 00       		.byte	0
 1582 00cb 00       		.byte	0
 1583 00cc 11       		.uleb128 0x11
 1584 00cd 0F       		.uleb128 0xf
 1585 00ce 00       		.byte	0
 1586 00cf 0B       		.uleb128 0xb
 1587 00d0 0B       		.uleb128 0xb
 1588 00d1 49       		.uleb128 0x49
 1589 00d2 13       		.uleb128 0x13
 1590 00d3 00       		.byte	0
 1591 00d4 00       		.byte	0
 1592 00d5 12       		.uleb128 0x12
ARM GAS  /tmp/ccDevKkY.s 			page 29


 1593 00d6 2E       		.uleb128 0x2e
 1594 00d7 01       		.byte	0x1
 1595 00d8 03       		.uleb128 0x3
 1596 00d9 0E       		.uleb128 0xe
 1597 00da 3A       		.uleb128 0x3a
 1598 00db 0B       		.uleb128 0xb
 1599 00dc 3B       		.uleb128 0x3b
 1600 00dd 0B       		.uleb128 0xb
 1601 00de 27       		.uleb128 0x27
 1602 00df 19       		.uleb128 0x19
 1603 00e0 20       		.uleb128 0x20
 1604 00e1 0B       		.uleb128 0xb
 1605 00e2 01       		.uleb128 0x1
 1606 00e3 13       		.uleb128 0x13
 1607 00e4 00       		.byte	0
 1608 00e5 00       		.byte	0
 1609 00e6 13       		.uleb128 0x13
 1610 00e7 05       		.uleb128 0x5
 1611 00e8 00       		.byte	0
 1612 00e9 03       		.uleb128 0x3
 1613 00ea 0E       		.uleb128 0xe
 1614 00eb 3A       		.uleb128 0x3a
 1615 00ec 0B       		.uleb128 0xb
 1616 00ed 3B       		.uleb128 0x3b
 1617 00ee 0B       		.uleb128 0xb
 1618 00ef 49       		.uleb128 0x49
 1619 00f0 13       		.uleb128 0x13
 1620 00f1 00       		.byte	0
 1621 00f2 00       		.byte	0
 1622 00f3 14       		.uleb128 0x14
 1623 00f4 26       		.uleb128 0x26
 1624 00f5 00       		.byte	0
 1625 00f6 49       		.uleb128 0x49
 1626 00f7 13       		.uleb128 0x13
 1627 00f8 00       		.byte	0
 1628 00f9 00       		.byte	0
 1629 00fa 15       		.uleb128 0x15
 1630 00fb 2E       		.uleb128 0x2e
 1631 00fc 01       		.byte	0x1
 1632 00fd 3F       		.uleb128 0x3f
 1633 00fe 19       		.uleb128 0x19
 1634 00ff 03       		.uleb128 0x3
 1635 0100 0E       		.uleb128 0xe
 1636 0101 3A       		.uleb128 0x3a
 1637 0102 0B       		.uleb128 0xb
 1638 0103 3B       		.uleb128 0x3b
 1639 0104 0B       		.uleb128 0xb
 1640 0105 27       		.uleb128 0x27
 1641 0106 19       		.uleb128 0x19
 1642 0107 11       		.uleb128 0x11
 1643 0108 01       		.uleb128 0x1
 1644 0109 12       		.uleb128 0x12
 1645 010a 06       		.uleb128 0x6
 1646 010b 40       		.uleb128 0x40
 1647 010c 18       		.uleb128 0x18
 1648 010d 9742     		.uleb128 0x2117
 1649 010f 19       		.uleb128 0x19
ARM GAS  /tmp/ccDevKkY.s 			page 30


 1650 0110 01       		.uleb128 0x1
 1651 0111 13       		.uleb128 0x13
 1652 0112 00       		.byte	0
 1653 0113 00       		.byte	0
 1654 0114 16       		.uleb128 0x16
 1655 0115 05       		.uleb128 0x5
 1656 0116 00       		.byte	0
 1657 0117 03       		.uleb128 0x3
 1658 0118 0E       		.uleb128 0xe
 1659 0119 3A       		.uleb128 0x3a
 1660 011a 0B       		.uleb128 0xb
 1661 011b 3B       		.uleb128 0x3b
 1662 011c 0B       		.uleb128 0xb
 1663 011d 49       		.uleb128 0x49
 1664 011e 13       		.uleb128 0x13
 1665 011f 02       		.uleb128 0x2
 1666 0120 18       		.uleb128 0x18
 1667 0121 00       		.byte	0
 1668 0122 00       		.byte	0
 1669 0123 17       		.uleb128 0x17
 1670 0124 1D       		.uleb128 0x1d
 1671 0125 01       		.byte	0x1
 1672 0126 31       		.uleb128 0x31
 1673 0127 13       		.uleb128 0x13
 1674 0128 52       		.uleb128 0x52
 1675 0129 01       		.uleb128 0x1
 1676 012a 55       		.uleb128 0x55
 1677 012b 17       		.uleb128 0x17
 1678 012c 58       		.uleb128 0x58
 1679 012d 0B       		.uleb128 0xb
 1680 012e 59       		.uleb128 0x59
 1681 012f 0B       		.uleb128 0xb
 1682 0130 01       		.uleb128 0x1
 1683 0131 13       		.uleb128 0x13
 1684 0132 00       		.byte	0
 1685 0133 00       		.byte	0
 1686 0134 18       		.uleb128 0x18
 1687 0135 05       		.uleb128 0x5
 1688 0136 00       		.byte	0
 1689 0137 31       		.uleb128 0x31
 1690 0138 13       		.uleb128 0x13
 1691 0139 02       		.uleb128 0x2
 1692 013a 18       		.uleb128 0x18
 1693 013b 00       		.byte	0
 1694 013c 00       		.byte	0
 1695 013d 19       		.uleb128 0x19
 1696 013e 05       		.uleb128 0x5
 1697 013f 00       		.byte	0
 1698 0140 31       		.uleb128 0x31
 1699 0141 13       		.uleb128 0x13
 1700 0142 1C       		.uleb128 0x1c
 1701 0143 06       		.uleb128 0x6
 1702 0144 00       		.byte	0
 1703 0145 00       		.byte	0
 1704 0146 1A       		.uleb128 0x1a
 1705 0147 1D       		.uleb128 0x1d
 1706 0148 01       		.byte	0x1
ARM GAS  /tmp/ccDevKkY.s 			page 31


 1707 0149 31       		.uleb128 0x31
 1708 014a 13       		.uleb128 0x13
 1709 014b 52       		.uleb128 0x52
 1710 014c 01       		.uleb128 0x1
 1711 014d 55       		.uleb128 0x55
 1712 014e 17       		.uleb128 0x17
 1713 014f 58       		.uleb128 0x58
 1714 0150 0B       		.uleb128 0xb
 1715 0151 59       		.uleb128 0x59
 1716 0152 0B       		.uleb128 0xb
 1717 0153 00       		.byte	0
 1718 0154 00       		.byte	0
 1719 0155 1B       		.uleb128 0x1b
 1720 0156 05       		.uleb128 0x5
 1721 0157 00       		.byte	0
 1722 0158 03       		.uleb128 0x3
 1723 0159 0E       		.uleb128 0xe
 1724 015a 3A       		.uleb128 0x3a
 1725 015b 0B       		.uleb128 0xb
 1726 015c 3B       		.uleb128 0x3b
 1727 015d 0B       		.uleb128 0xb
 1728 015e 49       		.uleb128 0x49
 1729 015f 13       		.uleb128 0x13
 1730 0160 02       		.uleb128 0x2
 1731 0161 17       		.uleb128 0x17
 1732 0162 00       		.byte	0
 1733 0163 00       		.byte	0
 1734 0164 1C       		.uleb128 0x1c
 1735 0165 34       		.uleb128 0x34
 1736 0166 00       		.byte	0
 1737 0167 03       		.uleb128 0x3
 1738 0168 0E       		.uleb128 0xe
 1739 0169 3A       		.uleb128 0x3a
 1740 016a 0B       		.uleb128 0xb
 1741 016b 3B       		.uleb128 0x3b
 1742 016c 0B       		.uleb128 0xb
 1743 016d 49       		.uleb128 0x49
 1744 016e 13       		.uleb128 0x13
 1745 016f 02       		.uleb128 0x2
 1746 0170 17       		.uleb128 0x17
 1747 0171 00       		.byte	0
 1748 0172 00       		.byte	0
 1749 0173 1D       		.uleb128 0x1d
 1750 0174 34       		.uleb128 0x34
 1751 0175 00       		.byte	0
 1752 0176 03       		.uleb128 0x3
 1753 0177 0E       		.uleb128 0xe
 1754 0178 3A       		.uleb128 0x3a
 1755 0179 0B       		.uleb128 0xb
 1756 017a 3B       		.uleb128 0x3b
 1757 017b 0B       		.uleb128 0xb
 1758 017c 49       		.uleb128 0x49
 1759 017d 13       		.uleb128 0x13
 1760 017e 02       		.uleb128 0x2
 1761 017f 18       		.uleb128 0x18
 1762 0180 00       		.byte	0
 1763 0181 00       		.byte	0
ARM GAS  /tmp/ccDevKkY.s 			page 32


 1764 0182 1E       		.uleb128 0x1e
 1765 0183 34       		.uleb128 0x34
 1766 0184 00       		.byte	0
 1767 0185 03       		.uleb128 0x3
 1768 0186 08       		.uleb128 0x8
 1769 0187 3A       		.uleb128 0x3a
 1770 0188 0B       		.uleb128 0xb
 1771 0189 3B       		.uleb128 0x3b
 1772 018a 0B       		.uleb128 0xb
 1773 018b 49       		.uleb128 0x49
 1774 018c 13       		.uleb128 0x13
 1775 018d 02       		.uleb128 0x2
 1776 018e 17       		.uleb128 0x17
 1777 018f 00       		.byte	0
 1778 0190 00       		.byte	0
 1779 0191 1F       		.uleb128 0x1f
 1780 0192 0B       		.uleb128 0xb
 1781 0193 01       		.byte	0x1
 1782 0194 55       		.uleb128 0x55
 1783 0195 17       		.uleb128 0x17
 1784 0196 00       		.byte	0
 1785 0197 00       		.byte	0
 1786 0198 20       		.uleb128 0x20
 1787 0199 34       		.uleb128 0x34
 1788 019a 00       		.byte	0
 1789 019b 03       		.uleb128 0x3
 1790 019c 0E       		.uleb128 0xe
 1791 019d 3A       		.uleb128 0x3a
 1792 019e 0B       		.uleb128 0xb
 1793 019f 3B       		.uleb128 0x3b
 1794 01a0 05       		.uleb128 0x5
 1795 01a1 49       		.uleb128 0x49
 1796 01a2 13       		.uleb128 0x13
 1797 01a3 3F       		.uleb128 0x3f
 1798 01a4 19       		.uleb128 0x19
 1799 01a5 3C       		.uleb128 0x3c
 1800 01a6 19       		.uleb128 0x19
 1801 01a7 00       		.byte	0
 1802 01a8 00       		.byte	0
 1803 01a9 00       		.byte	0
 1804              		.section	.debug_loc,"",%progbits
 1805              	.Ldebug_loc0:
 1806              	.LLST0:
 1807 0000 00000000 		.4byte	.LVL10
 1808 0004 BE000000 		.4byte	.LVL31
 1809 0008 0100     		.2byte	0x1
 1810 000a 51       		.byte	0x51
 1811 000b BE000000 		.4byte	.LVL31
 1812 000f C0000000 		.4byte	.LVL32
 1813 0013 0500     		.2byte	0x5
 1814 0015 71       		.byte	0x71
 1815 0016 00       		.sleb128 0
 1816 0017 31       		.byte	0x31
 1817 0018 25       		.byte	0x25
 1818 0019 9F       		.byte	0x9f
 1819 001a C0000000 		.4byte	.LVL32
 1820 001e C8000000 		.4byte	.LFE120
ARM GAS  /tmp/ccDevKkY.s 			page 33


 1821 0022 0100     		.2byte	0x1
 1822 0024 51       		.byte	0x51
 1823 0025 00000000 		.4byte	0
 1824 0029 00000000 		.4byte	0
 1825              	.LLST1:
 1826 002d 00000000 		.4byte	.LVL10
 1827 0031 1E000000 		.4byte	.LVL15
 1828 0035 0100     		.2byte	0x1
 1829 0037 52       		.byte	0x52
 1830 0038 1E000000 		.4byte	.LVL15
 1831 003c C8000000 		.4byte	.LFE120
 1832 0040 0400     		.2byte	0x4
 1833 0042 F3       		.byte	0xf3
 1834 0043 01       		.uleb128 0x1
 1835 0044 52       		.byte	0x52
 1836 0045 9F       		.byte	0x9f
 1837 0046 00000000 		.4byte	0
 1838 004a 00000000 		.4byte	0
 1839              	.LLST2:
 1840 004e 0A000000 		.4byte	.LVL11
 1841 0052 C6000000 		.4byte	.LVL33
 1842 0056 0100     		.2byte	0x1
 1843 0058 57       		.byte	0x57
 1844 0059 00000000 		.4byte	0
 1845 005d 00000000 		.4byte	0
 1846              	.LLST3:
 1847 0061 0E000000 		.4byte	.LVL12
 1848 0065 C6000000 		.4byte	.LVL33
 1849 0069 0100     		.2byte	0x1
 1850 006b 56       		.byte	0x56
 1851 006c 00000000 		.4byte	0
 1852 0070 00000000 		.4byte	0
 1853              	.LLST4:
 1854 0074 12000000 		.4byte	.LVL13
 1855 0078 C6000000 		.4byte	.LVL33
 1856 007c 0100     		.2byte	0x1
 1857 007e 55       		.byte	0x55
 1858 007f 00000000 		.4byte	0
 1859 0083 00000000 		.4byte	0
 1860              	.LLST5:
 1861 0087 16000000 		.4byte	.LVL14
 1862 008b C6000000 		.4byte	.LVL33
 1863 008f 0100     		.2byte	0x1
 1864 0091 54       		.byte	0x54
 1865 0092 00000000 		.4byte	0
 1866 0096 00000000 		.4byte	0
 1867              	.LLST6:
 1868 009a 1E000000 		.4byte	.LVL15
 1869 009e 24000000 		.4byte	.LVL16
 1870 00a2 0200     		.2byte	0x2
 1871 00a4 30       		.byte	0x30
 1872 00a5 9F       		.byte	0x9f
 1873 00a6 24000000 		.4byte	.LVL16
 1874 00aa C8000000 		.4byte	.LFE120
 1875 00ae 0100     		.2byte	0x1
 1876 00b0 53       		.byte	0x53
 1877 00b1 00000000 		.4byte	0
ARM GAS  /tmp/ccDevKkY.s 			page 34


 1878 00b5 00000000 		.4byte	0
 1879              	.LLST7:
 1880 00b9 24000000 		.4byte	.LVL16
 1881 00bd 2E000000 		.4byte	.LVL21
 1882 00c1 0A00     		.2byte	0xa
 1883 00c3 72       		.byte	0x72
 1884 00c4 00       		.sleb128 0
 1885 00c5 73       		.byte	0x73
 1886 00c6 00       		.sleb128 0
 1887 00c7 37       		.byte	0x37
 1888 00c8 1A       		.byte	0x1a
 1889 00c9 32       		.byte	0x32
 1890 00ca 24       		.byte	0x24
 1891 00cb 24       		.byte	0x24
 1892 00cc 9F       		.byte	0x9f
 1893 00cd 3E000000 		.4byte	.LVL22
 1894 00d1 5E000000 		.4byte	.LVL26
 1895 00d5 0100     		.2byte	0x1
 1896 00d7 58       		.byte	0x58
 1897 00d8 5E000000 		.4byte	.LVL26
 1898 00dc C8000000 		.4byte	.LFE120
 1899 00e0 0A00     		.2byte	0xa
 1900 00e2 72       		.byte	0x72
 1901 00e3 00       		.sleb128 0
 1902 00e4 73       		.byte	0x73
 1903 00e5 00       		.sleb128 0
 1904 00e6 37       		.byte	0x37
 1905 00e7 1A       		.byte	0x1a
 1906 00e8 32       		.byte	0x32
 1907 00e9 24       		.byte	0x24
 1908 00ea 24       		.byte	0x24
 1909 00eb 9F       		.byte	0x9f
 1910 00ec 00000000 		.4byte	0
 1911 00f0 00000000 		.4byte	0
 1912              	.LLST8:
 1913 00f4 44000000 		.4byte	.LVL24
 1914 00f8 BE000000 		.4byte	.LVL31
 1915 00fc 0500     		.2byte	0x5
 1916 00fe 31       		.byte	0x31
 1917 00ff 73       		.byte	0x73
 1918 0100 00       		.sleb128 0
 1919 0101 24       		.byte	0x24
 1920 0102 9F       		.byte	0x9f
 1921 0103 00000000 		.4byte	0
 1922 0107 00000000 		.4byte	0
 1923              	.LLST9:
 1924 010b 7E000000 		.4byte	.LVL27
 1925 010f 8E000000 		.4byte	.LVL28
 1926 0113 0700     		.2byte	0x7
 1927 0115 33       		.byte	0x33
 1928 0116 73       		.byte	0x73
 1929 0117 00       		.sleb128 0
 1930 0118 31       		.byte	0x31
 1931 0119 24       		.byte	0x24
 1932 011a 24       		.byte	0x24
 1933 011b 9F       		.byte	0x9f
 1934 011c 8E000000 		.4byte	.LVL28
ARM GAS  /tmp/ccDevKkY.s 			page 35


 1935 0120 92000000 		.4byte	.LVL29
 1936 0124 0100     		.2byte	0x1
 1937 0126 5C       		.byte	0x5c
 1938 0127 92000000 		.4byte	.LVL29
 1939 012b B6000000 		.4byte	.LVL30
 1940 012f 0400     		.2byte	0x4
 1941 0131 7C       		.byte	0x7c
 1942 0132 00       		.sleb128 0
 1943 0133 20       		.byte	0x20
 1944 0134 9F       		.byte	0x9f
 1945 0135 B6000000 		.4byte	.LVL30
 1946 0139 BE000000 		.4byte	.LVL31
 1947 013d 0700     		.2byte	0x7
 1948 013f 33       		.byte	0x33
 1949 0140 73       		.byte	0x73
 1950 0141 00       		.sleb128 0
 1951 0142 31       		.byte	0x31
 1952 0143 24       		.byte	0x24
 1953 0144 24       		.byte	0x24
 1954 0145 9F       		.byte	0x9f
 1955 0146 00000000 		.4byte	0
 1956 014a 00000000 		.4byte	0
 1957              	.LLST10:
 1958 014e 24000000 		.4byte	.LVL16
 1959 0152 2E000000 		.4byte	.LVL21
 1960 0156 0A00     		.2byte	0xa
 1961 0158 79       		.byte	0x79
 1962 0159 00       		.sleb128 0
 1963 015a 73       		.byte	0x73
 1964 015b 00       		.sleb128 0
 1965 015c 37       		.byte	0x37
 1966 015d 1A       		.byte	0x1a
 1967 015e 32       		.byte	0x32
 1968 015f 24       		.byte	0x24
 1969 0160 24       		.byte	0x24
 1970 0161 9F       		.byte	0x9f
 1971 0162 42000000 		.4byte	.LVL23
 1972 0166 54000000 		.4byte	.LVL25
 1973 016a 0100     		.2byte	0x1
 1974 016c 5C       		.byte	0x5c
 1975 016d 54000000 		.4byte	.LVL25
 1976 0171 C6000000 		.4byte	.LVL33
 1977 0175 0A00     		.2byte	0xa
 1978 0177 79       		.byte	0x79
 1979 0178 00       		.sleb128 0
 1980 0179 73       		.byte	0x73
 1981 017a 00       		.sleb128 0
 1982 017b 37       		.byte	0x37
 1983 017c 1A       		.byte	0x1a
 1984 017d 32       		.byte	0x32
 1985 017e 24       		.byte	0x24
 1986 017f 24       		.byte	0x24
 1987 0180 9F       		.byte	0x9f
 1988 0181 C6000000 		.4byte	.LVL33
 1989 0185 C8000000 		.4byte	.LFE120
 1990 0189 0900     		.2byte	0x9
 1991 018b 3F       		.byte	0x3f
ARM GAS  /tmp/ccDevKkY.s 			page 36


 1992 018c 73       		.byte	0x73
 1993 018d 00       		.sleb128 0
 1994 018e 37       		.byte	0x37
 1995 018f 1A       		.byte	0x1a
 1996 0190 32       		.byte	0x32
 1997 0191 24       		.byte	0x24
 1998 0192 24       		.byte	0x24
 1999 0193 9F       		.byte	0x9f
 2000 0194 00000000 		.4byte	0
 2001 0198 00000000 		.4byte	0
 2002              		.section	.debug_aranges,"",%progbits
 2003 0000 24000000 		.4byte	0x24
 2004 0004 0200     		.2byte	0x2
 2005 0006 00000000 		.4byte	.Ldebug_info0
 2006 000a 04       		.byte	0x4
 2007 000b 00       		.byte	0
 2008 000c 0000     		.2byte	0
 2009 000e 0000     		.2byte	0
 2010 0010 00000000 		.4byte	.LFB119
 2011 0014 A2010000 		.4byte	.LFE119-.LFB119
 2012 0018 00000000 		.4byte	.LFB120
 2013 001c C8000000 		.4byte	.LFE120-.LFB120
 2014 0020 00000000 		.4byte	0
 2015 0024 00000000 		.4byte	0
 2016              		.section	.debug_ranges,"",%progbits
 2017              	.Ldebug_ranges0:
 2018 0000 20000000 		.4byte	.LBB20
 2019 0004 28000000 		.4byte	.LBE20
 2020 0008 2C000000 		.4byte	.LBB27
 2021 000c 46000000 		.4byte	.LBE27
 2022 0010 00000000 		.4byte	0
 2023 0014 00000000 		.4byte	0
 2024 0018 28000000 		.4byte	.LBB23
 2025 001c 2C000000 		.4byte	.LBE23
 2026 0020 46000000 		.4byte	.LBB28
 2027 0024 4C000000 		.4byte	.LBE28
 2028 0028 50000000 		.4byte	.LBB33
 2029 002c 6A000000 		.4byte	.LBE33
 2030 0030 00000000 		.4byte	0
 2031 0034 00000000 		.4byte	0
 2032 0038 4C000000 		.4byte	.LBB29
 2033 003c 50000000 		.4byte	.LBE29
 2034 0040 6A000000 		.4byte	.LBB34
 2035 0044 88000000 		.4byte	.LBE34
 2036 0048 8C000000 		.4byte	.LBB39
 2037 004c 8E000000 		.4byte	.LBE39
 2038 0050 00000000 		.4byte	0
 2039 0054 00000000 		.4byte	0
 2040 0058 88000000 		.4byte	.LBB35
 2041 005c 8C000000 		.4byte	.LBE35
 2042 0060 8E000000 		.4byte	.LBB40
 2043 0064 94000000 		.4byte	.LBE40
 2044 0068 98000000 		.4byte	.LBB45
 2045 006c B2000000 		.4byte	.LBE45
 2046 0070 00000000 		.4byte	0
 2047 0074 00000000 		.4byte	0
 2048 0078 94000000 		.4byte	.LBB41
ARM GAS  /tmp/ccDevKkY.s 			page 37


 2049 007c 98000000 		.4byte	.LBE41
 2050 0080 B2000000 		.4byte	.LBB46
 2051 0084 D6000000 		.4byte	.LBE46
 2052 0088 DA000000 		.4byte	.LBB51
 2053 008c DC000000 		.4byte	.LBE51
 2054 0090 00000000 		.4byte	0
 2055 0094 00000000 		.4byte	0
 2056 0098 D6000000 		.4byte	.LBB47
 2057 009c DA000000 		.4byte	.LBE47
 2058 00a0 DC000000 		.4byte	.LBB52
 2059 00a4 E4000000 		.4byte	.LBE52
 2060 00a8 E8000000 		.4byte	.LBB58
 2061 00ac 0E010000 		.4byte	.LBE58
 2062 00b0 00000000 		.4byte	0
 2063 00b4 00000000 		.4byte	0
 2064 00b8 E4000000 		.4byte	.LBB53
 2065 00bc E8000000 		.4byte	.LBE53
 2066 00c0 0E010000 		.4byte	.LBB59
 2067 00c4 16010000 		.4byte	.LBE59
 2068 00c8 1A010000 		.4byte	.LBB65
 2069 00cc 3E010000 		.4byte	.LBE65
 2070 00d0 42010000 		.4byte	.LBB67
 2071 00d4 44010000 		.4byte	.LBE67
 2072 00d8 00000000 		.4byte	0
 2073 00dc 00000000 		.4byte	0
 2074 00e0 16010000 		.4byte	.LBB60
 2075 00e4 1A010000 		.4byte	.LBE60
 2076 00e8 3E010000 		.4byte	.LBB66
 2077 00ec 42010000 		.4byte	.LBE66
 2078 00f0 44010000 		.4byte	.LBB68
 2079 00f4 6C010000 		.4byte	.LBE68
 2080 00f8 70010000 		.4byte	.LBB72
 2081 00fc 72010000 		.4byte	.LBE72
 2082 0100 00000000 		.4byte	0
 2083 0104 00000000 		.4byte	0
 2084 0108 6C010000 		.4byte	.LBB69
 2085 010c 70010000 		.4byte	.LBE69
 2086 0110 72010000 		.4byte	.LBB73
 2087 0114 A2010000 		.4byte	.LBE73
 2088 0118 00000000 		.4byte	0
 2089 011c 00000000 		.4byte	0
 2090 0120 16000000 		.4byte	.LBB74
 2091 0124 1A000000 		.4byte	.LBE74
 2092 0128 1E000000 		.4byte	.LBB75
 2093 012c 24000000 		.4byte	.LBE75
 2094 0130 2E000000 		.4byte	.LBB76
 2095 0134 36000000 		.4byte	.LBE76
 2096 0138 3A000000 		.4byte	.LBB77
 2097 013c 42000000 		.4byte	.LBE77
 2098 0140 44000000 		.4byte	.LBB78
 2099 0144 BE000000 		.4byte	.LBE78
 2100 0148 00000000 		.4byte	0
 2101 014c 00000000 		.4byte	0
 2102 0150 00000000 		.4byte	.LFB119
 2103 0154 A2010000 		.4byte	.LFE119
 2104 0158 00000000 		.4byte	.LFB120
 2105 015c C8000000 		.4byte	.LFE120
ARM GAS  /tmp/ccDevKkY.s 			page 38


 2106 0160 00000000 		.4byte	0
 2107 0164 00000000 		.4byte	0
 2108              		.section	.debug_line,"",%progbits
 2109              	.Ldebug_line0:
 2110 0000 A6010000 		.section	.debug_str,"MS",%progbits,1
 2110      0200ED00 
 2110      00000201 
 2110      FB0E0D00 
 2110      01010101 
 2111              	.LASF31:
 2112 0000 41484231 		.ascii	"AHB1LPENR\000"
 2112      4C50454E 
 2112      5200
 2113              	.LASF64:
 2114 000a 50434461 		.ascii	"PCData\000"
 2114      746100
 2115              	.LASF78:
 2116 0011 5F70616C 		.ascii	"_pal_lld_setgroupmode\000"
 2116      5F6C6C64 
 2116      5F736574 
 2116      67726F75 
 2116      706D6F64 
 2117              	.LASF21:
 2118 0027 41504231 		.ascii	"APB1RSTR\000"
 2118      52535452 
 2118      00
 2119              	.LASF25:
 2120 0030 41484232 		.ascii	"AHB2ENR\000"
 2120      454E5200 
 2121              	.LASF61:
 2122 0038 73746D33 		.ascii	"stm32_gpio_setup_t\000"
 2122      325F6770 
 2122      696F5F73 
 2122      65747570 
 2122      5F7400
 2123              	.LASF67:
 2124 004b 50464461 		.ascii	"PFData\000"
 2124      746100
 2125              	.LASF77:
 2126 0052 5F70616C 		.ascii	"_pal_lld_init\000"
 2126      5F6C6C64 
 2126      5F696E69 
 2126      7400
 2127              	.LASF3:
 2128 0060 73686F72 		.ascii	"short int\000"
 2128      7420696E 
 2128      7400
 2129              	.LASF86:
 2130 006a 2F686F6D 		.ascii	"/home/arch/git/rov-subside2015/ThrusterModule\000"
 2130      652F6172 
 2130      63682F67 
 2130      69742F72 
 2130      6F762D73 
 2131              	.LASF87:
 2132 0098 696E6974 		.ascii	"initgpio\000"
 2132      6770696F 
 2132      00
ARM GAS  /tmp/ccDevKkY.s 			page 39


 2133              	.LASF13:
 2134 00a1 73697A65 		.ascii	"sizetype\000"
 2134      74797065 
 2134      00
 2135              	.LASF38:
 2136 00aa 42444352 		.ascii	"BDCR\000"
 2136      00
 2137              	.LASF85:
 2138 00af 2E2F6368 		.ascii	"./chibios/os/hal/platforms/STM32/GPIOv2/pal_lld.c\000"
 2138      6962696F 
 2138      732F6F73 
 2138      2F68616C 
 2138      2F706C61 
 2139              	.LASF70:
 2140 00e1 50494461 		.ascii	"PIData\000"
 2140      746100
 2141              	.LASF41:
 2142 00e8 504C4C49 		.ascii	"PLLI2SCFGR\000"
 2142      32534346 
 2142      475200
 2143              	.LASF75:
 2144 00f3 6770696F 		.ascii	"gpiop\000"
 2144      7000
 2145              	.LASF40:
 2146 00f9 53534347 		.ascii	"SSCGR\000"
 2146      5200
 2147              	.LASF63:
 2148 00ff 50424461 		.ascii	"PBData\000"
 2148      746100
 2149              	.LASF33:
 2150 0106 41484233 		.ascii	"AHB3LPENR\000"
 2150      4C50454E 
 2150      5200
 2151              	.LASF76:
 2152 0110 636F6E66 		.ascii	"config\000"
 2152      696700
 2153              	.LASF73:
 2154 0117 696F6D6F 		.ascii	"iomode_t\000"
 2154      64655F74 
 2154      00
 2155              	.LASF28:
 2156 0120 41504231 		.ascii	"APB1ENR\000"
 2156      454E5200 
 2157              	.LASF72:
 2158 0128 696F706F 		.ascii	"ioportmask_t\000"
 2158      72746D61 
 2158      736B5F74 
 2158      00
 2159              	.LASF84:
 2160 0135 474E5520 		.ascii	"GNU C 4.8.1 -mcpu=cortex-m4 -mno-thumb-interwork -m"
 2160      4320342E 
 2160      382E3120 
 2160      2D6D6370 
 2160      753D636F 
 2161 0168 7468756D 		.ascii	"thumb -ggdb -O2 -fomit-frame-pointer -falign-functi"
 2161      62202D67 
 2161      67646220 
ARM GAS  /tmp/ccDevKkY.s 			page 40


 2161      2D4F3220 
 2161      2D666F6D 
 2162 019b 6F6E733D 		.ascii	"ons=16 -ffunction-sections -fdata-sections -fno-com"
 2162      3136202D 
 2162      6666756E 
 2162      6374696F 
 2162      6E2D7365 
 2163 01ce 6D6F6E00 		.ascii	"mon\000"
 2164              	.LASF47:
 2165 01d2 4F545950 		.ascii	"OTYPER\000"
 2165      455200
 2166              	.LASF43:
 2167 01d9 44434B43 		.ascii	"DCKCFGR\000"
 2167      46475200 
 2168              	.LASF26:
 2169 01e1 41484233 		.ascii	"AHB3ENR\000"
 2169      454E5200 
 2170              	.LASF48:
 2171 01e9 4F535045 		.ascii	"OSPEEDR\000"
 2171      45445200 
 2172              	.LASF10:
 2173 01f1 6C6F6E67 		.ascii	"long long int\000"
 2173      206C6F6E 
 2173      6720696E 
 2173      7400
 2174              	.LASF49:
 2175 01ff 50555044 		.ascii	"PUPDR\000"
 2175      5200
 2176              	.LASF57:
 2177 0205 6F737065 		.ascii	"ospeedr\000"
 2177      65647200 
 2178              	.LASF7:
 2179 020d 6C6F6E67 		.ascii	"long int\000"
 2179      20696E74 
 2179      00
 2180              	.LASF65:
 2181 0216 50444461 		.ascii	"PDData\000"
 2181      746100
 2182              	.LASF44:
 2183 021d 5243435F 		.ascii	"RCC_TypeDef\000"
 2183      54797065 
 2183      44656600 
 2184              	.LASF46:
 2185 0229 4D4F4445 		.ascii	"MODER\000"
 2185      5200
 2186              	.LASF22:
 2187 022f 41504232 		.ascii	"APB2RSTR\000"
 2187      52535452 
 2187      00
 2188              	.LASF45:
 2189 0238 636C6561 		.ascii	"clear\000"
 2189      7200
 2190              	.LASF68:
 2191 023e 50474461 		.ascii	"PGData\000"
 2191      746100
 2192              	.LASF62:
 2193 0245 50414461 		.ascii	"PAData\000"
ARM GAS  /tmp/ccDevKkY.s 			page 41


 2193      746100
 2194              	.LASF74:
 2195 024c 696F706F 		.ascii	"ioportid_t\000"
 2195      72746964 
 2195      5F7400
 2196              	.LASF2:
 2197 0257 756E7369 		.ascii	"unsigned char\000"
 2197      676E6564 
 2197      20636861 
 2197      7200
 2198              	.LASF29:
 2199 0265 41504232 		.ascii	"APB2ENR\000"
 2199      454E5200 
 2200              	.LASF1:
 2201 026d 7369676E 		.ascii	"signed char\000"
 2201      65642063 
 2201      68617200 
 2202              	.LASF11:
 2203 0279 6C6F6E67 		.ascii	"long long unsigned int\000"
 2203      206C6F6E 
 2203      6720756E 
 2203      7369676E 
 2203      65642069 
 2204              	.LASF8:
 2205 0290 75696E74 		.ascii	"uint32_t\000"
 2205      33325F74 
 2205      00
 2206              	.LASF56:
 2207 0299 6F747970 		.ascii	"otyper\000"
 2207      657200
 2208              	.LASF18:
 2209 02a0 41484232 		.ascii	"AHB2RSTR\000"
 2209      52535452 
 2209      00
 2210              	.LASF5:
 2211 02a9 75696E74 		.ascii	"uint16_t\000"
 2211      31365F74 
 2211      00
 2212              	.LASF9:
 2213 02b2 6C6F6E67 		.ascii	"long unsigned int\000"
 2213      20756E73 
 2213      69676E65 
 2213      6420696E 
 2213      7400
 2214              	.LASF53:
 2215 02c4 41465248 		.ascii	"AFRH\000"
 2215      00
 2216              	.LASF15:
 2217 02c9 504C4C43 		.ascii	"PLLCFGR\000"
 2217      46475200 
 2218              	.LASF52:
 2219 02d1 4146524C 		.ascii	"AFRL\000"
 2219      00
 2220              	.LASF4:
 2221 02d6 73686F72 		.ascii	"short unsigned int\000"
 2221      7420756E 
 2221      7369676E 
ARM GAS  /tmp/ccDevKkY.s 			page 42


 2221      65642069 
 2221      6E7400
 2222              	.LASF35:
 2223 02e9 41504231 		.ascii	"APB1LPENR\000"
 2223      4C50454E 
 2223      5200
 2224              	.LASF14:
 2225 02f3 63686172 		.ascii	"char\000"
 2225      00
 2226              	.LASF6:
 2227 02f8 696E7433 		.ascii	"int32_t\000"
 2227      325F7400 
 2228              	.LASF71:
 2229 0300 50414C43 		.ascii	"PALConfig\000"
 2229      6F6E6669 
 2229      6700
 2230              	.LASF12:
 2231 030a 5F426F6F 		.ascii	"_Bool\000"
 2231      6C00
 2232              	.LASF81:
 2233 0310 6D6F6465 		.ascii	"mode\000"
 2233      00
 2234              	.LASF32:
 2235 0315 41484232 		.ascii	"AHB2LPENR\000"
 2235      4C50454E 
 2235      5200
 2236              	.LASF79:
 2237 031f 706F7274 		.ascii	"port\000"
 2237      00
 2238              	.LASF66:
 2239 0324 50454461 		.ascii	"PEData\000"
 2239      746100
 2240              	.LASF20:
 2241 032b 52455345 		.ascii	"RESERVED0\000"
 2241      52564544 
 2241      3000
 2242              	.LASF23:
 2243 0335 52455345 		.ascii	"RESERVED1\000"
 2243      52564544 
 2243      3100
 2244              	.LASF27:
 2245 033f 52455345 		.ascii	"RESERVED2\000"
 2245      52564544 
 2245      3200
 2246              	.LASF30:
 2247 0349 52455345 		.ascii	"RESERVED3\000"
 2247      52564544 
 2247      3300
 2248              	.LASF34:
 2249 0353 52455345 		.ascii	"RESERVED4\000"
 2249      52564544 
 2249      3400
 2250              	.LASF37:
 2251 035d 52455345 		.ascii	"RESERVED5\000"
 2251      52564544 
 2251      3500
 2252              	.LASF39:
ARM GAS  /tmp/ccDevKkY.s 			page 43


 2253 0367 52455345 		.ascii	"RESERVED6\000"
 2253      52564544 
 2253      3600
 2254              	.LASF69:
 2255 0371 50484461 		.ascii	"PHData\000"
 2255      746100
 2256              	.LASF24:
 2257 0378 41484231 		.ascii	"AHB1ENR\000"
 2257      454E5200 
 2258              	.LASF80:
 2259 0380 6D61736B 		.ascii	"mask\000"
 2259      00
 2260              	.LASF58:
 2261 0385 70757064 		.ascii	"pupdr\000"
 2261      7200
 2262              	.LASF60:
 2263 038b 61667268 		.ascii	"afrh\000"
 2263      00
 2264              	.LASF59:
 2265 0390 6166726C 		.ascii	"afrl\000"
 2265      00
 2266              	.LASF55:
 2267 0395 6D6F6465 		.ascii	"moder\000"
 2267      7200
 2268              	.LASF17:
 2269 039b 41484231 		.ascii	"AHB1RSTR\000"
 2269      52535452 
 2269      00
 2270              	.LASF54:
 2271 03a4 4750494F 		.ascii	"GPIO_TypeDef\000"
 2271      5F547970 
 2271      65446566 
 2271      00
 2272              	.LASF19:
 2273 03b1 41484233 		.ascii	"AHB3RSTR\000"
 2273      52535452 
 2273      00
 2274              	.LASF82:
 2275 03ba 616C7472 		.ascii	"altr\000"
 2275      00
 2276              	.LASF88:
 2277 03bf 49544D5F 		.ascii	"ITM_RxBuffer\000"
 2277      52784275 
 2277      66666572 
 2277      00
 2278              	.LASF83:
 2279 03cc 616C7472 		.ascii	"altrmask\000"
 2279      6D61736B 
 2279      00
 2280              	.LASF0:
 2281 03d5 756E7369 		.ascii	"unsigned int\000"
 2281      676E6564 
 2281      20696E74 
 2281      00
 2282              	.LASF16:
 2283 03e2 43464752 		.ascii	"CFGR\000"
 2283      00
ARM GAS  /tmp/ccDevKkY.s 			page 44


 2284              	.LASF42:
 2285 03e7 504C4C53 		.ascii	"PLLSAICFGR\000"
 2285      41494346 
 2285      475200
 2286              	.LASF51:
 2287 03f2 4C434B52 		.ascii	"LCKR\000"
 2287      00
 2288              	.LASF36:
 2289 03f7 41504232 		.ascii	"APB2LPENR\000"
 2289      4C50454E 
 2289      5200
 2290              	.LASF50:
 2291 0401 42535252 		.ascii	"BSRR\000"
 2291      00
 2292              		.ident	"GCC: (Sourcery CodeBench Lite 2013.11-24) 4.8.1"
ARM GAS  /tmp/ccDevKkY.s 			page 45


DEFINED SYMBOLS
                            *ABS*:00000000 pal_lld.c
     /tmp/ccDevKkY.s:19     .text._pal_lld_init:00000000 $t
     /tmp/ccDevKkY.s:25     .text._pal_lld_init:00000000 _pal_lld_init
     /tmp/ccDevKkY.s:383    .text._pal_lld_setgroupmode:00000000 $t
     /tmp/ccDevKkY.s:389    .text._pal_lld_setgroupmode:00000000 _pal_lld_setgroupmode
                     .debug_frame:00000010 $d

NO UNDEFINED SYMBOLS
