ARM GAS  /var/folders/zv/18v39shs5gqc3xhz55t6cxb00000gn/T//ccpXVUxc.s 			page 1


   1              		.syntax unified
   2              		.cpu cortex-m4
   3              		.eabi_attribute 27, 1
   4              		.eabi_attribute 28, 1
   5              		.fpu fpv4-sp-d16
   6              		.eabi_attribute 20, 1
   7              		.eabi_attribute 21, 1
   8              		.eabi_attribute 23, 3
   9              		.eabi_attribute 24, 1
  10              		.eabi_attribute 25, 1
  11              		.eabi_attribute 26, 1
  12              		.eabi_attribute 30, 2
  13              		.eabi_attribute 34, 1
  14              		.eabi_attribute 18, 4
  15              		.thumb
  16              		.file	"pwm.c"
  17              		.text
  18              	.Ltext0:
  19              		.cfi_sections	.debug_frame
  20              		.section	.text.pwmInit,"ax",%progbits
  21              		.align	2
  22              		.p2align 4,,15
  23              		.global	pwmInit
  24              		.thumb
  25              		.thumb_func
  26              		.type	pwmInit, %function
  27              	pwmInit:
  28              	.LFB118:
  29              		.file 1 "./chibios/os/hal/src/pwm.c"
  30              		.loc 1 68 0
  31              		.cfi_startproc
  32              		@ args = 0, pretend = 0, frame = 0
  33              		@ frame_needed = 0, uses_anonymous_args = 0
  34              		@ link register save eliminated.
  35              		.loc 1 70 0
  36 0000 FFF7FEBF 		b	pwm_lld_init
  37              	.LVL0:
  38              		.cfi_endproc
  39              	.LFE118:
  40              		.size	pwmInit, .-pwmInit
  41 0004 AFF30080 		.section	.text.pwmObjectInit,"ax",%progbits
  41      AFF30080 
  41      AFF30080 
  42              		.align	2
  43              		.p2align 4,,15
  44              		.global	pwmObjectInit
  45              		.thumb
  46              		.thumb_func
  47              		.type	pwmObjectInit, %function
  48              	pwmObjectInit:
  49              	.LFB119:
  50              		.loc 1 80 0
  51              		.cfi_startproc
  52              		@ args = 0, pretend = 0, frame = 0
  53              		@ frame_needed = 0, uses_anonymous_args = 0
  54              		@ link register save eliminated.
  55              	.LVL1:
ARM GAS  /var/folders/zv/18v39shs5gqc3xhz55t6cxb00000gn/T//ccpXVUxc.s 			page 2


  56              		.loc 1 82 0
  57 0000 0122     		movs	r2, #1
  58              		.loc 1 83 0
  59 0002 0023     		movs	r3, #0
  60              		.loc 1 82 0
  61 0004 0270     		strb	r2, [r0]
  62              		.loc 1 83 0
  63 0006 4360     		str	r3, [r0, #4]
  64 0008 7047     		bx	lr
  65              		.cfi_endproc
  66              	.LFE119:
  67              		.size	pwmObjectInit, .-pwmObjectInit
  68 000a 00BFAFF3 		.section	.text.pwmStart,"ax",%progbits
  68      0080
  69              		.align	2
  70              		.p2align 4,,15
  71              		.global	pwmStart
  72              		.thumb
  73              		.thumb_func
  74              		.type	pwmStart, %function
  75              	pwmStart:
  76              	.LFB120:
  77              		.loc 1 99 0
  78              		.cfi_startproc
  79              		@ args = 0, pretend = 0, frame = 0
  80              		@ frame_needed = 0, uses_anonymous_args = 0
  81              	.LVL2:
  82 0000 10B5     		push	{r4, lr}
  83              		.cfi_def_cfa_offset 8
  84              		.cfi_offset 4, -8
  85              		.cfi_offset 14, -4
  86              	.LBB2:
  87              		.loc 1 103 0
  88 0002 2023     		movs	r3, #32
  89              	.LBE2:
  90              		.loc 1 99 0
  91 0004 0446     		mov	r4, r0
  92              	.LBB3:
  93              		.loc 1 103 0
  94              	@ 103 "./chibios/os/hal/src/pwm.c" 1
  95 0006 83F31188 		msr     BASEPRI, r3
  96              	@ 0 "" 2
  97              		.thumb
  98              	.LBE3:
  99              		.loc 1 107 0
 100 000a 8B88     		ldrh	r3, [r1, #4]
 101 000c 0381     		strh	r3, [r0, #8]	@ movhi
 102              		.loc 1 106 0
 103 000e 4160     		str	r1, [r0, #4]
 104              		.loc 1 108 0
 105 0010 FFF7FEFF 		bl	pwm_lld_start
 106              	.LVL3:
 107              		.loc 1 109 0
 108 0014 0223     		movs	r3, #2
 109 0016 2370     		strb	r3, [r4]
 110              	.LBB4:
 111              		.loc 1 110 0
ARM GAS  /var/folders/zv/18v39shs5gqc3xhz55t6cxb00000gn/T//ccpXVUxc.s 			page 3


 112 0018 0023     		movs	r3, #0
 113              	@ 110 "./chibios/os/hal/src/pwm.c" 1
 114 001a 83F31188 		msr     BASEPRI, r3
 115              	@ 0 "" 2
 116              		.thumb
 117 001e 10BD     		pop	{r4, pc}
 118              	.LBE4:
 119              		.cfi_endproc
 120              	.LFE120:
 121              		.size	pwmStart, .-pwmStart
 122              		.section	.text.pwmStop,"ax",%progbits
 123              		.align	2
 124              		.p2align 4,,15
 125              		.global	pwmStop
 126              		.thumb
 127              		.thumb_func
 128              		.type	pwmStop, %function
 129              	pwmStop:
 130              	.LFB121:
 131              		.loc 1 120 0
 132              		.cfi_startproc
 133              		@ args = 0, pretend = 0, frame = 0
 134              		@ frame_needed = 0, uses_anonymous_args = 0
 135              	.LVL4:
 136 0000 10B5     		push	{r4, lr}
 137              		.cfi_def_cfa_offset 8
 138              		.cfi_offset 4, -8
 139              		.cfi_offset 14, -4
 140              	.LBB5:
 141              		.loc 1 124 0
 142 0002 2023     		movs	r3, #32
 143              	.LBE5:
 144              		.loc 1 120 0
 145 0004 0446     		mov	r4, r0
 146              	.LBB6:
 147              		.loc 1 124 0
 148              	@ 124 "./chibios/os/hal/src/pwm.c" 1
 149 0006 83F31188 		msr     BASEPRI, r3
 150              	@ 0 "" 2
 151              		.thumb
 152              	.LBE6:
 153              		.loc 1 127 0
 154 000a FFF7FEFF 		bl	pwm_lld_stop
 155              	.LVL5:
 156              		.loc 1 128 0
 157 000e 0123     		movs	r3, #1
 158 0010 2370     		strb	r3, [r4]
 159              	.LBB7:
 160              		.loc 1 129 0
 161 0012 0023     		movs	r3, #0
 162              	@ 129 "./chibios/os/hal/src/pwm.c" 1
 163 0014 83F31188 		msr     BASEPRI, r3
 164              	@ 0 "" 2
 165              		.thumb
 166 0018 10BD     		pop	{r4, pc}
 167              	.LBE7:
 168              		.cfi_endproc
ARM GAS  /var/folders/zv/18v39shs5gqc3xhz55t6cxb00000gn/T//ccpXVUxc.s 			page 4


 169              	.LFE121:
 170              		.size	pwmStop, .-pwmStop
 171 001a 00BFAFF3 		.section	.text.pwmChangePeriod,"ax",%progbits
 171      0080
 172              		.align	2
 173              		.p2align 4,,15
 174              		.global	pwmChangePeriod
 175              		.thumb
 176              		.thumb_func
 177              		.type	pwmChangePeriod, %function
 178              	pwmChangePeriod:
 179              	.LFB122:
 180              		.loc 1 147 0
 181              		.cfi_startproc
 182              		@ args = 0, pretend = 0, frame = 0
 183              		@ frame_needed = 0, uses_anonymous_args = 0
 184              		@ link register save eliminated.
 185              	.LVL6:
 186              	.LBB8:
 187              		.loc 1 151 0
 188 0000 2023     		movs	r3, #32
 189              	@ 151 "./chibios/os/hal/src/pwm.c" 1
 190 0002 83F31188 		msr     BASEPRI, r3
 191              	@ 0 "" 2
 192              		.thumb
 193              	.LBE8:
 194              		.loc 1 154 0
 195 0006 4B1E     		subs	r3, r1, #1
 196 0008 0269     		ldr	r2, [r0, #16]
 197 000a 0181     		strh	r1, [r0, #8]	@ movhi
 198 000c 9BB2     		uxth	r3, r3
 199 000e D362     		str	r3, [r2, #44]
 200              	.LBB9:
 201              		.loc 1 155 0
 202 0010 0023     		movs	r3, #0
 203              	@ 155 "./chibios/os/hal/src/pwm.c" 1
 204 0012 83F31188 		msr     BASEPRI, r3
 205              	@ 0 "" 2
 206              		.thumb
 207 0016 7047     		bx	lr
 208              	.LBE9:
 209              		.cfi_endproc
 210              	.LFE122:
 211              		.size	pwmChangePeriod, .-pwmChangePeriod
 212 0018 AFF30080 		.section	.text.pwmEnableChannel,"ax",%progbits
 212      AFF30080 
 213              		.align	2
 214              		.p2align 4,,15
 215              		.global	pwmEnableChannel
 216              		.thumb
 217              		.thumb_func
 218              		.type	pwmEnableChannel, %function
 219              	pwmEnableChannel:
 220              	.LFB123:
 221              		.loc 1 174 0
 222              		.cfi_startproc
 223              		@ args = 0, pretend = 0, frame = 0
ARM GAS  /var/folders/zv/18v39shs5gqc3xhz55t6cxb00000gn/T//ccpXVUxc.s 			page 5


 224              		@ frame_needed = 0, uses_anonymous_args = 0
 225              	.LVL7:
 226 0000 08B5     		push	{r3, lr}
 227              		.cfi_def_cfa_offset 8
 228              		.cfi_offset 3, -8
 229              		.cfi_offset 14, -4
 230              	.LBB10:
 231              		.loc 1 179 0
 232 0002 2023     		movs	r3, #32
 233              	@ 179 "./chibios/os/hal/src/pwm.c" 1
 234 0004 83F31188 		msr     BASEPRI, r3
 235              	@ 0 "" 2
 236              		.thumb
 237              	.LBE10:
 238              		.loc 1 182 0
 239 0008 FFF7FEFF 		bl	pwm_lld_enable_channel
 240              	.LVL8:
 241              	.LBB11:
 242              		.loc 1 183 0
 243 000c 0023     		movs	r3, #0
 244              	@ 183 "./chibios/os/hal/src/pwm.c" 1
 245 000e 83F31188 		msr     BASEPRI, r3
 246              	@ 0 "" 2
 247              		.thumb
 248 0012 08BD     		pop	{r3, pc}
 249              	.LBE11:
 250              		.cfi_endproc
 251              	.LFE123:
 252              		.size	pwmEnableChannel, .-pwmEnableChannel
 253 0014 AFF30080 		.section	.text.pwmDisableChannel,"ax",%progbits
 253      AFF30080 
 253      AFF30080 
 254              		.align	2
 255              		.p2align 4,,15
 256              		.global	pwmDisableChannel
 257              		.thumb
 258              		.thumb_func
 259              		.type	pwmDisableChannel, %function
 260              	pwmDisableChannel:
 261              	.LFB124:
 262              		.loc 1 200 0
 263              		.cfi_startproc
 264              		@ args = 0, pretend = 0, frame = 0
 265              		@ frame_needed = 0, uses_anonymous_args = 0
 266              	.LVL9:
 267 0000 08B5     		push	{r3, lr}
 268              		.cfi_def_cfa_offset 8
 269              		.cfi_offset 3, -8
 270              		.cfi_offset 14, -4
 271              	.LBB12:
 272              		.loc 1 205 0
 273 0002 2023     		movs	r3, #32
 274              	@ 205 "./chibios/os/hal/src/pwm.c" 1
 275 0004 83F31188 		msr     BASEPRI, r3
 276              	@ 0 "" 2
 277              		.thumb
 278              	.LBE12:
ARM GAS  /var/folders/zv/18v39shs5gqc3xhz55t6cxb00000gn/T//ccpXVUxc.s 			page 6


 279              		.loc 1 208 0
 280 0008 FFF7FEFF 		bl	pwm_lld_disable_channel
 281              	.LVL10:
 282              	.LBB13:
 283              		.loc 1 209 0
 284 000c 0023     		movs	r3, #0
 285              	@ 209 "./chibios/os/hal/src/pwm.c" 1
 286 000e 83F31188 		msr     BASEPRI, r3
 287              	@ 0 "" 2
 288              		.thumb
 289 0012 08BD     		pop	{r3, pc}
 290              	.LBE13:
 291              		.cfi_endproc
 292              	.LFE124:
 293              		.size	pwmDisableChannel, .-pwmDisableChannel
 294 0014 AFF30080 		.text
 294      AFF30080 
 294      AFF30080 
 295              	.Letext0:
 296              		.file 2 "/Users/Daniel/Documents/Bachelor/Kode/rov-subside2015/arm/arm-none-eabi/include/machine/_
 297              		.file 3 "/Users/Daniel/Documents/Bachelor/Kode/rov-subside2015/arm/arm-none-eabi/include/stdint.h"
 298              		.file 4 "./chibios/os/hal/include/pwm.h"
 299              		.file 5 "./chibios/os/hal/platforms/STM32/TIMv1/pwm_lld.h"
 300              		.file 6 "./chibios/os/hal/platforms/STM32/TIMv1/stm32_tim.h"
 301              		.file 7 "./chibios/os/ports/common/ARMCMx/CMSIS/include/core_cm4.h"
 302              		.section	.debug_info,"",%progbits
 303              	.Ldebug_info0:
 304 0000 8E060000 		.4byte	0x68e
 305 0004 0400     		.2byte	0x4
 306 0006 00000000 		.4byte	.Ldebug_abbrev0
 307 000a 04       		.byte	0x4
 308 000b 01       		.uleb128 0x1
 309 000c A2000000 		.4byte	.LASF65
 310 0010 01       		.byte	0x1
 311 0011 81020000 		.4byte	.LASF66
 312 0015 3C000000 		.4byte	.LASF67
 313 0019 30000000 		.4byte	.Ldebug_ranges0+0x30
 314 001d 00000000 		.4byte	0
 315 0021 00000000 		.4byte	.Ldebug_line0
 316 0025 02       		.uleb128 0x2
 317 0026 04       		.byte	0x4
 318 0027 05       		.byte	0x5
 319 0028 696E7400 		.ascii	"int\000"
 320 002c 03       		.uleb128 0x3
 321 002d 04       		.byte	0x4
 322 002e 07       		.byte	0x7
 323 002f 14030000 		.4byte	.LASF0
 324 0033 03       		.uleb128 0x3
 325 0034 01       		.byte	0x1
 326 0035 06       		.byte	0x6
 327 0036 E8020000 		.4byte	.LASF1
 328 003a 04       		.uleb128 0x4
 329 003b 59020000 		.4byte	.LASF4
 330 003f 02       		.byte	0x2
 331 0040 1D       		.byte	0x1d
 332 0041 45000000 		.4byte	0x45
 333 0045 03       		.uleb128 0x3
ARM GAS  /var/folders/zv/18v39shs5gqc3xhz55t6cxb00000gn/T//ccpXVUxc.s 			page 7


 334 0046 01       		.byte	0x1
 335 0047 08       		.byte	0x8
 336 0048 B1020000 		.4byte	.LASF2
 337 004c 03       		.uleb128 0x3
 338 004d 02       		.byte	0x2
 339 004e 05       		.byte	0x5
 340 004f 29000000 		.4byte	.LASF3
 341 0053 04       		.uleb128 0x4
 342 0054 D8010000 		.4byte	.LASF5
 343 0058 02       		.byte	0x2
 344 0059 2B       		.byte	0x2b
 345 005a 5E000000 		.4byte	0x5e
 346 005e 03       		.uleb128 0x3
 347 005f 02       		.byte	0x2
 348 0060 07       		.byte	0x7
 349 0061 34030000 		.4byte	.LASF6
 350 0065 04       		.uleb128 0x4
 351 0066 AD030000 		.4byte	.LASF7
 352 006a 02       		.byte	0x2
 353 006b 3F       		.byte	0x3f
 354 006c 70000000 		.4byte	0x70
 355 0070 03       		.uleb128 0x3
 356 0071 04       		.byte	0x4
 357 0072 05       		.byte	0x5
 358 0073 37020000 		.4byte	.LASF8
 359 0077 04       		.uleb128 0x4
 360 0078 C8010000 		.4byte	.LASF9
 361 007c 02       		.byte	0x2
 362 007d 41       		.byte	0x41
 363 007e 82000000 		.4byte	0x82
 364 0082 03       		.uleb128 0x3
 365 0083 04       		.byte	0x4
 366 0084 07       		.byte	0x7
 367 0085 95030000 		.4byte	.LASF10
 368 0089 03       		.uleb128 0x3
 369 008a 08       		.byte	0x8
 370 008b 05       		.byte	0x5
 371 008c 29020000 		.4byte	.LASF11
 372 0090 03       		.uleb128 0x3
 373 0091 08       		.byte	0x8
 374 0092 07       		.byte	0x7
 375 0093 F4020000 		.4byte	.LASF12
 376 0097 04       		.uleb128 0x4
 377 0098 01020000 		.4byte	.LASF13
 378 009c 03       		.byte	0x3
 379 009d 15       		.byte	0x15
 380 009e 3A000000 		.4byte	0x3a
 381 00a2 04       		.uleb128 0x4
 382 00a3 21030000 		.4byte	.LASF14
 383 00a7 03       		.byte	0x3
 384 00a8 21       		.byte	0x21
 385 00a9 53000000 		.4byte	0x53
 386 00ad 04       		.uleb128 0x4
 387 00ae 6F030000 		.4byte	.LASF15
 388 00b2 03       		.byte	0x3
 389 00b3 2C       		.byte	0x2c
 390 00b4 65000000 		.4byte	0x65
ARM GAS  /var/folders/zv/18v39shs5gqc3xhz55t6cxb00000gn/T//ccpXVUxc.s 			page 8


 391 00b8 04       		.uleb128 0x4
 392 00b9 0B030000 		.4byte	.LASF16
 393 00bd 03       		.byte	0x3
 394 00be 2D       		.byte	0x2d
 395 00bf 77000000 		.4byte	0x77
 396 00c3 03       		.uleb128 0x3
 397 00c4 01       		.byte	0x1
 398 00c5 02       		.byte	0x2
 399 00c6 77030000 		.4byte	.LASF17
 400 00ca 05       		.uleb128 0x5
 401 00cb B8000000 		.4byte	0xb8
 402 00cf 03       		.uleb128 0x3
 403 00d0 04       		.byte	0x4
 404 00d1 07       		.byte	0x7
 405 00d2 81000000 		.4byte	.LASF18
 406 00d6 03       		.uleb128 0x3
 407 00d7 01       		.byte	0x1
 408 00d8 08       		.byte	0x8
 409 00d9 54030000 		.4byte	.LASF19
 410 00dd 06       		.uleb128 0x6
 411 00de B8000000 		.4byte	0xb8
 412 00e2 ED000000 		.4byte	0xed
 413 00e6 07       		.uleb128 0x7
 414 00e7 CF000000 		.4byte	0xcf
 415 00eb 03       		.byte	0x3
 416 00ec 00       		.byte	0
 417 00ed 05       		.uleb128 0x5
 418 00ee AD000000 		.4byte	0xad
 419 00f2 08       		.uleb128 0x8
 420 00f3 01       		.byte	0x1
 421 00f4 04       		.byte	0x4
 422 00f5 55       		.byte	0x55
 423 00f6 0D010000 		.4byte	0x10d
 424 00fa 09       		.uleb128 0x9
 425 00fb A6020000 		.4byte	.LASF20
 426 00ff 00       		.sleb128 0
 427 0100 09       		.uleb128 0x9
 428 0101 C1030000 		.4byte	.LASF21
 429 0105 01       		.sleb128 1
 430 0106 09       		.uleb128 0x9
 431 0107 B7030000 		.4byte	.LASF22
 432 010b 02       		.sleb128 2
 433 010c 00       		.byte	0
 434 010d 04       		.uleb128 0x4
 435 010e 0E040000 		.4byte	.LASF23
 436 0112 04       		.byte	0x4
 437 0113 59       		.byte	0x59
 438 0114 F2000000 		.4byte	0xf2
 439 0118 04       		.uleb128 0x4
 440 0119 65030000 		.4byte	.LASF24
 441 011d 04       		.byte	0x4
 442 011e 5E       		.byte	0x5e
 443 011f 23010000 		.4byte	0x123
 444 0123 0A       		.uleb128 0xa
 445 0124 65030000 		.4byte	.LASF24
 446 0128 14       		.byte	0x14
 447 0129 05       		.byte	0x5
ARM GAS  /var/folders/zv/18v39shs5gqc3xhz55t6cxb00000gn/T//ccpXVUxc.s 			page 9


 448 012a 6F01     		.2byte	0x16f
 449 012c 72010000 		.4byte	0x172
 450 0130 0B       		.uleb128 0xb
 451 0131 17000000 		.4byte	.LASF25
 452 0135 05       		.byte	0x5
 453 0136 7301     		.2byte	0x173
 454 0138 0D010000 		.4byte	0x10d
 455 013c 00       		.byte	0
 456 013d 0B       		.uleb128 0xb
 457 013e EC010000 		.4byte	.LASF26
 458 0142 05       		.byte	0x5
 459 0143 7701     		.2byte	0x177
 460 0145 93030000 		.4byte	0x393
 461 0149 04       		.byte	0x4
 462 014a 0B       		.uleb128 0xb
 463 014b 52020000 		.4byte	.LASF27
 464 014f 05       		.byte	0x5
 465 0150 7B01     		.2byte	0x17b
 466 0152 D6020000 		.4byte	0x2d6
 467 0156 08       		.byte	0x8
 468 0157 0B       		.uleb128 0xb
 469 0158 A7030000 		.4byte	.LASF28
 470 015c 05       		.byte	0x5
 471 015d 8301     		.2byte	0x183
 472 015f B8000000 		.4byte	0xb8
 473 0163 0C       		.byte	0xc
 474 0164 0C       		.uleb128 0xc
 475 0165 74696D00 		.ascii	"tim\000"
 476 0169 05       		.byte	0x5
 477 016a 8701     		.2byte	0x187
 478 016c 9E030000 		.4byte	0x39e
 479 0170 10       		.byte	0x10
 480 0171 00       		.byte	0
 481 0172 04       		.uleb128 0x4
 482 0173 19040000 		.4byte	.LASF29
 483 0177 04       		.byte	0x4
 484 0178 65       		.byte	0x65
 485 0179 7D010000 		.4byte	0x17d
 486 017d 0D       		.uleb128 0xd
 487 017e 04       		.byte	0x4
 488 017f 83010000 		.4byte	0x183
 489 0183 0E       		.uleb128 0xe
 490 0184 8E010000 		.4byte	0x18e
 491 0188 0F       		.uleb128 0xf
 492 0189 8E010000 		.4byte	0x18e
 493 018d 00       		.byte	0
 494 018e 0D       		.uleb128 0xd
 495 018f 04       		.byte	0x4
 496 0190 18010000 		.4byte	0x118
 497 0194 10       		.uleb128 0x10
 498 0195 60       		.byte	0x60
 499 0196 06       		.byte	0x6
 500 0197 9E01     		.2byte	0x19e
 501 0199 AD020000 		.4byte	0x2ad
 502 019d 0C       		.uleb128 0xc
 503 019e 43523100 		.ascii	"CR1\000"
 504 01a2 06       		.byte	0x6
ARM GAS  /var/folders/zv/18v39shs5gqc3xhz55t6cxb00000gn/T//ccpXVUxc.s 			page 10


 505 01a3 9F01     		.2byte	0x19f
 506 01a5 CA000000 		.4byte	0xca
 507 01a9 00       		.byte	0
 508 01aa 0C       		.uleb128 0xc
 509 01ab 43523200 		.ascii	"CR2\000"
 510 01af 06       		.byte	0x6
 511 01b0 A001     		.2byte	0x1a0
 512 01b2 CA000000 		.4byte	0xca
 513 01b6 04       		.byte	0x4
 514 01b7 0B       		.uleb128 0xb
 515 01b8 A1020000 		.4byte	.LASF30
 516 01bc 06       		.byte	0x6
 517 01bd A101     		.2byte	0x1a1
 518 01bf CA000000 		.4byte	0xca
 519 01c3 08       		.byte	0x8
 520 01c4 0B       		.uleb128 0xb
 521 01c5 2F030000 		.4byte	.LASF31
 522 01c9 06       		.byte	0x6
 523 01ca A201     		.2byte	0x1a2
 524 01cc CA000000 		.4byte	0xca
 525 01d0 0C       		.byte	0xc
 526 01d1 0C       		.uleb128 0xc
 527 01d2 535200   		.ascii	"SR\000"
 528 01d5 06       		.byte	0x6
 529 01d6 A301     		.2byte	0x1a3
 530 01d8 CA000000 		.4byte	0xca
 531 01dc 10       		.byte	0x10
 532 01dd 0C       		.uleb128 0xc
 533 01de 45475200 		.ascii	"EGR\000"
 534 01e2 06       		.byte	0x6
 535 01e3 A401     		.2byte	0x1a4
 536 01e5 CA000000 		.4byte	0xca
 537 01e9 14       		.byte	0x14
 538 01ea 0B       		.uleb128 0xb
 539 01eb 63020000 		.4byte	.LASF32
 540 01ef 06       		.byte	0x6
 541 01f0 A501     		.2byte	0x1a5
 542 01f2 CA000000 		.4byte	0xca
 543 01f6 18       		.byte	0x18
 544 01f7 0B       		.uleb128 0xb
 545 01f8 1D000000 		.4byte	.LASF33
 546 01fc 06       		.byte	0x6
 547 01fd A601     		.2byte	0x1a6
 548 01ff CA000000 		.4byte	0xca
 549 0203 1C       		.byte	0x1c
 550 0204 0B       		.uleb128 0xb
 551 0205 00000000 		.4byte	.LASF34
 552 0209 06       		.byte	0x6
 553 020a A701     		.2byte	0x1a7
 554 020c CA000000 		.4byte	0xca
 555 0210 20       		.byte	0x20
 556 0211 0C       		.uleb128 0xc
 557 0212 434E5400 		.ascii	"CNT\000"
 558 0216 06       		.byte	0x6
 559 0217 A801     		.2byte	0x1a8
 560 0219 CA000000 		.4byte	0xca
 561 021d 24       		.byte	0x24
ARM GAS  /var/folders/zv/18v39shs5gqc3xhz55t6cxb00000gn/T//ccpXVUxc.s 			page 11


 562 021e 0C       		.uleb128 0xc
 563 021f 50534300 		.ascii	"PSC\000"
 564 0223 06       		.byte	0x6
 565 0224 A901     		.2byte	0x1a9
 566 0226 CA000000 		.4byte	0xca
 567 022a 28       		.byte	0x28
 568 022b 0C       		.uleb128 0xc
 569 022c 41525200 		.ascii	"ARR\000"
 570 0230 06       		.byte	0x6
 571 0231 AA01     		.2byte	0x1aa
 572 0233 CA000000 		.4byte	0xca
 573 0237 2C       		.byte	0x2c
 574 0238 0C       		.uleb128 0xc
 575 0239 52435200 		.ascii	"RCR\000"
 576 023d 06       		.byte	0x6
 577 023e AB01     		.2byte	0x1ab
 578 0240 CA000000 		.4byte	0xca
 579 0244 30       		.byte	0x30
 580 0245 0C       		.uleb128 0xc
 581 0246 43435200 		.ascii	"CCR\000"
 582 024a 06       		.byte	0x6
 583 024b AC01     		.2byte	0x1ac
 584 024d AD020000 		.4byte	0x2ad
 585 0251 34       		.byte	0x34
 586 0252 0B       		.uleb128 0xb
 587 0253 2A030000 		.4byte	.LASF35
 588 0257 06       		.byte	0x6
 589 0258 AD01     		.2byte	0x1ad
 590 025a CA000000 		.4byte	0xca
 591 025e 44       		.byte	0x44
 592 025f 0C       		.uleb128 0xc
 593 0260 44435200 		.ascii	"DCR\000"
 594 0264 06       		.byte	0x6
 595 0265 AE01     		.2byte	0x1ae
 596 0267 CA000000 		.4byte	0xca
 597 026b 48       		.byte	0x48
 598 026c 0B       		.uleb128 0xb
 599 026d 12000000 		.4byte	.LASF36
 600 0271 06       		.byte	0x6
 601 0272 AF01     		.2byte	0x1af
 602 0274 CA000000 		.4byte	0xca
 603 0278 4C       		.byte	0x4c
 604 0279 0C       		.uleb128 0xc
 605 027a 4F5200   		.ascii	"OR\000"
 606 027d 06       		.byte	0x6
 607 027e B001     		.2byte	0x1b0
 608 0280 CA000000 		.4byte	0xca
 609 0284 50       		.byte	0x50
 610 0285 0B       		.uleb128 0xb
 611 0286 23000000 		.4byte	.LASF37
 612 028a 06       		.byte	0x6
 613 028b B101     		.2byte	0x1b1
 614 028d CA000000 		.4byte	0xca
 615 0291 54       		.byte	0x54
 616 0292 0B       		.uleb128 0xb
 617 0293 48020000 		.4byte	.LASF38
 618 0297 06       		.byte	0x6
ARM GAS  /var/folders/zv/18v39shs5gqc3xhz55t6cxb00000gn/T//ccpXVUxc.s 			page 12


 619 0298 B201     		.2byte	0x1b2
 620 029a CA000000 		.4byte	0xca
 621 029e 58       		.byte	0x58
 622 029f 0B       		.uleb128 0xb
 623 02a0 4D020000 		.4byte	.LASF39
 624 02a4 06       		.byte	0x6
 625 02a5 B301     		.2byte	0x1b3
 626 02a7 CA000000 		.4byte	0xca
 627 02ab 5C       		.byte	0x5c
 628 02ac 00       		.byte	0
 629 02ad 05       		.uleb128 0x5
 630 02ae DD000000 		.4byte	0xdd
 631 02b2 11       		.uleb128 0x11
 632 02b3 59030000 		.4byte	.LASF40
 633 02b7 06       		.byte	0x6
 634 02b8 B401     		.2byte	0x1b4
 635 02ba 94010000 		.4byte	0x194
 636 02be 11       		.uleb128 0x11
 637 02bf F2030000 		.4byte	.LASF41
 638 02c3 05       		.byte	0x5
 639 02c4 2001     		.2byte	0x120
 640 02c6 B8000000 		.4byte	0xb8
 641 02ca 11       		.uleb128 0x11
 642 02cb BB010000 		.4byte	.LASF42
 643 02cf 05       		.byte	0x5
 644 02d0 2501     		.2byte	0x125
 645 02d2 97000000 		.4byte	0x97
 646 02d6 11       		.uleb128 0x11
 647 02d7 33000000 		.4byte	.LASF43
 648 02db 05       		.byte	0x5
 649 02dc 2A01     		.2byte	0x12a
 650 02de A2000000 		.4byte	0xa2
 651 02e2 10       		.uleb128 0x10
 652 02e3 08       		.byte	0x8
 653 02e4 05       		.byte	0x5
 654 02e5 2F01     		.2byte	0x12f
 655 02e7 06030000 		.4byte	0x306
 656 02eb 0B       		.uleb128 0xb
 657 02ec D3010000 		.4byte	.LASF44
 658 02f0 05       		.byte	0x5
 659 02f1 3301     		.2byte	0x133
 660 02f3 BE020000 		.4byte	0x2be
 661 02f7 00       		.byte	0
 662 02f8 0B       		.uleb128 0xb
 663 02f9 27040000 		.4byte	.LASF45
 664 02fd 05       		.byte	0x5
 665 02fe 3901     		.2byte	0x139
 666 0300 72010000 		.4byte	0x172
 667 0304 04       		.byte	0x4
 668 0305 00       		.byte	0
 669 0306 11       		.uleb128 0x11
 670 0307 E1030000 		.4byte	.LASF46
 671 030b 05       		.byte	0x5
 672 030c 3B01     		.2byte	0x13b
 673 030e E2020000 		.4byte	0x2e2
 674 0312 10       		.uleb128 0x10
 675 0313 38       		.byte	0x38
ARM GAS  /var/folders/zv/18v39shs5gqc3xhz55t6cxb00000gn/T//ccpXVUxc.s 			page 13


 676 0314 05       		.byte	0x5
 677 0315 4001     		.2byte	0x140
 678 0317 77030000 		.4byte	0x377
 679 031b 0B       		.uleb128 0xb
 680 031c D7030000 		.4byte	.LASF47
 681 0320 05       		.byte	0x5
 682 0321 4601     		.2byte	0x146
 683 0323 B8000000 		.4byte	0xb8
 684 0327 00       		.byte	0
 685 0328 0B       		.uleb128 0xb
 686 0329 52020000 		.4byte	.LASF27
 687 032d 05       		.byte	0x5
 688 032e 4C01     		.2byte	0x14c
 689 0330 D6020000 		.4byte	0x2d6
 690 0334 04       		.byte	0x4
 691 0335 0B       		.uleb128 0xb
 692 0336 27040000 		.4byte	.LASF45
 693 033a 05       		.byte	0x5
 694 033b 5201     		.2byte	0x152
 695 033d 72010000 		.4byte	0x172
 696 0341 08       		.byte	0x8
 697 0342 0B       		.uleb128 0xb
 698 0343 E3010000 		.4byte	.LASF48
 699 0347 05       		.byte	0x5
 700 0348 5601     		.2byte	0x156
 701 034a 77030000 		.4byte	0x377
 702 034e 0C       		.byte	0xc
 703 034f 0C       		.uleb128 0xc
 704 0350 63723200 		.ascii	"cr2\000"
 705 0354 05       		.byte	0x5
 706 0355 5C01     		.2byte	0x15c
 707 0357 B8000000 		.4byte	0xb8
 708 035b 2C       		.byte	0x2c
 709 035c 0B       		.uleb128 0xb
 710 035d FC030000 		.4byte	.LASF49
 711 0361 05       		.byte	0x5
 712 0362 6201     		.2byte	0x162
 713 0364 B8000000 		.4byte	0xb8
 714 0368 30       		.byte	0x30
 715 0369 0B       		.uleb128 0xb
 716 036a CA030000 		.4byte	.LASF50
 717 036e 05       		.byte	0x5
 718 036f 6901     		.2byte	0x169
 719 0371 B8000000 		.4byte	0xb8
 720 0375 34       		.byte	0x34
 721 0376 00       		.byte	0
 722 0377 06       		.uleb128 0x6
 723 0378 06030000 		.4byte	0x306
 724 037c 87030000 		.4byte	0x387
 725 0380 07       		.uleb128 0x7
 726 0381 CF000000 		.4byte	0xcf
 727 0385 03       		.byte	0x3
 728 0386 00       		.byte	0
 729 0387 11       		.uleb128 0x11
 730 0388 77020000 		.4byte	.LASF51
 731 038c 05       		.byte	0x5
 732 038d 6A01     		.2byte	0x16a
ARM GAS  /var/folders/zv/18v39shs5gqc3xhz55t6cxb00000gn/T//ccpXVUxc.s 			page 14


 733 038f 12030000 		.4byte	0x312
 734 0393 0D       		.uleb128 0xd
 735 0394 04       		.byte	0x4
 736 0395 99030000 		.4byte	0x399
 737 0399 12       		.uleb128 0x12
 738 039a 87030000 		.4byte	0x387
 739 039e 0D       		.uleb128 0xd
 740 039f 04       		.byte	0x4
 741 03a0 B2020000 		.4byte	0x2b2
 742 03a4 13       		.uleb128 0x13
 743 03a5 40020000 		.4byte	.LASF52
 744 03a9 01       		.byte	0x1
 745 03aa 44       		.byte	0x44
 746 03ab 00000000 		.4byte	.LFB118
 747 03af 04000000 		.4byte	.LFE118-.LFB118
 748 03b3 01       		.uleb128 0x1
 749 03b4 9C       		.byte	0x9c
 750 03b5 C3030000 		.4byte	0x3c3
 751 03b9 14       		.uleb128 0x14
 752 03ba 04000000 		.4byte	.LVL0
 753 03be 36060000 		.4byte	0x636
 754 03c2 00       		.byte	0
 755 03c3 13       		.uleb128 0x13
 756 03c4 F3010000 		.4byte	.LASF53
 757 03c8 01       		.byte	0x1
 758 03c9 50       		.byte	0x50
 759 03ca 00000000 		.4byte	.LFB119
 760 03ce 0A000000 		.4byte	.LFE119-.LFB119
 761 03d2 01       		.uleb128 0x1
 762 03d3 9C       		.byte	0x9c
 763 03d4 E6030000 		.4byte	0x3e6
 764 03d8 15       		.uleb128 0x15
 765 03d9 9C020000 		.4byte	.LASF55
 766 03dd 01       		.byte	0x1
 767 03de 50       		.byte	0x50
 768 03df 8E010000 		.4byte	0x18e
 769 03e3 01       		.uleb128 0x1
 770 03e4 50       		.byte	0x50
 771 03e5 00       		.byte	0
 772 03e6 13       		.uleb128 0x13
 773 03e7 20020000 		.4byte	.LASF54
 774 03eb 01       		.byte	0x1
 775 03ec 63       		.byte	0x63
 776 03ed 00000000 		.4byte	.LFB120
 777 03f1 20000000 		.4byte	.LFE120-.LFB120
 778 03f5 01       		.uleb128 0x1
 779 03f6 9C       		.byte	0x9c
 780 03f7 5C040000 		.4byte	0x45c
 781 03fb 16       		.uleb128 0x16
 782 03fc 9C020000 		.4byte	.LASF55
 783 0400 01       		.byte	0x1
 784 0401 63       		.byte	0x63
 785 0402 8E010000 		.4byte	0x18e
 786 0406 00000000 		.4byte	.LLST0
 787 040a 16       		.uleb128 0x16
 788 040b EC010000 		.4byte	.LASF26
 789 040f 01       		.byte	0x1
ARM GAS  /var/folders/zv/18v39shs5gqc3xhz55t6cxb00000gn/T//ccpXVUxc.s 			page 15


 790 0410 63       		.byte	0x63
 791 0411 93030000 		.4byte	0x393
 792 0415 1E000000 		.4byte	.LLST1
 793 0419 17       		.uleb128 0x17
 794 041a 00000000 		.4byte	.Ldebug_ranges0+0
 795 041e 30040000 		.4byte	0x430
 796 0422 18       		.uleb128 0x18
 797 0423 746D7000 		.ascii	"tmp\000"
 798 0427 01       		.byte	0x1
 799 0428 67       		.byte	0x67
 800 0429 B8000000 		.4byte	0xb8
 801 042d 01       		.uleb128 0x1
 802 042e 53       		.byte	0x53
 803 042f 00       		.byte	0
 804 0430 19       		.uleb128 0x19
 805 0431 18000000 		.4byte	.LBB4
 806 0435 08000000 		.4byte	.LBE4-.LBB4
 807 0439 4B040000 		.4byte	0x44b
 808 043d 18       		.uleb128 0x18
 809 043e 746D7000 		.ascii	"tmp\000"
 810 0442 01       		.byte	0x1
 811 0443 6E       		.byte	0x6e
 812 0444 B8000000 		.4byte	0xb8
 813 0448 01       		.uleb128 0x1
 814 0449 53       		.byte	0x53
 815 044a 00       		.byte	0
 816 044b 1A       		.uleb128 0x1a
 817 044c 14000000 		.4byte	.LVL3
 818 0450 3E060000 		.4byte	0x63e
 819 0454 1B       		.uleb128 0x1b
 820 0455 01       		.uleb128 0x1
 821 0456 50       		.byte	0x50
 822 0457 02       		.uleb128 0x2
 823 0458 74       		.byte	0x74
 824 0459 00       		.sleb128 0
 825 045a 00       		.byte	0
 826 045b 00       		.byte	0
 827 045c 13       		.uleb128 0x13
 828 045d CF030000 		.4byte	.LASF56
 829 0461 01       		.byte	0x1
 830 0462 78       		.byte	0x78
 831 0463 00000000 		.4byte	.LFB121
 832 0467 1A000000 		.4byte	.LFE121-.LFB121
 833 046b 01       		.uleb128 0x1
 834 046c 9C       		.byte	0x9c
 835 046d C3040000 		.4byte	0x4c3
 836 0471 16       		.uleb128 0x16
 837 0472 9C020000 		.4byte	.LASF55
 838 0476 01       		.byte	0x1
 839 0477 78       		.byte	0x78
 840 0478 8E010000 		.4byte	0x18e
 841 047c 3F000000 		.4byte	.LLST2
 842 0480 17       		.uleb128 0x17
 843 0481 18000000 		.4byte	.Ldebug_ranges0+0x18
 844 0485 97040000 		.4byte	0x497
 845 0489 18       		.uleb128 0x18
 846 048a 746D7000 		.ascii	"tmp\000"
ARM GAS  /var/folders/zv/18v39shs5gqc3xhz55t6cxb00000gn/T//ccpXVUxc.s 			page 16


 847 048e 01       		.byte	0x1
 848 048f 7C       		.byte	0x7c
 849 0490 B8000000 		.4byte	0xb8
 850 0494 01       		.uleb128 0x1
 851 0495 53       		.byte	0x53
 852 0496 00       		.byte	0
 853 0497 19       		.uleb128 0x19
 854 0498 12000000 		.4byte	.LBB7
 855 049c 08000000 		.4byte	.LBE7-.LBB7
 856 04a0 B2040000 		.4byte	0x4b2
 857 04a4 18       		.uleb128 0x18
 858 04a5 746D7000 		.ascii	"tmp\000"
 859 04a9 01       		.byte	0x1
 860 04aa 81       		.byte	0x81
 861 04ab B8000000 		.4byte	0xb8
 862 04af 01       		.uleb128 0x1
 863 04b0 53       		.byte	0x53
 864 04b1 00       		.byte	0
 865 04b2 1A       		.uleb128 0x1a
 866 04b3 0E000000 		.4byte	.LVL5
 867 04b7 50060000 		.4byte	0x650
 868 04bb 1B       		.uleb128 0x1b
 869 04bc 01       		.uleb128 0x1
 870 04bd 50       		.byte	0x50
 871 04be 02       		.uleb128 0x2
 872 04bf 74       		.byte	0x74
 873 04c0 00       		.sleb128 0
 874 04c1 00       		.byte	0
 875 04c2 00       		.byte	0
 876 04c3 13       		.uleb128 0x13
 877 04c4 85030000 		.4byte	.LASF57
 878 04c8 01       		.byte	0x1
 879 04c9 93       		.byte	0x93
 880 04ca 00000000 		.4byte	.LFB122
 881 04ce 18000000 		.4byte	.LFE122-.LFB122
 882 04d2 01       		.uleb128 0x1
 883 04d3 9C       		.byte	0x9c
 884 04d4 25050000 		.4byte	0x525
 885 04d8 15       		.uleb128 0x15
 886 04d9 9C020000 		.4byte	.LASF55
 887 04dd 01       		.byte	0x1
 888 04de 93       		.byte	0x93
 889 04df 8E010000 		.4byte	0x18e
 890 04e3 01       		.uleb128 0x1
 891 04e4 50       		.byte	0x50
 892 04e5 15       		.uleb128 0x15
 893 04e6 52020000 		.4byte	.LASF27
 894 04ea 01       		.byte	0x1
 895 04eb 93       		.byte	0x93
 896 04ec D6020000 		.4byte	0x2d6
 897 04f0 01       		.uleb128 0x1
 898 04f1 51       		.byte	0x51
 899 04f2 19       		.uleb128 0x19
 900 04f3 00000000 		.4byte	.LBB8
 901 04f7 06000000 		.4byte	.LBE8-.LBB8
 902 04fb 0D050000 		.4byte	0x50d
 903 04ff 18       		.uleb128 0x18
ARM GAS  /var/folders/zv/18v39shs5gqc3xhz55t6cxb00000gn/T//ccpXVUxc.s 			page 17


 904 0500 746D7000 		.ascii	"tmp\000"
 905 0504 01       		.byte	0x1
 906 0505 97       		.byte	0x97
 907 0506 B8000000 		.4byte	0xb8
 908 050a 01       		.uleb128 0x1
 909 050b 53       		.byte	0x53
 910 050c 00       		.byte	0
 911 050d 1C       		.uleb128 0x1c
 912 050e 10000000 		.4byte	.LBB9
 913 0512 08000000 		.4byte	.LBE9-.LBB9
 914 0516 18       		.uleb128 0x18
 915 0517 746D7000 		.ascii	"tmp\000"
 916 051b 01       		.byte	0x1
 917 051c 9B       		.byte	0x9b
 918 051d B8000000 		.4byte	0xb8
 919 0521 01       		.uleb128 0x1
 920 0522 53       		.byte	0x53
 921 0523 00       		.byte	0
 922 0524 00       		.byte	0
 923 0525 13       		.uleb128 0x13
 924 0526 09020000 		.4byte	.LASF58
 925 052a 01       		.byte	0x1
 926 052b AC       		.byte	0xac
 927 052c 00000000 		.4byte	.LFB123
 928 0530 14000000 		.4byte	.LFE123-.LFB123
 929 0534 01       		.uleb128 0x1
 930 0535 9C       		.byte	0x9c
 931 0536 AF050000 		.4byte	0x5af
 932 053a 16       		.uleb128 0x16
 933 053b 9C020000 		.4byte	.LASF55
 934 053f 01       		.byte	0x1
 935 0540 AC       		.byte	0xac
 936 0541 8E010000 		.4byte	0x18e
 937 0545 5D000000 		.4byte	.LLST3
 938 0549 16       		.uleb128 0x16
 939 054a 7D030000 		.4byte	.LASF59
 940 054e 01       		.byte	0x1
 941 054f AD       		.byte	0xad
 942 0550 CA020000 		.4byte	0x2ca
 943 0554 7E000000 		.4byte	.LLST4
 944 0558 16       		.uleb128 0x16
 945 0559 1A020000 		.4byte	.LASF60
 946 055d 01       		.byte	0x1
 947 055e AE       		.byte	0xae
 948 055f D6020000 		.4byte	0x2d6
 949 0563 9F000000 		.4byte	.LLST5
 950 0567 19       		.uleb128 0x19
 951 0568 02000000 		.4byte	.LBB10
 952 056c 06000000 		.4byte	.LBE10-.LBB10
 953 0570 82050000 		.4byte	0x582
 954 0574 18       		.uleb128 0x18
 955 0575 746D7000 		.ascii	"tmp\000"
 956 0579 01       		.byte	0x1
 957 057a B3       		.byte	0xb3
 958 057b B8000000 		.4byte	0xb8
 959 057f 01       		.uleb128 0x1
 960 0580 53       		.byte	0x53
ARM GAS  /var/folders/zv/18v39shs5gqc3xhz55t6cxb00000gn/T//ccpXVUxc.s 			page 18


 961 0581 00       		.byte	0
 962 0582 19       		.uleb128 0x19
 963 0583 0C000000 		.4byte	.LBB11
 964 0587 08000000 		.4byte	.LBE11-.LBB11
 965 058b 9D050000 		.4byte	0x59d
 966 058f 18       		.uleb128 0x18
 967 0590 746D7000 		.ascii	"tmp\000"
 968 0594 01       		.byte	0x1
 969 0595 B7       		.byte	0xb7
 970 0596 B8000000 		.4byte	0xb8
 971 059a 01       		.uleb128 0x1
 972 059b 53       		.byte	0x53
 973 059c 00       		.byte	0
 974 059d 1A       		.uleb128 0x1a
 975 059e 0C000000 		.4byte	.LVL8
 976 05a2 62060000 		.4byte	0x662
 977 05a6 1B       		.uleb128 0x1b
 978 05a7 01       		.uleb128 0x1
 979 05a8 50       		.byte	0x50
 980 05a9 03       		.uleb128 0x3
 981 05aa F3       		.byte	0xf3
 982 05ab 01       		.uleb128 0x1
 983 05ac 50       		.byte	0x50
 984 05ad 00       		.byte	0
 985 05ae 00       		.byte	0
 986 05af 13       		.uleb128 0x13
 987 05b0 D6020000 		.4byte	.LASF61
 988 05b4 01       		.byte	0x1
 989 05b5 C8       		.byte	0xc8
 990 05b6 00000000 		.4byte	.LFB124
 991 05ba 14000000 		.4byte	.LFE124-.LFB124
 992 05be 01       		.uleb128 0x1
 993 05bf 9C       		.byte	0x9c
 994 05c0 2A060000 		.4byte	0x62a
 995 05c4 16       		.uleb128 0x16
 996 05c5 9C020000 		.4byte	.LASF55
 997 05c9 01       		.byte	0x1
 998 05ca C8       		.byte	0xc8
 999 05cb 8E010000 		.4byte	0x18e
 1000 05cf C0000000 		.4byte	.LLST6
 1001 05d3 16       		.uleb128 0x16
 1002 05d4 7D030000 		.4byte	.LASF59
 1003 05d8 01       		.byte	0x1
 1004 05d9 C8       		.byte	0xc8
 1005 05da CA020000 		.4byte	0x2ca
 1006 05de E1000000 		.4byte	.LLST7
 1007 05e2 19       		.uleb128 0x19
 1008 05e3 02000000 		.4byte	.LBB12
 1009 05e7 06000000 		.4byte	.LBE12-.LBB12
 1010 05eb FD050000 		.4byte	0x5fd
 1011 05ef 18       		.uleb128 0x18
 1012 05f0 746D7000 		.ascii	"tmp\000"
 1013 05f4 01       		.byte	0x1
 1014 05f5 CD       		.byte	0xcd
 1015 05f6 B8000000 		.4byte	0xb8
 1016 05fa 01       		.uleb128 0x1
 1017 05fb 53       		.byte	0x53
ARM GAS  /var/folders/zv/18v39shs5gqc3xhz55t6cxb00000gn/T//ccpXVUxc.s 			page 19


 1018 05fc 00       		.byte	0
 1019 05fd 19       		.uleb128 0x19
 1020 05fe 0C000000 		.4byte	.LBB13
 1021 0602 08000000 		.4byte	.LBE13-.LBB13
 1022 0606 18060000 		.4byte	0x618
 1023 060a 18       		.uleb128 0x18
 1024 060b 746D7000 		.ascii	"tmp\000"
 1025 060f 01       		.byte	0x1
 1026 0610 D1       		.byte	0xd1
 1027 0611 B8000000 		.4byte	0xb8
 1028 0615 01       		.uleb128 0x1
 1029 0616 53       		.byte	0x53
 1030 0617 00       		.byte	0
 1031 0618 1A       		.uleb128 0x1a
 1032 0619 0C000000 		.4byte	.LVL10
 1033 061d 7E060000 		.4byte	0x67e
 1034 0621 1B       		.uleb128 0x1b
 1035 0622 01       		.uleb128 0x1
 1036 0623 50       		.byte	0x50
 1037 0624 03       		.uleb128 0x3
 1038 0625 F3       		.byte	0xf3
 1039 0626 01       		.uleb128 0x1
 1040 0627 50       		.byte	0x50
 1041 0628 00       		.byte	0
 1042 0629 00       		.byte	0
 1043 062a 1D       		.uleb128 0x1d
 1044 062b 01040000 		.4byte	.LASF68
 1045 062f 07       		.byte	0x7
 1046 0630 9806     		.2byte	0x698
 1047 0632 ED000000 		.4byte	0xed
 1048 0636 1E       		.uleb128 0x1e
 1049 0637 47030000 		.4byte	.LASF69
 1050 063b 05       		.byte	0x5
 1051 063c D101     		.2byte	0x1d1
 1052 063e 1F       		.uleb128 0x1f
 1053 063f 69020000 		.4byte	.LASF62
 1054 0643 05       		.byte	0x5
 1055 0644 D201     		.2byte	0x1d2
 1056 0646 50060000 		.4byte	0x650
 1057 064a 0F       		.uleb128 0xf
 1058 064b 8E010000 		.4byte	0x18e
 1059 064f 00       		.byte	0
 1060 0650 1F       		.uleb128 0x1f
 1061 0651 05000000 		.4byte	.LASF63
 1062 0655 05       		.byte	0x5
 1063 0656 D301     		.2byte	0x1d3
 1064 0658 62060000 		.4byte	0x662
 1065 065c 0F       		.uleb128 0xf
 1066 065d 8E010000 		.4byte	0x18e
 1067 0661 00       		.byte	0
 1068 0662 1F       		.uleb128 0x1f
 1069 0663 BF020000 		.4byte	.LASF64
 1070 0667 05       		.byte	0x5
 1071 0668 D401     		.2byte	0x1d4
 1072 066a 7E060000 		.4byte	0x67e
 1073 066e 0F       		.uleb128 0xf
 1074 066f 8E010000 		.4byte	0x18e
ARM GAS  /var/folders/zv/18v39shs5gqc3xhz55t6cxb00000gn/T//ccpXVUxc.s 			page 20


 1075 0673 0F       		.uleb128 0xf
 1076 0674 CA020000 		.4byte	0x2ca
 1077 0678 0F       		.uleb128 0xf
 1078 0679 D6020000 		.4byte	0x2d6
 1079 067d 00       		.byte	0
 1080 067e 20       		.uleb128 0x20
 1081 067f 8A000000 		.4byte	.LASF70
 1082 0683 05       		.byte	0x5
 1083 0684 D701     		.2byte	0x1d7
 1084 0686 0F       		.uleb128 0xf
 1085 0687 8E010000 		.4byte	0x18e
 1086 068b 0F       		.uleb128 0xf
 1087 068c CA020000 		.4byte	0x2ca
 1088 0690 00       		.byte	0
 1089 0691 00       		.byte	0
 1090              		.section	.debug_abbrev,"",%progbits
 1091              	.Ldebug_abbrev0:
 1092 0000 01       		.uleb128 0x1
 1093 0001 11       		.uleb128 0x11
 1094 0002 01       		.byte	0x1
 1095 0003 25       		.uleb128 0x25
 1096 0004 0E       		.uleb128 0xe
 1097 0005 13       		.uleb128 0x13
 1098 0006 0B       		.uleb128 0xb
 1099 0007 03       		.uleb128 0x3
 1100 0008 0E       		.uleb128 0xe
 1101 0009 1B       		.uleb128 0x1b
 1102 000a 0E       		.uleb128 0xe
 1103 000b 55       		.uleb128 0x55
 1104 000c 17       		.uleb128 0x17
 1105 000d 11       		.uleb128 0x11
 1106 000e 01       		.uleb128 0x1
 1107 000f 10       		.uleb128 0x10
 1108 0010 17       		.uleb128 0x17
 1109 0011 00       		.byte	0
 1110 0012 00       		.byte	0
 1111 0013 02       		.uleb128 0x2
 1112 0014 24       		.uleb128 0x24
 1113 0015 00       		.byte	0
 1114 0016 0B       		.uleb128 0xb
 1115 0017 0B       		.uleb128 0xb
 1116 0018 3E       		.uleb128 0x3e
 1117 0019 0B       		.uleb128 0xb
 1118 001a 03       		.uleb128 0x3
 1119 001b 08       		.uleb128 0x8
 1120 001c 00       		.byte	0
 1121 001d 00       		.byte	0
 1122 001e 03       		.uleb128 0x3
 1123 001f 24       		.uleb128 0x24
 1124 0020 00       		.byte	0
 1125 0021 0B       		.uleb128 0xb
 1126 0022 0B       		.uleb128 0xb
 1127 0023 3E       		.uleb128 0x3e
 1128 0024 0B       		.uleb128 0xb
 1129 0025 03       		.uleb128 0x3
 1130 0026 0E       		.uleb128 0xe
 1131 0027 00       		.byte	0
ARM GAS  /var/folders/zv/18v39shs5gqc3xhz55t6cxb00000gn/T//ccpXVUxc.s 			page 21


 1132 0028 00       		.byte	0
 1133 0029 04       		.uleb128 0x4
 1134 002a 16       		.uleb128 0x16
 1135 002b 00       		.byte	0
 1136 002c 03       		.uleb128 0x3
 1137 002d 0E       		.uleb128 0xe
 1138 002e 3A       		.uleb128 0x3a
 1139 002f 0B       		.uleb128 0xb
 1140 0030 3B       		.uleb128 0x3b
 1141 0031 0B       		.uleb128 0xb
 1142 0032 49       		.uleb128 0x49
 1143 0033 13       		.uleb128 0x13
 1144 0034 00       		.byte	0
 1145 0035 00       		.byte	0
 1146 0036 05       		.uleb128 0x5
 1147 0037 35       		.uleb128 0x35
 1148 0038 00       		.byte	0
 1149 0039 49       		.uleb128 0x49
 1150 003a 13       		.uleb128 0x13
 1151 003b 00       		.byte	0
 1152 003c 00       		.byte	0
 1153 003d 06       		.uleb128 0x6
 1154 003e 01       		.uleb128 0x1
 1155 003f 01       		.byte	0x1
 1156 0040 49       		.uleb128 0x49
 1157 0041 13       		.uleb128 0x13
 1158 0042 01       		.uleb128 0x1
 1159 0043 13       		.uleb128 0x13
 1160 0044 00       		.byte	0
 1161 0045 00       		.byte	0
 1162 0046 07       		.uleb128 0x7
 1163 0047 21       		.uleb128 0x21
 1164 0048 00       		.byte	0
 1165 0049 49       		.uleb128 0x49
 1166 004a 13       		.uleb128 0x13
 1167 004b 2F       		.uleb128 0x2f
 1168 004c 0B       		.uleb128 0xb
 1169 004d 00       		.byte	0
 1170 004e 00       		.byte	0
 1171 004f 08       		.uleb128 0x8
 1172 0050 04       		.uleb128 0x4
 1173 0051 01       		.byte	0x1
 1174 0052 0B       		.uleb128 0xb
 1175 0053 0B       		.uleb128 0xb
 1176 0054 3A       		.uleb128 0x3a
 1177 0055 0B       		.uleb128 0xb
 1178 0056 3B       		.uleb128 0x3b
 1179 0057 0B       		.uleb128 0xb
 1180 0058 01       		.uleb128 0x1
 1181 0059 13       		.uleb128 0x13
 1182 005a 00       		.byte	0
 1183 005b 00       		.byte	0
 1184 005c 09       		.uleb128 0x9
 1185 005d 28       		.uleb128 0x28
 1186 005e 00       		.byte	0
 1187 005f 03       		.uleb128 0x3
 1188 0060 0E       		.uleb128 0xe
ARM GAS  /var/folders/zv/18v39shs5gqc3xhz55t6cxb00000gn/T//ccpXVUxc.s 			page 22


 1189 0061 1C       		.uleb128 0x1c
 1190 0062 0D       		.uleb128 0xd
 1191 0063 00       		.byte	0
 1192 0064 00       		.byte	0
 1193 0065 0A       		.uleb128 0xa
 1194 0066 13       		.uleb128 0x13
 1195 0067 01       		.byte	0x1
 1196 0068 03       		.uleb128 0x3
 1197 0069 0E       		.uleb128 0xe
 1198 006a 0B       		.uleb128 0xb
 1199 006b 0B       		.uleb128 0xb
 1200 006c 3A       		.uleb128 0x3a
 1201 006d 0B       		.uleb128 0xb
 1202 006e 3B       		.uleb128 0x3b
 1203 006f 05       		.uleb128 0x5
 1204 0070 01       		.uleb128 0x1
 1205 0071 13       		.uleb128 0x13
 1206 0072 00       		.byte	0
 1207 0073 00       		.byte	0
 1208 0074 0B       		.uleb128 0xb
 1209 0075 0D       		.uleb128 0xd
 1210 0076 00       		.byte	0
 1211 0077 03       		.uleb128 0x3
 1212 0078 0E       		.uleb128 0xe
 1213 0079 3A       		.uleb128 0x3a
 1214 007a 0B       		.uleb128 0xb
 1215 007b 3B       		.uleb128 0x3b
 1216 007c 05       		.uleb128 0x5
 1217 007d 49       		.uleb128 0x49
 1218 007e 13       		.uleb128 0x13
 1219 007f 38       		.uleb128 0x38
 1220 0080 0B       		.uleb128 0xb
 1221 0081 00       		.byte	0
 1222 0082 00       		.byte	0
 1223 0083 0C       		.uleb128 0xc
 1224 0084 0D       		.uleb128 0xd
 1225 0085 00       		.byte	0
 1226 0086 03       		.uleb128 0x3
 1227 0087 08       		.uleb128 0x8
 1228 0088 3A       		.uleb128 0x3a
 1229 0089 0B       		.uleb128 0xb
 1230 008a 3B       		.uleb128 0x3b
 1231 008b 05       		.uleb128 0x5
 1232 008c 49       		.uleb128 0x49
 1233 008d 13       		.uleb128 0x13
 1234 008e 38       		.uleb128 0x38
 1235 008f 0B       		.uleb128 0xb
 1236 0090 00       		.byte	0
 1237 0091 00       		.byte	0
 1238 0092 0D       		.uleb128 0xd
 1239 0093 0F       		.uleb128 0xf
 1240 0094 00       		.byte	0
 1241 0095 0B       		.uleb128 0xb
 1242 0096 0B       		.uleb128 0xb
 1243 0097 49       		.uleb128 0x49
 1244 0098 13       		.uleb128 0x13
 1245 0099 00       		.byte	0
ARM GAS  /var/folders/zv/18v39shs5gqc3xhz55t6cxb00000gn/T//ccpXVUxc.s 			page 23


 1246 009a 00       		.byte	0
 1247 009b 0E       		.uleb128 0xe
 1248 009c 15       		.uleb128 0x15
 1249 009d 01       		.byte	0x1
 1250 009e 27       		.uleb128 0x27
 1251 009f 19       		.uleb128 0x19
 1252 00a0 01       		.uleb128 0x1
 1253 00a1 13       		.uleb128 0x13
 1254 00a2 00       		.byte	0
 1255 00a3 00       		.byte	0
 1256 00a4 0F       		.uleb128 0xf
 1257 00a5 05       		.uleb128 0x5
 1258 00a6 00       		.byte	0
 1259 00a7 49       		.uleb128 0x49
 1260 00a8 13       		.uleb128 0x13
 1261 00a9 00       		.byte	0
 1262 00aa 00       		.byte	0
 1263 00ab 10       		.uleb128 0x10
 1264 00ac 13       		.uleb128 0x13
 1265 00ad 01       		.byte	0x1
 1266 00ae 0B       		.uleb128 0xb
 1267 00af 0B       		.uleb128 0xb
 1268 00b0 3A       		.uleb128 0x3a
 1269 00b1 0B       		.uleb128 0xb
 1270 00b2 3B       		.uleb128 0x3b
 1271 00b3 05       		.uleb128 0x5
 1272 00b4 01       		.uleb128 0x1
 1273 00b5 13       		.uleb128 0x13
 1274 00b6 00       		.byte	0
 1275 00b7 00       		.byte	0
 1276 00b8 11       		.uleb128 0x11
 1277 00b9 16       		.uleb128 0x16
 1278 00ba 00       		.byte	0
 1279 00bb 03       		.uleb128 0x3
 1280 00bc 0E       		.uleb128 0xe
 1281 00bd 3A       		.uleb128 0x3a
 1282 00be 0B       		.uleb128 0xb
 1283 00bf 3B       		.uleb128 0x3b
 1284 00c0 05       		.uleb128 0x5
 1285 00c1 49       		.uleb128 0x49
 1286 00c2 13       		.uleb128 0x13
 1287 00c3 00       		.byte	0
 1288 00c4 00       		.byte	0
 1289 00c5 12       		.uleb128 0x12
 1290 00c6 26       		.uleb128 0x26
 1291 00c7 00       		.byte	0
 1292 00c8 49       		.uleb128 0x49
 1293 00c9 13       		.uleb128 0x13
 1294 00ca 00       		.byte	0
 1295 00cb 00       		.byte	0
 1296 00cc 13       		.uleb128 0x13
 1297 00cd 2E       		.uleb128 0x2e
 1298 00ce 01       		.byte	0x1
 1299 00cf 3F       		.uleb128 0x3f
 1300 00d0 19       		.uleb128 0x19
 1301 00d1 03       		.uleb128 0x3
 1302 00d2 0E       		.uleb128 0xe
ARM GAS  /var/folders/zv/18v39shs5gqc3xhz55t6cxb00000gn/T//ccpXVUxc.s 			page 24


 1303 00d3 3A       		.uleb128 0x3a
 1304 00d4 0B       		.uleb128 0xb
 1305 00d5 3B       		.uleb128 0x3b
 1306 00d6 0B       		.uleb128 0xb
 1307 00d7 27       		.uleb128 0x27
 1308 00d8 19       		.uleb128 0x19
 1309 00d9 11       		.uleb128 0x11
 1310 00da 01       		.uleb128 0x1
 1311 00db 12       		.uleb128 0x12
 1312 00dc 06       		.uleb128 0x6
 1313 00dd 40       		.uleb128 0x40
 1314 00de 18       		.uleb128 0x18
 1315 00df 9742     		.uleb128 0x2117
 1316 00e1 19       		.uleb128 0x19
 1317 00e2 01       		.uleb128 0x1
 1318 00e3 13       		.uleb128 0x13
 1319 00e4 00       		.byte	0
 1320 00e5 00       		.byte	0
 1321 00e6 14       		.uleb128 0x14
 1322 00e7 898201   		.uleb128 0x4109
 1323 00ea 00       		.byte	0
 1324 00eb 11       		.uleb128 0x11
 1325 00ec 01       		.uleb128 0x1
 1326 00ed 9542     		.uleb128 0x2115
 1327 00ef 19       		.uleb128 0x19
 1328 00f0 31       		.uleb128 0x31
 1329 00f1 13       		.uleb128 0x13
 1330 00f2 00       		.byte	0
 1331 00f3 00       		.byte	0
 1332 00f4 15       		.uleb128 0x15
 1333 00f5 05       		.uleb128 0x5
 1334 00f6 00       		.byte	0
 1335 00f7 03       		.uleb128 0x3
 1336 00f8 0E       		.uleb128 0xe
 1337 00f9 3A       		.uleb128 0x3a
 1338 00fa 0B       		.uleb128 0xb
 1339 00fb 3B       		.uleb128 0x3b
 1340 00fc 0B       		.uleb128 0xb
 1341 00fd 49       		.uleb128 0x49
 1342 00fe 13       		.uleb128 0x13
 1343 00ff 02       		.uleb128 0x2
 1344 0100 18       		.uleb128 0x18
 1345 0101 00       		.byte	0
 1346 0102 00       		.byte	0
 1347 0103 16       		.uleb128 0x16
 1348 0104 05       		.uleb128 0x5
 1349 0105 00       		.byte	0
 1350 0106 03       		.uleb128 0x3
 1351 0107 0E       		.uleb128 0xe
 1352 0108 3A       		.uleb128 0x3a
 1353 0109 0B       		.uleb128 0xb
 1354 010a 3B       		.uleb128 0x3b
 1355 010b 0B       		.uleb128 0xb
 1356 010c 49       		.uleb128 0x49
 1357 010d 13       		.uleb128 0x13
 1358 010e 02       		.uleb128 0x2
 1359 010f 17       		.uleb128 0x17
ARM GAS  /var/folders/zv/18v39shs5gqc3xhz55t6cxb00000gn/T//ccpXVUxc.s 			page 25


 1360 0110 00       		.byte	0
 1361 0111 00       		.byte	0
 1362 0112 17       		.uleb128 0x17
 1363 0113 0B       		.uleb128 0xb
 1364 0114 01       		.byte	0x1
 1365 0115 55       		.uleb128 0x55
 1366 0116 17       		.uleb128 0x17
 1367 0117 01       		.uleb128 0x1
 1368 0118 13       		.uleb128 0x13
 1369 0119 00       		.byte	0
 1370 011a 00       		.byte	0
 1371 011b 18       		.uleb128 0x18
 1372 011c 34       		.uleb128 0x34
 1373 011d 00       		.byte	0
 1374 011e 03       		.uleb128 0x3
 1375 011f 08       		.uleb128 0x8
 1376 0120 3A       		.uleb128 0x3a
 1377 0121 0B       		.uleb128 0xb
 1378 0122 3B       		.uleb128 0x3b
 1379 0123 0B       		.uleb128 0xb
 1380 0124 49       		.uleb128 0x49
 1381 0125 13       		.uleb128 0x13
 1382 0126 02       		.uleb128 0x2
 1383 0127 18       		.uleb128 0x18
 1384 0128 00       		.byte	0
 1385 0129 00       		.byte	0
 1386 012a 19       		.uleb128 0x19
 1387 012b 0B       		.uleb128 0xb
 1388 012c 01       		.byte	0x1
 1389 012d 11       		.uleb128 0x11
 1390 012e 01       		.uleb128 0x1
 1391 012f 12       		.uleb128 0x12
 1392 0130 06       		.uleb128 0x6
 1393 0131 01       		.uleb128 0x1
 1394 0132 13       		.uleb128 0x13
 1395 0133 00       		.byte	0
 1396 0134 00       		.byte	0
 1397 0135 1A       		.uleb128 0x1a
 1398 0136 898201   		.uleb128 0x4109
 1399 0139 01       		.byte	0x1
 1400 013a 11       		.uleb128 0x11
 1401 013b 01       		.uleb128 0x1
 1402 013c 31       		.uleb128 0x31
 1403 013d 13       		.uleb128 0x13
 1404 013e 00       		.byte	0
 1405 013f 00       		.byte	0
 1406 0140 1B       		.uleb128 0x1b
 1407 0141 8A8201   		.uleb128 0x410a
 1408 0144 00       		.byte	0
 1409 0145 02       		.uleb128 0x2
 1410 0146 18       		.uleb128 0x18
 1411 0147 9142     		.uleb128 0x2111
 1412 0149 18       		.uleb128 0x18
 1413 014a 00       		.byte	0
 1414 014b 00       		.byte	0
 1415 014c 1C       		.uleb128 0x1c
 1416 014d 0B       		.uleb128 0xb
ARM GAS  /var/folders/zv/18v39shs5gqc3xhz55t6cxb00000gn/T//ccpXVUxc.s 			page 26


 1417 014e 01       		.byte	0x1
 1418 014f 11       		.uleb128 0x11
 1419 0150 01       		.uleb128 0x1
 1420 0151 12       		.uleb128 0x12
 1421 0152 06       		.uleb128 0x6
 1422 0153 00       		.byte	0
 1423 0154 00       		.byte	0
 1424 0155 1D       		.uleb128 0x1d
 1425 0156 34       		.uleb128 0x34
 1426 0157 00       		.byte	0
 1427 0158 03       		.uleb128 0x3
 1428 0159 0E       		.uleb128 0xe
 1429 015a 3A       		.uleb128 0x3a
 1430 015b 0B       		.uleb128 0xb
 1431 015c 3B       		.uleb128 0x3b
 1432 015d 05       		.uleb128 0x5
 1433 015e 49       		.uleb128 0x49
 1434 015f 13       		.uleb128 0x13
 1435 0160 3F       		.uleb128 0x3f
 1436 0161 19       		.uleb128 0x19
 1437 0162 3C       		.uleb128 0x3c
 1438 0163 19       		.uleb128 0x19
 1439 0164 00       		.byte	0
 1440 0165 00       		.byte	0
 1441 0166 1E       		.uleb128 0x1e
 1442 0167 2E       		.uleb128 0x2e
 1443 0168 00       		.byte	0
 1444 0169 3F       		.uleb128 0x3f
 1445 016a 19       		.uleb128 0x19
 1446 016b 03       		.uleb128 0x3
 1447 016c 0E       		.uleb128 0xe
 1448 016d 3A       		.uleb128 0x3a
 1449 016e 0B       		.uleb128 0xb
 1450 016f 3B       		.uleb128 0x3b
 1451 0170 05       		.uleb128 0x5
 1452 0171 27       		.uleb128 0x27
 1453 0172 19       		.uleb128 0x19
 1454 0173 3C       		.uleb128 0x3c
 1455 0174 19       		.uleb128 0x19
 1456 0175 00       		.byte	0
 1457 0176 00       		.byte	0
 1458 0177 1F       		.uleb128 0x1f
 1459 0178 2E       		.uleb128 0x2e
 1460 0179 01       		.byte	0x1
 1461 017a 3F       		.uleb128 0x3f
 1462 017b 19       		.uleb128 0x19
 1463 017c 03       		.uleb128 0x3
 1464 017d 0E       		.uleb128 0xe
 1465 017e 3A       		.uleb128 0x3a
 1466 017f 0B       		.uleb128 0xb
 1467 0180 3B       		.uleb128 0x3b
 1468 0181 05       		.uleb128 0x5
 1469 0182 27       		.uleb128 0x27
 1470 0183 19       		.uleb128 0x19
 1471 0184 3C       		.uleb128 0x3c
 1472 0185 19       		.uleb128 0x19
 1473 0186 01       		.uleb128 0x1
ARM GAS  /var/folders/zv/18v39shs5gqc3xhz55t6cxb00000gn/T//ccpXVUxc.s 			page 27


 1474 0187 13       		.uleb128 0x13
 1475 0188 00       		.byte	0
 1476 0189 00       		.byte	0
 1477 018a 20       		.uleb128 0x20
 1478 018b 2E       		.uleb128 0x2e
 1479 018c 01       		.byte	0x1
 1480 018d 3F       		.uleb128 0x3f
 1481 018e 19       		.uleb128 0x19
 1482 018f 03       		.uleb128 0x3
 1483 0190 0E       		.uleb128 0xe
 1484 0191 3A       		.uleb128 0x3a
 1485 0192 0B       		.uleb128 0xb
 1486 0193 3B       		.uleb128 0x3b
 1487 0194 05       		.uleb128 0x5
 1488 0195 27       		.uleb128 0x27
 1489 0196 19       		.uleb128 0x19
 1490 0197 3C       		.uleb128 0x3c
 1491 0198 19       		.uleb128 0x19
 1492 0199 00       		.byte	0
 1493 019a 00       		.byte	0
 1494 019b 00       		.byte	0
 1495              		.section	.debug_loc,"",%progbits
 1496              	.Ldebug_loc0:
 1497              	.LLST0:
 1498 0000 00000000 		.4byte	.LVL2
 1499 0004 13000000 		.4byte	.LVL3-1
 1500 0008 0100     		.2byte	0x1
 1501 000a 50       		.byte	0x50
 1502 000b 13000000 		.4byte	.LVL3-1
 1503 000f 20000000 		.4byte	.LFE120
 1504 0013 0100     		.2byte	0x1
 1505 0015 54       		.byte	0x54
 1506 0016 00000000 		.4byte	0
 1507 001a 00000000 		.4byte	0
 1508              	.LLST1:
 1509 001e 00000000 		.4byte	.LVL2
 1510 0022 13000000 		.4byte	.LVL3-1
 1511 0026 0100     		.2byte	0x1
 1512 0028 51       		.byte	0x51
 1513 0029 13000000 		.4byte	.LVL3-1
 1514 002d 20000000 		.4byte	.LFE120
 1515 0031 0400     		.2byte	0x4
 1516 0033 F3       		.byte	0xf3
 1517 0034 01       		.uleb128 0x1
 1518 0035 51       		.byte	0x51
 1519 0036 9F       		.byte	0x9f
 1520 0037 00000000 		.4byte	0
 1521 003b 00000000 		.4byte	0
 1522              	.LLST2:
 1523 003f 00000000 		.4byte	.LVL4
 1524 0043 0D000000 		.4byte	.LVL5-1
 1525 0047 0100     		.2byte	0x1
 1526 0049 50       		.byte	0x50
 1527 004a 0D000000 		.4byte	.LVL5-1
 1528 004e 1A000000 		.4byte	.LFE121
 1529 0052 0100     		.2byte	0x1
 1530 0054 54       		.byte	0x54
ARM GAS  /var/folders/zv/18v39shs5gqc3xhz55t6cxb00000gn/T//ccpXVUxc.s 			page 28


 1531 0055 00000000 		.4byte	0
 1532 0059 00000000 		.4byte	0
 1533              	.LLST3:
 1534 005d 00000000 		.4byte	.LVL7
 1535 0061 0B000000 		.4byte	.LVL8-1
 1536 0065 0100     		.2byte	0x1
 1537 0067 50       		.byte	0x50
 1538 0068 0B000000 		.4byte	.LVL8-1
 1539 006c 14000000 		.4byte	.LFE123
 1540 0070 0400     		.2byte	0x4
 1541 0072 F3       		.byte	0xf3
 1542 0073 01       		.uleb128 0x1
 1543 0074 50       		.byte	0x50
 1544 0075 9F       		.byte	0x9f
 1545 0076 00000000 		.4byte	0
 1546 007a 00000000 		.4byte	0
 1547              	.LLST4:
 1548 007e 00000000 		.4byte	.LVL7
 1549 0082 0B000000 		.4byte	.LVL8-1
 1550 0086 0100     		.2byte	0x1
 1551 0088 51       		.byte	0x51
 1552 0089 0B000000 		.4byte	.LVL8-1
 1553 008d 14000000 		.4byte	.LFE123
 1554 0091 0400     		.2byte	0x4
 1555 0093 F3       		.byte	0xf3
 1556 0094 01       		.uleb128 0x1
 1557 0095 51       		.byte	0x51
 1558 0096 9F       		.byte	0x9f
 1559 0097 00000000 		.4byte	0
 1560 009b 00000000 		.4byte	0
 1561              	.LLST5:
 1562 009f 00000000 		.4byte	.LVL7
 1563 00a3 0B000000 		.4byte	.LVL8-1
 1564 00a7 0100     		.2byte	0x1
 1565 00a9 52       		.byte	0x52
 1566 00aa 0B000000 		.4byte	.LVL8-1
 1567 00ae 14000000 		.4byte	.LFE123
 1568 00b2 0400     		.2byte	0x4
 1569 00b4 F3       		.byte	0xf3
 1570 00b5 01       		.uleb128 0x1
 1571 00b6 52       		.byte	0x52
 1572 00b7 9F       		.byte	0x9f
 1573 00b8 00000000 		.4byte	0
 1574 00bc 00000000 		.4byte	0
 1575              	.LLST6:
 1576 00c0 00000000 		.4byte	.LVL9
 1577 00c4 0B000000 		.4byte	.LVL10-1
 1578 00c8 0100     		.2byte	0x1
 1579 00ca 50       		.byte	0x50
 1580 00cb 0B000000 		.4byte	.LVL10-1
 1581 00cf 14000000 		.4byte	.LFE124
 1582 00d3 0400     		.2byte	0x4
 1583 00d5 F3       		.byte	0xf3
 1584 00d6 01       		.uleb128 0x1
 1585 00d7 50       		.byte	0x50
 1586 00d8 9F       		.byte	0x9f
 1587 00d9 00000000 		.4byte	0
ARM GAS  /var/folders/zv/18v39shs5gqc3xhz55t6cxb00000gn/T//ccpXVUxc.s 			page 29


 1588 00dd 00000000 		.4byte	0
 1589              	.LLST7:
 1590 00e1 00000000 		.4byte	.LVL9
 1591 00e5 0B000000 		.4byte	.LVL10-1
 1592 00e9 0100     		.2byte	0x1
 1593 00eb 51       		.byte	0x51
 1594 00ec 0B000000 		.4byte	.LVL10-1
 1595 00f0 14000000 		.4byte	.LFE124
 1596 00f4 0400     		.2byte	0x4
 1597 00f6 F3       		.byte	0xf3
 1598 00f7 01       		.uleb128 0x1
 1599 00f8 51       		.byte	0x51
 1600 00f9 9F       		.byte	0x9f
 1601 00fa 00000000 		.4byte	0
 1602 00fe 00000000 		.4byte	0
 1603              		.section	.debug_aranges,"",%progbits
 1604 0000 4C000000 		.4byte	0x4c
 1605 0004 0200     		.2byte	0x2
 1606 0006 00000000 		.4byte	.Ldebug_info0
 1607 000a 04       		.byte	0x4
 1608 000b 00       		.byte	0
 1609 000c 0000     		.2byte	0
 1610 000e 0000     		.2byte	0
 1611 0010 00000000 		.4byte	.LFB118
 1612 0014 04000000 		.4byte	.LFE118-.LFB118
 1613 0018 00000000 		.4byte	.LFB119
 1614 001c 0A000000 		.4byte	.LFE119-.LFB119
 1615 0020 00000000 		.4byte	.LFB120
 1616 0024 20000000 		.4byte	.LFE120-.LFB120
 1617 0028 00000000 		.4byte	.LFB121
 1618 002c 1A000000 		.4byte	.LFE121-.LFB121
 1619 0030 00000000 		.4byte	.LFB122
 1620 0034 18000000 		.4byte	.LFE122-.LFB122
 1621 0038 00000000 		.4byte	.LFB123
 1622 003c 14000000 		.4byte	.LFE123-.LFB123
 1623 0040 00000000 		.4byte	.LFB124
 1624 0044 14000000 		.4byte	.LFE124-.LFB124
 1625 0048 00000000 		.4byte	0
 1626 004c 00000000 		.4byte	0
 1627              		.section	.debug_ranges,"",%progbits
 1628              	.Ldebug_ranges0:
 1629 0000 02000000 		.4byte	.LBB2
 1630 0004 04000000 		.4byte	.LBE2
 1631 0008 06000000 		.4byte	.LBB3
 1632 000c 0A000000 		.4byte	.LBE3
 1633 0010 00000000 		.4byte	0
 1634 0014 00000000 		.4byte	0
 1635 0018 02000000 		.4byte	.LBB5
 1636 001c 04000000 		.4byte	.LBE5
 1637 0020 06000000 		.4byte	.LBB6
 1638 0024 0A000000 		.4byte	.LBE6
 1639 0028 00000000 		.4byte	0
 1640 002c 00000000 		.4byte	0
 1641 0030 00000000 		.4byte	.LFB118
 1642 0034 04000000 		.4byte	.LFE118
 1643 0038 00000000 		.4byte	.LFB119
 1644 003c 0A000000 		.4byte	.LFE119
ARM GAS  /var/folders/zv/18v39shs5gqc3xhz55t6cxb00000gn/T//ccpXVUxc.s 			page 30


 1645 0040 00000000 		.4byte	.LFB120
 1646 0044 20000000 		.4byte	.LFE120
 1647 0048 00000000 		.4byte	.LFB121
 1648 004c 1A000000 		.4byte	.LFE121
 1649 0050 00000000 		.4byte	.LFB122
 1650 0054 18000000 		.4byte	.LFE122
 1651 0058 00000000 		.4byte	.LFB123
 1652 005c 14000000 		.4byte	.LFE123
 1653 0060 00000000 		.4byte	.LFB124
 1654 0064 14000000 		.4byte	.LFE124
 1655 0068 00000000 		.4byte	0
 1656 006c 00000000 		.4byte	0
 1657              		.section	.debug_line,"",%progbits
 1658              	.Ldebug_line0:
 1659 0000 2D020000 		.section	.debug_str,"MS",%progbits,1
 1659      02009B01 
 1659      00000201 
 1659      FB0E0D00 
 1659      01010101 
 1660              	.LASF34:
 1661 0000 43434552 		.ascii	"CCER\000"
 1661      00
 1662              	.LASF63:
 1663 0005 70776D5F 		.ascii	"pwm_lld_stop\000"
 1663      6C6C645F 
 1663      73746F70 
 1663      00
 1664              	.LASF36:
 1665 0012 444D4152 		.ascii	"DMAR\000"
 1665      00
 1666              	.LASF25:
 1667 0017 73746174 		.ascii	"state\000"
 1667      6500
 1668              	.LASF33:
 1669 001d 43434D52 		.ascii	"CCMR2\000"
 1669      3200
 1670              	.LASF37:
 1671 0023 43434D52 		.ascii	"CCMR3\000"
 1671      3300
 1672              	.LASF3:
 1673 0029 73686F72 		.ascii	"short int\000"
 1673      7420696E 
 1673      7400
 1674              	.LASF43:
 1675 0033 70776D63 		.ascii	"pwmcnt_t\000"
 1675      6E745F74 
 1675      00
 1676              	.LASF67:
 1677 003c 2F557365 		.ascii	"/Users/Daniel/Documents/Bachelor/Kode/rov-subside20"
 1677      72732F44 
 1677      616E6965 
 1677      6C2F446F 
 1677      63756D65 
 1678 006f 31352F54 		.ascii	"15/ThrusterModule\000"
 1678      68727573 
 1678      7465724D 
 1678      6F64756C 
ARM GAS  /var/folders/zv/18v39shs5gqc3xhz55t6cxb00000gn/T//ccpXVUxc.s 			page 31


 1678      6500
 1679              	.LASF18:
 1680 0081 73697A65 		.ascii	"sizetype\000"
 1680      74797065 
 1680      00
 1681              	.LASF70:
 1682 008a 70776D5F 		.ascii	"pwm_lld_disable_channel\000"
 1682      6C6C645F 
 1682      64697361 
 1682      626C655F 
 1682      6368616E 
 1683              	.LASF65:
 1684 00a2 474E5520 		.ascii	"GNU C 4.9.3 20150303 (release) [ARM/embedded-4_9-br"
 1684      4320342E 
 1684      392E3320 
 1684      32303135 
 1684      30333033 
 1685 00d5 616E6368 		.ascii	"anch revision 221220] -mcpu=cortex-m4 -mfloat-abi=h"
 1685      20726576 
 1685      6973696F 
 1685      6E203232 
 1685      31323230 
 1686 0108 61726420 		.ascii	"ard -mfpu=fpv4-sp-d16 -mno-thumb-interwork -mthumb "
 1686      2D6D6670 
 1686      753D6670 
 1686      76342D73 
 1686      702D6431 
 1687 013b 2D676764 		.ascii	"-ggdb -O2 -fomit-frame-pointer -falign-functions=16"
 1687      62202D4F 
 1687      32202D66 
 1687      6F6D6974 
 1687      2D667261 
 1688 016e 202D6666 		.ascii	" -ffunction-sections -fdata-sections -fno-common -f"
 1688      756E6374 
 1688      696F6E2D 
 1688      73656374 
 1688      696F6E73 
 1689 01a1 73696E67 		.ascii	"single-precision-constant\000"
 1689      6C652D70 
 1689      72656369 
 1689      73696F6E 
 1689      2D636F6E 
 1690              	.LASF42:
 1691 01bb 70776D63 		.ascii	"pwmchannel_t\000"
 1691      68616E6E 
 1691      656C5F74 
 1691      00
 1692              	.LASF9:
 1693 01c8 5F5F7569 		.ascii	"__uint32_t\000"
 1693      6E743332 
 1693      5F7400
 1694              	.LASF44:
 1695 01d3 6D6F6465 		.ascii	"mode\000"
 1695      00
 1696              	.LASF5:
 1697 01d8 5F5F7569 		.ascii	"__uint16_t\000"
 1697      6E743136 
ARM GAS  /var/folders/zv/18v39shs5gqc3xhz55t6cxb00000gn/T//ccpXVUxc.s 			page 32


 1697      5F7400
 1698              	.LASF48:
 1699 01e3 6368616E 		.ascii	"channels\000"
 1699      6E656C73 
 1699      00
 1700              	.LASF26:
 1701 01ec 636F6E66 		.ascii	"config\000"
 1701      696700
 1702              	.LASF53:
 1703 01f3 70776D4F 		.ascii	"pwmObjectInit\000"
 1703      626A6563 
 1703      74496E69 
 1703      7400
 1704              	.LASF13:
 1705 0201 75696E74 		.ascii	"uint8_t\000"
 1705      385F7400 
 1706              	.LASF58:
 1707 0209 70776D45 		.ascii	"pwmEnableChannel\000"
 1707      6E61626C 
 1707      65436861 
 1707      6E6E656C 
 1707      00
 1708              	.LASF60:
 1709 021a 77696474 		.ascii	"width\000"
 1709      6800
 1710              	.LASF54:
 1711 0220 70776D53 		.ascii	"pwmStart\000"
 1711      74617274 
 1711      00
 1712              	.LASF11:
 1713 0229 6C6F6E67 		.ascii	"long long int\000"
 1713      206C6F6E 
 1713      6720696E 
 1713      7400
 1714              	.LASF8:
 1715 0237 6C6F6E67 		.ascii	"long int\000"
 1715      20696E74 
 1715      00
 1716              	.LASF52:
 1717 0240 70776D49 		.ascii	"pwmInit\000"
 1717      6E697400 
 1718              	.LASF38:
 1719 0248 43435235 		.ascii	"CCR5\000"
 1719      00
 1720              	.LASF39:
 1721 024d 43435236 		.ascii	"CCR6\000"
 1721      00
 1722              	.LASF27:
 1723 0252 70657269 		.ascii	"period\000"
 1723      6F6400
 1724              	.LASF4:
 1725 0259 5F5F7569 		.ascii	"__uint8_t\000"
 1725      6E74385F 
 1725      7400
 1726              	.LASF32:
 1727 0263 43434D52 		.ascii	"CCMR1\000"
 1727      3100
ARM GAS  /var/folders/zv/18v39shs5gqc3xhz55t6cxb00000gn/T//ccpXVUxc.s 			page 33


 1728              	.LASF62:
 1729 0269 70776D5F 		.ascii	"pwm_lld_start\000"
 1729      6C6C645F 
 1729      73746172 
 1729      7400
 1730              	.LASF51:
 1731 0277 50574D43 		.ascii	"PWMConfig\000"
 1731      6F6E6669 
 1731      6700
 1732              	.LASF66:
 1733 0281 2E2F6368 		.ascii	"./chibios/os/hal/src/pwm.c\000"
 1733      6962696F 
 1733      732F6F73 
 1733      2F68616C 
 1733      2F737263 
 1734              	.LASF55:
 1735 029c 70776D70 		.ascii	"pwmp\000"
 1735      00
 1736              	.LASF30:
 1737 02a1 534D4352 		.ascii	"SMCR\000"
 1737      00
 1738              	.LASF20:
 1739 02a6 50574D5F 		.ascii	"PWM_UNINIT\000"
 1739      554E494E 
 1739      495400
 1740              	.LASF2:
 1741 02b1 756E7369 		.ascii	"unsigned char\000"
 1741      676E6564 
 1741      20636861 
 1741      7200
 1742              	.LASF64:
 1743 02bf 70776D5F 		.ascii	"pwm_lld_enable_channel\000"
 1743      6C6C645F 
 1743      656E6162 
 1743      6C655F63 
 1743      68616E6E 
 1744              	.LASF61:
 1745 02d6 70776D44 		.ascii	"pwmDisableChannel\000"
 1745      69736162 
 1745      6C654368 
 1745      616E6E65 
 1745      6C00
 1746              	.LASF1:
 1747 02e8 7369676E 		.ascii	"signed char\000"
 1747      65642063 
 1747      68617200 
 1748              	.LASF12:
 1749 02f4 6C6F6E67 		.ascii	"long long unsigned int\000"
 1749      206C6F6E 
 1749      6720756E 
 1749      7369676E 
 1749      65642069 
 1750              	.LASF16:
 1751 030b 75696E74 		.ascii	"uint32_t\000"
 1751      33325F74 
 1751      00
 1752              	.LASF0:
ARM GAS  /var/folders/zv/18v39shs5gqc3xhz55t6cxb00000gn/T//ccpXVUxc.s 			page 34


 1753 0314 756E7369 		.ascii	"unsigned int\000"
 1753      676E6564 
 1753      20696E74 
 1753      00
 1754              	.LASF14:
 1755 0321 75696E74 		.ascii	"uint16_t\000"
 1755      31365F74 
 1755      00
 1756              	.LASF35:
 1757 032a 42445452 		.ascii	"BDTR\000"
 1757      00
 1758              	.LASF31:
 1759 032f 44494552 		.ascii	"DIER\000"
 1759      00
 1760              	.LASF6:
 1761 0334 73686F72 		.ascii	"short unsigned int\000"
 1761      7420756E 
 1761      7369676E 
 1761      65642069 
 1761      6E7400
 1762              	.LASF69:
 1763 0347 70776D5F 		.ascii	"pwm_lld_init\000"
 1763      6C6C645F 
 1763      696E6974 
 1763      00
 1764              	.LASF19:
 1765 0354 63686172 		.ascii	"char\000"
 1765      00
 1766              	.LASF40:
 1767 0359 73746D33 		.ascii	"stm32_tim_t\000"
 1767      325F7469 
 1767      6D5F7400 
 1768              	.LASF24:
 1769 0365 50574D44 		.ascii	"PWMDriver\000"
 1769      72697665 
 1769      7200
 1770              	.LASF15:
 1771 036f 696E7433 		.ascii	"int32_t\000"
 1771      325F7400 
 1772              	.LASF17:
 1773 0377 5F426F6F 		.ascii	"_Bool\000"
 1773      6C00
 1774              	.LASF59:
 1775 037d 6368616E 		.ascii	"channel\000"
 1775      6E656C00 
 1776              	.LASF57:
 1777 0385 70776D43 		.ascii	"pwmChangePeriod\000"
 1777      68616E67 
 1777      65506572 
 1777      696F6400 
 1778              	.LASF10:
 1779 0395 6C6F6E67 		.ascii	"long unsigned int\000"
 1779      20756E73 
 1779      69676E65 
 1779      6420696E 
 1779      7400
 1780              	.LASF28:
ARM GAS  /var/folders/zv/18v39shs5gqc3xhz55t6cxb00000gn/T//ccpXVUxc.s 			page 35


 1781 03a7 636C6F63 		.ascii	"clock\000"
 1781      6B00
 1782              	.LASF7:
 1783 03ad 5F5F696E 		.ascii	"__int32_t\000"
 1783      7433325F 
 1783      7400
 1784              	.LASF22:
 1785 03b7 50574D5F 		.ascii	"PWM_READY\000"
 1785      52454144 
 1785      5900
 1786              	.LASF21:
 1787 03c1 50574D5F 		.ascii	"PWM_STOP\000"
 1787      53544F50 
 1787      00
 1788              	.LASF50:
 1789 03ca 64696572 		.ascii	"dier\000"
 1789      00
 1790              	.LASF56:
 1791 03cf 70776D53 		.ascii	"pwmStop\000"
 1791      746F7000 
 1792              	.LASF47:
 1793 03d7 66726571 		.ascii	"frequency\000"
 1793      75656E63 
 1793      7900
 1794              	.LASF46:
 1795 03e1 50574D43 		.ascii	"PWMChannelConfig\000"
 1795      68616E6E 
 1795      656C436F 
 1795      6E666967 
 1795      00
 1796              	.LASF41:
 1797 03f2 70776D6D 		.ascii	"pwmmode_t\000"
 1797      6F64655F 
 1797      7400
 1798              	.LASF49:
 1799 03fc 62647472 		.ascii	"bdtr\000"
 1799      00
 1800              	.LASF68:
 1801 0401 49544D5F 		.ascii	"ITM_RxBuffer\000"
 1801      52784275 
 1801      66666572 
 1801      00
 1802              	.LASF23:
 1803 040e 70776D73 		.ascii	"pwmstate_t\000"
 1803      74617465 
 1803      5F7400
 1804              	.LASF29:
 1805 0419 70776D63 		.ascii	"pwmcallback_t\000"
 1805      616C6C62 
 1805      61636B5F 
 1805      7400
 1806              	.LASF45:
 1807 0427 63616C6C 		.ascii	"callback\000"
 1807      6261636B 
 1807      00
 1808              		.ident	"GCC: (GNU Tools for ARM Embedded Processors) 4.9.3 20150303 (release) [ARM/embedded-4_9-br
ARM GAS  /var/folders/zv/18v39shs5gqc3xhz55t6cxb00000gn/T//ccpXVUxc.s 			page 36


DEFINED SYMBOLS
                            *ABS*:0000000000000000 pwm.c
/var/folders/zv/18v39shs5gqc3xhz55t6cxb00000gn/T//ccpXVUxc.s:21     .text.pwmInit:0000000000000000 $t
/var/folders/zv/18v39shs5gqc3xhz55t6cxb00000gn/T//ccpXVUxc.s:27     .text.pwmInit:0000000000000000 pwmInit
/var/folders/zv/18v39shs5gqc3xhz55t6cxb00000gn/T//ccpXVUxc.s:42     .text.pwmObjectInit:0000000000000000 $t
/var/folders/zv/18v39shs5gqc3xhz55t6cxb00000gn/T//ccpXVUxc.s:48     .text.pwmObjectInit:0000000000000000 pwmObjectInit
/var/folders/zv/18v39shs5gqc3xhz55t6cxb00000gn/T//ccpXVUxc.s:69     .text.pwmStart:0000000000000000 $t
/var/folders/zv/18v39shs5gqc3xhz55t6cxb00000gn/T//ccpXVUxc.s:75     .text.pwmStart:0000000000000000 pwmStart
/var/folders/zv/18v39shs5gqc3xhz55t6cxb00000gn/T//ccpXVUxc.s:123    .text.pwmStop:0000000000000000 $t
/var/folders/zv/18v39shs5gqc3xhz55t6cxb00000gn/T//ccpXVUxc.s:129    .text.pwmStop:0000000000000000 pwmStop
/var/folders/zv/18v39shs5gqc3xhz55t6cxb00000gn/T//ccpXVUxc.s:172    .text.pwmChangePeriod:0000000000000000 $t
/var/folders/zv/18v39shs5gqc3xhz55t6cxb00000gn/T//ccpXVUxc.s:178    .text.pwmChangePeriod:0000000000000000 pwmChangePeriod
/var/folders/zv/18v39shs5gqc3xhz55t6cxb00000gn/T//ccpXVUxc.s:213    .text.pwmEnableChannel:0000000000000000 $t
/var/folders/zv/18v39shs5gqc3xhz55t6cxb00000gn/T//ccpXVUxc.s:219    .text.pwmEnableChannel:0000000000000000 pwmEnableChannel
/var/folders/zv/18v39shs5gqc3xhz55t6cxb00000gn/T//ccpXVUxc.s:254    .text.pwmDisableChannel:0000000000000000 $t
/var/folders/zv/18v39shs5gqc3xhz55t6cxb00000gn/T//ccpXVUxc.s:260    .text.pwmDisableChannel:0000000000000000 pwmDisableChannel
                     .debug_frame:0000000000000010 $d

UNDEFINED SYMBOLS
pwm_lld_init
pwm_lld_start
pwm_lld_stop
pwm_lld_enable_channel
pwm_lld_disable_channel
