ARM GAS  /tmp/ccWUR7QI.s 			page 1


   1              		.syntax unified
   2              		.cpu cortex-m4
   3              		.fpu softvfp
   4              		.eabi_attribute 20, 1
   5              		.eabi_attribute 21, 1
   6              		.eabi_attribute 23, 3
   7              		.eabi_attribute 24, 1
   8              		.eabi_attribute 25, 1
   9              		.eabi_attribute 26, 1
  10              		.eabi_attribute 30, 2
  11              		.eabi_attribute 34, 1
  12              		.eabi_attribute 18, 4
  13              		.thumb
  14              		.file	"vectors.c"
  15              		.text
  16              	.Ltext0:
  17              		.cfi_sections	.debug_frame
  18              		.section	.text._unhandled_exception,"ax",%progbits
  19              		.align	2
  20              		.p2align 4,,15
  21              		.global	_unhandled_exception
  22              		.thumb
  23              		.thumb_func
  24              		.type	_unhandled_exception, %function
  25              	_unhandled_exception:
  26              	.LFB7:
  27              		.file 1 "./chibios/os/ports/GCC/ARMCMx/STM32F4xx/vectors.c"
  28              		.loc 1 226 0
  29              		.cfi_startproc
  30              		@ Naked Function: prologue and epilogue provided by programmer.
  31              		@ Volatile: function does not return.
  32              		@ args = 0, pretend = 0, frame = 0
  33              		@ frame_needed = 0, uses_anonymous_args = 0
  34              	.L2:
  35 0000 FEE7     		b	.L2
  36              		.cfi_endproc
  37              	.LFE7:
  38              		.size	_unhandled_exception, .-_unhandled_exception
  39              		.weak	NMIVector
  40              		.thumb_set NMIVector,_unhandled_exception
  41              		.weak	HardFaultVector
  42              		.thumb_set HardFaultVector,_unhandled_exception
  43              		.weak	MemManageVector
  44              		.thumb_set MemManageVector,_unhandled_exception
  45              		.weak	BusFaultVector
  46              		.thumb_set BusFaultVector,_unhandled_exception
  47              		.weak	UsageFaultVector
  48              		.thumb_set UsageFaultVector,_unhandled_exception
  49              		.weak	Vector1C
  50              		.thumb_set Vector1C,_unhandled_exception
  51              		.weak	Vector20
  52              		.thumb_set Vector20,_unhandled_exception
  53              		.weak	Vector24
  54              		.thumb_set Vector24,_unhandled_exception
  55              		.weak	Vector28
  56              		.thumb_set Vector28,_unhandled_exception
  57              		.weak	SVCallVector
ARM GAS  /tmp/ccWUR7QI.s 			page 2


  58              		.thumb_set SVCallVector,_unhandled_exception
  59              		.weak	DebugMonitorVector
  60              		.thumb_set DebugMonitorVector,_unhandled_exception
  61              		.weak	Vector34
  62              		.thumb_set Vector34,_unhandled_exception
  63              		.weak	PendSVVector
  64              		.thumb_set PendSVVector,_unhandled_exception
  65              		.weak	SysTickVector
  66              		.thumb_set SysTickVector,_unhandled_exception
  67              		.weak	Vector40
  68              		.thumb_set Vector40,_unhandled_exception
  69              		.weak	Vector44
  70              		.thumb_set Vector44,_unhandled_exception
  71              		.weak	Vector48
  72              		.thumb_set Vector48,_unhandled_exception
  73              		.weak	Vector4C
  74              		.thumb_set Vector4C,_unhandled_exception
  75              		.weak	Vector50
  76              		.thumb_set Vector50,_unhandled_exception
  77              		.weak	Vector54
  78              		.thumb_set Vector54,_unhandled_exception
  79              		.weak	Vector58
  80              		.thumb_set Vector58,_unhandled_exception
  81              		.weak	Vector5C
  82              		.thumb_set Vector5C,_unhandled_exception
  83              		.weak	Vector60
  84              		.thumb_set Vector60,_unhandled_exception
  85              		.weak	Vector64
  86              		.thumb_set Vector64,_unhandled_exception
  87              		.weak	Vector68
  88              		.thumb_set Vector68,_unhandled_exception
  89              		.weak	Vector6C
  90              		.thumb_set Vector6C,_unhandled_exception
  91              		.weak	Vector70
  92              		.thumb_set Vector70,_unhandled_exception
  93              		.weak	Vector74
  94              		.thumb_set Vector74,_unhandled_exception
  95              		.weak	Vector78
  96              		.thumb_set Vector78,_unhandled_exception
  97              		.weak	Vector7C
  98              		.thumb_set Vector7C,_unhandled_exception
  99              		.weak	Vector80
 100              		.thumb_set Vector80,_unhandled_exception
 101              		.weak	Vector84
 102              		.thumb_set Vector84,_unhandled_exception
 103              		.weak	Vector88
 104              		.thumb_set Vector88,_unhandled_exception
 105              		.weak	Vector8C
 106              		.thumb_set Vector8C,_unhandled_exception
 107              		.weak	Vector90
 108              		.thumb_set Vector90,_unhandled_exception
 109              		.weak	Vector94
 110              		.thumb_set Vector94,_unhandled_exception
 111              		.weak	Vector98
 112              		.thumb_set Vector98,_unhandled_exception
 113              		.weak	Vector9C
 114              		.thumb_set Vector9C,_unhandled_exception
ARM GAS  /tmp/ccWUR7QI.s 			page 3


 115              		.weak	VectorA0
 116              		.thumb_set VectorA0,_unhandled_exception
 117              		.weak	VectorA4
 118              		.thumb_set VectorA4,_unhandled_exception
 119              		.weak	VectorA8
 120              		.thumb_set VectorA8,_unhandled_exception
 121              		.weak	VectorAC
 122              		.thumb_set VectorAC,_unhandled_exception
 123              		.weak	VectorB0
 124              		.thumb_set VectorB0,_unhandled_exception
 125              		.weak	VectorB4
 126              		.thumb_set VectorB4,_unhandled_exception
 127              		.weak	VectorB8
 128              		.thumb_set VectorB8,_unhandled_exception
 129              		.weak	VectorBC
 130              		.thumb_set VectorBC,_unhandled_exception
 131              		.weak	VectorC0
 132              		.thumb_set VectorC0,_unhandled_exception
 133              		.weak	VectorC4
 134              		.thumb_set VectorC4,_unhandled_exception
 135              		.weak	VectorC8
 136              		.thumb_set VectorC8,_unhandled_exception
 137              		.weak	VectorCC
 138              		.thumb_set VectorCC,_unhandled_exception
 139              		.weak	VectorD0
 140              		.thumb_set VectorD0,_unhandled_exception
 141              		.weak	VectorD4
 142              		.thumb_set VectorD4,_unhandled_exception
 143              		.weak	VectorD8
 144              		.thumb_set VectorD8,_unhandled_exception
 145              		.weak	VectorDC
 146              		.thumb_set VectorDC,_unhandled_exception
 147              		.weak	VectorE0
 148              		.thumb_set VectorE0,_unhandled_exception
 149              		.weak	VectorE4
 150              		.thumb_set VectorE4,_unhandled_exception
 151              		.weak	VectorE8
 152              		.thumb_set VectorE8,_unhandled_exception
 153              		.weak	VectorEC
 154              		.thumb_set VectorEC,_unhandled_exception
 155              		.weak	VectorF0
 156              		.thumb_set VectorF0,_unhandled_exception
 157              		.weak	VectorF4
 158              		.thumb_set VectorF4,_unhandled_exception
 159              		.weak	VectorF8
 160              		.thumb_set VectorF8,_unhandled_exception
 161              		.weak	VectorFC
 162              		.thumb_set VectorFC,_unhandled_exception
 163              		.weak	Vector100
 164              		.thumb_set Vector100,_unhandled_exception
 165              		.weak	Vector104
 166              		.thumb_set Vector104,_unhandled_exception
 167              		.weak	Vector108
 168              		.thumb_set Vector108,_unhandled_exception
 169              		.weak	Vector10C
 170              		.thumb_set Vector10C,_unhandled_exception
 171              		.weak	Vector110
ARM GAS  /tmp/ccWUR7QI.s 			page 4


 172              		.thumb_set Vector110,_unhandled_exception
 173              		.weak	Vector114
 174              		.thumb_set Vector114,_unhandled_exception
 175              		.weak	Vector118
 176              		.thumb_set Vector118,_unhandled_exception
 177              		.weak	Vector11C
 178              		.thumb_set Vector11C,_unhandled_exception
 179              		.weak	Vector120
 180              		.thumb_set Vector120,_unhandled_exception
 181              		.weak	Vector124
 182              		.thumb_set Vector124,_unhandled_exception
 183              		.weak	Vector128
 184              		.thumb_set Vector128,_unhandled_exception
 185              		.weak	Vector12C
 186              		.thumb_set Vector12C,_unhandled_exception
 187              		.weak	Vector130
 188              		.thumb_set Vector130,_unhandled_exception
 189              		.weak	Vector134
 190              		.thumb_set Vector134,_unhandled_exception
 191              		.weak	Vector138
 192              		.thumb_set Vector138,_unhandled_exception
 193              		.weak	Vector13C
 194              		.thumb_set Vector13C,_unhandled_exception
 195              		.weak	Vector140
 196              		.thumb_set Vector140,_unhandled_exception
 197              		.weak	Vector144
 198              		.thumb_set Vector144,_unhandled_exception
 199              		.weak	Vector148
 200              		.thumb_set Vector148,_unhandled_exception
 201              		.weak	Vector14C
 202              		.thumb_set Vector14C,_unhandled_exception
 203              		.weak	Vector150
 204              		.thumb_set Vector150,_unhandled_exception
 205              		.weak	Vector154
 206              		.thumb_set Vector154,_unhandled_exception
 207              		.weak	Vector158
 208              		.thumb_set Vector158,_unhandled_exception
 209              		.weak	Vector15C
 210              		.thumb_set Vector15C,_unhandled_exception
 211              		.weak	Vector160
 212              		.thumb_set Vector160,_unhandled_exception
 213              		.weak	Vector164
 214              		.thumb_set Vector164,_unhandled_exception
 215              		.weak	Vector168
 216              		.thumb_set Vector168,_unhandled_exception
 217              		.weak	Vector16C
 218              		.thumb_set Vector16C,_unhandled_exception
 219              		.weak	Vector170
 220              		.thumb_set Vector170,_unhandled_exception
 221              		.weak	Vector174
 222              		.thumb_set Vector174,_unhandled_exception
 223              		.weak	Vector178
 224              		.thumb_set Vector178,_unhandled_exception
 225              		.weak	Vector17C
 226              		.thumb_set Vector17C,_unhandled_exception
 227              		.weak	Vector180
 228              		.thumb_set Vector180,_unhandled_exception
ARM GAS  /tmp/ccWUR7QI.s 			page 5


 229              		.weak	Vector184
 230              		.thumb_set Vector184,_unhandled_exception
 231              		.weak	Vector188
 232              		.thumb_set Vector188,_unhandled_exception
 233              		.weak	Vector18C
 234              		.thumb_set Vector18C,_unhandled_exception
 235              		.weak	Vector190
 236              		.thumb_set Vector190,_unhandled_exception
 237              		.weak	Vector194
 238              		.thumb_set Vector194,_unhandled_exception
 239              		.weak	Vector198
 240              		.thumb_set Vector198,_unhandled_exception
 241              		.weak	Vector19C
 242              		.thumb_set Vector19C,_unhandled_exception
 243              		.weak	Vector1A0
 244              		.thumb_set Vector1A0,_unhandled_exception
 245              		.weak	Vector1A4
 246              		.thumb_set Vector1A4,_unhandled_exception
 247              		.weak	Vector1A8
 248              		.thumb_set Vector1A8,_unhandled_exception
 249              		.global	_vectors
 250              		.section	vectors,"aw",%progbits
 251              		.align	2
 252              		.type	_vectors, %object
 253              		.size	_vectors, 428
 254              	_vectors:
 255 0000 00000000 		.word	__main_stack_end__
 256 0004 00000000 		.word	ResetHandler
 257 0008 00000000 		.word	NMIVector
 258 000c 00000000 		.word	HardFaultVector
 259 0010 00000000 		.word	MemManageVector
 260 0014 00000000 		.word	BusFaultVector
 261 0018 00000000 		.word	UsageFaultVector
 262 001c 00000000 		.word	Vector1C
 263 0020 00000000 		.word	Vector20
 264 0024 00000000 		.word	Vector24
 265 0028 00000000 		.word	Vector28
 266 002c 00000000 		.word	SVCallVector
 267 0030 00000000 		.word	DebugMonitorVector
 268 0034 00000000 		.word	Vector34
 269 0038 00000000 		.word	PendSVVector
 270 003c 00000000 		.word	SysTickVector
 271 0040 00000000 		.word	Vector40
 272 0044 00000000 		.word	Vector44
 273 0048 00000000 		.word	Vector48
 274 004c 00000000 		.word	Vector4C
 275 0050 00000000 		.word	Vector50
 276 0054 00000000 		.word	Vector54
 277 0058 00000000 		.word	Vector58
 278 005c 00000000 		.word	Vector5C
 279 0060 00000000 		.word	Vector60
 280 0064 00000000 		.word	Vector64
 281 0068 00000000 		.word	Vector68
 282 006c 00000000 		.word	Vector6C
 283 0070 00000000 		.word	Vector70
 284 0074 00000000 		.word	Vector74
 285 0078 00000000 		.word	Vector78
ARM GAS  /tmp/ccWUR7QI.s 			page 6


 286 007c 00000000 		.word	Vector7C
 287 0080 00000000 		.word	Vector80
 288 0084 00000000 		.word	Vector84
 289 0088 00000000 		.word	Vector88
 290 008c 00000000 		.word	Vector8C
 291 0090 00000000 		.word	Vector90
 292 0094 00000000 		.word	Vector94
 293 0098 00000000 		.word	Vector98
 294 009c 00000000 		.word	Vector9C
 295 00a0 00000000 		.word	VectorA0
 296 00a4 00000000 		.word	VectorA4
 297 00a8 00000000 		.word	VectorA8
 298 00ac 00000000 		.word	VectorAC
 299 00b0 00000000 		.word	VectorB0
 300 00b4 00000000 		.word	VectorB4
 301 00b8 00000000 		.word	VectorB8
 302 00bc 00000000 		.word	VectorBC
 303 00c0 00000000 		.word	VectorC0
 304 00c4 00000000 		.word	VectorC4
 305 00c8 00000000 		.word	VectorC8
 306 00cc 00000000 		.word	VectorCC
 307 00d0 00000000 		.word	VectorD0
 308 00d4 00000000 		.word	VectorD4
 309 00d8 00000000 		.word	VectorD8
 310 00dc 00000000 		.word	VectorDC
 311 00e0 00000000 		.word	VectorE0
 312 00e4 00000000 		.word	VectorE4
 313 00e8 00000000 		.word	VectorE8
 314 00ec 00000000 		.word	VectorEC
 315 00f0 00000000 		.word	VectorF0
 316 00f4 00000000 		.word	VectorF4
 317 00f8 00000000 		.word	VectorF8
 318 00fc 00000000 		.word	VectorFC
 319 0100 00000000 		.word	Vector100
 320 0104 00000000 		.word	Vector104
 321 0108 00000000 		.word	Vector108
 322 010c 00000000 		.word	Vector10C
 323 0110 00000000 		.word	Vector110
 324 0114 00000000 		.word	Vector114
 325 0118 00000000 		.word	Vector118
 326 011c 00000000 		.word	Vector11C
 327 0120 00000000 		.word	Vector120
 328 0124 00000000 		.word	Vector124
 329 0128 00000000 		.word	Vector128
 330 012c 00000000 		.word	Vector12C
 331 0130 00000000 		.word	Vector130
 332 0134 00000000 		.word	Vector134
 333 0138 00000000 		.word	Vector138
 334 013c 00000000 		.word	Vector13C
 335 0140 00000000 		.word	Vector140
 336 0144 00000000 		.word	Vector144
 337 0148 00000000 		.word	Vector148
 338 014c 00000000 		.word	Vector14C
 339 0150 00000000 		.word	Vector150
 340 0154 00000000 		.word	Vector154
 341 0158 00000000 		.word	Vector158
 342 015c 00000000 		.word	Vector15C
ARM GAS  /tmp/ccWUR7QI.s 			page 7


 343 0160 00000000 		.word	Vector160
 344 0164 00000000 		.word	Vector164
 345 0168 00000000 		.word	Vector168
 346 016c 00000000 		.word	Vector16C
 347 0170 00000000 		.word	Vector170
 348 0174 00000000 		.word	Vector174
 349 0178 00000000 		.word	Vector178
 350 017c 00000000 		.word	Vector17C
 351 0180 00000000 		.word	Vector180
 352 0184 00000000 		.word	Vector184
 353 0188 00000000 		.word	Vector188
 354 018c 00000000 		.word	Vector18C
 355 0190 00000000 		.word	Vector190
 356 0194 00000000 		.word	Vector194
 357 0198 00000000 		.word	Vector198
 358 019c 00000000 		.word	Vector19C
 359 01a0 00000000 		.word	Vector1A0
 360 01a4 00000000 		.word	Vector1A4
 361 01a8 00000000 		.word	Vector1A8
 362              		.text
 363              	.Letext0:
 364              		.file 2 "/usr/arm-none-eabi/include/stdint.h"
 365              		.section	.debug_info,"",%progbits
 366              	.Ldebug_info0:
 367 0000 BE010000 		.4byte	0x1be
 368 0004 0400     		.2byte	0x4
 369 0006 00000000 		.4byte	.Ldebug_abbrev0
 370 000a 04       		.byte	0x4
 371 000b 01       		.uleb128 0x1
 372 000c 81000000 		.4byte	.LASF34
 373 0010 01       		.byte	0x1
 374 0011 41000000 		.4byte	.LASF35
 375 0015 43010000 		.4byte	.LASF36
 376 0019 00000000 		.4byte	.Ldebug_ranges0+0
 377 001d 00000000 		.4byte	0
 378 0021 00000000 		.4byte	.Ldebug_line0
 379 0025 02       		.uleb128 0x2
 380 0026 04       		.byte	0x4
 381 0027 05       		.byte	0x5
 382 0028 696E7400 		.ascii	"int\000"
 383 002c 03       		.uleb128 0x3
 384 002d 04       		.byte	0x4
 385 002e 07       		.byte	0x7
 386 002f 89010000 		.4byte	.LASF0
 387 0033 03       		.uleb128 0x3
 388 0034 01       		.byte	0x1
 389 0035 06       		.byte	0x6
 390 0036 7F020000 		.4byte	.LASF1
 391 003a 03       		.uleb128 0x3
 392 003b 01       		.byte	0x1
 393 003c 08       		.byte	0x8
 394 003d 73000000 		.4byte	.LASF2
 395 0041 03       		.uleb128 0x3
 396 0042 02       		.byte	0x2
 397 0043 05       		.byte	0x5
 398 0044 56020000 		.4byte	.LASF3
 399 0048 03       		.uleb128 0x3
ARM GAS  /tmp/ccWUR7QI.s 			page 8


 400 0049 02       		.byte	0x2
 401 004a 07       		.byte	0x7
 402 004b 30010000 		.4byte	.LASF4
 403 004f 03       		.uleb128 0x3
 404 0050 04       		.byte	0x4
 405 0051 05       		.byte	0x5
 406 0052 76020000 		.4byte	.LASF5
 407 0056 04       		.uleb128 0x4
 408 0057 6D020000 		.4byte	.LASF12
 409 005b 02       		.byte	0x2
 410 005c 50       		.byte	0x50
 411 005d 61000000 		.4byte	0x61
 412 0061 03       		.uleb128 0x3
 413 0062 04       		.byte	0x4
 414 0063 07       		.byte	0x7
 415 0064 1E010000 		.4byte	.LASF6
 416 0068 03       		.uleb128 0x3
 417 0069 08       		.byte	0x8
 418 006a 05       		.byte	0x5
 419 006b 15020000 		.4byte	.LASF7
 420 006f 03       		.uleb128 0x3
 421 0070 08       		.byte	0x8
 422 0071 07       		.byte	0x7
 423 0072 A1010000 		.4byte	.LASF8
 424 0076 03       		.uleb128 0x3
 425 0077 01       		.byte	0x1
 426 0078 02       		.byte	0x2
 427 0079 A8020000 		.4byte	.LASF9
 428 007d 03       		.uleb128 0x3
 429 007e 04       		.byte	0x4
 430 007f 07       		.byte	0x7
 431 0080 ED010000 		.4byte	.LASF10
 432 0084 03       		.uleb128 0x3
 433 0085 01       		.byte	0x1
 434 0086 08       		.byte	0x8
 435 0087 23020000 		.4byte	.LASF11
 436 008b 04       		.uleb128 0x4
 437 008c 09000000 		.4byte	.LASF13
 438 0090 01       		.byte	0x1
 439 0091 2B       		.byte	0x2b
 440 0092 96000000 		.4byte	0x96
 441 0096 05       		.uleb128 0x5
 442 0097 04       		.byte	0x4
 443 0098 9C000000 		.4byte	0x9c
 444 009c 06       		.uleb128 0x6
 445 009d 07       		.uleb128 0x7
 446 009e AC01     		.2byte	0x1ac
 447 00a0 01       		.byte	0x1
 448 00a1 30       		.byte	0x30
 449 00a2 73010000 		.4byte	0x173
 450 00a6 08       		.uleb128 0x8
 451 00a7 28000000 		.4byte	.LASF14
 452 00ab 01       		.byte	0x1
 453 00ac 31       		.byte	0x31
 454 00ad 73010000 		.4byte	0x173
 455 00b1 00       		.byte	0
 456 00b2 08       		.uleb128 0x8
ARM GAS  /tmp/ccWUR7QI.s 			page 9


 457 00b3 60020000 		.4byte	.LASF15
 458 00b7 01       		.byte	0x1
 459 00b8 32       		.byte	0x32
 460 00b9 8B000000 		.4byte	0x8b
 461 00bd 04       		.byte	0x4
 462 00be 08       		.uleb128 0x8
 463 00bf 96010000 		.4byte	.LASF16
 464 00c3 01       		.byte	0x1
 465 00c4 33       		.byte	0x33
 466 00c5 8B000000 		.4byte	0x8b
 467 00c9 08       		.byte	0x8
 468 00ca 08       		.uleb128 0x8
 469 00cb 04020000 		.4byte	.LASF17
 470 00cf 01       		.byte	0x1
 471 00d0 34       		.byte	0x34
 472 00d1 8B000000 		.4byte	0x8b
 473 00d5 0C       		.byte	0xc
 474 00d6 08       		.uleb128 0x8
 475 00d7 28020000 		.4byte	.LASF18
 476 00db 01       		.byte	0x1
 477 00dc 35       		.byte	0x35
 478 00dd 8B000000 		.4byte	0x8b
 479 00e1 10       		.byte	0x10
 480 00e2 08       		.uleb128 0x8
 481 00e3 B8010000 		.4byte	.LASF19
 482 00e7 01       		.byte	0x1
 483 00e8 36       		.byte	0x36
 484 00e9 8B000000 		.4byte	0x8b
 485 00ed 14       		.byte	0x14
 486 00ee 08       		.uleb128 0x8
 487 00ef D1010000 		.4byte	.LASF20
 488 00f3 01       		.byte	0x1
 489 00f4 37       		.byte	0x37
 490 00f5 8B000000 		.4byte	0x8b
 491 00f9 18       		.byte	0x18
 492 00fa 08       		.uleb128 0x8
 493 00fb 71010000 		.4byte	.LASF21
 494 00ff 01       		.byte	0x1
 495 0100 38       		.byte	0x38
 496 0101 8B000000 		.4byte	0x8b
 497 0105 1C       		.byte	0x1c
 498 0106 08       		.uleb128 0x8
 499 0107 9F020000 		.4byte	.LASF22
 500 010b 01       		.byte	0x1
 501 010c 39       		.byte	0x39
 502 010d 8B000000 		.4byte	0x8b
 503 0111 20       		.byte	0x20
 504 0112 08       		.uleb128 0x8
 505 0113 00000000 		.4byte	.LASF23
 506 0117 01       		.byte	0x1
 507 0118 3A       		.byte	0x3a
 508 0119 8B000000 		.4byte	0x8b
 509 011d 24       		.byte	0x24
 510 011e 08       		.uleb128 0x8
 511 011f C8010000 		.4byte	.LASF24
 512 0123 01       		.byte	0x1
 513 0124 3B       		.byte	0x3b
ARM GAS  /tmp/ccWUR7QI.s 			page 10


 514 0125 8B000000 		.4byte	0x8b
 515 0129 28       		.byte	0x28
 516 012a 08       		.uleb128 0x8
 517 012b 33000000 		.4byte	.LASF25
 518 012f 01       		.byte	0x1
 519 0130 3C       		.byte	0x3c
 520 0131 8B000000 		.4byte	0x8b
 521 0135 2C       		.byte	0x2c
 522 0136 08       		.uleb128 0x8
 523 0137 8B020000 		.4byte	.LASF26
 524 013b 01       		.byte	0x1
 525 013c 3D       		.byte	0x3d
 526 013d 8B000000 		.4byte	0x8b
 527 0141 30       		.byte	0x30
 528 0142 08       		.uleb128 0x8
 529 0143 16000000 		.4byte	.LASF27
 530 0147 01       		.byte	0x1
 531 0148 3E       		.byte	0x3e
 532 0149 8B000000 		.4byte	0x8b
 533 014d 34       		.byte	0x34
 534 014e 08       		.uleb128 0x8
 535 014f F6010000 		.4byte	.LASF28
 536 0153 01       		.byte	0x1
 537 0154 3F       		.byte	0x3f
 538 0155 8B000000 		.4byte	0x8b
 539 0159 38       		.byte	0x38
 540 015a 08       		.uleb128 0x8
 541 015b 7A010000 		.4byte	.LASF29
 542 015f 01       		.byte	0x1
 543 0160 40       		.byte	0x40
 544 0161 8B000000 		.4byte	0x8b
 545 0165 3C       		.byte	0x3c
 546 0166 08       		.uleb128 0x8
 547 0167 4E020000 		.4byte	.LASF30
 548 016b 01       		.byte	0x1
 549 016c 41       		.byte	0x41
 550 016d 79010000 		.4byte	0x179
 551 0171 40       		.byte	0x40
 552 0172 00       		.byte	0
 553 0173 05       		.uleb128 0x5
 554 0174 04       		.byte	0x4
 555 0175 56000000 		.4byte	0x56
 556 0179 09       		.uleb128 0x9
 557 017a 8B000000 		.4byte	0x8b
 558 017e 89010000 		.4byte	0x189
 559 0182 0A       		.uleb128 0xa
 560 0183 7D000000 		.4byte	0x7d
 561 0187 5A       		.byte	0x5a
 562 0188 00       		.byte	0
 563 0189 04       		.uleb128 0x4
 564 018a E3010000 		.4byte	.LASF31
 565 018e 01       		.byte	0x1
 566 018f 42       		.byte	0x42
 567 0190 9D000000 		.4byte	0x9d
 568 0194 0B       		.uleb128 0xb
 569 0195 39020000 		.4byte	.LASF37
 570 0199 01       		.byte	0x1
ARM GAS  /tmp/ccWUR7QI.s 			page 11


 571 019a E2       		.byte	0xe2
 572 019b 00000000 		.4byte	.LFB7
 573 019f 02000000 		.4byte	.LFE7-.LFB7
 574 01a3 01       		.uleb128 0x1
 575 01a4 9C       		.byte	0x9c
 576 01a5 0C       		.uleb128 0xc
 577 01a6 AE020000 		.4byte	.LASF32
 578 01aa 01       		.byte	0x1
 579 01ab 45       		.byte	0x45
 580 01ac 56000000 		.4byte	0x56
 581 01b0 0D       		.uleb128 0xd
 582 01b1 1F000000 		.4byte	.LASF33
 583 01b5 01       		.byte	0x1
 584 01b6 B8       		.byte	0xb8
 585 01b7 89010000 		.4byte	0x189
 586 01bb 05       		.uleb128 0x5
 587 01bc 03       		.byte	0x3
 588 01bd 00000000 		.4byte	_vectors
 589 01c1 00       		.byte	0
 590              		.section	.debug_abbrev,"",%progbits
 591              	.Ldebug_abbrev0:
 592 0000 01       		.uleb128 0x1
 593 0001 11       		.uleb128 0x11
 594 0002 01       		.byte	0x1
 595 0003 25       		.uleb128 0x25
 596 0004 0E       		.uleb128 0xe
 597 0005 13       		.uleb128 0x13
 598 0006 0B       		.uleb128 0xb
 599 0007 03       		.uleb128 0x3
 600 0008 0E       		.uleb128 0xe
 601 0009 1B       		.uleb128 0x1b
 602 000a 0E       		.uleb128 0xe
 603 000b 55       		.uleb128 0x55
 604 000c 17       		.uleb128 0x17
 605 000d 11       		.uleb128 0x11
 606 000e 01       		.uleb128 0x1
 607 000f 10       		.uleb128 0x10
 608 0010 17       		.uleb128 0x17
 609 0011 00       		.byte	0
 610 0012 00       		.byte	0
 611 0013 02       		.uleb128 0x2
 612 0014 24       		.uleb128 0x24
 613 0015 00       		.byte	0
 614 0016 0B       		.uleb128 0xb
 615 0017 0B       		.uleb128 0xb
 616 0018 3E       		.uleb128 0x3e
 617 0019 0B       		.uleb128 0xb
 618 001a 03       		.uleb128 0x3
 619 001b 08       		.uleb128 0x8
 620 001c 00       		.byte	0
 621 001d 00       		.byte	0
 622 001e 03       		.uleb128 0x3
 623 001f 24       		.uleb128 0x24
 624 0020 00       		.byte	0
 625 0021 0B       		.uleb128 0xb
 626 0022 0B       		.uleb128 0xb
 627 0023 3E       		.uleb128 0x3e
ARM GAS  /tmp/ccWUR7QI.s 			page 12


 628 0024 0B       		.uleb128 0xb
 629 0025 03       		.uleb128 0x3
 630 0026 0E       		.uleb128 0xe
 631 0027 00       		.byte	0
 632 0028 00       		.byte	0
 633 0029 04       		.uleb128 0x4
 634 002a 16       		.uleb128 0x16
 635 002b 00       		.byte	0
 636 002c 03       		.uleb128 0x3
 637 002d 0E       		.uleb128 0xe
 638 002e 3A       		.uleb128 0x3a
 639 002f 0B       		.uleb128 0xb
 640 0030 3B       		.uleb128 0x3b
 641 0031 0B       		.uleb128 0xb
 642 0032 49       		.uleb128 0x49
 643 0033 13       		.uleb128 0x13
 644 0034 00       		.byte	0
 645 0035 00       		.byte	0
 646 0036 05       		.uleb128 0x5
 647 0037 0F       		.uleb128 0xf
 648 0038 00       		.byte	0
 649 0039 0B       		.uleb128 0xb
 650 003a 0B       		.uleb128 0xb
 651 003b 49       		.uleb128 0x49
 652 003c 13       		.uleb128 0x13
 653 003d 00       		.byte	0
 654 003e 00       		.byte	0
 655 003f 06       		.uleb128 0x6
 656 0040 15       		.uleb128 0x15
 657 0041 00       		.byte	0
 658 0042 27       		.uleb128 0x27
 659 0043 19       		.uleb128 0x19
 660 0044 00       		.byte	0
 661 0045 00       		.byte	0
 662 0046 07       		.uleb128 0x7
 663 0047 13       		.uleb128 0x13
 664 0048 01       		.byte	0x1
 665 0049 0B       		.uleb128 0xb
 666 004a 05       		.uleb128 0x5
 667 004b 3A       		.uleb128 0x3a
 668 004c 0B       		.uleb128 0xb
 669 004d 3B       		.uleb128 0x3b
 670 004e 0B       		.uleb128 0xb
 671 004f 01       		.uleb128 0x1
 672 0050 13       		.uleb128 0x13
 673 0051 00       		.byte	0
 674 0052 00       		.byte	0
 675 0053 08       		.uleb128 0x8
 676 0054 0D       		.uleb128 0xd
 677 0055 00       		.byte	0
 678 0056 03       		.uleb128 0x3
 679 0057 0E       		.uleb128 0xe
 680 0058 3A       		.uleb128 0x3a
 681 0059 0B       		.uleb128 0xb
 682 005a 3B       		.uleb128 0x3b
 683 005b 0B       		.uleb128 0xb
 684 005c 49       		.uleb128 0x49
ARM GAS  /tmp/ccWUR7QI.s 			page 13


 685 005d 13       		.uleb128 0x13
 686 005e 38       		.uleb128 0x38
 687 005f 0B       		.uleb128 0xb
 688 0060 00       		.byte	0
 689 0061 00       		.byte	0
 690 0062 09       		.uleb128 0x9
 691 0063 01       		.uleb128 0x1
 692 0064 01       		.byte	0x1
 693 0065 49       		.uleb128 0x49
 694 0066 13       		.uleb128 0x13
 695 0067 01       		.uleb128 0x1
 696 0068 13       		.uleb128 0x13
 697 0069 00       		.byte	0
 698 006a 00       		.byte	0
 699 006b 0A       		.uleb128 0xa
 700 006c 21       		.uleb128 0x21
 701 006d 00       		.byte	0
 702 006e 49       		.uleb128 0x49
 703 006f 13       		.uleb128 0x13
 704 0070 2F       		.uleb128 0x2f
 705 0071 0B       		.uleb128 0xb
 706 0072 00       		.byte	0
 707 0073 00       		.byte	0
 708 0074 0B       		.uleb128 0xb
 709 0075 2E       		.uleb128 0x2e
 710 0076 00       		.byte	0
 711 0077 3F       		.uleb128 0x3f
 712 0078 19       		.uleb128 0x19
 713 0079 03       		.uleb128 0x3
 714 007a 0E       		.uleb128 0xe
 715 007b 3A       		.uleb128 0x3a
 716 007c 0B       		.uleb128 0xb
 717 007d 3B       		.uleb128 0x3b
 718 007e 0B       		.uleb128 0xb
 719 007f 27       		.uleb128 0x27
 720 0080 19       		.uleb128 0x19
 721 0081 11       		.uleb128 0x11
 722 0082 01       		.uleb128 0x1
 723 0083 12       		.uleb128 0x12
 724 0084 06       		.uleb128 0x6
 725 0085 40       		.uleb128 0x40
 726 0086 18       		.uleb128 0x18
 727 0087 9742     		.uleb128 0x2117
 728 0089 19       		.uleb128 0x19
 729 008a 00       		.byte	0
 730 008b 00       		.byte	0
 731 008c 0C       		.uleb128 0xc
 732 008d 34       		.uleb128 0x34
 733 008e 00       		.byte	0
 734 008f 03       		.uleb128 0x3
 735 0090 0E       		.uleb128 0xe
 736 0091 3A       		.uleb128 0x3a
 737 0092 0B       		.uleb128 0xb
 738 0093 3B       		.uleb128 0x3b
 739 0094 0B       		.uleb128 0xb
 740 0095 49       		.uleb128 0x49
 741 0096 13       		.uleb128 0x13
ARM GAS  /tmp/ccWUR7QI.s 			page 14


 742 0097 3F       		.uleb128 0x3f
 743 0098 19       		.uleb128 0x19
 744 0099 3C       		.uleb128 0x3c
 745 009a 19       		.uleb128 0x19
 746 009b 00       		.byte	0
 747 009c 00       		.byte	0
 748 009d 0D       		.uleb128 0xd
 749 009e 34       		.uleb128 0x34
 750 009f 00       		.byte	0
 751 00a0 03       		.uleb128 0x3
 752 00a1 0E       		.uleb128 0xe
 753 00a2 3A       		.uleb128 0x3a
 754 00a3 0B       		.uleb128 0xb
 755 00a4 3B       		.uleb128 0x3b
 756 00a5 0B       		.uleb128 0xb
 757 00a6 49       		.uleb128 0x49
 758 00a7 13       		.uleb128 0x13
 759 00a8 3F       		.uleb128 0x3f
 760 00a9 19       		.uleb128 0x19
 761 00aa 02       		.uleb128 0x2
 762 00ab 18       		.uleb128 0x18
 763 00ac 00       		.byte	0
 764 00ad 00       		.byte	0
 765 00ae 00       		.byte	0
 766              		.section	.debug_aranges,"",%progbits
 767 0000 1C000000 		.4byte	0x1c
 768 0004 0200     		.2byte	0x2
 769 0006 00000000 		.4byte	.Ldebug_info0
 770 000a 04       		.byte	0x4
 771 000b 00       		.byte	0
 772 000c 0000     		.2byte	0
 773 000e 0000     		.2byte	0
 774 0010 00000000 		.4byte	.LFB7
 775 0014 02000000 		.4byte	.LFE7-.LFB7
 776 0018 00000000 		.4byte	0
 777 001c 00000000 		.4byte	0
 778              		.section	.debug_ranges,"",%progbits
 779              	.Ldebug_ranges0:
 780 0000 00000000 		.4byte	.LFB7
 781 0004 02000000 		.4byte	.LFE7
 782 0008 00000000 		.4byte	0
 783 000c 00000000 		.4byte	0
 784              		.section	.debug_line,"",%progbits
 785              	.Ldebug_line0:
 786 0000 85000000 		.section	.debug_str,"MS",%progbits,1
 786      02006F00 
 786      00000201 
 786      FB0E0D00 
 786      01010101 
 787              	.LASF23:
 788 0000 76656374 		.ascii	"vector24\000"
 788      6F723234 
 788      00
 789              	.LASF13:
 790 0009 6972715F 		.ascii	"irq_vector_t\000"
 790      76656374 
 790      6F725F74 
ARM GAS  /tmp/ccWUR7QI.s 			page 15


 790      00
 791              	.LASF27:
 792 0016 76656374 		.ascii	"vector34\000"
 792      6F723334 
 792      00
 793              	.LASF33:
 794 001f 5F766563 		.ascii	"_vectors\000"
 794      746F7273 
 794      00
 795              	.LASF14:
 796 0028 696E6974 		.ascii	"init_stack\000"
 796      5F737461 
 796      636B00
 797              	.LASF25:
 798 0033 73766361 		.ascii	"svcall_vector\000"
 798      6C6C5F76 
 798      6563746F 
 798      7200
 799              	.LASF35:
 800 0041 2E2F6368 		.ascii	"./chibios/os/ports/GCC/ARMCMx/STM32F4xx/vectors.c\000"
 800      6962696F 
 800      732F6F73 
 800      2F706F72 
 800      74732F47 
 801              	.LASF2:
 802 0073 756E7369 		.ascii	"unsigned char\000"
 802      676E6564 
 802      20636861 
 802      7200
 803              	.LASF34:
 804 0081 474E5520 		.ascii	"GNU C 4.8.1 -mcpu=cortex-m4 -mno-thumb-interwork -m"
 804      4320342E 
 804      382E3120 
 804      2D6D6370 
 804      753D636F 
 805 00b4 7468756D 		.ascii	"thumb -ggdb -O2 -fomit-frame-pointer -falign-functi"
 805      62202D67 
 805      67646220 
 805      2D4F3220 
 805      2D666F6D 
 806 00e7 6F6E733D 		.ascii	"ons=16 -ffunction-sections -fdata-sections -fno-com"
 806      3136202D 
 806      6666756E 
 806      6374696F 
 806      6E2D7365 
 807 011a 6D6F6E00 		.ascii	"mon\000"
 808              	.LASF6:
 809 011e 6C6F6E67 		.ascii	"long unsigned int\000"
 809      20756E73 
 809      69676E65 
 809      6420696E 
 809      7400
 810              	.LASF4:
 811 0130 73686F72 		.ascii	"short unsigned int\000"
 811      7420756E 
 811      7369676E 
 811      65642069 
ARM GAS  /tmp/ccWUR7QI.s 			page 16


 811      6E7400
 812              	.LASF36:
 813 0143 2F686F6D 		.ascii	"/home/arch/git/rov-subside2015/ThrusterModule\000"
 813      652F6172 
 813      63682F67 
 813      69742F72 
 813      6F762D73 
 814              	.LASF21:
 815 0171 76656374 		.ascii	"vector1c\000"
 815      6F723163 
 815      00
 816              	.LASF29:
 817 017a 73797374 		.ascii	"systick_vector\000"
 817      69636B5F 
 817      76656374 
 817      6F7200
 818              	.LASF0:
 819 0189 756E7369 		.ascii	"unsigned int\000"
 819      676E6564 
 819      20696E74 
 819      00
 820              	.LASF16:
 821 0196 6E6D695F 		.ascii	"nmi_vector\000"
 821      76656374 
 821      6F7200
 822              	.LASF8:
 823 01a1 6C6F6E67 		.ascii	"long long unsigned int\000"
 823      206C6F6E 
 823      6720756E 
 823      7369676E 
 823      65642069 
 824              	.LASF19:
 825 01b8 62757366 		.ascii	"busfault_vector\000"
 825      61756C74 
 825      5F766563 
 825      746F7200 
 826              	.LASF24:
 827 01c8 76656374 		.ascii	"vector28\000"
 827      6F723238 
 827      00
 828              	.LASF20:
 829 01d1 75736167 		.ascii	"usagefault_vector\000"
 829      65666175 
 829      6C745F76 
 829      6563746F 
 829      7200
 830              	.LASF31:
 831 01e3 76656374 		.ascii	"vectors_t\000"
 831      6F72735F 
 831      7400
 832              	.LASF10:
 833 01ed 73697A65 		.ascii	"sizetype\000"
 833      74797065 
 833      00
 834              	.LASF28:
 835 01f6 70656E64 		.ascii	"pendsv_vector\000"
 835      73765F76 
ARM GAS  /tmp/ccWUR7QI.s 			page 17


 835      6563746F 
 835      7200
 836              	.LASF17:
 837 0204 68617264 		.ascii	"hardfault_vector\000"
 837      6661756C 
 837      745F7665 
 837      63746F72 
 837      00
 838              	.LASF7:
 839 0215 6C6F6E67 		.ascii	"long long int\000"
 839      206C6F6E 
 839      6720696E 
 839      7400
 840              	.LASF11:
 841 0223 63686172 		.ascii	"char\000"
 841      00
 842              	.LASF18:
 843 0228 6D656D6D 		.ascii	"memmanage_vector\000"
 843      616E6167 
 843      655F7665 
 843      63746F72 
 843      00
 844              	.LASF37:
 845 0239 5F756E68 		.ascii	"_unhandled_exception\000"
 845      616E646C 
 845      65645F65 
 845      78636570 
 845      74696F6E 
 846              	.LASF30:
 847 024e 76656374 		.ascii	"vectors\000"
 847      6F727300 
 848              	.LASF3:
 849 0256 73686F72 		.ascii	"short int\000"
 849      7420696E 
 849      7400
 850              	.LASF15:
 851 0260 72657365 		.ascii	"reset_vector\000"
 851      745F7665 
 851      63746F72 
 851      00
 852              	.LASF12:
 853 026d 75696E74 		.ascii	"uint32_t\000"
 853      33325F74 
 853      00
 854              	.LASF5:
 855 0276 6C6F6E67 		.ascii	"long int\000"
 855      20696E74 
 855      00
 856              	.LASF1:
 857 027f 7369676E 		.ascii	"signed char\000"
 857      65642063 
 857      68617200 
 858              	.LASF26:
 859 028b 64656275 		.ascii	"debugmonitor_vector\000"
 859      676D6F6E 
 859      69746F72 
 859      5F766563 
ARM GAS  /tmp/ccWUR7QI.s 			page 18


 859      746F7200 
 860              	.LASF22:
 861 029f 76656374 		.ascii	"vector20\000"
 861      6F723230 
 861      00
 862              	.LASF9:
 863 02a8 5F426F6F 		.ascii	"_Bool\000"
 863      6C00
 864              	.LASF32:
 865 02ae 5F5F6D61 		.ascii	"__main_stack_end__\000"
 865      696E5F73 
 865      7461636B 
 865      5F656E64 
 865      5F5F00
 866              		.ident	"GCC: (Sourcery CodeBench Lite 2013.11-24) 4.8.1"
ARM GAS  /tmp/ccWUR7QI.s 			page 19


DEFINED SYMBOLS
                            *ABS*:00000000 vectors.c
     /tmp/ccWUR7QI.s:19     .text._unhandled_exception:00000000 $t
     /tmp/ccWUR7QI.s:25     .text._unhandled_exception:00000000 _unhandled_exception
     /tmp/ccWUR7QI.s:25     .text._unhandled_exception:00000000 NMIVector
     /tmp/ccWUR7QI.s:25     .text._unhandled_exception:00000000 HardFaultVector
     /tmp/ccWUR7QI.s:25     .text._unhandled_exception:00000000 MemManageVector
     /tmp/ccWUR7QI.s:25     .text._unhandled_exception:00000000 BusFaultVector
     /tmp/ccWUR7QI.s:25     .text._unhandled_exception:00000000 UsageFaultVector
     /tmp/ccWUR7QI.s:25     .text._unhandled_exception:00000000 Vector1C
     /tmp/ccWUR7QI.s:25     .text._unhandled_exception:00000000 Vector20
     /tmp/ccWUR7QI.s:25     .text._unhandled_exception:00000000 Vector24
     /tmp/ccWUR7QI.s:25     .text._unhandled_exception:00000000 Vector28
     /tmp/ccWUR7QI.s:25     .text._unhandled_exception:00000000 SVCallVector
     /tmp/ccWUR7QI.s:25     .text._unhandled_exception:00000000 DebugMonitorVector
     /tmp/ccWUR7QI.s:25     .text._unhandled_exception:00000000 Vector34
     /tmp/ccWUR7QI.s:25     .text._unhandled_exception:00000000 PendSVVector
     /tmp/ccWUR7QI.s:25     .text._unhandled_exception:00000000 SysTickVector
     /tmp/ccWUR7QI.s:25     .text._unhandled_exception:00000000 Vector40
     /tmp/ccWUR7QI.s:25     .text._unhandled_exception:00000000 Vector44
     /tmp/ccWUR7QI.s:25     .text._unhandled_exception:00000000 Vector48
     /tmp/ccWUR7QI.s:25     .text._unhandled_exception:00000000 Vector4C
     /tmp/ccWUR7QI.s:25     .text._unhandled_exception:00000000 Vector50
     /tmp/ccWUR7QI.s:25     .text._unhandled_exception:00000000 Vector54
     /tmp/ccWUR7QI.s:25     .text._unhandled_exception:00000000 Vector58
     /tmp/ccWUR7QI.s:25     .text._unhandled_exception:00000000 Vector5C
     /tmp/ccWUR7QI.s:25     .text._unhandled_exception:00000000 Vector60
     /tmp/ccWUR7QI.s:25     .text._unhandled_exception:00000000 Vector64
     /tmp/ccWUR7QI.s:25     .text._unhandled_exception:00000000 Vector68
     /tmp/ccWUR7QI.s:25     .text._unhandled_exception:00000000 Vector6C
     /tmp/ccWUR7QI.s:25     .text._unhandled_exception:00000000 Vector70
     /tmp/ccWUR7QI.s:25     .text._unhandled_exception:00000000 Vector74
     /tmp/ccWUR7QI.s:25     .text._unhandled_exception:00000000 Vector78
     /tmp/ccWUR7QI.s:25     .text._unhandled_exception:00000000 Vector7C
     /tmp/ccWUR7QI.s:25     .text._unhandled_exception:00000000 Vector80
     /tmp/ccWUR7QI.s:25     .text._unhandled_exception:00000000 Vector84
     /tmp/ccWUR7QI.s:25     .text._unhandled_exception:00000000 Vector88
     /tmp/ccWUR7QI.s:25     .text._unhandled_exception:00000000 Vector8C
     /tmp/ccWUR7QI.s:25     .text._unhandled_exception:00000000 Vector90
     /tmp/ccWUR7QI.s:25     .text._unhandled_exception:00000000 Vector94
     /tmp/ccWUR7QI.s:25     .text._unhandled_exception:00000000 Vector98
     /tmp/ccWUR7QI.s:25     .text._unhandled_exception:00000000 Vector9C
     /tmp/ccWUR7QI.s:25     .text._unhandled_exception:00000000 VectorA0
     /tmp/ccWUR7QI.s:25     .text._unhandled_exception:00000000 VectorA4
     /tmp/ccWUR7QI.s:25     .text._unhandled_exception:00000000 VectorA8
     /tmp/ccWUR7QI.s:25     .text._unhandled_exception:00000000 VectorAC
     /tmp/ccWUR7QI.s:25     .text._unhandled_exception:00000000 VectorB0
     /tmp/ccWUR7QI.s:25     .text._unhandled_exception:00000000 VectorB4
     /tmp/ccWUR7QI.s:25     .text._unhandled_exception:00000000 VectorB8
     /tmp/ccWUR7QI.s:25     .text._unhandled_exception:00000000 VectorBC
     /tmp/ccWUR7QI.s:25     .text._unhandled_exception:00000000 VectorC0
     /tmp/ccWUR7QI.s:25     .text._unhandled_exception:00000000 VectorC4
     /tmp/ccWUR7QI.s:25     .text._unhandled_exception:00000000 VectorC8
     /tmp/ccWUR7QI.s:25     .text._unhandled_exception:00000000 VectorCC
     /tmp/ccWUR7QI.s:25     .text._unhandled_exception:00000000 VectorD0
     /tmp/ccWUR7QI.s:25     .text._unhandled_exception:00000000 VectorD4
     /tmp/ccWUR7QI.s:25     .text._unhandled_exception:00000000 VectorD8
ARM GAS  /tmp/ccWUR7QI.s 			page 20


     /tmp/ccWUR7QI.s:25     .text._unhandled_exception:00000000 VectorDC
     /tmp/ccWUR7QI.s:25     .text._unhandled_exception:00000000 VectorE0
     /tmp/ccWUR7QI.s:25     .text._unhandled_exception:00000000 VectorE4
     /tmp/ccWUR7QI.s:25     .text._unhandled_exception:00000000 VectorE8
     /tmp/ccWUR7QI.s:25     .text._unhandled_exception:00000000 VectorEC
     /tmp/ccWUR7QI.s:25     .text._unhandled_exception:00000000 VectorF0
     /tmp/ccWUR7QI.s:25     .text._unhandled_exception:00000000 VectorF4
     /tmp/ccWUR7QI.s:25     .text._unhandled_exception:00000000 VectorF8
     /tmp/ccWUR7QI.s:25     .text._unhandled_exception:00000000 VectorFC
     /tmp/ccWUR7QI.s:25     .text._unhandled_exception:00000000 Vector100
     /tmp/ccWUR7QI.s:25     .text._unhandled_exception:00000000 Vector104
     /tmp/ccWUR7QI.s:25     .text._unhandled_exception:00000000 Vector108
     /tmp/ccWUR7QI.s:25     .text._unhandled_exception:00000000 Vector10C
     /tmp/ccWUR7QI.s:25     .text._unhandled_exception:00000000 Vector110
     /tmp/ccWUR7QI.s:25     .text._unhandled_exception:00000000 Vector114
     /tmp/ccWUR7QI.s:25     .text._unhandled_exception:00000000 Vector118
     /tmp/ccWUR7QI.s:25     .text._unhandled_exception:00000000 Vector11C
     /tmp/ccWUR7QI.s:25     .text._unhandled_exception:00000000 Vector120
     /tmp/ccWUR7QI.s:25     .text._unhandled_exception:00000000 Vector124
     /tmp/ccWUR7QI.s:25     .text._unhandled_exception:00000000 Vector128
     /tmp/ccWUR7QI.s:25     .text._unhandled_exception:00000000 Vector12C
     /tmp/ccWUR7QI.s:25     .text._unhandled_exception:00000000 Vector130
     /tmp/ccWUR7QI.s:25     .text._unhandled_exception:00000000 Vector134
     /tmp/ccWUR7QI.s:25     .text._unhandled_exception:00000000 Vector138
     /tmp/ccWUR7QI.s:25     .text._unhandled_exception:00000000 Vector13C
     /tmp/ccWUR7QI.s:25     .text._unhandled_exception:00000000 Vector140
     /tmp/ccWUR7QI.s:25     .text._unhandled_exception:00000000 Vector144
     /tmp/ccWUR7QI.s:25     .text._unhandled_exception:00000000 Vector148
     /tmp/ccWUR7QI.s:25     .text._unhandled_exception:00000000 Vector14C
     /tmp/ccWUR7QI.s:25     .text._unhandled_exception:00000000 Vector150
     /tmp/ccWUR7QI.s:25     .text._unhandled_exception:00000000 Vector154
     /tmp/ccWUR7QI.s:25     .text._unhandled_exception:00000000 Vector158
     /tmp/ccWUR7QI.s:25     .text._unhandled_exception:00000000 Vector15C
     /tmp/ccWUR7QI.s:25     .text._unhandled_exception:00000000 Vector160
     /tmp/ccWUR7QI.s:25     .text._unhandled_exception:00000000 Vector164
     /tmp/ccWUR7QI.s:25     .text._unhandled_exception:00000000 Vector168
     /tmp/ccWUR7QI.s:25     .text._unhandled_exception:00000000 Vector16C
     /tmp/ccWUR7QI.s:25     .text._unhandled_exception:00000000 Vector170
     /tmp/ccWUR7QI.s:25     .text._unhandled_exception:00000000 Vector174
     /tmp/ccWUR7QI.s:25     .text._unhandled_exception:00000000 Vector178
     /tmp/ccWUR7QI.s:25     .text._unhandled_exception:00000000 Vector17C
     /tmp/ccWUR7QI.s:25     .text._unhandled_exception:00000000 Vector180
     /tmp/ccWUR7QI.s:25     .text._unhandled_exception:00000000 Vector184
     /tmp/ccWUR7QI.s:25     .text._unhandled_exception:00000000 Vector188
     /tmp/ccWUR7QI.s:25     .text._unhandled_exception:00000000 Vector18C
     /tmp/ccWUR7QI.s:25     .text._unhandled_exception:00000000 Vector190
     /tmp/ccWUR7QI.s:25     .text._unhandled_exception:00000000 Vector194
     /tmp/ccWUR7QI.s:25     .text._unhandled_exception:00000000 Vector198
     /tmp/ccWUR7QI.s:25     .text._unhandled_exception:00000000 Vector19C
     /tmp/ccWUR7QI.s:25     .text._unhandled_exception:00000000 Vector1A0
     /tmp/ccWUR7QI.s:25     .text._unhandled_exception:00000000 Vector1A4
     /tmp/ccWUR7QI.s:25     .text._unhandled_exception:00000000 Vector1A8
     /tmp/ccWUR7QI.s:254    vectors:00000000 _vectors
     /tmp/ccWUR7QI.s:251    vectors:00000000 $d
                     .debug_frame:00000010 $d

UNDEFINED SYMBOLS
ARM GAS  /tmp/ccWUR7QI.s 			page 21


__main_stack_end__
ResetHandler
